2021-06-08T19:33:37.6281724Z ##[group]Run tox -e typing
2021-06-08T19:33:37.6282346Z [36;1mtox -e typing[0m
2021-06-08T19:33:37.6324609Z shell: /usr/bin/bash -e {0}
2021-06-08T19:33:37.6325040Z env:
2021-06-08T19:33:37.6325649Z   pythonLocation: /opt/hostedtoolcache/Python/3.8.10/x64
2021-06-08T19:33:37.6326468Z   LD_LIBRARY_PATH: /opt/hostedtoolcache/Python/3.8.10/x64/lib
2021-06-08T19:33:37.6327058Z ##[endgroup]
2021-06-08T19:33:38.5815690Z .package create: /home/runner/work/tinuous/tinuous/.tox/.package
2021-06-08T19:33:38.5823122Z .package installdeps: setuptools >= 46.4.0, wheel ~= 0.32
2021-06-08T19:33:42.2987941Z typing create: /home/runner/work/tinuous/tinuous/.tox/typing
2021-06-08T19:33:42.5917826Z typing installdeps: mypy~=0.570, pytest~=6.0, pytest-cov~=2.0
2021-06-08T19:33:48.5270528Z typing inst: /home/runner/work/tinuous/tinuous/.tox/.tmp/package/1/tinuous-0.2.0+35.g29cc68c.tar.gz
2021-06-08T19:33:59.7126026Z typing installed: attrs==21.2.0,certifi==2021.5.30,cffi==1.14.5,chardet==4.0.0,click==8.0.1,click-loglevel==0.4.0.post1,coverage==5.5,Deprecated==1.2.12,idna==2.10,in-place==0.5.0,iniconfig==1.1.1,mypy==0.900,mypy-extensions==0.4.3,packaging==20.9,pluggy==0.13.1,py==1.10.0,pycparser==2.20,pydantic==1.8.2,PyGithub==1.55,PyJWT==2.1.0,PyNaCl==1.4.0,pyparsing==2.4.7,pytest==6.2.4,pytest-cov==2.12.1,python-dateutil==2.8.1,python-dotenv==0.17.1,PyYAML==5.4.1,requests==2.25.1,six==1.16.0,tinuous @ file:///home/runner/work/tinuous/tinuous/.tox/.tmp/package/1/tinuous-0.2.0%2B35.g29cc68c.tar.gz,toml==0.10.2,typing-extensions==3.10.0.0,urllib3==1.26.5,wrapt==1.12.1
2021-06-08T19:33:59.7132818Z typing run-test-pre: PYTHONHASHSEED='1366718601'
2021-06-08T19:33:59.7146572Z typing run-test: commands[0] | mypy src test
2021-06-08T19:34:03.1799600Z src/tinuous/util.py:10: error: Library stubs not installed for "requests" (or
2021-06-08T19:34:03.1841502Z incompatible with Python 3.8)  [import]
2021-06-08T19:34:03.1879709Z     import requests
2021-06-08T19:34:03.1880265Z     ^
2021-06-08T19:34:04.5148829Z src/tinuous/base.py:11: error: Library stubs not installed for "requests" (or
2021-06-08T19:34:04.5150364Z incompatible with Python 3.8)  [import]
2021-06-08T19:34:04.5151422Z     import requests
2021-06-08T19:34:04.5152127Z     ^
2021-06-08T19:34:04.5154135Z src/tinuous/base.py:11: note: Hint: "python3 -m pip install types-requests"
2021-06-08T19:34:04.5299961Z src/tinuous/travis.py:8: error: Library stubs not installed for
2021-06-08T19:34:04.5300902Z "dateutil.parser" (or incompatible with Python 3.8)  [import]
2021-06-08T19:34:04.5301688Z     from dateutil.parser import isoparse
2021-06-08T19:34:04.5302191Z     ^
2021-06-08T19:34:04.5556176Z src/tinuous/github.py:16: error: Library stubs not installed for "requests" (or
2021-06-08T19:34:04.5557654Z incompatible with Python 3.8)  [import]
2021-06-08T19:34:04.5558634Z     import requests
2021-06-08T19:34:04.5559322Z     ^
2021-06-08T19:34:04.5668126Z src/tinuous/appveyor.py:7: error: Library stubs not installed for
2021-06-08T19:34:04.5669081Z "dateutil.parser" (or incompatible with Python 3.8)  [import]
2021-06-08T19:34:04.5669874Z     from dateutil.parser import isoparse
2021-06-08T19:34:04.5670394Z     ^
2021-06-08T19:34:04.5671879Z src/tinuous/appveyor.py:7: note: Hint: "python3 -m pip install types-python-dateutil"
2021-06-08T19:34:04.5915425Z src/tinuous/__main__.py:12: error: Library stubs not installed for "yaml" (or
2021-06-08T19:34:04.5916253Z incompatible with Python 3.8)  [import]
2021-06-08T19:34:04.5916836Z     from yaml import safe_load
2021-06-08T19:34:04.5917247Z     ^
2021-06-08T19:34:04.5918616Z src/tinuous/__main__.py:12: note: Hint: "python3 -m pip install types-PyYAML"
2021-06-08T19:34:04.5920461Z src/tinuous/__main__.py:12: note: (or run "mypy --install-types" to install all missing stub packages)
2021-06-08T19:34:04.5922037Z src/tinuous/__main__.py:12: note: See https://mypy.readthedocs.io/en/stable/running_mypy.html#missing-imports
2021-06-08T19:34:04.5937918Z Found 6 errors in 6 files (checked 9 source files)
2021-06-08T19:34:04.9164083Z ERROR: InvocationError for command /home/runner/work/tinuous/tinuous/.tox/typing/bin/mypy src test (exited with code 1)
2021-06-08T19:34:04.9180717Z ___________________________________ summary ____________________________________
2021-06-08T19:34:04.9181281Z ERROR:   typing: commands failed
2021-06-08T19:34:04.9419347Z ##[error]Process completed with exit code 1.
