2021-04-27T20:52:30.0251802Z ##[group]Run mypy src
2021-04-27T20:52:30.0252273Z [36;1mmypy src[0m
2021-04-27T20:52:30.0292116Z shell: /usr/bin/bash -e {0}
2021-04-27T20:52:30.0292550Z env:
2021-04-27T20:52:30.0293144Z   pythonLocation: /opt/hostedtoolcache/Python/3.9.4/x64
2021-04-27T20:52:30.0293946Z   LD_LIBRARY_PATH: /opt/hostedtoolcache/Python/3.9.4/x64/lib
2021-04-27T20:52:30.0294552Z ##[endgroup]
2021-04-27T20:52:33.8012885Z src/tinuous/_version.py:20: error: Function is missing a return type annotation
2021-04-27T20:52:33.8015089Z  [no-untyped-def]
2021-04-27T20:52:33.8016009Z     def get_keywords():
2021-04-27T20:52:33.8016716Z     ^
2021-04-27T20:52:33.8017873Z src/tinuous/_version.py:37: error: Function is missing a return type annotation
2021-04-27T20:52:33.8019405Z  [no-untyped-def]
2021-04-27T20:52:33.8020258Z     def get_config():
2021-04-27T20:52:33.8020933Z     ^
2021-04-27T20:52:33.8022419Z src/tinuous/_version.py:55: error: Need type annotation for 'LONG_VERSION_PY'
2021-04-27T20:52:33.8024304Z (hint: "LONG_VERSION_PY: Dict[<type>, <type>] = ...")  [var-annotated]
2021-04-27T20:52:33.8026191Z     LONG_VERSION_PY = {}
2021-04-27T20:52:33.8026928Z     ^
2021-04-27T20:52:33.8028477Z src/tinuous/_version.py:56: error: Need type annotation for 'HANDLERS' (hint:
2021-04-27T20:52:33.8030246Z "HANDLERS: Dict[<type>, <type>] = ...")  [var-annotated]
2021-04-27T20:52:33.8031264Z     HANDLERS = {}
2021-04-27T20:52:33.8031927Z     ^
2021-04-27T20:52:33.8033037Z src/tinuous/_version.py:59: error: Function is missing a type annotation 
2021-04-27T20:52:33.8034506Z [no-untyped-def]
2021-04-27T20:52:33.8035619Z     def register_vcs_handler(vcs, method):  # decorator
2021-04-27T20:52:33.8036543Z     ^
2021-04-27T20:52:33.8037652Z src/tinuous/_version.py:61: error: Function is missing a type annotation 
2021-04-27T20:52:33.8039108Z [no-untyped-def]
2021-04-27T20:52:33.8040222Z         def decorate(f):
2021-04-27T20:52:33.8040945Z         ^
2021-04-27T20:52:33.8042061Z src/tinuous/_version.py:70: error: Function is missing a type annotation 
2021-04-27T20:52:33.8043561Z [no-untyped-def]
2021-04-27T20:52:33.8044799Z     def run_command(commands, args, cwd=None, verbose=False, hide_stderr=F...
2021-04-27T20:52:33.8045881Z     ^
2021-04-27T20:52:33.8046974Z src/tinuous/_version.py:105: error: Function is missing a type annotation 
2021-04-27T20:52:33.8048450Z [no-untyped-def]
2021-04-27T20:52:33.8049318Z     def versions_from_parentdir(parentdir_prefix, root, verbose):
2021-04-27T20:52:33.8049926Z     ^
2021-04-27T20:52:33.8050543Z src/tinuous/_version.py:131: error: Function is missing a type annotation 
2021-04-27T20:52:33.8051378Z [no-untyped-def]
2021-04-27T20:52:33.8051951Z     def git_get_keywords(versionfile_abs):
2021-04-27T20:52:33.8052449Z     ^
2021-04-27T20:52:33.8053077Z src/tinuous/_version.py:160: error: Function is missing a type annotation 
2021-04-27T20:52:33.8053890Z [no-untyped-def]
2021-04-27T20:52:33.8054687Z     def git_versions_from_keywords(keywords, tag_prefix, verbose):
2021-04-27T20:52:33.8055230Z     ^
2021-04-27T20:52:33.8055815Z src/tinuous/_version.py:219: error: Function is missing a type annotation 
2021-04-27T20:52:33.8056574Z [no-untyped-def]
2021-04-27T20:52:33.8057222Z     def git_pieces_from_vcs(tag_prefix, root, verbose, run_command=run_com...
2021-04-27T20:52:33.8057769Z     ^
2021-04-27T20:52:33.8058349Z src/tinuous/_version.py:313: error: Function is missing a type annotation 
2021-04-27T20:52:33.8059116Z [no-untyped-def]
2021-04-27T20:52:33.8059680Z     def plus_or_dot(pieces):
2021-04-27T20:52:33.8060028Z     ^
2021-04-27T20:52:33.8060522Z src/tinuous/_version.py:320: error: Function is missing a type annotation 
2021-04-27T20:52:33.8061195Z [no-untyped-def]
2021-04-27T20:52:33.8061621Z     def render_pep440(pieces):
2021-04-27T20:52:33.8061984Z     ^
2021-04-27T20:52:33.8062480Z src/tinuous/_version.py:345: error: Function is missing a type annotation 
2021-04-27T20:52:33.8063148Z [no-untyped-def]
2021-04-27T20:52:33.8064020Z     def render_pep440_pre(pieces):
2021-04-27T20:52:33.8064450Z     ^
2021-04-27T20:52:33.8065121Z src/tinuous/_version.py:361: error: Function is missing a type annotation 
2021-04-27T20:52:33.8065912Z [no-untyped-def]
2021-04-27T20:52:33.8066430Z     def render_pep440_post(pieces):
2021-04-27T20:52:33.8066851Z     ^
2021-04-27T20:52:33.8067432Z src/tinuous/_version.py:388: error: Function is missing a type annotation 
2021-04-27T20:52:33.8068183Z [no-untyped-def]
2021-04-27T20:52:33.8068695Z     def render_pep440_old(pieces):
2021-04-27T20:52:33.8069108Z     ^
2021-04-27T20:52:33.8069690Z src/tinuous/_version.py:410: error: Function is missing a type annotation 
2021-04-27T20:52:33.8070635Z [no-untyped-def]
2021-04-27T20:52:33.8071147Z     def render_git_describe(pieces):
2021-04-27T20:52:33.8071591Z     ^
2021-04-27T20:52:33.8072158Z src/tinuous/_version.py:430: error: Function is missing a type annotation 
2021-04-27T20:52:33.8072927Z [no-untyped-def]
2021-04-27T20:52:33.8073459Z     def render_git_describe_long(pieces):
2021-04-27T20:52:33.8073912Z     ^
2021-04-27T20:52:33.8074476Z src/tinuous/_version.py:450: error: Function is missing a type annotation 
2021-04-27T20:52:33.8075295Z [no-untyped-def]
2021-04-27T20:52:33.8075915Z     def render(pieces, style):
2021-04-27T20:52:33.8076331Z     ^
2021-04-27T20:52:33.8076885Z src/tinuous/_version.py:482: error: Function is missing a return type
2021-04-27T20:52:33.8077688Z annotation  [no-untyped-def]
2021-04-27T20:52:33.8078198Z     def get_versions():
2021-04-27T20:52:33.8078561Z     ^
2021-04-27T20:52:34.4071959Z Found 20 errors in 1 file (checked 3 source files)
2021-04-27T20:52:34.7469658Z ##[error]Process completed with exit code 1.
