2021-04-27T20:56:22.5414773Z ##[group]Run mypy src
2021-04-27T20:56:22.5415308Z [36;1mmypy src[0m
2021-04-27T20:56:22.5459008Z shell: /usr/bin/bash -e {0}
2021-04-27T20:56:22.5459437Z env:
2021-04-27T20:56:22.5460013Z   pythonLocation: /opt/hostedtoolcache/Python/3.8.9/x64
2021-04-27T20:56:22.5460806Z   LD_LIBRARY_PATH: /opt/hostedtoolcache/Python/3.8.9/x64/lib
2021-04-27T20:56:22.5461384Z ##[endgroup]
2021-04-27T20:56:26.2698332Z src/tinuous/_version.py:20: error: Function is missing a return type annotation
2021-04-27T20:56:26.2700608Z  [no-untyped-def]
2021-04-27T20:56:26.2701466Z     def get_keywords():
2021-04-27T20:56:26.2702153Z     ^
2021-04-27T20:56:26.2703220Z src/tinuous/_version.py:37: error: Function is missing a return type annotation
2021-04-27T20:56:26.2704698Z  [no-untyped-def]
2021-04-27T20:56:26.2705859Z     def get_config():
2021-04-27T20:56:26.2706496Z     ^
2021-04-27T20:56:26.2707968Z src/tinuous/_version.py:55: error: Need type annotation for 'LONG_VERSION_PY'
2021-04-27T20:56:26.2709723Z (hint: "LONG_VERSION_PY: Dict[<type>, <type>] = ...")  [var-annotated]
2021-04-27T20:56:26.2710904Z     LONG_VERSION_PY = {}
2021-04-27T20:56:26.2711578Z     ^
2021-04-27T20:56:26.2712968Z src/tinuous/_version.py:56: error: Need type annotation for 'HANDLERS' (hint:
2021-04-27T20:56:26.2714656Z "HANDLERS: Dict[<type>, <type>] = ...")  [var-annotated]
2021-04-27T20:56:26.2715603Z     HANDLERS = {}
2021-04-27T20:56:26.2716241Z     ^
2021-04-27T20:56:26.2717294Z src/tinuous/_version.py:59: error: Function is missing a type annotation 
2021-04-27T20:56:26.2718706Z [no-untyped-def]
2021-04-27T20:56:26.2719747Z     def register_vcs_handler(vcs, method):  # decorator
2021-04-27T20:56:26.2720613Z     ^
2021-04-27T20:56:26.2721651Z src/tinuous/_version.py:61: error: Function is missing a type annotation 
2021-04-27T20:56:26.2723034Z [no-untyped-def]
2021-04-27T20:56:26.2723856Z         def decorate(f):
2021-04-27T20:56:26.2724512Z         ^
2021-04-27T20:56:26.2725558Z src/tinuous/_version.py:70: error: Function is missing a type annotation 
2021-04-27T20:56:26.2726937Z [no-untyped-def]
2021-04-27T20:56:26.2728125Z     def run_command(commands, args, cwd=None, verbose=False, hide_stderr=F...
2021-04-27T20:56:26.2729134Z     ^
2021-04-27T20:56:26.2730177Z src/tinuous/_version.py:105: error: Function is missing a type annotation 
2021-04-27T20:56:26.2731587Z [no-untyped-def]
2021-04-27T20:56:26.2732746Z     def versions_from_parentdir(parentdir_prefix, root, verbose):
2021-04-27T20:56:26.2733759Z     ^
2021-04-27T20:56:26.2734779Z src/tinuous/_version.py:131: error: Function is missing a type annotation 
2021-04-27T20:56:26.2736175Z [no-untyped-def]
2021-04-27T20:56:26.2737134Z     def git_get_keywords(versionfile_abs):
2021-04-27T20:56:26.2737948Z     ^
2021-04-27T20:56:26.2738965Z src/tinuous/_version.py:160: error: Function is missing a type annotation 
2021-04-27T20:56:26.2740389Z [no-untyped-def]
2021-04-27T20:56:26.2741516Z     def git_versions_from_keywords(keywords, tag_prefix, verbose):
2021-04-27T20:56:26.2742516Z     ^
2021-04-27T20:56:26.2743571Z src/tinuous/_version.py:219: error: Function is missing a type annotation 
2021-04-27T20:56:26.2744959Z [no-untyped-def]
2021-04-27T20:56:26.2746297Z     def git_pieces_from_vcs(tag_prefix, root, verbose, run_command=run_com...
2021-04-27T20:56:26.2747291Z     ^
2021-04-27T20:56:26.2748339Z src/tinuous/_version.py:313: error: Function is missing a type annotation 
2021-04-27T20:56:26.2749755Z [no-untyped-def]
2021-04-27T20:56:26.2750617Z     def plus_or_dot(pieces):
2021-04-27T20:56:26.2751303Z     ^
2021-04-27T20:56:26.2752352Z src/tinuous/_version.py:320: error: Function is missing a type annotation 
2021-04-27T20:56:26.2753749Z [no-untyped-def]
2021-04-27T20:56:26.2754623Z     def render_pep440(pieces):
2021-04-27T20:56:26.2755351Z     ^
2021-04-27T20:56:26.2756365Z src/tinuous/_version.py:345: error: Function is missing a type annotation 
2021-04-27T20:56:26.2757762Z [no-untyped-def]
2021-04-27T20:56:26.2758662Z     def render_pep440_pre(pieces):
2021-04-27T20:56:26.2759423Z     ^
2021-04-27T20:56:26.2760929Z src/tinuous/_version.py:361: error: Function is missing a type annotation 
2021-04-27T20:56:26.2774313Z [no-untyped-def]
2021-04-27T20:56:26.2774924Z     def render_pep440_post(pieces):
2021-04-27T20:56:26.2775407Z     ^
2021-04-27T20:56:26.2776035Z src/tinuous/_version.py:388: error: Function is missing a type annotation 
2021-04-27T20:56:26.2776903Z [no-untyped-def]
2021-04-27T20:56:26.2777683Z     def render_pep440_old(pieces):
2021-04-27T20:56:26.2778136Z     ^
2021-04-27T20:56:26.2778774Z src/tinuous/_version.py:410: error: Function is missing a type annotation 
2021-04-27T20:56:26.2779624Z [no-untyped-def]
2021-04-27T20:56:26.2780200Z     def render_git_describe(pieces):
2021-04-27T20:56:26.2780670Z     ^
2021-04-27T20:56:26.2781310Z src/tinuous/_version.py:430: error: Function is missing a type annotation 
2021-04-27T20:56:26.2782147Z [no-untyped-def]
2021-04-27T20:56:26.2782730Z     def render_git_describe_long(pieces):
2021-04-27T20:56:26.2783207Z     ^
2021-04-27T20:56:26.2783842Z src/tinuous/_version.py:450: error: Function is missing a type annotation 
2021-04-27T20:56:26.2784698Z [no-untyped-def]
2021-04-27T20:56:26.2785574Z     def render(pieces, style):
2021-04-27T20:56:26.2786039Z     ^
2021-04-27T20:56:26.2786632Z src/tinuous/_version.py:482: error: Function is missing a return type
2021-04-27T20:56:26.2787552Z annotation  [no-untyped-def]
2021-04-27T20:56:26.2788102Z     def get_versions():
2021-04-27T20:56:26.2788526Z     ^
2021-04-27T20:56:26.8502805Z Found 20 errors in 1 file (checked 2 source files)
2021-04-27T20:56:27.1882746Z ##[error]Process completed with exit code 1.
