2023-11-09T15:41:31.9369648Z Requested labels: ubuntu-latest
2023-11-09T15:41:31.9369976Z Job defined at: con/tinuous/.github/workflows/test.yml@refs/heads/headers
2023-11-09T15:41:31.9370119Z Waiting for a runner to pick up this job...
2023-11-09T15:41:32.5130822Z Job is waiting for a hosted runner to come online.
2023-11-09T15:41:35.5685560Z Job is about to start running on the hosted runner: GitHub Actions 8 (hosted)
2023-11-09T15:41:38.3736623Z Current runner version: '2.311.0'
2023-11-09T15:41:38.3765112Z ##[group]Operating System
2023-11-09T15:41:38.3766261Z Ubuntu
2023-11-09T15:41:38.3766699Z 22.04.3
2023-11-09T15:41:38.3767115Z LTS
2023-11-09T15:41:38.3767618Z ##[endgroup]
2023-11-09T15:41:38.3768103Z ##[group]Runner Image
2023-11-09T15:41:38.3768622Z Image: ubuntu-22.04
2023-11-09T15:41:38.3769204Z Version: 20231030.2.0
2023-11-09T15:41:38.3770459Z Included Software: https://github.com/actions/runner-images/blob/ubuntu22/20231030.2/images/linux/Ubuntu2204-Readme.md
2023-11-09T15:41:38.3772375Z Image Release: https://github.com/actions/runner-images/releases/tag/ubuntu22%2F20231030.2
2023-11-09T15:41:38.3773436Z ##[endgroup]
2023-11-09T15:41:38.3773960Z ##[group]Runner Image Provisioner
2023-11-09T15:41:38.3774619Z 2.0.312.1
2023-11-09T15:41:38.3775011Z ##[endgroup]
2023-11-09T15:41:38.3777689Z ##[group]GITHUB_TOKEN Permissions
2023-11-09T15:41:38.3779782Z Actions: write
2023-11-09T15:41:38.3780301Z Checks: write
2023-11-09T15:41:38.3781069Z Contents: write
2023-11-09T15:41:38.3781671Z Deployments: write
2023-11-09T15:41:38.3782233Z Discussions: write
2023-11-09T15:41:38.3782682Z Issues: write
2023-11-09T15:41:38.3783168Z Metadata: read
2023-11-09T15:41:38.3783721Z Packages: write
2023-11-09T15:41:38.3784155Z Pages: write
2023-11-09T15:41:38.3784642Z PullRequests: write
2023-11-09T15:41:38.3785279Z RepositoryProjects: write
2023-11-09T15:41:38.3785838Z SecurityEvents: write
2023-11-09T15:41:38.3786365Z Statuses: write
2023-11-09T15:41:38.3786894Z ##[endgroup]
2023-11-09T15:41:38.3790555Z Secret source: Actions
2023-11-09T15:41:38.3791283Z Prepare workflow directory
2023-11-09T15:41:38.4554209Z Prepare all required actions
2023-11-09T15:41:38.4744184Z Getting action download info
2023-11-09T15:41:38.6823961Z Download action repository 'actions/checkout@v4' (SHA:b4ffde65f46336ab88eb53be808477a3936bae11)
2023-11-09T15:41:38.8063346Z Download action repository 'actions/setup-python@v4' (SHA:65d7f2d534ac1bc67fcd62888c5f4f3d2cb2b236)
2023-11-09T15:41:38.8902281Z Download action repository 'codecov/codecov-action@v3' (SHA:eaaf4bedf32dbdc6b720b63067d99c4d77d6047d)
2023-11-09T15:41:39.4567823Z Complete job name: test (3.8, typing)
2023-11-09T15:41:39.5772395Z ##[group]Run actions/checkout@v4
2023-11-09T15:41:39.5773010Z with:
2023-11-09T15:41:39.5773344Z   fetch-depth: 0
2023-11-09T15:41:39.5773749Z   repository: con/tinuous
2023-11-09T15:41:39.5774475Z   token: ***
2023-11-09T15:41:39.5774844Z   ssh-strict: true
2023-11-09T15:41:39.5775252Z   persist-credentials: true
2023-11-09T15:41:39.5775719Z   clean: true
2023-11-09T15:41:39.5776120Z   sparse-checkout-cone-mode: true
2023-11-09T15:41:39.5776635Z   fetch-tags: false
2023-11-09T15:41:39.5777045Z   show-progress: true
2023-11-09T15:41:39.5777449Z   lfs: false
2023-11-09T15:41:39.5777798Z   submodules: false
2023-11-09T15:41:39.5778215Z   set-safe-directory: true
2023-11-09T15:41:39.5778720Z ##[endgroup]
2023-11-09T15:41:39.8463450Z Syncing repository: con/tinuous
2023-11-09T15:41:39.8488325Z ##[group]Getting Git version info
2023-11-09T15:41:39.8489204Z Working directory is '/home/runner/work/tinuous/tinuous'
2023-11-09T15:41:39.8514274Z [command]/usr/bin/git version
2023-11-09T15:41:39.8664265Z git version 2.42.0
2023-11-09T15:41:39.8700908Z ##[endgroup]
2023-11-09T15:41:39.8736102Z Temporarily overriding HOME='/home/runner/work/_temp/b5b21193-6f05-443a-9c11-e32152c5b953' before making global git config changes
2023-11-09T15:41:39.8740231Z Adding repository directory to the temporary git global config as a safe directory
2023-11-09T15:41:39.8748084Z [command]/usr/bin/git config --global --add safe.directory /home/runner/work/tinuous/tinuous
2023-11-09T15:41:39.8795348Z Deleting the contents of '/home/runner/work/tinuous/tinuous'
2023-11-09T15:41:39.8811046Z ##[group]Initializing the repository
2023-11-09T15:41:39.8812035Z [command]/usr/bin/git init /home/runner/work/tinuous/tinuous
2023-11-09T15:41:39.8883483Z hint: Using 'master' as the name for the initial branch. This default branch name
2023-11-09T15:41:39.8888781Z hint: is subject to change. To configure the initial branch name to use in all
2023-11-09T15:41:39.8892561Z hint: of your new repositories, which will suppress this warning, call:
2023-11-09T15:41:39.8895722Z hint: 
2023-11-09T15:41:39.8898643Z hint: 	git config --global init.defaultBranch <name>
2023-11-09T15:41:39.8901548Z hint: 
2023-11-09T15:41:39.8904433Z hint: Names commonly chosen instead of 'master' are 'main', 'trunk' and
2023-11-09T15:41:39.8907922Z hint: 'development'. The just-created branch can be renamed via this command:
2023-11-09T15:41:39.8911845Z hint: 
2023-11-09T15:41:39.8914845Z hint: 	git branch -m <name>
2023-11-09T15:41:39.8937262Z Initialized empty Git repository in /home/runner/work/tinuous/tinuous/.git/
2023-11-09T15:41:39.8956130Z [command]/usr/bin/git remote add origin https://github.com/con/tinuous
2023-11-09T15:41:39.8988875Z ##[endgroup]
2023-11-09T15:41:39.8990040Z ##[group]Disabling automatic garbage collection
2023-11-09T15:41:39.8995977Z [command]/usr/bin/git config --local gc.auto 0
2023-11-09T15:41:39.9028869Z ##[endgroup]
2023-11-09T15:41:39.9030922Z ##[group]Setting up auth
2023-11-09T15:41:39.9040782Z [command]/usr/bin/git config --local --name-only --get-regexp core\.sshCommand
2023-11-09T15:41:39.9075181Z [command]/usr/bin/git submodule foreach --recursive sh -c "git config --local --name-only --get-regexp 'core\.sshCommand' && git config --local --unset-all 'core.sshCommand' || :"
2023-11-09T15:41:39.9433112Z [command]/usr/bin/git config --local --name-only --get-regexp http\.https\:\/\/github\.com\/\.extraheader
2023-11-09T15:41:39.9460324Z [command]/usr/bin/git submodule foreach --recursive sh -c "git config --local --name-only --get-regexp 'http\.https\:\/\/github\.com\/\.extraheader' && git config --local --unset-all 'http.https://github.com/.extraheader' || :"
2023-11-09T15:41:39.9690585Z [command]/usr/bin/git config --local http.https://github.com/.extraheader AUTHORIZATION: basic ***
2023-11-09T15:41:39.9732300Z ##[endgroup]
2023-11-09T15:41:39.9733289Z ##[group]Fetching the repository
2023-11-09T15:41:39.9735687Z [command]/usr/bin/git -c protocol.version=2 fetch --prune --no-recurse-submodules origin +refs/heads/*:refs/remotes/origin/* +refs/tags/*:refs/tags/*
2023-11-09T15:41:40.6073950Z From https://github.com/con/tinuous
2023-11-09T15:41:40.6174308Z  * [new branch]      fix-typing      -> origin/fix-typing
2023-11-09T15:41:40.6175022Z  * [new branch]      gh-55           -> origin/gh-55
2023-11-09T15:41:40.6175622Z  * [new branch]      headers         -> origin/headers
2023-11-09T15:41:40.6176290Z  * [new branch]      master          -> origin/master
2023-11-09T15:41:40.6176922Z  * [new branch]      mypy-import     -> origin/mypy-import
2023-11-09T15:41:40.6177610Z  * [new branch]      no-extra-search -> origin/no-extra-search
2023-11-09T15:41:40.6178268Z  * [new branch]      pragmata        -> origin/pragmata
2023-11-09T15:41:40.6178877Z  * [new branch]      py312           -> origin/py312
2023-11-09T15:41:40.6179467Z  * [new branch]      pypy            -> origin/pypy
2023-11-09T15:41:40.6180110Z  * [new branch]      test-appveyor   -> origin/test-appveyor
2023-11-09T15:41:40.6180754Z  * [new branch]      unused          -> origin/unused
2023-11-09T15:41:40.6181349Z  * [new branch]      updates         -> origin/updates
2023-11-09T15:41:40.6181899Z  * [new tag]         0.1.0           -> 0.1.0
2023-11-09T15:41:40.6182402Z  * [new tag]         0.2.0           -> 0.2.0
2023-11-09T15:41:40.6182901Z  * [new tag]         0.3.0           -> 0.3.0
2023-11-09T15:41:40.6183386Z  * [new tag]         0.4.0           -> 0.4.0
2023-11-09T15:41:40.6183871Z  * [new tag]         0.5.0           -> 0.5.0
2023-11-09T15:41:40.6184347Z  * [new tag]         0.5.1           -> 0.5.1
2023-11-09T15:41:40.6184819Z  * [new tag]         0.5.2           -> 0.5.2
2023-11-09T15:41:40.6185298Z  * [new tag]         0.5.3           -> 0.5.3
2023-11-09T15:41:40.6185776Z  * [new tag]         0.5.4           -> 0.5.4
2023-11-09T15:41:40.6186246Z  * [new tag]         0.6.0           -> 0.6.0
2023-11-09T15:41:40.6186995Z  * [new tag]         0.6.1           -> 0.6.1
2023-11-09T15:41:40.6188232Z [command]/usr/bin/git branch --list --remote origin/headers
2023-11-09T15:41:40.6188768Z   origin/headers
2023-11-09T15:41:40.6189743Z [command]/usr/bin/git rev-parse refs/remotes/origin/headers
2023-11-09T15:41:40.6190296Z d8fe421054bc1eff7fce803540984b05b25b1962
2023-11-09T15:41:40.6192016Z ##[endgroup]
2023-11-09T15:41:40.6192544Z ##[group]Determining the checkout info
2023-11-09T15:41:40.6193129Z ##[endgroup]
2023-11-09T15:41:40.6193608Z ##[group]Checking out the ref
2023-11-09T15:41:40.6194351Z [command]/usr/bin/git checkout --progress --force -B headers refs/remotes/origin/headers
2023-11-09T15:41:40.6290213Z Switched to a new branch 'headers'
2023-11-09T15:41:40.6290820Z branch 'headers' set up to track 'origin/headers'.
2023-11-09T15:41:40.6292165Z ##[endgroup]
2023-11-09T15:41:40.6427287Z [command]/usr/bin/git log -1 --format='%H'
2023-11-09T15:41:40.6494416Z 'd8fe421054bc1eff7fce803540984b05b25b1962'
2023-11-09T15:41:40.6773268Z ##[group]Run actions/setup-python@v4
2023-11-09T15:41:40.6773678Z with:
2023-11-09T15:41:40.6773932Z   python-version: 3.8
2023-11-09T15:41:40.6774252Z   check-latest: false
2023-11-09T15:41:40.6774743Z   token: ***
2023-11-09T15:41:40.6775031Z   update-environment: true
2023-11-09T15:41:40.6775373Z   allow-prereleases: false
2023-11-09T15:41:40.6775699Z ##[endgroup]
2023-11-09T15:41:40.9746117Z ##[group]Installed versions
2023-11-09T15:41:40.9764159Z Successfully set up CPython (3.8.18)
2023-11-09T15:41:40.9765601Z ##[endgroup]
2023-11-09T15:41:40.9898546Z ##[group]Run python -m pip install --upgrade pip wheel
2023-11-09T15:41:40.9899257Z [36;1mpython -m pip install --upgrade pip wheel[0m
2023-11-09T15:41:40.9899941Z [36;1mpython -m pip install --upgrade --upgrade-strategy=eager tox[0m
2023-11-09T15:41:40.9969819Z shell: /usr/bin/bash -e {0}
2023-11-09T15:41:40.9970195Z env:
2023-11-09T15:41:40.9970583Z   pythonLocation: /opt/hostedtoolcache/Python/3.8.18/x64
2023-11-09T15:41:40.9971294Z   PKG_CONFIG_PATH: /opt/hostedtoolcache/Python/3.8.18/x64/lib/pkgconfig
2023-11-09T15:41:40.9971991Z   Python_ROOT_DIR: /opt/hostedtoolcache/Python/3.8.18/x64
2023-11-09T15:41:40.9972590Z   Python2_ROOT_DIR: /opt/hostedtoolcache/Python/3.8.18/x64
2023-11-09T15:41:40.9973185Z   Python3_ROOT_DIR: /opt/hostedtoolcache/Python/3.8.18/x64
2023-11-09T15:41:40.9973800Z   LD_LIBRARY_PATH: /opt/hostedtoolcache/Python/3.8.18/x64/lib
2023-11-09T15:41:40.9974294Z ##[endgroup]
2023-11-09T15:41:41.7626680Z Requirement already satisfied: pip in /opt/hostedtoolcache/Python/3.8.18/x64/lib/python3.8/site-packages (23.0.1)
2023-11-09T15:41:41.9460499Z Collecting pip
2023-11-09T15:41:42.0529383Z   Downloading pip-23.3.1-py3-none-any.whl.metadata (3.5 kB)
2023-11-09T15:41:42.1074367Z Collecting wheel
2023-11-09T15:41:42.1160029Z   Downloading wheel-0.41.3-py3-none-any.whl.metadata (2.2 kB)
2023-11-09T15:41:42.1331127Z Downloading pip-23.3.1-py3-none-any.whl (2.1 MB)
2023-11-09T15:41:42.3089667Z    â”â”â”â”â”â”â”â”â”â”â”â”â”â”â”â”â”â”â”â”â”â”â”â”â”â”â”â”â”â”â”â”â”â”â”â”â”â”â”â” 2.1/2.1 MB 12.6 MB/s eta 0:00:00
2023-11-09T15:41:42.3171703Z Downloading wheel-0.41.3-py3-none-any.whl (65 kB)
2023-11-09T15:41:42.3227066Z    â”â”â”â”â”â”â”â”â”â”â”â”â”â”â”â”â”â”â”â”â”â”â”â”â”â”â”â”â”â”â”â”â”â”â”â”â”â”â”â” 65.8/65.8 kB 18.6 MB/s eta 0:00:00
2023-11-09T15:41:42.3756582Z Installing collected packages: wheel, pip
2023-11-09T15:41:42.4237239Z   Attempting uninstall: pip
2023-11-09T15:41:42.4244145Z     Found existing installation: pip 23.0.1
2023-11-09T15:41:42.4747096Z     Uninstalling pip-23.0.1:
2023-11-09T15:41:42.5210361Z       Successfully uninstalled pip-23.0.1
2023-11-09T15:41:43.6232312Z Successfully installed pip-23.3.1 wheel-0.41.3
2023-11-09T15:41:44.5944351Z Collecting tox
2023-11-09T15:41:44.6927485Z   Downloading tox-4.11.3-py3-none-any.whl.metadata (5.0 kB)
2023-11-09T15:41:44.7635801Z Collecting cachetools>=5.3.1 (from tox)
2023-11-09T15:41:44.7733423Z   Downloading cachetools-5.3.2-py3-none-any.whl.metadata (5.2 kB)
2023-11-09T15:41:44.7999367Z Collecting chardet>=5.2 (from tox)
2023-11-09T15:41:44.8081915Z   Downloading chardet-5.2.0-py3-none-any.whl.metadata (3.4 kB)
2023-11-09T15:41:44.8439820Z Collecting colorama>=0.4.6 (from tox)
2023-11-09T15:41:44.8524120Z   Downloading colorama-0.4.6-py2.py3-none-any.whl (25 kB)
2023-11-09T15:41:44.9021653Z Collecting filelock>=3.12.3 (from tox)
2023-11-09T15:41:44.9104939Z   Downloading filelock-3.13.1-py3-none-any.whl.metadata (2.8 kB)
2023-11-09T15:41:44.9508689Z Collecting packaging>=23.1 (from tox)
2023-11-09T15:41:44.9593140Z   Downloading packaging-23.2-py3-none-any.whl.metadata (3.2 kB)
2023-11-09T15:41:44.9960163Z Collecting platformdirs>=3.10 (from tox)
2023-11-09T15:41:45.0045603Z   Downloading platformdirs-3.11.0-py3-none-any.whl.metadata (11 kB)
2023-11-09T15:41:45.0371181Z Collecting pluggy>=1.3 (from tox)
2023-11-09T15:41:45.0456164Z   Downloading pluggy-1.3.0-py3-none-any.whl.metadata (4.3 kB)
2023-11-09T15:41:45.0731889Z Collecting pyproject-api>=1.6.1 (from tox)
2023-11-09T15:41:45.0819733Z   Downloading pyproject_api-1.6.1-py3-none-any.whl.metadata (2.8 kB)
2023-11-09T15:41:45.1129167Z Collecting tomli>=2.0.1 (from tox)
2023-11-09T15:41:45.1213226Z   Downloading tomli-2.0.1-py3-none-any.whl (12 kB)
2023-11-09T15:41:45.2418098Z Collecting virtualenv>=20.24.3 (from tox)
2023-11-09T15:41:45.2508441Z   Downloading virtualenv-20.24.6-py3-none-any.whl.metadata (4.5 kB)
2023-11-09T15:41:45.3536878Z Collecting distlib<1,>=0.3.7 (from virtualenv>=20.24.3->tox)
2023-11-09T15:41:45.3627043Z   Downloading distlib-0.3.7-py2.py3-none-any.whl.metadata (5.1 kB)
2023-11-09T15:41:45.3946878Z Downloading tox-4.11.3-py3-none-any.whl (153 kB)
2023-11-09T15:41:45.4207794Z    â”â”â”â”â”â”â”â”â”â”â”â”â”â”â”â”â”â”â”â”â”â”â”â”â”â”â”â”â”â”â”â”â”â”â”â”â”â”â”â” 153.8/153.8 kB 6.3 MB/s eta 0:00:00
2023-11-09T15:41:45.4312711Z Downloading cachetools-5.3.2-py3-none-any.whl (9.3 kB)
2023-11-09T15:41:45.4422644Z Downloading chardet-5.2.0-py3-none-any.whl (199 kB)
2023-11-09T15:41:45.4648404Z    â”â”â”â”â”â”â”â”â”â”â”â”â”â”â”â”â”â”â”â”â”â”â”â”â”â”â”â”â”â”â”â”â”â”â”â”â”â”â”â” 199.4/199.4 kB 9.6 MB/s eta 0:00:00
2023-11-09T15:41:45.4736097Z Downloading filelock-3.13.1-py3-none-any.whl (11 kB)
2023-11-09T15:41:45.4858711Z Downloading packaging-23.2-py3-none-any.whl (53 kB)
2023-11-09T15:41:45.4926946Z    â”â”â”â”â”â”â”â”â”â”â”â”â”â”â”â”â”â”â”â”â”â”â”â”â”â”â”â”â”â”â”â”â”â”â”â”â”â”â”â” 53.0/53.0 kB 10.3 MB/s eta 0:00:00
2023-11-09T15:41:45.5020427Z Downloading platformdirs-3.11.0-py3-none-any.whl (17 kB)
2023-11-09T15:41:45.5131064Z Downloading pluggy-1.3.0-py3-none-any.whl (18 kB)
2023-11-09T15:41:45.5257604Z Downloading pyproject_api-1.6.1-py3-none-any.whl (12 kB)
2023-11-09T15:41:45.5365219Z Downloading virtualenv-20.24.6-py3-none-any.whl (3.8 MB)
2023-11-09T15:41:45.7062564Z    â”â”â”â”â”â”â”â”â”â”â”â”â”â”â”â”â”â”â”â”â”â”â”â”â”â”â”â”â”â”â”â”â”â”â”â”â”â”â”â” 3.8/3.8 MB 22.5 MB/s eta 0:00:00
2023-11-09T15:41:45.7147936Z Downloading distlib-0.3.7-py2.py3-none-any.whl (468 kB)
2023-11-09T15:41:45.7289172Z    â”â”â”â”â”â”â”â”â”â”â”â”â”â”â”â”â”â”â”â”â”â”â”â”â”â”â”â”â”â”â”â”â”â”â”â”â”â”â”â” 468.9/468.9 kB 40.1 MB/s eta 0:00:00
2023-11-09T15:41:45.8952819Z Installing collected packages: distlib, tomli, pluggy, platformdirs, packaging, filelock, colorama, chardet, cachetools, virtualenv, pyproject-api, tox
2023-11-09T15:41:46.5306813Z Successfully installed cachetools-5.3.2 chardet-5.2.0 colorama-0.4.6 distlib-0.3.7 filelock-3.13.1 packaging-23.2 platformdirs-3.11.0 pluggy-1.3.0 pyproject-api-1.6.1 tomli-2.0.1 tox-4.11.3 virtualenv-20.24.6
2023-11-09T15:41:46.6639432Z ##[group]Run tox -e typing
2023-11-09T15:41:46.6639807Z [36;1mtox -e typing[0m
2023-11-09T15:41:46.6676977Z shell: /usr/bin/bash -e {0}
2023-11-09T15:41:46.6677335Z env:
2023-11-09T15:41:46.6677707Z   pythonLocation: /opt/hostedtoolcache/Python/3.8.18/x64
2023-11-09T15:41:46.6678399Z   PKG_CONFIG_PATH: /opt/hostedtoolcache/Python/3.8.18/x64/lib/pkgconfig
2023-11-09T15:41:46.6679086Z   Python_ROOT_DIR: /opt/hostedtoolcache/Python/3.8.18/x64
2023-11-09T15:41:46.6679677Z   Python2_ROOT_DIR: /opt/hostedtoolcache/Python/3.8.18/x64
2023-11-09T15:41:46.6680269Z   Python3_ROOT_DIR: /opt/hostedtoolcache/Python/3.8.18/x64
2023-11-09T15:41:46.6680882Z   LD_LIBRARY_PATH: /opt/hostedtoolcache/Python/3.8.18/x64/lib
2023-11-09T15:41:46.6681523Z ##[endgroup]
2023-11-09T15:41:47.1906994Z typing: install_deps> python -I -m pip install mypy pytest pytest-cov pytest-mock types-python-dateutil types-PyYAML types-requests
2023-11-09T15:41:52.3803661Z .pkg: install_requires> python -I -m pip install 'setuptools>=46.4.0' versioningit
2023-11-09T15:41:54.2639263Z .pkg: _optional_hooks> python /opt/hostedtoolcache/Python/3.8.18/x64/lib/python3.8/site-packages/pyproject_api/_backend.py True setuptools.build_meta
2023-11-09T15:41:54.5211299Z .pkg: get_requires_for_build_sdist> python /opt/hostedtoolcache/Python/3.8.18/x64/lib/python3.8/site-packages/pyproject_api/_backend.py True setuptools.build_meta
2023-11-09T15:41:54.6392088Z .pkg: get_requires_for_build_wheel> python /opt/hostedtoolcache/Python/3.8.18/x64/lib/python3.8/site-packages/pyproject_api/_backend.py True setuptools.build_meta
2023-11-09T15:41:54.7049007Z .pkg: install_requires_for_build_wheel> python -I -m pip install wheel
2023-11-09T15:41:55.3087384Z .pkg: freeze> python -m pip freeze --all
2023-11-09T15:41:55.6703265Z .pkg: importlib-metadata==6.8.0,packaging==23.2,pip==23.3.1,setuptools==68.2.2,tomli==2.0.1,versioningit==2.2.1,wheel==0.41.2,zipp==3.17.0
2023-11-09T15:41:55.6709621Z .pkg: prepare_metadata_for_build_wheel> python /opt/hostedtoolcache/Python/3.8.18/x64/lib/python3.8/site-packages/pyproject_api/_backend.py True setuptools.build_meta
2023-11-09T15:41:55.7823908Z .pkg: build_sdist> python /opt/hostedtoolcache/Python/3.8.18/x64/lib/python3.8/site-packages/pyproject_api/_backend.py True setuptools.build_meta
2023-11-09T15:41:55.8740925Z typing: install_package_deps> python -I -m pip install 'PyYAML>=5.0' 'click-loglevel~=0.2' 'click>=7.0' 'in-place~=0.4' 'pydantic~=1.7' 'python-dateutil~=2.7' 'python-dotenv<2.0,>=0.11' 'requests~=2.20'
2023-11-09T15:41:58.4485578Z typing: install_package> python -I -m pip install --force-reinstall --no-deps /home/runner/work/tinuous/tinuous/.tox/.tmp/package/1/tinuous-0.6.1.post43+gd8fe421.tar.gz
2023-11-09T15:42:02.8741869Z typing: freeze> python -m pip freeze --all
2023-11-09T15:42:03.2560147Z typing: certifi==2023.7.22,charset-normalizer==3.3.2,click==8.1.7,click-loglevel==0.5.0,coverage==7.3.2,exceptiongroup==1.1.3,idna==3.4,in-place==0.5.0,iniconfig==2.0.0,mypy==1.6.1,mypy-extensions==1.0.0,packaging==23.2,pip==23.3.1,pluggy==1.3.0,pydantic==1.10.13,pytest==7.4.3,pytest-cov==4.1.0,pytest-mock==3.12.0,python-dateutil==2.8.2,python-dotenv==1.0.0,PyYAML==6.0.1,requests==2.31.0,setuptools==68.2.2,six==1.16.0,tinuous @ file:///home/runner/work/tinuous/tinuous/.tox/.tmp/package/1/tinuous-0.6.1.post43%2Bgd8fe421.tar.gz#sha256=b196b8f3e91971e64a7c5447fb82e32ec72261480bbbacaa39d400979308a165,tomli==2.0.1,types-python-dateutil==2.8.19.14,types-PyYAML==6.0.12.12,types-requests==2.31.0.10,typing_extensions==4.8.0,urllib3==2.0.7,wheel==0.41.2
2023-11-09T15:42:03.2572520Z typing: commands[0]> mypy src test
2023-11-09T15:42:08.6729340Z src/tinuous/travis.py:71: error: Item "None" of "Optional[Response]" has no
2023-11-09T15:42:08.6730256Z attribute "status_code"  [union-attr]
2023-11-09T15:42:08.6730752Z                 if e.response.status_code == 404:
2023-11-09T15:42:08.6731261Z                    ^~~~~~~~~~~~~~~~~~~~~~
2023-11-09T15:42:08.7102565Z src/tinuous/github.py:334: error: Item "None" of "Optional[Response]" has no
2023-11-09T15:42:08.7103421Z attribute "status_code"  [union-attr]
2023-11-09T15:42:08.7103935Z                 if e.response.status_code in (404, 410):
2023-11-09T15:42:08.7104417Z                    ^~~~~~~~~~~~~~~~~~~~~~
2023-11-09T15:42:08.7105405Z src/tinuous/github.py:338: error: Item "None" of "Optional[Response]" has no
2023-11-09T15:42:08.7106101Z attribute "status_code"  [union-attr]
2023-11-09T15:42:08.7106694Z     ...       "Request for logs returned %d; skipping", e.response.status_cod...
2023-11-09T15:42:08.7107355Z                                                         ^~~~~~~~~~~~~~~~~~~~~~
2023-11-09T15:42:09.4150087Z Found 3 errors in 2 files (checked 15 source files)
2023-11-09T15:42:09.4233837Z typing: exit 1 (6.17 seconds) /home/runner/work/tinuous/tinuous> mypy src test pid=2007
2023-11-09T15:42:09.4245038Z .pkg: _exit> python /opt/hostedtoolcache/Python/3.8.18/x64/lib/python3.8/site-packages/pyproject_api/_backend.py True setuptools.build_meta
2023-11-09T15:42:09.4494003Z   typing: FAIL code 1 (22.54=setup[16.37]+cmd[6.17] seconds)
2023-11-09T15:42:09.4494863Z   evaluation failed :( (22.62 seconds)
2023-11-09T15:42:09.4803615Z ##[error]Process completed with exit code 1.
2023-11-09T15:42:09.4909371Z Post job cleanup.
2023-11-09T15:42:09.5834019Z [command]/usr/bin/git version
2023-11-09T15:42:09.5867182Z git version 2.42.0
2023-11-09T15:42:09.5914178Z Temporarily overriding HOME='/home/runner/work/_temp/8784533b-0849-4150-82dd-4d8b7e3b463d' before making global git config changes
2023-11-09T15:42:09.5915685Z Adding repository directory to the temporary git global config as a safe directory
2023-11-09T15:42:09.5919250Z [command]/usr/bin/git config --global --add safe.directory /home/runner/work/tinuous/tinuous
2023-11-09T15:42:09.5957660Z [command]/usr/bin/git config --local --name-only --get-regexp core\.sshCommand
2023-11-09T15:42:09.5993210Z [command]/usr/bin/git submodule foreach --recursive sh -c "git config --local --name-only --get-regexp 'core\.sshCommand' && git config --local --unset-all 'core.sshCommand' || :"
2023-11-09T15:42:09.6253734Z [command]/usr/bin/git config --local --name-only --get-regexp http\.https\:\/\/github\.com\/\.extraheader
2023-11-09T15:42:09.6274457Z http.https://github.com/.extraheader
2023-11-09T15:42:09.6289859Z [command]/usr/bin/git config --local --unset-all http.https://github.com/.extraheader
2023-11-09T15:42:09.6322765Z [command]/usr/bin/git submodule foreach --recursive sh -c "git config --local --name-only --get-regexp 'http\.https\:\/\/github\.com\/\.extraheader' && git config --local --unset-all 'http.https://github.com/.extraheader' || :"
2023-11-09T15:42:09.6915690Z Cleaning up orphan processes
