2021-04-27T20:52:36.6857295Z ##[group]Run mypy src
2021-04-27T20:52:36.6857751Z [36;1mmypy src[0m
2021-04-27T20:52:36.6909335Z shell: /usr/bin/bash -e {0}
2021-04-27T20:52:36.6909866Z env:
2021-04-27T20:52:36.6910385Z   pythonLocation: /opt/hostedtoolcache/Python/3.9.4/x64
2021-04-27T20:52:36.6911038Z   LD_LIBRARY_PATH: /opt/hostedtoolcache/Python/3.9.4/x64/lib
2021-04-27T20:52:36.6911549Z ##[endgroup]
2021-04-27T20:52:40.6082400Z src/tinuous/_version.py:20: error: Function is missing a return type annotation
2021-04-27T20:52:40.6083686Z  [no-untyped-def]
2021-04-27T20:52:40.6084089Z     def get_keywords():
2021-04-27T20:52:40.6084419Z     ^
2021-04-27T20:52:40.6084918Z src/tinuous/_version.py:37: error: Function is missing a return type annotation
2021-04-27T20:52:40.6085632Z  [no-untyped-def]
2021-04-27T20:52:40.6086237Z     def get_config():
2021-04-27T20:52:40.6086572Z     ^
2021-04-27T20:52:40.6087285Z src/tinuous/_version.py:55: error: Need type annotation for 'LONG_VERSION_PY'
2021-04-27T20:52:40.6088170Z (hint: "LONG_VERSION_PY: Dict[<type>, <type>] = ...")  [var-annotated]
2021-04-27T20:52:40.6088756Z     LONG_VERSION_PY = {}
2021-04-27T20:52:40.6089080Z     ^
2021-04-27T20:52:40.6089747Z src/tinuous/_version.py:56: error: Need type annotation for 'HANDLERS' (hint:
2021-04-27T20:52:40.6090547Z "HANDLERS: Dict[<type>, <type>] = ...")  [var-annotated]
2021-04-27T20:52:40.6090986Z     HANDLERS = {}
2021-04-27T20:52:40.6091290Z     ^
2021-04-27T20:52:40.6091768Z src/tinuous/_version.py:59: error: Function is missing a type annotation 
2021-04-27T20:52:40.6092456Z [no-untyped-def]
2021-04-27T20:52:40.6092943Z     def register_vcs_handler(vcs, method):  # decorator
2021-04-27T20:52:40.6093364Z     ^
2021-04-27T20:52:40.6094007Z src/tinuous/_version.py:61: error: Function is missing a type annotation 
2021-04-27T20:52:40.6094655Z [no-untyped-def]
2021-04-27T20:52:40.6095040Z         def decorate(f):
2021-04-27T20:52:40.6095340Z         ^
2021-04-27T20:52:40.6095827Z src/tinuous/_version.py:70: error: Function is missing a type annotation 
2021-04-27T20:52:40.6097058Z [no-untyped-def]
2021-04-27T20:52:40.6097874Z     def run_command(commands, args, cwd=None, verbose=False, hide_stderr=F...
2021-04-27T20:52:40.6098635Z     ^
2021-04-27T20:52:40.6099215Z src/tinuous/_version.py:105: error: Function is missing a type annotation 
2021-04-27T20:52:40.6100165Z [no-untyped-def]
2021-04-27T20:52:40.6103155Z     def versions_from_parentdir(parentdir_prefix, root, verbose):
2021-04-27T20:52:40.6103828Z     ^
2021-04-27T20:52:40.6104427Z src/tinuous/_version.py:131: error: Function is missing a type annotation 
2021-04-27T20:52:40.6105454Z [no-untyped-def]
2021-04-27T20:52:40.6106280Z     def git_get_keywords(versionfile_abs):
2021-04-27T20:52:40.6106672Z     ^
2021-04-27T20:52:40.6107515Z src/tinuous/_version.py:160: error: Function is missing a type annotation 
2021-04-27T20:52:40.6108208Z [no-untyped-def]
2021-04-27T20:52:40.6108932Z     def git_versions_from_keywords(keywords, tag_prefix, verbose):
2021-04-27T20:52:40.6109668Z     ^
2021-04-27T20:52:40.6110170Z src/tinuous/_version.py:219: error: Function is missing a type annotation 
2021-04-27T20:52:40.6111280Z [no-untyped-def]
2021-04-27T20:52:40.6112078Z     def git_pieces_from_vcs(tag_prefix, root, verbose, run_command=run_com...
2021-04-27T20:52:40.6112752Z     ^
2021-04-27T20:52:40.6113292Z src/tinuous/_version.py:313: error: Function is missing a type annotation 
2021-04-27T20:52:40.6114024Z [no-untyped-def]
2021-04-27T20:52:40.6115010Z     def plus_or_dot(pieces):
2021-04-27T20:52:40.6115686Z     ^
2021-04-27T20:52:40.6116390Z src/tinuous/_version.py:320: error: Function is missing a type annotation 
2021-04-27T20:52:40.6117491Z [no-untyped-def]
2021-04-27T20:52:40.6118038Z     def render_pep440(pieces):
2021-04-27T20:52:40.6118521Z     ^
2021-04-27T20:52:40.6119396Z src/tinuous/_version.py:345: error: Function is missing a type annotation 
2021-04-27T20:52:40.6120284Z [no-untyped-def]
2021-04-27T20:52:40.6120744Z     def render_pep440_pre(pieces):
2021-04-27T20:52:40.6121133Z     ^
2021-04-27T20:52:40.6121805Z src/tinuous/_version.py:361: error: Function is missing a type annotation 
2021-04-27T20:52:40.6122552Z [no-untyped-def]
2021-04-27T20:52:40.6123166Z     def render_pep440_post(pieces):
2021-04-27T20:52:40.6123547Z     ^
2021-04-27T20:52:40.6124034Z src/tinuous/_version.py:388: error: Function is missing a type annotation 
2021-04-27T20:52:40.6124737Z [no-untyped-def]
2021-04-27T20:52:40.6125169Z     def render_pep440_old(pieces):
2021-04-27T20:52:40.6125898Z     ^
2021-04-27T20:52:40.6126799Z src/tinuous/_version.py:410: error: Function is missing a type annotation 
2021-04-27T20:52:40.6127755Z [no-untyped-def]
2021-04-27T20:52:40.6128249Z     def render_git_describe(pieces):
2021-04-27T20:52:40.6128640Z     ^
2021-04-27T20:52:40.6129335Z src/tinuous/_version.py:430: error: Function is missing a type annotation 
2021-04-27T20:52:40.6130043Z [no-untyped-def]
2021-04-27T20:52:40.6130714Z     def render_git_describe_long(pieces):
2021-04-27T20:52:40.6131133Z     ^
2021-04-27T20:52:40.6131667Z src/tinuous/_version.py:450: error: Function is missing a type annotation 
2021-04-27T20:52:40.6132404Z [no-untyped-def]
2021-04-27T20:52:40.6133016Z     def render(pieces, style):
2021-04-27T20:52:40.6133375Z     ^
2021-04-27T20:52:40.6134235Z src/tinuous/_version.py:482: error: Function is missing a return type
2021-04-27T20:52:40.6135243Z annotation  [no-untyped-def]
2021-04-27T20:52:40.6135995Z     def get_versions():
2021-04-27T20:52:40.6136385Z     ^
2021-04-27T20:52:41.2901252Z Found 20 errors in 1 file (checked 3 source files)
2021-04-27T20:52:41.6805247Z ##[error]Process completed with exit code 1.
