2021-04-27T21:44:32.4081105Z ##[section]Starting: Request a runner to run this job
2021-04-27T21:44:32.6830202Z Can't find any online and idle self-hosted runner in current repository that matches the required labels: 'ubuntu-latest'
2021-04-27T21:44:32.6830308Z Can't find any online and idle self-hosted runner in current repository's account/organization that matches the required labels: 'ubuntu-latest'
2021-04-27T21:44:32.6830526Z Found online and idle hosted runner in current repository's account/organization that matches the required labels: 'ubuntu-latest'
2021-04-27T21:44:32.8362543Z ##[section]Finishing: Request a runner to run this job
2021-04-27T21:44:40.8998026Z Current runner version: '2.278.0'
2021-04-27T21:44:40.9058278Z ##[group]Operating System
2021-04-27T21:44:40.9059274Z Ubuntu
2021-04-27T21:44:40.9059816Z 20.04.2
2021-04-27T21:44:40.9060296Z LTS
2021-04-27T21:44:40.9060867Z ##[endgroup]
2021-04-27T21:44:40.9061530Z ##[group]Virtual Environment
2021-04-27T21:44:40.9062285Z Environment: ubuntu-20.04
2021-04-27T21:44:40.9062952Z Version: 20210425.1
2021-04-27T21:44:40.9064072Z Included Software: https://github.com/actions/virtual-environments/blob/ubuntu20/20210425.1/images/linux/Ubuntu2004-README.md
2021-04-27T21:44:40.9065641Z Image Release: https://github.com/actions/virtual-environments/releases/tag/ubuntu20%2F20210425.1
2021-04-27T21:44:40.9066645Z ##[endgroup]
2021-04-27T21:44:40.9068819Z ##[group]GITHUB_TOKEN Permissions
2021-04-27T21:44:40.9071270Z Actions: write
2021-04-27T21:44:40.9071917Z Checks: write
2021-04-27T21:44:40.9072593Z Contents: write
2021-04-27T21:44:40.9073192Z Deployments: write
2021-04-27T21:44:40.9074074Z Issues: write
2021-04-27T21:44:40.9074715Z Metadata: read
2021-04-27T21:44:40.9075354Z Packages: write
2021-04-27T21:44:40.9075991Z PullRequests: write
2021-04-27T21:44:40.9076749Z RepositoryProjects: write
2021-04-27T21:44:40.9077515Z SecurityEvents: write
2021-04-27T21:44:40.9078140Z Statuses: write
2021-04-27T21:44:40.9078876Z ##[endgroup]
2021-04-27T21:44:40.9082218Z Prepare workflow directory
2021-04-27T21:44:40.9785204Z Prepare all required actions
2021-04-27T21:44:40.9798531Z Getting action download info
2021-04-27T21:44:41.4174103Z Download action repository 'actions/checkout@v2'
2021-04-27T21:44:43.1097476Z Download action repository 'actions/setup-python@v2'
2021-04-27T21:44:44.1558466Z ##[group]Run actions/checkout@v2
2021-04-27T21:44:44.1559218Z with:
2021-04-27T21:44:44.1559737Z   repository: con/tinuous
2021-04-27T21:44:44.1560797Z   token: ***
2021-04-27T21:44:44.1561302Z   ssh-strict: true
2021-04-27T21:44:44.1561944Z   persist-credentials: true
2021-04-27T21:44:44.1562557Z   clean: true
2021-04-27T21:44:44.1563061Z   fetch-depth: 1
2021-04-27T21:44:44.1563604Z   lfs: false
2021-04-27T21:44:44.1564210Z   submodules: false
2021-04-27T21:44:44.1564883Z ##[endgroup]
2021-04-27T21:44:44.9151627Z Syncing repository: con/tinuous
2021-04-27T21:44:44.9157259Z ##[group]Getting Git version info
2021-04-27T21:44:44.9158641Z Working directory is '/home/runner/work/tinuous/tinuous'
2021-04-27T21:44:45.8936978Z [command]/usr/bin/git version
2021-04-27T21:44:45.9077814Z git version 2.31.1
2021-04-27T21:44:45.9092110Z ##[endgroup]
2021-04-27T21:44:45.9093119Z Deleting the contents of '/home/runner/work/tinuous/tinuous'
2021-04-27T21:44:45.9097320Z ##[group]Initializing the repository
2021-04-27T21:44:45.9098969Z [command]/usr/bin/git init /home/runner/work/tinuous/tinuous
2021-04-27T21:44:45.9100446Z hint: Using 'master' as the name for the initial branch. This default branch name
2021-04-27T21:44:45.9101542Z hint: is subject to change. To configure the initial branch name to use in all
2021-04-27T21:44:45.9102629Z hint: of your new repositories, which will suppress this warning, call:
2021-04-27T21:44:45.9103487Z hint: 
2021-04-27T21:44:45.9104476Z hint: 	git config --global init.defaultBranch <name>
2021-04-27T21:44:45.9105280Z hint: 
2021-04-27T21:44:45.9106276Z hint: Names commonly chosen instead of 'master' are 'main', 'trunk' and
2021-04-27T21:44:45.9107577Z hint: 'development'. The just-created branch can be renamed via this command:
2021-04-27T21:44:45.9108449Z hint: 
2021-04-27T21:44:45.9109240Z hint: 	git branch -m <name>
2021-04-27T21:44:45.9110181Z Initialized empty Git repository in /home/runner/work/tinuous/tinuous/.git/
2021-04-27T21:44:45.9111324Z [command]/usr/bin/git remote add origin https://github.com/con/tinuous
2021-04-27T21:44:45.9112254Z ##[endgroup]
2021-04-27T21:44:45.9113072Z ##[group]Disabling automatic garbage collection
2021-04-27T21:44:45.9114303Z [command]/usr/bin/git config --local gc.auto 0
2021-04-27T21:44:45.9115100Z ##[endgroup]
2021-04-27T21:44:45.9117379Z ##[group]Setting up auth
2021-04-27T21:44:45.9118824Z [command]/usr/bin/git config --local --name-only --get-regexp core\.sshCommand
2021-04-27T21:44:45.9120673Z [command]/usr/bin/git submodule foreach --recursive git config --local --name-only --get-regexp 'core\.sshCommand' && git config --local --unset-all 'core.sshCommand' || :
2021-04-27T21:44:45.9122583Z [command]/usr/bin/git config --local --name-only --get-regexp http\.https\:\/\/github\.com\/\.extraheader
2021-04-27T21:44:45.9124826Z [command]/usr/bin/git submodule foreach --recursive git config --local --name-only --get-regexp 'http\.https\:\/\/github\.com\/\.extraheader' && git config --local --unset-all 'http.https://github.com/.extraheader' || :
2021-04-27T21:44:45.9127005Z [command]/usr/bin/git config --local http.https://github.com/.extraheader AUTHORIZATION: basic ***
2021-04-27T21:44:45.9128111Z ##[endgroup]
2021-04-27T21:44:45.9128854Z ##[group]Fetching the repository
2021-04-27T21:44:45.9131057Z [command]/usr/bin/git -c protocol.version=2 fetch --no-tags --prune --progress --no-recurse-submodules --depth=1 origin +2363da019666376723012ba998d0100e2eade635:refs/remotes/origin/master
2021-04-27T21:44:45.9132597Z remote: Enumerating objects: 22, done.        
2021-04-27T21:44:45.9133431Z remote: Counting objects:   4% (1/22)        
2021-04-27T21:44:45.9134207Z remote: Counting objects:   9% (2/22)        
2021-04-27T21:44:45.9135048Z remote: Counting objects:  13% (3/22)        
2021-04-27T21:44:45.9135823Z remote: Counting objects:  18% (4/22)        
2021-04-27T21:44:45.9136612Z remote: Counting objects:  22% (5/22)        
2021-04-27T21:44:45.9137396Z remote: Counting objects:  27% (6/22)        
2021-04-27T21:44:45.9138368Z remote: Counting objects:  31% (7/22)        
2021-04-27T21:44:45.9139177Z remote: Counting objects:  36% (8/22)        
2021-04-27T21:44:45.9139965Z remote: Counting objects:  40% (9/22)        
2021-04-27T21:44:45.9140737Z remote: Counting objects:  45% (10/22)        
2021-04-27T21:44:45.9141534Z remote: Counting objects:  50% (11/22)        
2021-04-27T21:44:45.9142304Z remote: Counting objects:  54% (12/22)        
2021-04-27T21:44:45.9143108Z remote: Counting objects:  59% (13/22)        
2021-04-27T21:44:45.9143887Z remote: Counting objects:  63% (14/22)        
2021-04-27T21:44:45.9144655Z remote: Counting objects:  68% (15/22)        
2021-04-27T21:44:45.9145438Z remote: Counting objects:  72% (16/22)        
2021-04-27T21:44:45.9146212Z remote: Counting objects:  77% (17/22)        
2021-04-27T21:44:45.9146988Z remote: Counting objects:  81% (18/22)        
2021-04-27T21:44:45.9147789Z remote: Counting objects:  86% (19/22)        
2021-04-27T21:44:45.9148564Z remote: Counting objects:  90% (20/22)        
2021-04-27T21:44:45.9149355Z remote: Counting objects:  95% (21/22)        
2021-04-27T21:44:45.9150126Z remote: Counting objects: 100% (22/22)        
2021-04-27T21:44:45.9150930Z remote: Counting objects: 100% (22/22), done.        
2021-04-27T21:44:45.9151774Z remote: Compressing objects:   6% (1/16)        
2021-04-27T21:44:45.9152600Z remote: Compressing objects:  12% (2/16)        
2021-04-27T21:44:45.9153439Z remote: Compressing objects:  18% (3/16)        
2021-04-27T21:44:45.9154728Z remote: Compressing objects:  25% (4/16)        
2021-04-27T21:44:45.9155558Z remote: Compressing objects:  31% (5/16)        
2021-04-27T21:44:45.9156881Z remote: Compressing objects:  37% (6/16)        
2021-04-27T21:44:45.9157693Z remote: Compressing objects:  43% (7/16)        
2021-04-27T21:44:45.9158522Z remote: Compressing objects:  50% (8/16)        
2021-04-27T21:44:45.9159341Z remote: Compressing objects:  56% (9/16)        
2021-04-27T21:44:45.9160149Z remote: Compressing objects:  62% (10/16)        
2021-04-27T21:44:45.9161012Z remote: Compressing objects:  68% (11/16)        
2021-04-27T21:44:45.9161825Z remote: Compressing objects:  75% (12/16)        
2021-04-27T21:44:45.9162658Z remote: Compressing objects:  81% (13/16)        
2021-04-27T21:44:45.9163486Z remote: Compressing objects:  87% (14/16)        
2021-04-27T21:44:45.9164295Z remote: Compressing objects:  93% (15/16)        
2021-04-27T21:44:45.9165303Z remote: Compressing objects: 100% (16/16)        
2021-04-27T21:44:45.9166137Z remote: Compressing objects: 100% (16/16), done.        
2021-04-27T21:44:45.9661864Z remote: Total 22 (delta 1), reused 15 (delta 1), pack-reused 0        
2021-04-27T21:44:45.9792425Z From https://github.com/con/tinuous
2021-04-27T21:44:45.9793957Z  * [new ref]         2363da019666376723012ba998d0100e2eade635 -> origin/master
2021-04-27T21:44:45.9875059Z ##[endgroup]
2021-04-27T21:44:45.9875783Z ##[group]Determining the checkout info
2021-04-27T21:44:45.9877640Z ##[endgroup]
2021-04-27T21:44:45.9878280Z ##[group]Checking out the ref
2021-04-27T21:44:45.9884495Z [command]/usr/bin/git checkout --progress --force -B master refs/remotes/origin/master
2021-04-27T21:44:45.9958022Z Reset branch 'master'
2021-04-27T21:44:45.9961578Z Branch 'master' set up to track remote branch 'master' from 'origin'.
2021-04-27T21:44:45.9976377Z ##[endgroup]
2021-04-27T21:44:46.0010264Z [command]/usr/bin/git log -1 --format='%H'
2021-04-27T21:44:46.0042221Z '2363da019666376723012ba998d0100e2eade635'
2021-04-27T21:44:46.0265559Z ##[group]Run actions/setup-python@v2
2021-04-27T21:44:46.0266161Z with:
2021-04-27T21:44:46.0266696Z   python-version: 3.8
2021-04-27T21:44:46.0267820Z   token: ***
2021-04-27T21:44:46.0268311Z ##[endgroup]
2021-04-27T21:44:46.0918261Z Successfully setup CPython (3.8.9)
2021-04-27T21:44:46.1028313Z ##[group]Run python -m pip install --upgrade pip wheel
2021-04-27T21:44:46.1029192Z [36;1mpython -m pip install --upgrade pip wheel[0m
2021-04-27T21:44:46.1029866Z [36;1mpython -m pip install .[0m
2021-04-27T21:44:46.1078171Z shell: /usr/bin/bash -e {0}
2021-04-27T21:44:46.1078700Z env:
2021-04-27T21:44:46.1079398Z   pythonLocation: /opt/hostedtoolcache/Python/3.8.9/x64
2021-04-27T21:44:46.1080297Z   LD_LIBRARY_PATH: /opt/hostedtoolcache/Python/3.8.9/x64/lib
2021-04-27T21:44:46.1080977Z ##[endgroup]
2021-04-27T21:44:46.6282591Z WARNING: Value for scheme.headers does not match. Please report this to <https://github.com/pypa/pip/issues/9617>
2021-04-27T21:44:46.6286125Z distutils: /opt/hostedtoolcache/Python/3.8.9/x64/include/python3.8/UNKNOWN
2021-04-27T21:44:46.6288222Z sysconfig: /opt/hostedtoolcache/Python/3.8.9/x64/include/python3.8
2021-04-27T21:44:46.6290362Z WARNING: Additional context:
2021-04-27T21:44:46.6291766Z user = False
2021-04-27T21:44:46.6293003Z home = None
2021-04-27T21:44:46.6294218Z root = None
2021-04-27T21:44:46.6295359Z prefix = None
2021-04-27T21:44:46.7180088Z Requirement already satisfied: pip in /opt/hostedtoolcache/Python/3.8.9/x64/lib/python3.8/site-packages (21.1)
2021-04-27T21:44:46.9207162Z Collecting wheel
2021-04-27T21:44:46.9552605Z   Downloading wheel-0.36.2-py2.py3-none-any.whl (35 kB)
2021-04-27T21:44:47.0068851Z Installing collected packages: wheel
2021-04-27T21:44:47.0391298Z WARNING: Value for scheme.headers does not match. Please report this to <https://github.com/pypa/pip/issues/9617>
2021-04-27T21:44:47.0394175Z distutils: /opt/hostedtoolcache/Python/3.8.9/x64/include/python3.8/UNKNOWN
2021-04-27T21:44:47.0396342Z sysconfig: /opt/hostedtoolcache/Python/3.8.9/x64/include/python3.8
2021-04-27T21:44:47.0398345Z WARNING: Additional context:
2021-04-27T21:44:47.0399867Z user = False
2021-04-27T21:44:47.0401223Z home = None
2021-04-27T21:44:47.0402581Z root = None
2021-04-27T21:44:47.0404389Z prefix = None
2021-04-27T21:44:47.0405915Z Successfully installed wheel-0.36.2
2021-04-27T21:44:47.5168179Z WARNING: Value for scheme.headers does not match. Please report this to <https://github.com/pypa/pip/issues/9617>
2021-04-27T21:44:47.5170342Z distutils: /opt/hostedtoolcache/Python/3.8.9/x64/include/python3.8/UNKNOWN
2021-04-27T21:44:47.5171683Z sysconfig: /opt/hostedtoolcache/Python/3.8.9/x64/include/python3.8
2021-04-27T21:44:47.5172797Z WARNING: Additional context:
2021-04-27T21:44:47.5173559Z user = False
2021-04-27T21:44:47.5174223Z home = None
2021-04-27T21:44:47.5174844Z root = None
2021-04-27T21:44:47.5175492Z prefix = None
2021-04-27T21:44:47.6082211Z Processing /home/runner/work/tinuous/tinuous
2021-04-27T21:44:47.6087594Z   DEPRECATION: A future pip version will change local packages to be built in-place without first copying to a temporary directory. We recommend you use --use-feature=in-tree-build to test your packages with this new behavior before it becomes the default.
2021-04-27T21:44:47.6089881Z    pip 21.3 will remove support for this functionality. You can find discussion regarding this at https://github.com/pypa/pip/issues/7555.
2021-04-27T21:44:48.4372208Z   Installing build dependencies: started
2021-04-27T21:44:51.0468471Z   Installing build dependencies: finished with status 'done'
2021-04-27T21:44:51.0529517Z   Getting requirements to build wheel: started
2021-04-27T21:44:51.3893132Z   Getting requirements to build wheel: finished with status 'done'
2021-04-27T21:44:51.3898400Z     Preparing wheel metadata: started
2021-04-27T21:44:51.6636750Z     Preparing wheel metadata: finished with status 'done'
2021-04-27T21:44:51.9080299Z Collecting pydantic~=1.7
2021-04-27T21:44:51.9430861Z   Downloading pydantic-1.8.1-cp38-cp38-manylinux2014_x86_64.whl (13.7 MB)
2021-04-27T21:44:52.4030993Z Collecting PyYAML~=5.0
2021-04-27T21:44:52.4155195Z   Downloading PyYAML-5.4.1-cp38-cp38-manylinux1_x86_64.whl (662 kB)
2021-04-27T21:44:52.4738704Z Collecting click~=7.0
2021-04-27T21:44:52.4836101Z   Downloading click-7.1.2-py2.py3-none-any.whl (82 kB)
2021-04-27T21:44:52.5373138Z Collecting PyGithub~=1.53
2021-04-27T21:44:52.5488076Z   Downloading PyGithub-1.55-py3-none-any.whl (291 kB)
2021-04-27T21:44:52.6359857Z Collecting requests~=2.20
2021-04-27T21:44:52.6436896Z   Downloading requests-2.25.1-py2.py3-none-any.whl (61 kB)
2021-04-27T21:44:52.6701908Z Collecting in-place~=0.4
2021-04-27T21:44:52.6786944Z   Downloading in_place-0.5.0-py3-none-any.whl (9.1 kB)
2021-04-27T21:44:52.7207454Z Collecting datalad~=0.14
2021-04-27T21:44:52.7306114Z   Downloading datalad-0.14.2.tar.gz (1.6 MB)
2021-04-27T21:44:53.0574960Z   Installing build dependencies: started
2021-04-27T21:44:55.5923652Z   Installing build dependencies: finished with status 'done'
2021-04-27T21:44:55.5999012Z   Getting requirements to build wheel: started
2021-04-27T21:44:56.0197555Z   Getting requirements to build wheel: finished with status 'done'
2021-04-27T21:44:56.0239066Z     Preparing wheel metadata: started
2021-04-27T21:44:56.5174043Z     Preparing wheel metadata: finished with status 'done'
2021-04-27T21:44:56.5452150Z Collecting click-loglevel~=0.2
2021-04-27T21:44:56.5530136Z   Downloading click_loglevel-0.3.0-py3-none-any.whl (5.0 kB)
2021-04-27T21:44:56.5926974Z Collecting python-dateutil~=2.7
2021-04-27T21:44:56.6008837Z   Downloading python_dateutil-2.8.1-py2.py3-none-any.whl (227 kB)
2021-04-27T21:44:56.7886941Z Collecting iso8601
2021-04-27T21:44:56.7964204Z   Downloading iso8601-0.1.14-py2.py3-none-any.whl (9.5 kB)
2021-04-27T21:44:56.8194989Z Collecting patool>=1.7
2021-04-27T21:44:56.8278054Z   Downloading patool-1.12-py2.py3-none-any.whl (77 kB)
2021-04-27T21:44:56.8728167Z Collecting keyrings.alt
2021-04-27T21:44:56.8847232Z   Downloading keyrings.alt-4.0.2-py3-none-any.whl (20 kB)
2021-04-27T21:44:56.9955382Z Collecting whoosh
2021-04-27T21:44:57.0055048Z   Downloading Whoosh-2.7.4-py2.py3-none-any.whl (468 kB)
2021-04-27T21:44:57.1260071Z Collecting keyring>=8.0
2021-04-27T21:44:57.1336302Z   Downloading keyring-23.0.1-py3-none-any.whl (33 kB)
2021-04-27T21:44:57.2171174Z Collecting boto
2021-04-27T21:44:57.2275872Z   Downloading boto-2.49.0-py2.py3-none-any.whl (1.4 MB)
2021-04-27T21:44:57.2732485Z Collecting distro
2021-04-27T21:44:57.2806566Z   Downloading distro-1.5.0-py2.py3-none-any.whl (18 kB)
2021-04-27T21:44:57.3662297Z Collecting msgpack
2021-04-27T21:44:57.3753105Z   Downloading msgpack-1.0.2-cp38-cp38-manylinux1_x86_64.whl (302 kB)
2021-04-27T21:44:57.4882724Z Collecting simplejson
2021-04-27T21:44:57.4971225Z   Downloading simplejson-3.17.2-cp38-cp38-manylinux2010_x86_64.whl (137 kB)
2021-04-27T21:44:57.6319377Z Collecting tqdm
2021-04-27T21:44:57.6397661Z   Downloading tqdm-4.60.0-py2.py3-none-any.whl (75 kB)
2021-04-27T21:44:57.6686252Z Collecting chardet>=3.0.4
2021-04-27T21:44:57.6764303Z   Downloading chardet-4.0.0-py2.py3-none-any.whl (178 kB)
2021-04-27T21:44:57.7076447Z Collecting fasteners>=0.14
2021-04-27T21:44:57.7266481Z   Downloading fasteners-0.16-py2.py3-none-any.whl (28 kB)
2021-04-27T21:44:57.7678409Z Collecting appdirs
2021-04-27T21:44:57.7754996Z   Downloading appdirs-1.4.4-py2.py3-none-any.whl (9.6 kB)
2021-04-27T21:44:57.8137927Z Collecting humanize
2021-04-27T21:44:57.8223248Z   Downloading humanize-3.4.1-py3-none-any.whl (73 kB)
2021-04-27T21:44:57.8540584Z Collecting wrapt
2021-04-27T21:44:57.8619275Z   Downloading wrapt-1.12.1.tar.gz (27 kB)
2021-04-27T21:44:58.2929727Z Collecting annexremote
2021-04-27T21:44:58.3012393Z   Downloading annexremote-1.5.0-py3-none-any.whl (25 kB)
2021-04-27T21:44:58.3296192Z Collecting jsmin
2021-04-27T21:44:58.3376183Z   Downloading jsmin-2.2.2.tar.gz (12 kB)
2021-04-27T21:44:58.6142699Z Collecting six
2021-04-27T21:44:58.6220418Z   Downloading six-1.15.0-py2.py3-none-any.whl (10 kB)
2021-04-27T21:44:58.6784783Z Collecting SecretStorage>=3.2
2021-04-27T21:44:58.6860515Z   Downloading SecretStorage-3.3.1-py3-none-any.whl (15 kB)
2021-04-27T21:44:58.7745981Z Collecting importlib-metadata>=3.6
2021-04-27T21:44:58.7830243Z   Downloading importlib_metadata-4.0.1-py3-none-any.whl (16 kB)
2021-04-27T21:44:58.8112310Z Collecting jeepney>=0.4.2
2021-04-27T21:44:58.8187141Z   Downloading jeepney-0.6.0-py3-none-any.whl (45 kB)
2021-04-27T21:44:58.8930971Z Collecting zipp>=0.5
2021-04-27T21:44:58.9114783Z   Downloading zipp-3.4.1-py3-none-any.whl (5.2 kB)
2021-04-27T21:44:58.9627168Z Collecting typing-extensions>=3.7.4.3
2021-04-27T21:44:58.9734823Z   Downloading typing_extensions-3.7.4.3-py3-none-any.whl (22 kB)
2021-04-27T21:44:59.0521745Z Collecting pynacl>=1.4.0
2021-04-27T21:44:59.0605774Z   Downloading PyNaCl-1.4.0-cp35-abi3-manylinux1_x86_64.whl (961 kB)
2021-04-27T21:44:59.1216993Z Collecting pyjwt>=2.0
2021-04-27T21:44:59.1294039Z   Downloading PyJWT-2.0.1-py3-none-any.whl (15 kB)
2021-04-27T21:44:59.1873452Z Collecting deprecated
2021-04-27T21:44:59.1958291Z   Downloading Deprecated-1.2.12-py2.py3-none-any.whl (9.5 kB)
2021-04-27T21:44:59.5825928Z Collecting cffi>=1.4.1
2021-04-27T21:44:59.5918111Z   Downloading cffi-1.14.5-cp38-cp38-manylinux1_x86_64.whl (411 kB)
2021-04-27T21:44:59.6293197Z Collecting pycparser
2021-04-27T21:44:59.6375614Z   Downloading pycparser-2.20-py2.py3-none-any.whl (112 kB)
2021-04-27T21:44:59.7147797Z Collecting certifi>=2017.4.17
2021-04-27T21:44:59.7225398Z   Downloading certifi-2020.12.5-py2.py3-none-any.whl (147 kB)
2021-04-27T21:44:59.7570269Z Collecting idna<3,>=2.5
2021-04-27T21:44:59.7647193Z   Downloading idna-2.10-py2.py3-none-any.whl (58 kB)
2021-04-27T21:44:59.8354540Z Collecting urllib3<1.27,>=1.21.1
2021-04-27T21:44:59.8454084Z   Downloading urllib3-1.26.4-py2.py3-none-any.whl (153 kB)
2021-04-27T21:45:00.3571845Z Collecting cryptography>=2.0
2021-04-27T21:45:00.3653790Z   Downloading cryptography-3.4.7-cp36-abi3-manylinux2014_x86_64.whl (3.2 MB)
2021-04-27T21:45:00.5372479Z Collecting future
2021-04-27T21:45:00.5603373Z   Downloading future-0.18.2.tar.gz (829 kB)
2021-04-27T21:45:01.0271518Z Requirement already satisfied: setuptools in /opt/hostedtoolcache/Python/3.8.9/x64/lib/python3.8/site-packages (from humanize->datalad~=0.14->tinuous==0+untagged.1.g2363da0) (49.2.1)
2021-04-27T21:45:01.1477404Z Building wheels for collected packages: tinuous, datalad, wrapt, future, jsmin
2021-04-27T21:45:01.1486434Z   Building wheel for tinuous (PEP 517): started
2021-04-27T21:45:01.4795831Z   Building wheel for tinuous (PEP 517): finished with status 'done'
2021-04-27T21:45:01.4798698Z   Created wheel for tinuous: filename=tinuous-0+untagged.1.g2363da0-py3-none-any.whl size=14255 sha256=fdf5c8a588a4bc9069dd9b81937c376be084d6692386ca8e45a09dbbc3a57670
2021-04-27T21:45:01.4801818Z   Stored in directory: /tmp/pip-ephem-wheel-cache-carw307v/wheels/c3/66/fd/aa40fe57fc56b6eafce6be9c19ebd0e1315c64984fda7c47af
2021-04-27T21:45:01.4826039Z   Building wheel for datalad (PEP 517): started
2021-04-27T21:45:02.4105071Z   Building wheel for datalad (PEP 517): finished with status 'done'
2021-04-27T21:45:02.4177471Z   Created wheel for datalad: filename=datalad-0.14.2-py3-none-any.whl size=1603393 sha256=bee9dcec1e7c9f71e797be0f774eacb75637c7afc83d1faaefcaef741ddfc4d2
2021-04-27T21:45:02.4182052Z   Stored in directory: /home/runner/.cache/pip/wheels/5f/d3/15/1e36a77a4d222a134678396152e3b066be4d289e731045fa5a
2021-04-27T21:45:02.4243393Z   Building wheel for wrapt (setup.py): started
2021-04-27T21:45:03.6915617Z   Building wheel for wrapt (setup.py): finished with status 'done'
2021-04-27T21:45:03.6923379Z   Created wheel for wrapt: filename=wrapt-1.12.1-cp38-cp38-linux_x86_64.whl size=81793 sha256=19449f392762ef74f62462393e7fee678adefdb54b1001f085f9b107820da006
2021-04-27T21:45:03.6925693Z   Stored in directory: /home/runner/.cache/pip/wheels/5f/fd/9e/b6cf5890494cb8ef0b5eaff72e5d55a70fb56316007d6dfe73
2021-04-27T21:45:03.6957040Z   Building wheel for future (setup.py): started
2021-04-27T21:45:04.1761632Z   Building wheel for future (setup.py): finished with status 'done'
2021-04-27T21:45:04.1785010Z   Created wheel for future: filename=future-0.18.2-py3-none-any.whl size=491059 sha256=4aad2f4de434a802246dbc0770e7cca9c81aea6985ab8a94e0bff1f45f3d3ab6
2021-04-27T21:45:04.1787602Z   Stored in directory: /home/runner/.cache/pip/wheels/8e/70/28/3d6ccd6e315f65f245da085482a2e1c7d14b90b30f239e2cf4
2021-04-27T21:45:04.1829591Z   Building wheel for jsmin (setup.py): started
2021-04-27T21:45:05.2811029Z   Building wheel for jsmin (setup.py): finished with status 'done'
2021-04-27T21:45:05.2819670Z   Created wheel for jsmin: filename=jsmin-2.2.2-py3-none-any.whl size=13920 sha256=8bf0aaf1fe14f58da8edd48fbbc6a155d4e435c2c33460e11aa63b5ff4fac286
2021-04-27T21:45:05.2821955Z   Stored in directory: /home/runner/.cache/pip/wheels/65/b7/04/fc4b059d177fd88f3ca362ad372a15e364b0c5433121c7b135
2021-04-27T21:45:05.2857232Z Successfully built tinuous datalad wrapt future jsmin
2021-04-27T21:45:05.7056640Z Installing collected packages: pycparser, cffi, zipp, wrapt, urllib3, six, jeepney, idna, cryptography, chardet, certifi, SecretStorage, requests, pynacl, pyjwt, importlib-metadata, future, deprecated, whoosh, typing-extensions, tqdm, simplejson, PyGithub, patool, msgpack, keyrings.alt, keyring, jsmin, iso8601, humanize, fasteners, distro, click, boto, appdirs, annexremote, PyYAML, python-dateutil, pydantic, in-place, datalad, click-loglevel, tinuous
2021-04-27T21:45:10.0568602Z WARNING: Value for scheme.headers does not match. Please report this to <https://github.com/pypa/pip/issues/9617>
2021-04-27T21:45:10.0570463Z distutils: /opt/hostedtoolcache/Python/3.8.9/x64/include/python3.8/UNKNOWN
2021-04-27T21:45:10.0571777Z sysconfig: /opt/hostedtoolcache/Python/3.8.9/x64/include/python3.8
2021-04-27T21:45:10.0572937Z WARNING: Additional context:
2021-04-27T21:45:10.0573700Z user = False
2021-04-27T21:45:10.0574471Z home = None
2021-04-27T21:45:10.0575157Z root = None
2021-04-27T21:45:10.0575879Z prefix = None
2021-04-27T21:45:10.0751945Z Successfully installed PyGithub-1.55 PyYAML-5.4.1 SecretStorage-3.3.1 annexremote-1.5.0 appdirs-1.4.4 boto-2.49.0 certifi-2020.12.5 cffi-1.14.5 chardet-4.0.0 click-7.1.2 click-loglevel-0.3.0 cryptography-3.4.7 datalad-0.14.2 deprecated-1.2.12 distro-1.5.0 fasteners-0.16 future-0.18.2 humanize-3.4.1 idna-2.10 importlib-metadata-4.0.1 in-place-0.5.0 iso8601-0.1.14 jeepney-0.6.0 jsmin-2.2.2 keyring-23.0.1 keyrings.alt-4.0.2 msgpack-1.0.2 patool-1.12 pycparser-2.20 pydantic-1.8.1 pyjwt-2.0.1 pynacl-1.4.0 python-dateutil-2.8.1 requests-2.25.1 simplejson-3.17.2 six-1.15.0 tinuous-0+untagged.1.g2363da0 tqdm-4.60.0 typing-extensions-3.7.4.3 urllib3-1.26.4 whoosh-2.7.4 wrapt-1.12.1 zipp-3.4.1
2021-04-27T21:45:10.2203106Z ##[group]Run tinuous --help
2021-04-27T21:45:10.2203795Z [36;1mtinuous --help[0m
2021-04-27T21:45:10.2249928Z shell: /usr/bin/bash -e {0}
2021-04-27T21:45:10.2250418Z env:
2021-04-27T21:45:10.2251115Z   pythonLocation: /opt/hostedtoolcache/Python/3.8.9/x64
2021-04-27T21:45:10.2252111Z   LD_LIBRARY_PATH: /opt/hostedtoolcache/Python/3.8.9/x64/lib
2021-04-27T21:45:10.2252819Z ##[endgroup]
2021-04-27T21:45:10.3523062Z It is highly recommended to configure Git before using DataLad. Set both 'user.name' and 'user.email' configuration variables.
2021-04-27T21:45:10.3525530Z It is highly recommended to configure Git before using DataLad. Set both 'user.name' and 'user.email' configuration variables.
2021-04-27T21:45:10.8796837Z Usage: tinuous [OPTIONS] COMMAND [ARGS]...
2021-04-27T21:45:10.8797375Z 
2021-04-27T21:45:10.8798085Z   Download build logs from GitHub Actions, Travis, and Appveyor
2021-04-27T21:45:10.8798614Z 
2021-04-27T21:45:10.8799114Z Options:
2021-04-27T21:45:10.8800546Z   -c, --config FILE               Read configuration from the given file
2021-04-27T21:45:10.8801318Z                                   [default: config.yml]
2021-04-27T21:45:10.8801721Z 
2021-04-27T21:45:10.8802630Z   -l, --log-level [NOTSET|DEBUG|INFO|WARNING|ERROR|CRITICAL]
2021-04-27T21:45:10.8803441Z                                   Set logging level  [default: INFO]
2021-04-27T21:45:10.8804363Z   --help                          Show this message and exit.
2021-04-27T21:45:10.8804798Z 
2021-04-27T21:45:10.8805219Z Commands:
2021-04-27T21:45:10.8805784Z   fetch     Download logs
2021-04-27T21:45:10.8806381Z   sanitize  Sanitize secrets in logs
2021-04-27T21:45:10.9430452Z ##[group]Run python -m pip install mypy
2021-04-27T21:45:10.9431165Z [36;1mpython -m pip install mypy[0m
2021-04-27T21:45:10.9482622Z shell: /usr/bin/bash -e {0}
2021-04-27T21:45:10.9483215Z env:
2021-04-27T21:45:10.9483942Z   pythonLocation: /opt/hostedtoolcache/Python/3.8.9/x64
2021-04-27T21:45:10.9484914Z   LD_LIBRARY_PATH: /opt/hostedtoolcache/Python/3.8.9/x64/lib
2021-04-27T21:45:10.9485717Z ##[endgroup]
2021-04-27T21:45:11.2959125Z WARNING: Value for scheme.headers does not match. Please report this to <https://github.com/pypa/pip/issues/9617>
2021-04-27T21:45:11.2960941Z distutils: /opt/hostedtoolcache/Python/3.8.9/x64/include/python3.8/UNKNOWN
2021-04-27T21:45:11.2962140Z sysconfig: /opt/hostedtoolcache/Python/3.8.9/x64/include/python3.8
2021-04-27T21:45:11.2963182Z WARNING: Additional context:
2021-04-27T21:45:11.2963935Z user = False
2021-04-27T21:45:11.2964563Z home = None
2021-04-27T21:45:11.2965164Z root = None
2021-04-27T21:45:11.2965792Z prefix = None
2021-04-27T21:45:11.5535680Z Collecting mypy
2021-04-27T21:45:11.5870945Z   Downloading mypy-0.812-cp38-cp38-manylinux2010_x86_64.whl (22.5 MB)
2021-04-27T21:45:12.1805562Z Collecting mypy-extensions<0.5.0,>=0.4.3
2021-04-27T21:45:12.1925737Z   Downloading mypy_extensions-0.4.3-py2.py3-none-any.whl (4.5 kB)
2021-04-27T21:45:12.3367100Z Collecting typed-ast<1.5.0,>=1.4.0
2021-04-27T21:45:12.3495515Z   Downloading typed_ast-1.4.3-cp38-cp38-manylinux1_x86_64.whl (774 kB)
2021-04-27T21:45:12.3666749Z Requirement already satisfied: typing-extensions>=3.7.4 in /opt/hostedtoolcache/Python/3.8.9/x64/lib/python3.8/site-packages (from mypy) (3.7.4.3)
2021-04-27T21:45:12.7352858Z Installing collected packages: typed-ast, mypy-extensions, mypy
2021-04-27T21:45:14.3879484Z WARNING: Value for scheme.headers does not match. Please report this to <https://github.com/pypa/pip/issues/9617>
2021-04-27T21:45:14.3881204Z distutils: /opt/hostedtoolcache/Python/3.8.9/x64/include/python3.8/UNKNOWN
2021-04-27T21:45:14.3882575Z sysconfig: /opt/hostedtoolcache/Python/3.8.9/x64/include/python3.8
2021-04-27T21:45:14.3883611Z WARNING: Additional context:
2021-04-27T21:45:14.3884326Z user = False
2021-04-27T21:45:14.3884901Z home = None
2021-04-27T21:45:14.3885471Z root = None
2021-04-27T21:45:14.3886045Z prefix = None
2021-04-27T21:45:14.3992669Z Successfully installed mypy-0.812 mypy-extensions-0.4.3 typed-ast-1.4.3
2021-04-27T21:45:14.4621926Z ##[group]Run mypy src
2021-04-27T21:45:14.4622452Z [36;1mmypy src[0m
2021-04-27T21:45:14.4664629Z shell: /usr/bin/bash -e {0}
2021-04-27T21:45:14.4665097Z env:
2021-04-27T21:45:14.4665733Z   pythonLocation: /opt/hostedtoolcache/Python/3.8.9/x64
2021-04-27T21:45:14.4666676Z   LD_LIBRARY_PATH: /opt/hostedtoolcache/Python/3.8.9/x64/lib
2021-04-27T21:45:14.4667314Z ##[endgroup]
2021-04-27T21:45:18.1729666Z src/tinuous/_version.py:20: error: Function is missing a return type annotation
2021-04-27T21:45:18.1731854Z  [no-untyped-def]
2021-04-27T21:45:18.1732735Z     def get_keywords():
2021-04-27T21:45:18.1733428Z     ^
2021-04-27T21:45:18.1734420Z src/tinuous/_version.py:37: error: Function is missing a return type annotation
2021-04-27T21:45:18.1735697Z  [no-untyped-def]
2021-04-27T21:45:18.1736501Z     def get_config():
2021-04-27T21:45:18.1737600Z     ^
2021-04-27T21:45:18.1739981Z src/tinuous/_version.py:55: error: Need type annotation for 'LONG_VERSION_PY'
2021-04-27T21:45:18.1741411Z (hint: "LONG_VERSION_PY: Dict[<type>, <type>] = ...")  [var-annotated]
2021-04-27T21:45:18.1742226Z     LONG_VERSION_PY = {}
2021-04-27T21:45:18.1742746Z     ^
2021-04-27T21:45:18.1743803Z src/tinuous/_version.py:56: error: Need type annotation for 'HANDLERS' (hint:
2021-04-27T21:45:18.1745076Z "HANDLERS: Dict[<type>, <type>] = ...")  [var-annotated]
2021-04-27T21:45:18.1745798Z     HANDLERS = {}
2021-04-27T21:45:18.1746302Z     ^
2021-04-27T21:45:18.1747087Z src/tinuous/_version.py:59: error: Function is missing a type annotation 
2021-04-27T21:45:18.1748138Z [no-untyped-def]
2021-04-27T21:45:18.1748926Z     def register_vcs_handler(vcs, method):  # decorator
2021-04-27T21:45:18.1749610Z     ^
2021-04-27T21:45:18.1750393Z src/tinuous/_version.py:61: error: Function is missing a type annotation 
2021-04-27T21:45:18.1751452Z [no-untyped-def]
2021-04-27T21:45:18.1752075Z         def decorate(f):
2021-04-27T21:45:18.1753194Z         ^
2021-04-27T21:45:18.1754322Z src/tinuous/_version.py:70: error: Function is missing a type annotation 
2021-04-27T21:45:18.1755475Z [no-untyped-def]
2021-04-27T21:45:18.1756380Z     def run_command(commands, args, cwd=None, verbose=False, hide_stderr=F...
2021-04-27T21:45:18.1757148Z     ^
2021-04-27T21:45:18.1757959Z src/tinuous/_version.py:105: error: Function is missing a type annotation 
2021-04-27T21:45:18.1758995Z [no-untyped-def]
2021-04-27T21:45:18.1759883Z     def versions_from_parentdir(parentdir_prefix, root, verbose):
2021-04-27T21:45:18.1760635Z     ^
2021-04-27T21:45:18.1761433Z src/tinuous/_version.py:131: error: Function is missing a type annotation 
2021-04-27T21:45:18.1762473Z [no-untyped-def]
2021-04-27T21:45:18.1763222Z     def git_get_keywords(versionfile_abs):
2021-04-27T21:45:18.1763846Z     ^
2021-04-27T21:45:18.1764643Z src/tinuous/_version.py:160: error: Function is missing a type annotation 
2021-04-27T21:45:18.1765689Z [no-untyped-def]
2021-04-27T21:45:18.1766543Z     def git_versions_from_keywords(keywords, tag_prefix, verbose):
2021-04-27T21:45:18.1767309Z     ^
2021-04-27T21:45:18.1768089Z src/tinuous/_version.py:219: error: Function is missing a type annotation 
2021-04-27T21:45:18.1769143Z [no-untyped-def]
2021-04-27T21:45:18.1770013Z     def git_pieces_from_vcs(tag_prefix, root, verbose, run_command=run_com...
2021-04-27T21:45:18.1770791Z     ^
2021-04-27T21:45:18.1771578Z src/tinuous/_version.py:313: error: Function is missing a type annotation 
2021-04-27T21:45:18.1772638Z [no-untyped-def]
2021-04-27T21:45:18.1773297Z     def plus_or_dot(pieces):
2021-04-27T21:45:18.1773837Z     ^
2021-04-27T21:45:18.1774637Z src/tinuous/_version.py:320: error: Function is missing a type annotation 
2021-04-27T21:45:18.1775670Z [no-untyped-def]
2021-04-27T21:45:18.1776359Z     def render_pep440(pieces):
2021-04-27T21:45:18.1776927Z     ^
2021-04-27T21:45:18.1777717Z src/tinuous/_version.py:345: error: Function is missing a type annotation 
2021-04-27T21:45:18.1778744Z [no-untyped-def]
2021-04-27T21:45:18.1779447Z     def render_pep440_pre(pieces):
2021-04-27T21:45:18.1780277Z     ^
2021-04-27T21:45:18.1781087Z src/tinuous/_version.py:361: error: Function is missing a type annotation 
2021-04-27T21:45:18.1782148Z [no-untyped-def]
2021-04-27T21:45:18.1782863Z     def render_pep440_post(pieces):
2021-04-27T21:45:18.1783576Z     ^
2021-04-27T21:45:18.1784359Z src/tinuous/_version.py:388: error: Function is missing a type annotation 
2021-04-27T21:45:18.1785421Z [no-untyped-def]
2021-04-27T21:45:18.1786109Z     def render_pep440_old(pieces):
2021-04-27T21:45:18.1786704Z     ^
2021-04-27T21:45:18.1787485Z src/tinuous/_version.py:410: error: Function is missing a type annotation 
2021-04-27T21:45:18.1788525Z [no-untyped-def]
2021-04-27T21:45:18.1789091Z     def render_git_describe(pieces):
2021-04-27T21:45:18.1789585Z     ^
2021-04-27T21:45:18.1790210Z src/tinuous/_version.py:430: error: Function is missing a type annotation 
2021-04-27T21:45:18.1791056Z [no-untyped-def]
2021-04-27T21:45:18.1791653Z     def render_git_describe_long(pieces):
2021-04-27T21:45:18.1792141Z     ^
2021-04-27T21:45:18.1792781Z src/tinuous/_version.py:450: error: Function is missing a type annotation 
2021-04-27T21:45:18.1793606Z [no-untyped-def]
2021-04-27T21:45:18.1794359Z     def render(pieces, style):
2021-04-27T21:45:18.1794821Z     ^
2021-04-27T21:45:18.1795437Z src/tinuous/_version.py:482: error: Function is missing a return type
2021-04-27T21:45:18.1796326Z annotation  [no-untyped-def]
2021-04-27T21:45:18.1796896Z     def get_versions():
2021-04-27T21:45:18.1797318Z     ^
2021-04-27T21:45:18.7445521Z Found 20 errors in 1 file (checked 2 source files)
2021-04-27T21:45:19.0381085Z ##[error]Process completed with exit code 1.
2021-04-27T21:45:19.0483391Z Post job cleanup.
2021-04-27T21:45:19.1486001Z [command]/usr/bin/git version
2021-04-27T21:45:19.1553100Z git version 2.31.1
2021-04-27T21:45:19.1599904Z [command]/usr/bin/git config --local --name-only --get-regexp core\.sshCommand
2021-04-27T21:45:19.1643934Z [command]/usr/bin/git submodule foreach --recursive git config --local --name-only --get-regexp 'core\.sshCommand' && git config --local --unset-all 'core.sshCommand' || :
2021-04-27T21:45:19.1904834Z [command]/usr/bin/git config --local --name-only --get-regexp http\.https\:\/\/github\.com\/\.extraheader
2021-04-27T21:45:19.1933110Z http.https://github.com/.extraheader
2021-04-27T21:45:19.1943241Z [command]/usr/bin/git config --local --unset-all http.https://github.com/.extraheader
2021-04-27T21:45:19.1979760Z [command]/usr/bin/git submodule foreach --recursive git config --local --name-only --get-regexp 'http\.https\:\/\/github\.com\/\.extraheader' && git config --local --unset-all 'http.https://github.com/.extraheader' || :
2021-04-27T21:45:19.2272395Z Cleaning up orphan processes
