2021-04-27T21:44:32.4084204Z ##[section]Starting: Request a runner to run this job
2021-04-27T21:44:32.5730062Z Can't find any online and idle self-hosted runner in current repository that matches the required labels: 'ubuntu-latest'
2021-04-27T21:44:32.5730243Z Can't find any online and idle self-hosted runner in current repository's account/organization that matches the required labels: 'ubuntu-latest'
2021-04-27T21:44:32.5730708Z Found online and idle hosted runner in current repository's account/organization that matches the required labels: 'ubuntu-latest'
2021-04-27T21:44:32.6994591Z ##[section]Finishing: Request a runner to run this job
2021-04-27T21:44:38.6607478Z Current runner version: '2.278.0'
2021-04-27T21:44:38.6642527Z ##[group]Operating System
2021-04-27T21:44:38.6644527Z Ubuntu
2021-04-27T21:44:38.6645122Z 20.04.2
2021-04-27T21:44:38.6645814Z LTS
2021-04-27T21:44:38.6646388Z ##[endgroup]
2021-04-27T21:44:38.6647000Z ##[group]Virtual Environment
2021-04-27T21:44:38.6647951Z Environment: ubuntu-20.04
2021-04-27T21:44:38.6649078Z Version: 20210425.1
2021-04-27T21:44:38.6649984Z Included Software: https://github.com/actions/virtual-environments/blob/ubuntu20/20210425.1/images/linux/Ubuntu2004-README.md
2021-04-27T21:44:38.6651262Z Image Release: https://github.com/actions/virtual-environments/releases/tag/ubuntu20%2F20210425.1
2021-04-27T21:44:38.6652207Z ##[endgroup]
2021-04-27T21:44:38.6654229Z ##[group]GITHUB_TOKEN Permissions
2021-04-27T21:44:38.6655923Z Actions: write
2021-04-27T21:44:38.6656626Z Checks: write
2021-04-27T21:44:38.6657366Z Contents: write
2021-04-27T21:44:38.6658137Z Deployments: write
2021-04-27T21:44:38.6658870Z Issues: write
2021-04-27T21:44:38.6659507Z Metadata: read
2021-04-27T21:44:38.6660137Z Packages: write
2021-04-27T21:44:38.6660736Z PullRequests: write
2021-04-27T21:44:38.6661978Z RepositoryProjects: write
2021-04-27T21:44:38.6662579Z SecurityEvents: write
2021-04-27T21:44:38.6663067Z Statuses: write
2021-04-27T21:44:38.6663691Z ##[endgroup]
2021-04-27T21:44:38.6666629Z Prepare workflow directory
2021-04-27T21:44:38.7278421Z Prepare all required actions
2021-04-27T21:44:38.7288156Z Getting action download info
2021-04-27T21:44:39.1442229Z Download action repository 'actions/checkout@v2'
2021-04-27T21:44:40.8647426Z Download action repository 'actions/setup-python@v2'
2021-04-27T21:44:41.3254278Z ##[group]Run actions/checkout@v2
2021-04-27T21:44:41.3255029Z with:
2021-04-27T21:44:41.3255516Z   repository: con/tinuous
2021-04-27T21:44:41.3256374Z   token: ***
2021-04-27T21:44:41.3256797Z   ssh-strict: true
2021-04-27T21:44:41.3257339Z   persist-credentials: true
2021-04-27T21:44:41.3257821Z   clean: true
2021-04-27T21:44:41.3258303Z   fetch-depth: 1
2021-04-27T21:44:41.3258742Z   lfs: false
2021-04-27T21:44:41.3259191Z   submodules: false
2021-04-27T21:44:41.3259616Z ##[endgroup]
2021-04-27T21:44:41.5397397Z Syncing repository: con/tinuous
2021-04-27T21:44:41.5398766Z ##[group]Getting Git version info
2021-04-27T21:44:41.5399773Z Working directory is '/home/runner/work/tinuous/tinuous'
2021-04-27T21:44:41.5403102Z [command]/usr/bin/git version
2021-04-27T21:44:41.5526577Z git version 2.31.1
2021-04-27T21:44:41.5528311Z ##[endgroup]
2021-04-27T21:44:41.5529528Z Deleting the contents of '/home/runner/work/tinuous/tinuous'
2021-04-27T21:44:41.5531260Z ##[group]Initializing the repository
2021-04-27T21:44:41.5535205Z [command]/usr/bin/git init /home/runner/work/tinuous/tinuous
2021-04-27T21:44:41.5594916Z hint: Using 'master' as the name for the initial branch. This default branch name
2021-04-27T21:44:41.5596058Z hint: is subject to change. To configure the initial branch name to use in all
2021-04-27T21:44:41.5596972Z hint: of your new repositories, which will suppress this warning, call:
2021-04-27T21:44:41.5597785Z hint: 
2021-04-27T21:44:41.5598717Z hint: 	git config --global init.defaultBranch <name>
2021-04-27T21:44:41.5599422Z hint: 
2021-04-27T21:44:41.5600418Z hint: Names commonly chosen instead of 'master' are 'main', 'trunk' and
2021-04-27T21:44:41.5601540Z hint: 'development'. The just-created branch can be renamed via this command:
2021-04-27T21:44:41.5602339Z hint: 
2021-04-27T21:44:41.5603084Z hint: 	git branch -m <name>
2021-04-27T21:44:41.5611451Z Initialized empty Git repository in /home/runner/work/tinuous/tinuous/.git/
2021-04-27T21:44:41.5621227Z [command]/usr/bin/git remote add origin https://github.com/con/tinuous
2021-04-27T21:44:41.5660964Z ##[endgroup]
2021-04-27T21:44:41.5661885Z ##[group]Disabling automatic garbage collection
2021-04-27T21:44:41.5664599Z [command]/usr/bin/git config --local gc.auto 0
2021-04-27T21:44:41.5690769Z ##[endgroup]
2021-04-27T21:44:42.0475913Z ##[group]Setting up auth
2021-04-27T21:44:42.0477959Z [command]/usr/bin/git config --local --name-only --get-regexp core\.sshCommand
2021-04-27T21:44:42.0479807Z [command]/usr/bin/git submodule foreach --recursive git config --local --name-only --get-regexp 'core\.sshCommand' && git config --local --unset-all 'core.sshCommand' || :
2021-04-27T21:44:42.0483401Z [command]/usr/bin/git config --local --name-only --get-regexp http\.https\:\/\/github\.com\/\.extraheader
2021-04-27T21:44:42.0487749Z [command]/usr/bin/git submodule foreach --recursive git config --local --name-only --get-regexp 'http\.https\:\/\/github\.com\/\.extraheader' && git config --local --unset-all 'http.https://github.com/.extraheader' || :
2021-04-27T21:44:42.0489866Z [command]/usr/bin/git config --local http.https://github.com/.extraheader AUTHORIZATION: basic ***
2021-04-27T21:44:42.0491091Z ##[endgroup]
2021-04-27T21:44:42.0491872Z ##[group]Fetching the repository
2021-04-27T21:44:42.0493444Z [command]/usr/bin/git -c protocol.version=2 fetch --no-tags --prune --progress --no-recurse-submodules --depth=1 origin +2363da019666376723012ba998d0100e2eade635:refs/remotes/origin/master
2021-04-27T21:44:42.0494849Z remote: Enumerating objects: 22, done.        
2021-04-27T21:44:42.0495694Z remote: Counting objects:   4% (1/22)        
2021-04-27T21:44:42.0496406Z remote: Counting objects:   9% (2/22)        
2021-04-27T21:44:42.0497164Z remote: Counting objects:  13% (3/22)        
2021-04-27T21:44:42.0497929Z remote: Counting objects:  18% (4/22)        
2021-04-27T21:44:42.0498629Z remote: Counting objects:  22% (5/22)        
2021-04-27T21:44:42.0499425Z remote: Counting objects:  27% (6/22)        
2021-04-27T21:44:42.0500351Z remote: Counting objects:  31% (7/22)        
2021-04-27T21:44:42.0501243Z remote: Counting objects:  36% (8/22)        
2021-04-27T21:44:42.0502009Z remote: Counting objects:  40% (9/22)        
2021-04-27T21:44:42.0502705Z remote: Counting objects:  45% (10/22)        
2021-04-27T21:44:42.0503690Z remote: Counting objects:  50% (11/22)        
2021-04-27T21:44:42.0504384Z remote: Counting objects:  54% (12/22)        
2021-04-27T21:44:42.0505176Z remote: Counting objects:  59% (13/22)        
2021-04-27T21:44:42.0505920Z remote: Counting objects:  63% (14/22)        
2021-04-27T21:44:42.0506603Z remote: Counting objects:  68% (15/22)        
2021-04-27T21:44:42.0507393Z remote: Counting objects:  72% (16/22)        
2021-04-27T21:44:42.0508157Z remote: Counting objects:  77% (17/22)        
2021-04-27T21:44:42.0508849Z remote: Counting objects:  81% (18/22)        
2021-04-27T21:44:42.0509577Z remote: Counting objects:  86% (19/22)        
2021-04-27T21:44:42.0510271Z remote: Counting objects:  90% (20/22)        
2021-04-27T21:44:42.0511077Z remote: Counting objects:  95% (21/22)        
2021-04-27T21:44:42.0511896Z remote: Counting objects: 100% (22/22)        
2021-04-27T21:44:42.0512823Z remote: Counting objects: 100% (22/22), done.        
2021-04-27T21:44:42.0514460Z remote: Compressing objects:   6% (1/16)        
2021-04-27T21:44:42.0515376Z remote: Compressing objects:  12% (2/16)        
2021-04-27T21:44:42.0516216Z remote: Compressing objects:  18% (3/16)        
2021-04-27T21:44:42.0517108Z remote: Compressing objects:  25% (4/16)        
2021-04-27T21:44:42.0518211Z remote: Compressing objects:  31% (5/16)        
2021-04-27T21:44:42.0519001Z remote: Compressing objects:  37% (6/16)        
2021-04-27T21:44:42.0519811Z remote: Compressing objects:  43% (7/16)        
2021-04-27T21:44:42.0520552Z remote: Compressing objects:  50% (8/16)        
2021-04-27T21:44:42.0521346Z remote: Compressing objects:  56% (9/16)        
2021-04-27T21:44:42.0522080Z remote: Compressing objects:  62% (10/16)        
2021-04-27T21:44:42.0522881Z remote: Compressing objects:  68% (11/16)        
2021-04-27T21:44:42.0523696Z remote: Compressing objects:  75% (12/16)        
2021-04-27T21:44:42.0524455Z remote: Compressing objects:  81% (13/16)        
2021-04-27T21:44:42.0525249Z remote: Compressing objects:  87% (14/16)        
2021-04-27T21:44:42.0526268Z remote: Compressing objects:  93% (15/16)        
2021-04-27T21:44:42.0527256Z remote: Compressing objects: 100% (16/16)        
2021-04-27T21:44:42.0528113Z remote: Compressing objects: 100% (16/16), done.        
2021-04-27T21:44:42.0529243Z remote: Total 22 (delta 1), reused 15 (delta 1), pack-reused 0        
2021-04-27T21:44:42.0530231Z From https://github.com/con/tinuous
2021-04-27T21:44:42.0531369Z  * [new ref]         2363da019666376723012ba998d0100e2eade635 -> origin/master
2021-04-27T21:44:42.0532197Z ##[endgroup]
2021-04-27T21:44:42.0533035Z ##[group]Determining the checkout info
2021-04-27T21:44:42.0533729Z ##[endgroup]
2021-04-27T21:44:42.0534461Z ##[group]Checking out the ref
2021-04-27T21:44:42.0535644Z [command]/usr/bin/git checkout --progress --force -B master refs/remotes/origin/master
2021-04-27T21:44:42.0536660Z Reset branch 'master'
2021-04-27T21:44:42.0537818Z Branch 'master' set up to track remote branch 'master' from 'origin'.
2021-04-27T21:44:42.0538657Z ##[endgroup]
2021-04-27T21:44:42.0539519Z [command]/usr/bin/git log -1 --format='%H'
2021-04-27T21:44:42.0540535Z '2363da019666376723012ba998d0100e2eade635'
2021-04-27T21:44:42.0856021Z ##[group]Run actions/setup-python@v2
2021-04-27T21:44:42.0856507Z with:
2021-04-27T21:44:42.0856892Z   python-version: 3.9
2021-04-27T21:44:42.0857658Z   token: ***
2021-04-27T21:44:42.0858025Z ##[endgroup]
2021-04-27T21:44:42.1475764Z Successfully setup CPython (3.9.4)
2021-04-27T21:44:42.1527142Z ##[group]Run python -m pip install --upgrade pip wheel
2021-04-27T21:44:42.1528122Z [36;1mpython -m pip install --upgrade pip wheel[0m
2021-04-27T21:44:42.1529289Z [36;1mpython -m pip install .[0m
2021-04-27T21:44:42.1568545Z shell: /usr/bin/bash -e {0}
2021-04-27T21:44:42.1568949Z env:
2021-04-27T21:44:42.1569470Z   pythonLocation: /opt/hostedtoolcache/Python/3.9.4/x64
2021-04-27T21:44:42.1570132Z   LD_LIBRARY_PATH: /opt/hostedtoolcache/Python/3.9.4/x64/lib
2021-04-27T21:44:42.1570664Z ##[endgroup]
2021-04-27T21:44:44.8928112Z WARNING: Value for scheme.headers does not match. Please report this to <https://github.com/pypa/pip/issues/9617>
2021-04-27T21:44:44.8929427Z distutils: /opt/hostedtoolcache/Python/3.9.4/x64/include/python3.9/UNKNOWN
2021-04-27T21:44:44.8931067Z sysconfig: /opt/hostedtoolcache/Python/3.9.4/x64/include/python3.9
2021-04-27T21:44:44.8961835Z WARNING: Additional context:
2021-04-27T21:44:44.8965142Z user = False
2021-04-27T21:44:44.8966926Z home = None
2021-04-27T21:44:44.8968164Z root = None
2021-04-27T21:44:44.8969604Z prefix = None
2021-04-27T21:44:44.9708416Z Requirement already satisfied: pip in /opt/hostedtoolcache/Python/3.9.4/x64/lib/python3.9/site-packages (21.1)
2021-04-27T21:44:45.1789262Z Collecting wheel
2021-04-27T21:44:45.2118115Z   Downloading wheel-0.36.2-py2.py3-none-any.whl (35 kB)
2021-04-27T21:44:45.2695924Z Installing collected packages: wheel
2021-04-27T21:44:45.3033936Z WARNING: Value for scheme.headers does not match. Please report this to <https://github.com/pypa/pip/issues/9617>
2021-04-27T21:44:45.3035529Z distutils: /opt/hostedtoolcache/Python/3.9.4/x64/include/python3.9/UNKNOWN
2021-04-27T21:44:45.3036417Z sysconfig: /opt/hostedtoolcache/Python/3.9.4/x64/include/python3.9
2021-04-27T21:44:45.3037062Z WARNING: Additional context:
2021-04-27T21:44:45.3037517Z user = False
2021-04-27T21:44:45.3037899Z home = None
2021-04-27T21:44:45.3038269Z root = None
2021-04-27T21:44:45.3038630Z prefix = None
2021-04-27T21:44:45.3039760Z Successfully installed wheel-0.36.2
2021-04-27T21:44:45.6959440Z WARNING: Value for scheme.headers does not match. Please report this to <https://github.com/pypa/pip/issues/9617>
2021-04-27T21:44:45.6960468Z distutils: /opt/hostedtoolcache/Python/3.9.4/x64/include/python3.9/UNKNOWN
2021-04-27T21:44:45.6961246Z sysconfig: /opt/hostedtoolcache/Python/3.9.4/x64/include/python3.9
2021-04-27T21:44:45.6961850Z WARNING: Additional context:
2021-04-27T21:44:45.6962324Z user = False
2021-04-27T21:44:45.6962724Z home = None
2021-04-27T21:44:45.6963092Z root = None
2021-04-27T21:44:45.6963463Z prefix = None
2021-04-27T21:44:45.7654522Z Processing /home/runner/work/tinuous/tinuous
2021-04-27T21:44:45.7659042Z   DEPRECATION: A future pip version will change local packages to be built in-place without first copying to a temporary directory. We recommend you use --use-feature=in-tree-build to test your packages with this new behavior before it becomes the default.
2021-04-27T21:44:45.7660824Z    pip 21.3 will remove support for this functionality. You can find discussion regarding this at https://github.com/pypa/pip/issues/7555.
2021-04-27T21:44:46.8610355Z   Installing build dependencies: started
2021-04-27T21:44:49.0391579Z   Installing build dependencies: finished with status 'done'
2021-04-27T21:44:49.0411633Z   Getting requirements to build wheel: started
2021-04-27T21:44:49.6142508Z   Getting requirements to build wheel: finished with status 'done'
2021-04-27T21:44:49.6164653Z     Preparing wheel metadata: started
2021-04-27T21:44:49.8589829Z     Preparing wheel metadata: finished with status 'done'
2021-04-27T21:44:49.9435509Z Collecting click~=7.0
2021-04-27T21:44:49.9734078Z   Downloading click-7.1.2-py2.py3-none-any.whl (82 kB)
2021-04-27T21:44:50.0048602Z Collecting click-loglevel~=0.2
2021-04-27T21:44:50.0129759Z   Downloading click_loglevel-0.3.0-py3-none-any.whl (5.0 kB)
2021-04-27T21:44:50.0364655Z Collecting in-place~=0.4
2021-04-27T21:44:50.0453617Z   Downloading in_place-0.5.0-py3-none-any.whl (9.1 kB)
2021-04-27T21:44:50.1041761Z Collecting PyGithub~=1.53
2021-04-27T21:44:50.1131082Z   Downloading PyGithub-1.55-py3-none-any.whl (291 kB)
2021-04-27T21:44:50.2761404Z Collecting pydantic~=1.7
2021-04-27T21:44:50.2874616Z   Downloading pydantic-1.8.1-cp39-cp39-manylinux2014_x86_64.whl (11.3 MB)
2021-04-27T21:44:50.5724482Z Collecting datalad~=0.14
2021-04-27T21:44:50.5831375Z   Downloading datalad-0.14.2.tar.gz (1.6 MB)
2021-04-27T21:44:50.8915803Z   Installing build dependencies: started
2021-04-27T21:44:52.9568253Z   Installing build dependencies: finished with status 'done'
2021-04-27T21:44:52.9611488Z   Getting requirements to build wheel: started
2021-04-27T21:44:53.3176875Z   Getting requirements to build wheel: finished with status 'done'
2021-04-27T21:44:53.3197996Z     Preparing wheel metadata: started
2021-04-27T21:44:53.7451409Z     Preparing wheel metadata: finished with status 'done'
2021-04-27T21:44:53.7809696Z Collecting python-dateutil~=2.7
2021-04-27T21:44:53.7890955Z   Downloading python_dateutil-2.8.1-py2.py3-none-any.whl (227 kB)
2021-04-27T21:44:53.8647546Z Collecting requests~=2.20
2021-04-27T21:44:53.8736231Z   Downloading requests-2.25.1-py2.py3-none-any.whl (61 kB)
2021-04-27T21:44:53.9563998Z Collecting PyYAML~=5.0
2021-04-27T21:44:53.9656373Z   Downloading PyYAML-5.4.1-cp39-cp39-manylinux1_x86_64.whl (630 kB)
2021-04-27T21:44:54.1325707Z Collecting appdirs
2021-04-27T21:44:54.1376458Z   Downloading appdirs-1.4.4-py2.py3-none-any.whl (9.6 kB)
2021-04-27T21:44:54.1691051Z Collecting chardet>=3.0.4
2021-04-27T21:44:54.1791595Z   Downloading chardet-4.0.0-py2.py3-none-any.whl (178 kB)
2021-04-27T21:44:54.2145028Z Collecting keyrings.alt
2021-04-27T21:44:54.2222879Z   Downloading keyrings.alt-4.0.2-py3-none-any.whl (20 kB)
2021-04-27T21:44:54.2472219Z Collecting annexremote
2021-04-27T21:44:54.2551067Z   Downloading annexremote-1.5.0-py3-none-any.whl (25 kB)
2021-04-27T21:44:54.3062564Z Collecting boto
2021-04-27T21:44:54.3166586Z   Downloading boto-2.49.0-py2.py3-none-any.whl (1.4 MB)
2021-04-27T21:44:54.3607982Z Collecting distro
2021-04-27T21:44:54.3679999Z   Downloading distro-1.5.0-py2.py3-none-any.whl (18 kB)
2021-04-27T21:44:54.3921458Z Collecting iso8601
2021-04-27T21:44:54.4007962Z   Downloading iso8601-0.1.14-py2.py3-none-any.whl (9.5 kB)
2021-04-27T21:44:54.4997131Z Collecting whoosh
2021-04-27T21:44:54.5137544Z   Downloading Whoosh-2.7.4-py2.py3-none-any.whl (468 kB)
2021-04-27T21:44:54.5541843Z Collecting wrapt
2021-04-27T21:44:54.5630458Z   Downloading wrapt-1.12.1.tar.gz (27 kB)
2021-04-27T21:44:55.2937144Z Collecting msgpack
2021-04-27T21:44:55.3032228Z   Downloading msgpack-1.0.2-cp39-cp39-manylinux1_x86_64.whl (294 kB)
2021-04-27T21:44:55.3367127Z Collecting fasteners>=0.14
2021-04-27T21:44:55.3442995Z   Downloading fasteners-0.16-py2.py3-none-any.whl (28 kB)
2021-04-27T21:44:55.3693171Z Collecting jsmin
2021-04-27T21:44:55.3773093Z   Downloading jsmin-2.2.2.tar.gz (12 kB)
2021-04-27T21:44:55.6747681Z Collecting tqdm
2021-04-27T21:44:55.6824763Z   Downloading tqdm-4.60.0-py2.py3-none-any.whl (75 kB)
2021-04-27T21:44:55.7048101Z Collecting patool>=1.7
2021-04-27T21:44:55.7125796Z   Downloading patool-1.12-py2.py3-none-any.whl (77 kB)
2021-04-27T21:44:55.8000805Z Collecting simplejson
2021-04-27T21:44:55.8088928Z   Downloading simplejson-3.17.2.tar.gz (83 kB)
2021-04-27T21:44:56.1124893Z Collecting keyring>=8.0
2021-04-27T21:44:56.1204490Z   Downloading keyring-23.0.1-py3-none-any.whl (33 kB)
2021-04-27T21:44:56.1526986Z Collecting humanize
2021-04-27T21:44:56.1621349Z   Downloading humanize-3.4.1-py3-none-any.whl (73 kB)
2021-04-27T21:44:56.2004823Z Collecting six
2021-04-27T21:44:56.2073946Z   Downloading six-1.15.0-py2.py3-none-any.whl (10 kB)
2021-04-27T21:44:56.2535631Z Collecting jeepney>=0.4.2
2021-04-27T21:44:56.2611847Z   Downloading jeepney-0.6.0-py3-none-any.whl (45 kB)
2021-04-27T21:44:56.2864090Z Collecting SecretStorage>=3.2
2021-04-27T21:44:56.2935747Z   Downloading SecretStorage-3.3.1-py3-none-any.whl (15 kB)
2021-04-27T21:44:56.3760988Z Collecting importlib-metadata>=3.6
2021-04-27T21:44:56.3851758Z   Downloading importlib_metadata-4.0.1-py3-none-any.whl (16 kB)
2021-04-27T21:44:56.4434766Z Collecting zipp>=0.5
2021-04-27T21:44:56.4504264Z   Downloading zipp-3.4.1-py3-none-any.whl (5.2 kB)
2021-04-27T21:44:56.5033111Z Collecting typing-extensions>=3.7.4.3
2021-04-27T21:44:56.5105155Z   Downloading typing_extensions-3.7.4.3-py3-none-any.whl (22 kB)
2021-04-27T21:44:56.5716841Z Collecting pyjwt>=2.0
2021-04-27T21:44:56.5788672Z   Downloading PyJWT-2.0.1-py3-none-any.whl (15 kB)
2021-04-27T21:44:56.6389334Z Collecting pynacl>=1.4.0
2021-04-27T21:44:56.6472094Z   Downloading PyNaCl-1.4.0-cp35-abi3-manylinux1_x86_64.whl (961 kB)
2021-04-27T21:44:56.6962880Z Collecting deprecated
2021-04-27T21:44:56.7033090Z   Downloading Deprecated-1.2.12-py2.py3-none-any.whl (9.5 kB)
2021-04-27T21:44:57.0215157Z Collecting cffi>=1.4.1
2021-04-27T21:44:57.0316333Z   Downloading cffi-1.14.5-cp39-cp39-manylinux1_x86_64.whl (406 kB)
2021-04-27T21:44:57.0667255Z Collecting pycparser
2021-04-27T21:44:57.0744890Z   Downloading pycparser-2.20-py2.py3-none-any.whl (112 kB)
2021-04-27T21:44:57.1289545Z Collecting idna<3,>=2.5
2021-04-27T21:44:57.1395182Z   Downloading idna-2.10-py2.py3-none-any.whl (58 kB)
2021-04-27T21:44:57.2027464Z Collecting urllib3<1.27,>=1.21.1
2021-04-27T21:44:57.2109033Z   Downloading urllib3-1.26.4-py2.py3-none-any.whl (153 kB)
2021-04-27T21:44:57.2505589Z Collecting certifi>=2017.4.17
2021-04-27T21:44:57.2584533Z   Downloading certifi-2020.12.5-py2.py3-none-any.whl (147 kB)
2021-04-27T21:44:57.6867489Z Collecting cryptography>=2.0
2021-04-27T21:44:57.6958742Z   Downloading cryptography-3.4.7-cp36-abi3-manylinux2014_x86_64.whl (3.2 MB)
2021-04-27T21:44:57.8525418Z Collecting future
2021-04-27T21:44:57.8626898Z   Downloading future-0.18.2.tar.gz (829 kB)
2021-04-27T21:44:58.2556261Z Requirement already satisfied: setuptools in /opt/hostedtoolcache/Python/3.9.4/x64/lib/python3.9/site-packages (from humanize->datalad~=0.14->tinuous==0+untagged.1.g2363da0) (49.2.1)
2021-04-27T21:44:58.3643351Z Building wheels for collected packages: tinuous, datalad, wrapt, future, jsmin, simplejson
2021-04-27T21:44:58.3652430Z   Building wheel for tinuous (PEP 517): started
2021-04-27T21:44:58.6552505Z   Building wheel for tinuous (PEP 517): finished with status 'done'
2021-04-27T21:44:58.6559805Z   Created wheel for tinuous: filename=tinuous-0+untagged.1.g2363da0-py3-none-any.whl size=14255 sha256=32afb7039a59580214009beb09fc0177524ce36ae2df7d4ca0abb12e0bcc7287
2021-04-27T21:44:58.6561990Z   Stored in directory: /tmp/pip-ephem-wheel-cache-mp47q6ww/wheels/90/c4/03/917c42adcde0fda113460da55703d811beff51352ae68a48ef
2021-04-27T21:44:58.6588871Z   Building wheel for datalad (PEP 517): started
2021-04-27T21:44:59.4506974Z   Building wheel for datalad (PEP 517): finished with status 'done'
2021-04-27T21:44:59.4561363Z   Created wheel for datalad: filename=datalad-0.14.2-py3-none-any.whl size=1603393 sha256=1bd1eaec43b5c6ae2cf7bc2dfbbbb1b1a620b0340128da9d748d1ea8592b17b5
2021-04-27T21:44:59.4564772Z   Stored in directory: /home/runner/.cache/pip/wheels/d8/48/3f/12d27b732161b109efb697a979af55e8c1808ea87d68839bda
2021-04-27T21:44:59.4615674Z   Building wheel for wrapt (setup.py): started
2021-04-27T21:45:00.7404445Z   Building wheel for wrapt (setup.py): finished with status 'done'
2021-04-27T21:45:00.7413322Z   Created wheel for wrapt: filename=wrapt-1.12.1-cp39-cp39-linux_x86_64.whl size=78694 sha256=d874e24c8bbffdd130ec1e764c3eb0c08ad4d9a80fb7c40fc5db8dd9869e721d
2021-04-27T21:45:00.7415292Z   Stored in directory: /home/runner/.cache/pip/wheels/98/23/68/efe259aaca055e93b08e74fbe512819c69a2155c11ba3c0f10
2021-04-27T21:45:00.7435976Z   Building wheel for future (setup.py): started
2021-04-27T21:45:01.1525371Z   Building wheel for future (setup.py): finished with status 'done'
2021-04-27T21:45:01.1544578Z   Created wheel for future: filename=future-0.18.2-py3-none-any.whl size=491059 sha256=7b2a2ab501c8d9d0bfa89a5edd893d77ad100094c7e129fa5994f91356fff460
2021-04-27T21:45:01.1546494Z   Stored in directory: /home/runner/.cache/pip/wheels/2f/a0/d3/4030d9f80e6b3be787f19fc911b8e7aa462986a40ab1e4bb94
2021-04-27T21:45:01.1580533Z   Building wheel for jsmin (setup.py): started
2021-04-27T21:45:02.3271312Z   Building wheel for jsmin (setup.py): finished with status 'done'
2021-04-27T21:45:02.3275551Z   Created wheel for jsmin: filename=jsmin-2.2.2-py3-none-any.whl size=13920 sha256=dee56c73b13a0745737102c89ddfe31ce52111b509e6710196343966a8cb9d96
2021-04-27T21:45:02.3277274Z   Stored in directory: /home/runner/.cache/pip/wheels/40/dd/1e/fa3c36f3dda73beb0d0d2cd44ca9bf5119ea8881e99fc45e6d
2021-04-27T21:45:02.3298084Z   Building wheel for simplejson (setup.py): started
2021-04-27T21:45:03.6005087Z   Building wheel for simplejson (setup.py): finished with status 'done'
2021-04-27T21:45:03.6012844Z   Created wheel for simplejson: filename=simplejson-3.17.2-cp39-cp39-linux_x86_64.whl size=135293 sha256=526b48f12671b1a65d2b51e26501e1309dbb5568286ebeca9dd77b5fee7f8bc1
2021-04-27T21:45:03.6014782Z   Stored in directory: /home/runner/.cache/pip/wheels/a2/c7/6a/2dabbded050716dd50faef2145e3ffa509b0d3895899c599f5
2021-04-27T21:45:03.6039157Z Successfully built tinuous datalad wrapt future jsmin simplejson
2021-04-27T21:45:03.9626154Z Installing collected packages: pycparser, cffi, zipp, wrapt, urllib3, six, jeepney, idna, cryptography, chardet, certifi, SecretStorage, requests, pynacl, pyjwt, importlib-metadata, future, deprecated, whoosh, typing-extensions, tqdm, simplejson, PyGithub, patool, msgpack, keyrings.alt, keyring, jsmin, iso8601, humanize, fasteners, distro, click, boto, appdirs, annexremote, PyYAML, python-dateutil, pydantic, in-place, datalad, click-loglevel, tinuous
2021-04-27T21:45:07.5877317Z WARNING: Value for scheme.headers does not match. Please report this to <https://github.com/pypa/pip/issues/9617>
2021-04-27T21:45:07.5878584Z distutils: /opt/hostedtoolcache/Python/3.9.4/x64/include/python3.9/UNKNOWN
2021-04-27T21:45:07.5879522Z sysconfig: /opt/hostedtoolcache/Python/3.9.4/x64/include/python3.9
2021-04-27T21:45:07.5880390Z WARNING: Additional context:
2021-04-27T21:45:07.5881100Z user = False
2021-04-27T21:45:07.5881426Z home = None
2021-04-27T21:45:07.5881727Z root = None
2021-04-27T21:45:07.5882050Z prefix = None
2021-04-27T21:45:07.6033960Z Successfully installed PyGithub-1.55 PyYAML-5.4.1 SecretStorage-3.3.1 annexremote-1.5.0 appdirs-1.4.4 boto-2.49.0 certifi-2020.12.5 cffi-1.14.5 chardet-4.0.0 click-7.1.2 click-loglevel-0.3.0 cryptography-3.4.7 datalad-0.14.2 deprecated-1.2.12 distro-1.5.0 fasteners-0.16 future-0.18.2 humanize-3.4.1 idna-2.10 importlib-metadata-4.0.1 in-place-0.5.0 iso8601-0.1.14 jeepney-0.6.0 jsmin-2.2.2 keyring-23.0.1 keyrings.alt-4.0.2 msgpack-1.0.2 patool-1.12 pycparser-2.20 pydantic-1.8.1 pyjwt-2.0.1 pynacl-1.4.0 python-dateutil-2.8.1 requests-2.25.1 simplejson-3.17.2 six-1.15.0 tinuous-0+untagged.1.g2363da0 tqdm-4.60.0 typing-extensions-3.7.4.3 urllib3-1.26.4 whoosh-2.7.4 wrapt-1.12.1 zipp-3.4.1
2021-04-27T21:45:07.7310132Z ##[group]Run tinuous --help
2021-04-27T21:45:07.7310604Z [36;1mtinuous --help[0m
2021-04-27T21:45:07.7345168Z shell: /usr/bin/bash -e {0}
2021-04-27T21:45:07.7345479Z env:
2021-04-27T21:45:07.7345929Z   pythonLocation: /opt/hostedtoolcache/Python/3.9.4/x64
2021-04-27T21:45:07.7346523Z   LD_LIBRARY_PATH: /opt/hostedtoolcache/Python/3.9.4/x64/lib
2021-04-27T21:45:07.7346974Z ##[endgroup]
2021-04-27T21:45:07.8904012Z It is highly recommended to configure Git before using DataLad. Set both 'user.name' and 'user.email' configuration variables.
2021-04-27T21:45:07.8905725Z It is highly recommended to configure Git before using DataLad. Set both 'user.name' and 'user.email' configuration variables.
2021-04-27T21:45:08.5385659Z Usage: tinuous [OPTIONS] COMMAND [ARGS]...
2021-04-27T21:45:08.5385992Z 
2021-04-27T21:45:08.5386470Z   Download build logs from GitHub Actions, Travis, and Appveyor
2021-04-27T21:45:08.5386826Z 
2021-04-27T21:45:08.5387102Z Options:
2021-04-27T21:45:08.5388222Z   -c, --config FILE               Read configuration from the given file
2021-04-27T21:45:08.5388751Z                                   [default: config.yml]
2021-04-27T21:45:08.5389017Z 
2021-04-27T21:45:08.5389600Z   -l, --log-level [NOTSET|DEBUG|INFO|WARNING|ERROR|CRITICAL]
2021-04-27T21:45:08.5390134Z                                   Set logging level  [default: INFO]
2021-04-27T21:45:08.5390747Z   --help                          Show this message and exit.
2021-04-27T21:45:08.5391034Z 
2021-04-27T21:45:08.5391293Z Commands:
2021-04-27T21:45:08.5391626Z   fetch     Download logs
2021-04-27T21:45:08.5392016Z   sanitize  Sanitize secrets in logs
2021-04-27T21:45:08.5869912Z ##[group]Run python -m pip install mypy
2021-04-27T21:45:08.5870469Z [36;1mpython -m pip install mypy[0m
2021-04-27T21:45:08.5904748Z shell: /usr/bin/bash -e {0}
2021-04-27T21:45:08.5905079Z env:
2021-04-27T21:45:08.5905534Z   pythonLocation: /opt/hostedtoolcache/Python/3.9.4/x64
2021-04-27T21:45:08.5906132Z   LD_LIBRARY_PATH: /opt/hostedtoolcache/Python/3.9.4/x64/lib
2021-04-27T21:45:08.5906587Z ##[endgroup]
2021-04-27T21:45:08.8691258Z WARNING: Value for scheme.headers does not match. Please report this to <https://github.com/pypa/pip/issues/9617>
2021-04-27T21:45:08.8692156Z distutils: /opt/hostedtoolcache/Python/3.9.4/x64/include/python3.9/UNKNOWN
2021-04-27T21:45:08.8692853Z sysconfig: /opt/hostedtoolcache/Python/3.9.4/x64/include/python3.9
2021-04-27T21:45:08.8693387Z WARNING: Additional context:
2021-04-27T21:45:08.8693756Z user = False
2021-04-27T21:45:08.8694046Z home = None
2021-04-27T21:45:08.8694343Z root = None
2021-04-27T21:45:08.8694634Z prefix = None
2021-04-27T21:45:09.0759665Z Collecting mypy
2021-04-27T21:45:09.1444213Z   Downloading mypy-0.812-cp39-cp39-manylinux2010_x86_64.whl (22.7 MB)
2021-04-27T21:45:09.8007131Z Collecting typed-ast<1.5.0,>=1.4.0
2021-04-27T21:45:09.8094384Z   Downloading typed_ast-1.4.3-cp39-cp39-manylinux1_x86_64.whl (769 kB)
2021-04-27T21:45:09.8408373Z Collecting mypy-extensions<0.5.0,>=0.4.3
2021-04-27T21:45:09.8478327Z   Downloading mypy_extensions-0.4.3-py2.py3-none-any.whl (4.5 kB)
2021-04-27T21:45:09.8519706Z Requirement already satisfied: typing-extensions>=3.7.4 in /opt/hostedtoolcache/Python/3.9.4/x64/lib/python3.9/site-packages (from mypy) (3.7.4.3)
2021-04-27T21:45:10.1743119Z Installing collected packages: typed-ast, mypy-extensions, mypy
2021-04-27T21:45:11.5453113Z WARNING: Value for scheme.headers does not match. Please report this to <https://github.com/pypa/pip/issues/9617>
2021-04-27T21:45:11.5454368Z distutils: /opt/hostedtoolcache/Python/3.9.4/x64/include/python3.9/UNKNOWN
2021-04-27T21:45:11.5455234Z sysconfig: /opt/hostedtoolcache/Python/3.9.4/x64/include/python3.9
2021-04-27T21:45:11.5455969Z WARNING: Additional context:
2021-04-27T21:45:11.5456704Z user = False
2021-04-27T21:45:11.5457132Z home = None
2021-04-27T21:45:11.5457529Z root = None
2021-04-27T21:45:11.5458029Z prefix = None
2021-04-27T21:45:11.5564377Z Successfully installed mypy-0.812 mypy-extensions-0.4.3 typed-ast-1.4.3
2021-04-27T21:45:11.6120782Z ##[group]Run mypy src
2021-04-27T21:45:11.6121231Z [36;1mmypy src[0m
2021-04-27T21:45:11.6157538Z shell: /usr/bin/bash -e {0}
2021-04-27T21:45:11.6157899Z env:
2021-04-27T21:45:11.6158384Z   pythonLocation: /opt/hostedtoolcache/Python/3.9.4/x64
2021-04-27T21:45:11.6159047Z   LD_LIBRARY_PATH: /opt/hostedtoolcache/Python/3.9.4/x64/lib
2021-04-27T21:45:11.6159536Z ##[endgroup]
2021-04-27T21:45:15.0280620Z src/tinuous/_version.py:20: error: Function is missing a return type annotation
2021-04-27T21:45:15.0281776Z  [no-untyped-def]
2021-04-27T21:45:15.0282164Z     def get_keywords():
2021-04-27T21:45:15.0282452Z     ^
2021-04-27T21:45:15.0282937Z src/tinuous/_version.py:37: error: Function is missing a return type annotation
2021-04-27T21:45:15.0283617Z  [no-untyped-def]
2021-04-27T21:45:15.0283982Z     def get_config():
2021-04-27T21:45:15.0284261Z     ^
2021-04-27T21:45:15.0284892Z src/tinuous/_version.py:55: error: Need type annotation for 'LONG_VERSION_PY'
2021-04-27T21:45:15.0286037Z (hint: "LONG_VERSION_PY: Dict[<type>, <type>] = ...")  [var-annotated]
2021-04-27T21:45:15.0286511Z     LONG_VERSION_PY = {}
2021-04-27T21:45:15.0286811Z     ^
2021-04-27T21:45:15.0287466Z src/tinuous/_version.py:56: error: Need type annotation for 'HANDLERS' (hint:
2021-04-27T21:45:15.0288208Z "HANDLERS: Dict[<type>, <type>] = ...")  [var-annotated]
2021-04-27T21:45:15.0288635Z     HANDLERS = {}
2021-04-27T21:45:15.0288906Z     ^
2021-04-27T21:45:15.0289371Z src/tinuous/_version.py:59: error: Function is missing a type annotation 
2021-04-27T21:45:15.0289992Z [no-untyped-def]
2021-04-27T21:45:15.0290459Z     def register_vcs_handler(vcs, method):  # decorator
2021-04-27T21:45:15.0290840Z     ^
2021-04-27T21:45:15.0291304Z src/tinuous/_version.py:61: error: Function is missing a type annotation 
2021-04-27T21:45:15.0291930Z [no-untyped-def]
2021-04-27T21:45:15.0292299Z         def decorate(f):
2021-04-27T21:45:15.0292591Z         ^
2021-04-27T21:45:15.0293059Z src/tinuous/_version.py:70: error: Function is missing a type annotation 
2021-04-27T21:45:15.0293690Z [no-untyped-def]
2021-04-27T21:45:15.0294203Z     def run_command(commands, args, cwd=None, verbose=False, hide_stderr=F...
2021-04-27T21:45:15.0294658Z     ^
2021-04-27T21:45:15.0295107Z src/tinuous/_version.py:105: error: Function is missing a type annotation 
2021-04-27T21:45:15.0295735Z [no-untyped-def]
2021-04-27T21:45:15.0296239Z     def versions_from_parentdir(parentdir_prefix, root, verbose):
2021-04-27T21:45:15.0296688Z     ^
2021-04-27T21:45:15.0297136Z src/tinuous/_version.py:131: error: Function is missing a type annotation 
2021-04-27T21:45:15.0297761Z [no-untyped-def]
2021-04-27T21:45:15.0298182Z     def git_get_keywords(versionfile_abs):
2021-04-27T21:45:15.0298560Z     ^
2021-04-27T21:45:15.0299023Z src/tinuous/_version.py:160: error: Function is missing a type annotation 
2021-04-27T21:45:15.0299636Z [no-untyped-def]
2021-04-27T21:45:15.0300150Z     def git_versions_from_keywords(keywords, tag_prefix, verbose):
2021-04-27T21:45:15.0300578Z     ^
2021-04-27T21:45:15.0301044Z src/tinuous/_version.py:219: error: Function is missing a type annotation 
2021-04-27T21:45:15.0301656Z [no-untyped-def]
2021-04-27T21:45:15.0302179Z     def git_pieces_from_vcs(tag_prefix, root, verbose, run_command=run_com...
2021-04-27T21:45:15.0302611Z     ^
2021-04-27T21:45:15.0303075Z src/tinuous/_version.py:313: error: Function is missing a type annotation 
2021-04-27T21:45:15.0303693Z [no-untyped-def]
2021-04-27T21:45:15.0304084Z     def plus_or_dot(pieces):
2021-04-27T21:45:15.0304404Z     ^
2021-04-27T21:45:15.0304849Z src/tinuous/_version.py:320: error: Function is missing a type annotation 
2021-04-27T21:45:15.0305472Z [no-untyped-def]
2021-04-27T21:45:15.0305857Z     def render_pep440(pieces):
2021-04-27T21:45:15.0306402Z     ^
2021-04-27T21:45:15.0306852Z src/tinuous/_version.py:345: error: Function is missing a type annotation 
2021-04-27T21:45:15.0307516Z [no-untyped-def]
2021-04-27T21:45:15.0307915Z     def render_pep440_pre(pieces):
2021-04-27T21:45:15.0308392Z     ^
2021-04-27T21:45:15.0308870Z src/tinuous/_version.py:361: error: Function is missing a type annotation 
2021-04-27T21:45:15.0309531Z [no-untyped-def]
2021-04-27T21:45:15.0309949Z     def render_pep440_post(pieces):
2021-04-27T21:45:15.0310281Z     ^
2021-04-27T21:45:15.0310745Z src/tinuous/_version.py:388: error: Function is missing a type annotation 
2021-04-27T21:45:15.0311360Z [no-untyped-def]
2021-04-27T21:45:15.0311772Z     def render_pep440_old(pieces):
2021-04-27T21:45:15.0312099Z     ^
2021-04-27T21:45:15.0312565Z src/tinuous/_version.py:410: error: Function is missing a type annotation 
2021-04-27T21:45:15.0313340Z [no-untyped-def]
2021-04-27T21:45:15.0313754Z     def render_git_describe(pieces):
2021-04-27T21:45:15.0314118Z     ^
2021-04-27T21:45:15.0314565Z src/tinuous/_version.py:430: error: Function is missing a type annotation 
2021-04-27T21:45:15.0315196Z [no-untyped-def]
2021-04-27T21:45:15.0315612Z     def render_git_describe_long(pieces):
2021-04-27T21:45:15.0315977Z     ^
2021-04-27T21:45:15.0316429Z src/tinuous/_version.py:450: error: Function is missing a type annotation 
2021-04-27T21:45:15.0317060Z [no-untyped-def]
2021-04-27T21:45:15.0317445Z     def render(pieces, style):
2021-04-27T21:45:15.0317776Z     ^
2021-04-27T21:45:15.0318217Z src/tinuous/_version.py:482: error: Function is missing a return type
2021-04-27T21:45:15.0318874Z annotation  [no-untyped-def]
2021-04-27T21:45:15.0319286Z     def get_versions():
2021-04-27T21:45:15.0319576Z     ^
2021-04-27T21:45:15.5959662Z Found 20 errors in 1 file (checked 2 source files)
2021-04-27T21:45:15.8240179Z ##[error]Process completed with exit code 1.
2021-04-27T21:45:15.8323710Z Post job cleanup.
2021-04-27T21:45:15.9196824Z [command]/usr/bin/git version
2021-04-27T21:45:15.9240327Z git version 2.31.1
2021-04-27T21:45:15.9272206Z [command]/usr/bin/git config --local --name-only --get-regexp core\.sshCommand
2021-04-27T21:45:15.9301150Z [command]/usr/bin/git submodule foreach --recursive git config --local --name-only --get-regexp 'core\.sshCommand' && git config --local --unset-all 'core.sshCommand' || :
2021-04-27T21:45:15.9502508Z [command]/usr/bin/git config --local --name-only --get-regexp http\.https\:\/\/github\.com\/\.extraheader
2021-04-27T21:45:15.9524673Z http.https://github.com/.extraheader
2021-04-27T21:45:15.9531925Z [command]/usr/bin/git config --local --unset-all http.https://github.com/.extraheader
2021-04-27T21:45:15.9559630Z [command]/usr/bin/git submodule foreach --recursive git config --local --name-only --get-regexp 'http\.https\:\/\/github\.com\/\.extraheader' && git config --local --unset-all 'http.https://github.com/.extraheader' || :
2021-04-27T21:45:15.9790175Z Cleaning up orphan processes
