2021-04-27T21:44:55.1859828Z ##[group]Run mypy src
2021-04-27T21:44:55.1860444Z [36;1mmypy src[0m
2021-04-27T21:44:55.1916773Z shell: /usr/bin/bash -e {0}
2021-04-27T21:44:55.1917250Z env:
2021-04-27T21:44:55.1917878Z   pythonLocation: /opt/hostedtoolcache/Python/3.9.4/x64
2021-04-27T21:44:55.1918723Z   LD_LIBRARY_PATH: /opt/hostedtoolcache/Python/3.9.4/x64/lib
2021-04-27T21:44:55.1919370Z ##[endgroup]
2021-04-27T21:44:58.9740772Z src/tinuous/_version.py:20: error: Function is missing a return type annotation
2021-04-27T21:44:58.9742552Z  [no-untyped-def]
2021-04-27T21:44:58.9743317Z     def get_keywords():
2021-04-27T21:44:58.9744127Z     ^
2021-04-27T21:44:58.9744935Z src/tinuous/_version.py:37: error: Function is missing a return type annotation
2021-04-27T21:44:58.9746153Z  [no-untyped-def]
2021-04-27T21:44:58.9746783Z     def get_config():
2021-04-27T21:44:58.9747184Z     ^
2021-04-27T21:44:58.9748037Z src/tinuous/_version.py:55: error: Need type annotation for 'LONG_VERSION_PY'
2021-04-27T21:44:58.9749087Z (hint: "LONG_VERSION_PY: Dict[<type>, <type>] = ...")  [var-annotated]
2021-04-27T21:44:58.9749821Z     LONG_VERSION_PY = {}
2021-04-27T21:44:58.9750231Z     ^
2021-04-27T21:44:58.9751054Z src/tinuous/_version.py:56: error: Need type annotation for 'HANDLERS' (hint:
2021-04-27T21:44:58.9752048Z "HANDLERS: Dict[<type>, <type>] = ...")  [var-annotated]
2021-04-27T21:44:58.9752600Z     HANDLERS = {}
2021-04-27T21:44:58.9752987Z     ^
2021-04-27T21:44:58.9753600Z src/tinuous/_version.py:59: error: Function is missing a type annotation 
2021-04-27T21:44:58.9754428Z [no-untyped-def]
2021-04-27T21:44:58.9755038Z     def register_vcs_handler(vcs, method):  # decorator
2021-04-27T21:44:58.9755573Z     ^
2021-04-27T21:44:58.9756187Z src/tinuous/_version.py:61: error: Function is missing a type annotation 
2021-04-27T21:44:58.9757027Z [no-untyped-def]
2021-04-27T21:44:58.9757516Z         def decorate(f):
2021-04-27T21:44:58.9757914Z         ^
2021-04-27T21:44:58.9758544Z src/tinuous/_version.py:70: error: Function is missing a type annotation 
2021-04-27T21:44:58.9759358Z [no-untyped-def]
2021-04-27T21:44:58.9760063Z     def run_command(commands, args, cwd=None, verbose=False, hide_stderr=F...
2021-04-27T21:44:58.9760662Z     ^
2021-04-27T21:44:58.9761283Z src/tinuous/_version.py:105: error: Function is missing a type annotation 
2021-04-27T21:44:58.9762104Z [no-untyped-def]
2021-04-27T21:44:58.9762806Z     def versions_from_parentdir(parentdir_prefix, root, verbose):
2021-04-27T21:44:58.9763405Z     ^
2021-04-27T21:44:58.9764028Z src/tinuous/_version.py:131: error: Function is missing a type annotation 
2021-04-27T21:44:58.9764873Z [no-untyped-def]
2021-04-27T21:44:58.9765443Z     def git_get_keywords(versionfile_abs):
2021-04-27T21:44:58.9765935Z     ^
2021-04-27T21:44:58.9766545Z src/tinuous/_version.py:160: error: Function is missing a type annotation 
2021-04-27T21:44:58.9767393Z [no-untyped-def]
2021-04-27T21:44:58.9768061Z     def git_versions_from_keywords(keywords, tag_prefix, verbose):
2021-04-27T21:44:58.9768658Z     ^
2021-04-27T21:44:58.9769272Z src/tinuous/_version.py:219: error: Function is missing a type annotation 
2021-04-27T21:44:58.9770097Z [no-untyped-def]
2021-04-27T21:44:58.9770772Z     def git_pieces_from_vcs(tag_prefix, root, verbose, run_command=run_com...
2021-04-27T21:44:58.9771371Z     ^
2021-04-27T21:44:58.9771989Z src/tinuous/_version.py:313: error: Function is missing a type annotation 
2021-04-27T21:44:58.9772802Z [no-untyped-def]
2021-04-27T21:44:58.9773312Z     def plus_or_dot(pieces):
2021-04-27T21:44:58.9773728Z     ^
2021-04-27T21:44:58.9774353Z src/tinuous/_version.py:320: error: Function is missing a type annotation 
2021-04-27T21:44:58.9775169Z [no-untyped-def]
2021-04-27T21:44:58.9775910Z     def render_pep440(pieces):
2021-04-27T21:44:58.9776350Z     ^
2021-04-27T21:44:58.9777304Z src/tinuous/_version.py:345: error: Function is missing a type annotation 
2021-04-27T21:44:58.9778162Z [no-untyped-def]
2021-04-27T21:44:58.9778711Z     def render_pep440_pre(pieces):
2021-04-27T21:44:58.9779178Z     ^
2021-04-27T21:44:58.9779924Z src/tinuous/_version.py:361: error: Function is missing a type annotation 
2021-04-27T21:44:58.9780775Z [no-untyped-def]
2021-04-27T21:44:58.9781308Z     def render_pep440_post(pieces):
2021-04-27T21:44:58.9781774Z     ^
2021-04-27T21:44:58.9782382Z src/tinuous/_version.py:388: error: Function is missing a type annotation 
2021-04-27T21:44:58.9783211Z [no-untyped-def]
2021-04-27T21:44:58.9783740Z     def render_pep440_old(pieces):
2021-04-27T21:44:58.9784195Z     ^
2021-04-27T21:44:58.9784796Z src/tinuous/_version.py:410: error: Function is missing a type annotation 
2021-04-27T21:44:58.9785852Z [no-untyped-def]
2021-04-27T21:44:58.9786412Z     def render_git_describe(pieces):
2021-04-27T21:44:58.9786865Z     ^
2021-04-27T21:44:58.9787482Z src/tinuous/_version.py:430: error: Function is missing a type annotation 
2021-04-27T21:44:58.9788300Z [no-untyped-def]
2021-04-27T21:44:58.9788871Z     def render_git_describe_long(pieces):
2021-04-27T21:44:58.9789357Z     ^
2021-04-27T21:44:58.9789958Z src/tinuous/_version.py:450: error: Function is missing a type annotation 
2021-04-27T21:44:58.9790802Z [no-untyped-def]
2021-04-27T21:44:58.9791312Z     def render(pieces, style):
2021-04-27T21:44:58.9791756Z     ^
2021-04-27T21:44:58.9792338Z src/tinuous/_version.py:482: error: Function is missing a return type
2021-04-27T21:44:58.9793224Z annotation  [no-untyped-def]
2021-04-27T21:44:58.9793762Z     def get_versions():
2021-04-27T21:44:58.9794172Z     ^
2021-04-27T21:44:59.5966021Z Found 20 errors in 1 file (checked 2 source files)
2021-04-27T21:44:59.9472784Z ##[error]Process completed with exit code 1.
