2023-11-09T15:13:15.4656478Z Requested labels: ubuntu-latest
2023-11-09T15:13:15.4656845Z Job defined at: con/tinuous/.github/workflows/test.yml@refs/heads/pragmata
2023-11-09T15:13:15.4657010Z Waiting for a runner to pick up this job...
2023-11-09T15:13:16.0218071Z Job is waiting for a hosted runner to come online.
2023-11-09T15:13:18.6217845Z Job is about to start running on the hosted runner: GitHub Actions 9 (hosted)
2023-11-09T15:13:21.2366207Z Current runner version: '2.311.0'
2023-11-09T15:13:21.2388482Z ##[group]Operating System
2023-11-09T15:13:21.2389110Z Ubuntu
2023-11-09T15:13:21.2389442Z 22.04.3
2023-11-09T15:13:21.2389864Z LTS
2023-11-09T15:13:21.2390194Z ##[endgroup]
2023-11-09T15:13:21.2390571Z ##[group]Runner Image
2023-11-09T15:13:21.2391061Z Image: ubuntu-22.04
2023-11-09T15:13:21.2391465Z Version: 20231030.2.0
2023-11-09T15:13:21.2392501Z Included Software: https://github.com/actions/runner-images/blob/ubuntu22/20231030.2/images/linux/Ubuntu2204-Readme.md
2023-11-09T15:13:21.2393987Z Image Release: https://github.com/actions/runner-images/releases/tag/ubuntu22%2F20231030.2
2023-11-09T15:13:21.2394837Z ##[endgroup]
2023-11-09T15:13:21.2395555Z ##[group]Runner Image Provisioner
2023-11-09T15:13:21.2396121Z 2.0.312.1
2023-11-09T15:13:21.2396464Z ##[endgroup]
2023-11-09T15:13:21.2398678Z ##[group]GITHUB_TOKEN Permissions
2023-11-09T15:13:21.2400297Z Actions: write
2023-11-09T15:13:21.2400737Z Checks: write
2023-11-09T15:13:21.2401344Z Contents: write
2023-11-09T15:13:21.2401845Z Deployments: write
2023-11-09T15:13:21.2402338Z Discussions: write
2023-11-09T15:13:21.2402686Z Issues: write
2023-11-09T15:13:21.2403061Z Metadata: read
2023-11-09T15:13:21.2403500Z Packages: write
2023-11-09T15:13:21.2403860Z Pages: write
2023-11-09T15:13:21.2404228Z PullRequests: write
2023-11-09T15:13:21.2404683Z RepositoryProjects: write
2023-11-09T15:13:21.2405152Z SecurityEvents: write
2023-11-09T15:13:21.2405563Z Statuses: write
2023-11-09T15:13:21.2405972Z ##[endgroup]
2023-11-09T15:13:21.2408949Z Secret source: Actions
2023-11-09T15:13:21.2409529Z Prepare workflow directory
2023-11-09T15:13:21.3021064Z Prepare all required actions
2023-11-09T15:13:21.3176603Z Getting action download info
2023-11-09T15:13:21.5729480Z Download action repository 'actions/checkout@v4' (SHA:b4ffde65f46336ab88eb53be808477a3936bae11)
2023-11-09T15:13:21.6945572Z Download action repository 'actions/setup-python@v4' (SHA:65d7f2d534ac1bc67fcd62888c5f4f3d2cb2b236)
2023-11-09T15:13:21.7692775Z Download action repository 'codecov/codecov-action@v3' (SHA:eaaf4bedf32dbdc6b720b63067d99c4d77d6047d)
2023-11-09T15:13:22.4618711Z Complete job name: test (3.8, typing)
2023-11-09T15:13:22.5580348Z ##[group]Run actions/checkout@v4
2023-11-09T15:13:22.5581117Z with:
2023-11-09T15:13:22.5581483Z   fetch-depth: 0
2023-11-09T15:13:22.5581920Z   repository: con/tinuous
2023-11-09T15:13:22.5582703Z   token: ***
2023-11-09T15:13:22.5583100Z   ssh-strict: true
2023-11-09T15:13:22.5583549Z   persist-credentials: true
2023-11-09T15:13:22.5584127Z   clean: true
2023-11-09T15:13:22.5584527Z   sparse-checkout-cone-mode: true
2023-11-09T15:13:22.5585067Z   fetch-tags: false
2023-11-09T15:13:22.5585589Z   show-progress: true
2023-11-09T15:13:22.5585991Z   lfs: false
2023-11-09T15:13:22.5586397Z   submodules: false
2023-11-09T15:13:22.5586923Z   set-safe-directory: true
2023-11-09T15:13:22.5587360Z ##[endgroup]
2023-11-09T15:13:22.7231262Z Syncing repository: con/tinuous
2023-11-09T15:13:22.7233339Z ##[group]Getting Git version info
2023-11-09T15:13:22.7234252Z Working directory is '/home/runner/work/tinuous/tinuous'
2023-11-09T15:13:22.7235788Z [command]/usr/bin/git version
2023-11-09T15:13:22.7236424Z git version 2.42.0
2023-11-09T15:13:22.7256981Z ##[endgroup]
2023-11-09T15:13:22.7274975Z Temporarily overriding HOME='/home/runner/work/_temp/5dbaa837-2ed4-411f-9d50-f2f41076e60d' before making global git config changes
2023-11-09T15:13:22.7276879Z Adding repository directory to the temporary git global config as a safe directory
2023-11-09T15:13:22.7279492Z [command]/usr/bin/git config --global --add safe.directory /home/runner/work/tinuous/tinuous
2023-11-09T15:13:22.7312193Z Deleting the contents of '/home/runner/work/tinuous/tinuous'
2023-11-09T15:13:22.7319813Z ##[group]Initializing the repository
2023-11-09T15:13:22.7323126Z [command]/usr/bin/git init /home/runner/work/tinuous/tinuous
2023-11-09T15:13:22.7381070Z hint: Using 'master' as the name for the initial branch. This default branch name
2023-11-09T15:13:22.7383394Z hint: is subject to change. To configure the initial branch name to use in all
2023-11-09T15:13:22.7385418Z hint: of your new repositories, which will suppress this warning, call:
2023-11-09T15:13:22.7386782Z hint: 
2023-11-09T15:13:22.7387866Z hint: 	git config --global init.defaultBranch <name>
2023-11-09T15:13:22.7388972Z hint: 
2023-11-09T15:13:22.7390375Z hint: Names commonly chosen instead of 'master' are 'main', 'trunk' and
2023-11-09T15:13:22.7392315Z hint: 'development'. The just-created branch can be renamed via this command:
2023-11-09T15:13:22.7393559Z hint: 
2023-11-09T15:13:22.7394143Z hint: 	git branch -m <name>
2023-11-09T15:13:22.7394954Z Initialized empty Git repository in /home/runner/work/tinuous/tinuous/.git/
2023-11-09T15:13:22.7404139Z [command]/usr/bin/git remote add origin https://github.com/con/tinuous
2023-11-09T15:13:22.7435577Z ##[endgroup]
2023-11-09T15:13:22.7436534Z ##[group]Disabling automatic garbage collection
2023-11-09T15:13:22.7439475Z [command]/usr/bin/git config --local gc.auto 0
2023-11-09T15:13:22.7468303Z ##[endgroup]
2023-11-09T15:13:22.7469919Z ##[group]Setting up auth
2023-11-09T15:13:22.7474656Z [command]/usr/bin/git config --local --name-only --get-regexp core\.sshCommand
2023-11-09T15:13:22.7505147Z [command]/usr/bin/git submodule foreach --recursive sh -c "git config --local --name-only --get-regexp 'core\.sshCommand' && git config --local --unset-all 'core.sshCommand' || :"
2023-11-09T15:13:22.7792007Z [command]/usr/bin/git config --local --name-only --get-regexp http\.https\:\/\/github\.com\/\.extraheader
2023-11-09T15:13:22.7819775Z [command]/usr/bin/git submodule foreach --recursive sh -c "git config --local --name-only --get-regexp 'http\.https\:\/\/github\.com\/\.extraheader' && git config --local --unset-all 'http.https://github.com/.extraheader' || :"
2023-11-09T15:13:22.8051004Z [command]/usr/bin/git config --local http.https://github.com/.extraheader AUTHORIZATION: basic ***
2023-11-09T15:13:22.8085429Z ##[endgroup]
2023-11-09T15:13:22.8086715Z ##[group]Fetching the repository
2023-11-09T15:13:22.8095368Z [command]/usr/bin/git -c protocol.version=2 fetch --prune --no-recurse-submodules origin +refs/heads/*:refs/remotes/origin/* +refs/tags/*:refs/tags/*
2023-11-09T15:13:23.5404024Z From https://github.com/con/tinuous
2023-11-09T15:13:23.5405310Z  * [new branch]      fix-typing      -> origin/fix-typing
2023-11-09T15:13:23.5406677Z  * [new branch]      gh-55           -> origin/gh-55
2023-11-09T15:13:23.5407607Z  * [new branch]      master          -> origin/master
2023-11-09T15:13:23.5408744Z  * [new branch]      mypy-import     -> origin/mypy-import
2023-11-09T15:13:23.5410999Z  * [new branch]      no-extra-search -> origin/no-extra-search
2023-11-09T15:13:23.5412340Z  * [new branch]      pragmata        -> origin/pragmata
2023-11-09T15:13:23.5413947Z  * [new branch]      py312           -> origin/py312
2023-11-09T15:13:23.5415539Z  * [new branch]      pypy            -> origin/pypy
2023-11-09T15:13:23.5417417Z  * [new branch]      test-appveyor   -> origin/test-appveyor
2023-11-09T15:13:23.5418918Z  * [new branch]      unused          -> origin/unused
2023-11-09T15:13:23.5421024Z  * [new branch]      updates         -> origin/updates
2023-11-09T15:13:23.5422274Z  * [new tag]         0.1.0           -> 0.1.0
2023-11-09T15:13:23.5423444Z  * [new tag]         0.2.0           -> 0.2.0
2023-11-09T15:13:23.5424315Z  * [new tag]         0.3.0           -> 0.3.0
2023-11-09T15:13:23.5426072Z  * [new tag]         0.4.0           -> 0.4.0
2023-11-09T15:13:23.5427284Z  * [new tag]         0.5.0           -> 0.5.0
2023-11-09T15:13:23.5428777Z  * [new tag]         0.5.1           -> 0.5.1
2023-11-09T15:13:23.5430021Z  * [new tag]         0.5.2           -> 0.5.2
2023-11-09T15:13:23.5431845Z  * [new tag]         0.5.3           -> 0.5.3
2023-11-09T15:13:23.5433037Z  * [new tag]         0.5.4           -> 0.5.4
2023-11-09T15:13:23.5434817Z  * [new tag]         0.6.0           -> 0.6.0
2023-11-09T15:13:23.5436290Z  * [new tag]         0.6.1           -> 0.6.1
2023-11-09T15:13:23.5469893Z [command]/usr/bin/git branch --list --remote origin/pragmata
2023-11-09T15:13:23.5493317Z   origin/pragmata
2023-11-09T15:13:23.5502601Z [command]/usr/bin/git rev-parse refs/remotes/origin/pragmata
2023-11-09T15:13:23.5523295Z 29624962537c1db46bdd501e370325b0ea608f59
2023-11-09T15:13:23.5529998Z ##[endgroup]
2023-11-09T15:13:23.5531378Z ##[group]Determining the checkout info
2023-11-09T15:13:23.5534037Z ##[endgroup]
2023-11-09T15:13:23.5535480Z ##[group]Checking out the ref
2023-11-09T15:13:23.5536802Z [command]/usr/bin/git checkout --progress --force -B pragmata refs/remotes/origin/pragmata
2023-11-09T15:13:23.5602612Z Switched to a new branch 'pragmata'
2023-11-09T15:13:23.5603945Z branch 'pragmata' set up to track 'origin/pragmata'.
2023-11-09T15:13:23.5609683Z ##[endgroup]
2023-11-09T15:13:23.5642640Z [command]/usr/bin/git log -1 --format='%H'
2023-11-09T15:13:23.5664819Z '29624962537c1db46bdd501e370325b0ea608f59'
2023-11-09T15:13:23.5981254Z ##[group]Run actions/setup-python@v4
2023-11-09T15:13:23.5981740Z with:
2023-11-09T15:13:23.5982266Z   python-version: 3.8
2023-11-09T15:13:23.5982645Z   check-latest: false
2023-11-09T15:13:23.5983157Z   token: ***
2023-11-09T15:13:23.5983552Z   update-environment: true
2023-11-09T15:13:23.5983937Z   allow-prereleases: false
2023-11-09T15:13:23.5984291Z ##[endgroup]
2023-11-09T15:13:23.8129691Z ##[group]Installed versions
2023-11-09T15:13:23.8207190Z Successfully set up CPython (3.8.18)
2023-11-09T15:13:23.8208736Z ##[endgroup]
2023-11-09T15:13:23.8346401Z ##[group]Run python -m pip install --upgrade pip wheel
2023-11-09T15:13:23.8347142Z [36;1mpython -m pip install --upgrade pip wheel[0m
2023-11-09T15:13:23.8347797Z [36;1mpython -m pip install --upgrade --upgrade-strategy=eager tox[0m
2023-11-09T15:13:23.8408107Z shell: /usr/bin/bash -e {0}
2023-11-09T15:13:23.8408518Z env:
2023-11-09T15:13:23.8409018Z   pythonLocation: /opt/hostedtoolcache/Python/3.8.18/x64
2023-11-09T15:13:23.8409694Z   PKG_CONFIG_PATH: /opt/hostedtoolcache/Python/3.8.18/x64/lib/pkgconfig
2023-11-09T15:13:23.8410331Z   Python_ROOT_DIR: /opt/hostedtoolcache/Python/3.8.18/x64
2023-11-09T15:13:23.8410941Z   Python2_ROOT_DIR: /opt/hostedtoolcache/Python/3.8.18/x64
2023-11-09T15:13:23.8411527Z   Python3_ROOT_DIR: /opt/hostedtoolcache/Python/3.8.18/x64
2023-11-09T15:13:23.8412089Z   LD_LIBRARY_PATH: /opt/hostedtoolcache/Python/3.8.18/x64/lib
2023-11-09T15:13:23.8412718Z ##[endgroup]
2023-11-09T15:13:24.4482547Z Requirement already satisfied: pip in /opt/hostedtoolcache/Python/3.8.18/x64/lib/python3.8/site-packages (23.0.1)
2023-11-09T15:13:24.5668523Z Collecting pip
2023-11-09T15:13:24.6216707Z   Downloading pip-23.3.1-py3-none-any.whl.metadata (3.5 kB)
2023-11-09T15:13:24.6605196Z Collecting wheel
2023-11-09T15:13:24.6644806Z   Downloading wheel-0.41.3-py3-none-any.whl.metadata (2.2 kB)
2023-11-09T15:13:24.6744050Z Downloading pip-23.3.1-py3-none-any.whl (2.1 MB)
2023-11-09T15:13:24.7226212Z    â”â”â”â”â”â”â”â”â”â”â”â”â”â”â”â”â”â”â”â”â”â”â”â”â”â”â”â”â”â”â”â”â”â”â”â”â”â”â”â” 2.1/2.1 MB 46.1 MB/s eta 0:00:00
2023-11-09T15:13:24.7266783Z Downloading wheel-0.41.3-py3-none-any.whl (65 kB)
2023-11-09T15:13:24.7323834Z    â”â”â”â”â”â”â”â”â”â”â”â”â”â”â”â”â”â”â”â”â”â”â”â”â”â”â”â”â”â”â”â”â”â”â”â”â”â”â”â” 65.8/65.8 kB 15.6 MB/s eta 0:00:00
2023-11-09T15:13:24.7710110Z Installing collected packages: wheel, pip
2023-11-09T15:13:24.8100651Z   Attempting uninstall: pip
2023-11-09T15:13:24.8106284Z     Found existing installation: pip 23.0.1
2023-11-09T15:13:24.8583623Z     Uninstalling pip-23.0.1:
2023-11-09T15:13:24.9044637Z       Successfully uninstalled pip-23.0.1
2023-11-09T15:13:25.8160945Z Successfully installed pip-23.3.1 wheel-0.41.3
2023-11-09T15:13:26.5563242Z Collecting tox
2023-11-09T15:13:26.6039830Z   Downloading tox-4.11.3-py3-none-any.whl.metadata (5.0 kB)
2023-11-09T15:13:26.6569506Z Collecting cachetools>=5.3.1 (from tox)
2023-11-09T15:13:26.6609541Z   Downloading cachetools-5.3.2-py3-none-any.whl.metadata (5.2 kB)
2023-11-09T15:13:26.6776686Z Collecting chardet>=5.2 (from tox)
2023-11-09T15:13:26.6817043Z   Downloading chardet-5.2.0-py3-none-any.whl.metadata (3.4 kB)
2023-11-09T15:13:26.7077244Z Collecting colorama>=0.4.6 (from tox)
2023-11-09T15:13:26.7120395Z   Downloading colorama-0.4.6-py2.py3-none-any.whl (25 kB)
2023-11-09T15:13:26.7441581Z Collecting filelock>=3.12.3 (from tox)
2023-11-09T15:13:26.7483931Z   Downloading filelock-3.13.1-py3-none-any.whl.metadata (2.8 kB)
2023-11-09T15:13:26.7779456Z Collecting packaging>=23.1 (from tox)
2023-11-09T15:13:26.7839744Z   Downloading packaging-23.2-py3-none-any.whl.metadata (3.2 kB)
2023-11-09T15:13:26.8101737Z Collecting platformdirs>=3.10 (from tox)
2023-11-09T15:13:26.8158524Z   Downloading platformdirs-3.11.0-py3-none-any.whl.metadata (11 kB)
2023-11-09T15:13:26.8380205Z Collecting pluggy>=1.3 (from tox)
2023-11-09T15:13:26.8417408Z   Downloading pluggy-1.3.0-py3-none-any.whl.metadata (4.3 kB)
2023-11-09T15:13:26.8611941Z Collecting pyproject-api>=1.6.1 (from tox)
2023-11-09T15:13:26.8697419Z   Downloading pyproject_api-1.6.1-py3-none-any.whl.metadata (2.8 kB)
2023-11-09T15:13:26.8911580Z Collecting tomli>=2.0.1 (from tox)
2023-11-09T15:13:26.8954722Z   Downloading tomli-2.0.1-py3-none-any.whl (12 kB)
2023-11-09T15:13:26.9879616Z Collecting virtualenv>=20.24.3 (from tox)
2023-11-09T15:13:27.0006047Z   Downloading virtualenv-20.24.6-py3-none-any.whl.metadata (4.5 kB)
2023-11-09T15:13:27.0815600Z Collecting distlib<1,>=0.3.7 (from virtualenv>=20.24.3->tox)
2023-11-09T15:13:27.0912883Z   Downloading distlib-0.3.7-py2.py3-none-any.whl.metadata (5.1 kB)
2023-11-09T15:13:27.1229418Z Downloading tox-4.11.3-py3-none-any.whl (153 kB)
2023-11-09T15:13:27.1319984Z    â”â”â”â”â”â”â”â”â”â”â”â”â”â”â”â”â”â”â”â”â”â”â”â”â”â”â”â”â”â”â”â”â”â”â”â”â”â”â”â” 153.8/153.8 kB 22.6 MB/s eta 0:00:00
2023-11-09T15:13:27.1363526Z Downloading cachetools-5.3.2-py3-none-any.whl (9.3 kB)
2023-11-09T15:13:27.1431407Z Downloading chardet-5.2.0-py3-none-any.whl (199 kB)
2023-11-09T15:13:27.1495693Z    â”â”â”â”â”â”â”â”â”â”â”â”â”â”â”â”â”â”â”â”â”â”â”â”â”â”â”â”â”â”â”â”â”â”â”â”â”â”â”â” 199.4/199.4 kB 48.1 MB/s eta 0:00:00
2023-11-09T15:13:27.1536534Z Downloading filelock-3.13.1-py3-none-any.whl (11 kB)
2023-11-09T15:13:27.1602406Z Downloading packaging-23.2-py3-none-any.whl (53 kB)
2023-11-09T15:13:27.1649894Z    â”â”â”â”â”â”â”â”â”â”â”â”â”â”â”â”â”â”â”â”â”â”â”â”â”â”â”â”â”â”â”â”â”â”â”â”â”â”â”â” 53.0/53.0 kB 15.9 MB/s eta 0:00:00
2023-11-09T15:13:27.1689446Z Downloading platformdirs-3.11.0-py3-none-any.whl (17 kB)
2023-11-09T15:13:27.1752091Z Downloading pluggy-1.3.0-py3-none-any.whl (18 kB)
2023-11-09T15:13:27.1815251Z Downloading pyproject_api-1.6.1-py3-none-any.whl (12 kB)
2023-11-09T15:13:27.1883096Z Downloading virtualenv-20.24.6-py3-none-any.whl (3.8 MB)
2023-11-09T15:13:27.2258048Z    â”â”â”â”â”â”â”â”â”â”â”â”â”â”â”â”â”â”â”â”â”â”â”â”â”â”â”â”â”â”â”â”â”â”â”â”â”â”â”â” 3.8/3.8 MB 106.6 MB/s eta 0:00:00
2023-11-09T15:13:27.2315627Z Downloading distlib-0.3.7-py2.py3-none-any.whl (468 kB)
2023-11-09T15:13:27.2397126Z    â”â”â”â”â”â”â”â”â”â”â”â”â”â”â”â”â”â”â”â”â”â”â”â”â”â”â”â”â”â”â”â”â”â”â”â”â”â”â”â” 468.9/468.9 kB 78.6 MB/s eta 0:00:00
2023-11-09T15:13:27.3661647Z Installing collected packages: distlib, tomli, pluggy, platformdirs, packaging, filelock, colorama, chardet, cachetools, virtualenv, pyproject-api, tox
2023-11-09T15:13:27.8909898Z Successfully installed cachetools-5.3.2 chardet-5.2.0 colorama-0.4.6 distlib-0.3.7 filelock-3.13.1 packaging-23.2 platformdirs-3.11.0 pluggy-1.3.0 pyproject-api-1.6.1 tomli-2.0.1 tox-4.11.3 virtualenv-20.24.6
2023-11-09T15:13:28.0031078Z ##[group]Run tox -e typing
2023-11-09T15:13:28.0031596Z [36;1mtox -e typing[0m
2023-11-09T15:13:28.0077219Z shell: /usr/bin/bash -e {0}
2023-11-09T15:13:28.0077609Z env:
2023-11-09T15:13:28.0078036Z   pythonLocation: /opt/hostedtoolcache/Python/3.8.18/x64
2023-11-09T15:13:28.0078720Z   PKG_CONFIG_PATH: /opt/hostedtoolcache/Python/3.8.18/x64/lib/pkgconfig
2023-11-09T15:13:28.0079357Z   Python_ROOT_DIR: /opt/hostedtoolcache/Python/3.8.18/x64
2023-11-09T15:13:28.0079911Z   Python2_ROOT_DIR: /opt/hostedtoolcache/Python/3.8.18/x64
2023-11-09T15:13:28.0080490Z   Python3_ROOT_DIR: /opt/hostedtoolcache/Python/3.8.18/x64
2023-11-09T15:13:28.0081068Z   LD_LIBRARY_PATH: /opt/hostedtoolcache/Python/3.8.18/x64/lib
2023-11-09T15:13:28.0081546Z ##[endgroup]
2023-11-09T15:13:28.5342972Z typing: install_deps> python -I -m pip install mypy pytest pytest-cov pytest-mock types-python-dateutil types-PyYAML types-requests
2023-11-09T15:13:32.4497444Z .pkg: install_requires> python -I -m pip install 'setuptools>=46.4.0' versioningit
2023-11-09T15:13:33.8700994Z .pkg: _optional_hooks> python /opt/hostedtoolcache/Python/3.8.18/x64/lib/python3.8/site-packages/pyproject_api/_backend.py True setuptools.build_meta
2023-11-09T15:13:34.0764030Z .pkg: get_requires_for_build_sdist> python /opt/hostedtoolcache/Python/3.8.18/x64/lib/python3.8/site-packages/pyproject_api/_backend.py True setuptools.build_meta
2023-11-09T15:13:34.1802591Z .pkg: get_requires_for_build_wheel> python /opt/hostedtoolcache/Python/3.8.18/x64/lib/python3.8/site-packages/pyproject_api/_backend.py True setuptools.build_meta
2023-11-09T15:13:34.2413939Z .pkg: install_requires_for_build_wheel> python -I -m pip install wheel
2023-11-09T15:13:34.7416387Z .pkg: freeze> python -m pip freeze --all
2023-11-09T15:13:35.0388413Z .pkg: importlib-metadata==6.8.0,packaging==23.2,pip==23.3.1,setuptools==68.2.2,tomli==2.0.1,versioningit==2.2.1,wheel==0.41.2,zipp==3.17.0
2023-11-09T15:13:35.0393915Z .pkg: prepare_metadata_for_build_wheel> python /opt/hostedtoolcache/Python/3.8.18/x64/lib/python3.8/site-packages/pyproject_api/_backend.py True setuptools.build_meta
2023-11-09T15:13:35.1384733Z .pkg: build_sdist> python /opt/hostedtoolcache/Python/3.8.18/x64/lib/python3.8/site-packages/pyproject_api/_backend.py True setuptools.build_meta
2023-11-09T15:13:35.2200108Z typing: install_package_deps> python -I -m pip install 'PyYAML>=5.0' 'click-loglevel~=0.2' 'click>=7.0' 'in-place~=0.4' 'pydantic~=1.7' 'python-dateutil~=2.7' 'python-dotenv<2.0,>=0.11' 'requests~=2.20'
2023-11-09T15:13:37.0906352Z typing: install_package> python -I -m pip install --force-reinstall --no-deps /home/runner/work/tinuous/tinuous/.tox/.tmp/package/1/tinuous-0.6.1.post41+g2962496.tar.gz
2023-11-09T15:13:40.6193307Z typing: freeze> python -m pip freeze --all
2023-11-09T15:13:40.9352029Z typing: certifi==2023.7.22,charset-normalizer==3.3.2,click==8.1.7,click-loglevel==0.5.0,coverage==7.3.2,exceptiongroup==1.1.3,idna==3.4,in-place==0.5.0,iniconfig==2.0.0,mypy==1.6.1,mypy-extensions==1.0.0,packaging==23.2,pip==23.3.1,pluggy==1.3.0,pydantic==1.10.13,pytest==7.4.3,pytest-cov==4.1.0,pytest-mock==3.12.0,python-dateutil==2.8.2,python-dotenv==1.0.0,PyYAML==6.0.1,requests==2.31.0,setuptools==68.2.2,six==1.16.0,tinuous @ file:///home/runner/work/tinuous/tinuous/.tox/.tmp/package/1/tinuous-0.6.1.post41%2Bg2962496.tar.gz#sha256=3db588a9f894f73700a99845c665b2213e07f7ab838188723941f97e47253b3a,tomli==2.0.1,types-python-dateutil==2.8.19.14,types-PyYAML==6.0.12.12,types-requests==2.31.0.10,typing_extensions==4.8.0,urllib3==2.0.7,wheel==0.41.2
2023-11-09T15:13:40.9355624Z typing: commands[0]> mypy src test
2023-11-09T15:13:45.5947636Z src/tinuous/travis.py:71: error: Item "None" of "Optional[Response]" has no
2023-11-09T15:13:45.5949079Z attribute "status_code"  [union-attr]
2023-11-09T15:13:45.5949960Z                 if e.response.status_code == 404:
2023-11-09T15:13:45.5951001Z                    ^~~~~~~~~~~~~~~~~~~~~~
2023-11-09T15:13:45.6276085Z src/tinuous/github.py:330: error: Item "None" of "Optional[Response]" has no
2023-11-09T15:13:45.6277031Z attribute "status_code"  [union-attr]
2023-11-09T15:13:45.6277566Z                 if e.response.status_code in (404, 410):
2023-11-09T15:13:45.6278054Z                    ^~~~~~~~~~~~~~~~~~~~~~
2023-11-09T15:13:45.6278727Z src/tinuous/github.py:334: error: Item "None" of "Optional[Response]" has no
2023-11-09T15:13:45.6279429Z attribute "status_code"  [union-attr]
2023-11-09T15:13:45.6280015Z     ...       "Request for logs returned %d; skipping", e.response.status_cod...
2023-11-09T15:13:45.6280677Z                                                         ^~~~~~~~~~~~~~~~~~~~~~
2023-11-09T15:13:46.2472264Z Found 3 errors in 2 files (checked 15 source files)
2023-11-09T15:13:46.2614828Z typing: exit 1 (5.33 seconds) /home/runner/work/tinuous/tinuous> mypy src test pid=2009
2023-11-09T15:13:46.2622541Z .pkg: _exit> python /opt/hostedtoolcache/Python/3.8.18/x64/lib/python3.8/site-packages/pyproject_api/_backend.py True setuptools.build_meta
2023-11-09T15:13:46.2891773Z   typing: FAIL code 1 (18.07=setup[12.75]+cmd[5.33] seconds)
2023-11-09T15:13:46.2892643Z   evaluation failed :( (18.14 seconds)
2023-11-09T15:13:46.3145301Z ##[error]Process completed with exit code 1.
2023-11-09T15:13:46.3243746Z Post job cleanup.
2023-11-09T15:13:46.3974624Z [command]/usr/bin/git version
2023-11-09T15:13:46.4018322Z git version 2.42.0
2023-11-09T15:13:46.4065242Z Temporarily overriding HOME='/home/runner/work/_temp/449607c5-f806-4794-abe1-210f95033e18' before making global git config changes
2023-11-09T15:13:46.4067137Z Adding repository directory to the temporary git global config as a safe directory
2023-11-09T15:13:46.4070981Z [command]/usr/bin/git config --global --add safe.directory /home/runner/work/tinuous/tinuous
2023-11-09T15:13:46.4105528Z [command]/usr/bin/git config --local --name-only --get-regexp core\.sshCommand
2023-11-09T15:13:46.4138349Z [command]/usr/bin/git submodule foreach --recursive sh -c "git config --local --name-only --get-regexp 'core\.sshCommand' && git config --local --unset-all 'core.sshCommand' || :"
2023-11-09T15:13:46.4379634Z [command]/usr/bin/git config --local --name-only --get-regexp http\.https\:\/\/github\.com\/\.extraheader
2023-11-09T15:13:46.4401129Z http.https://github.com/.extraheader
2023-11-09T15:13:46.4412556Z [command]/usr/bin/git config --local --unset-all http.https://github.com/.extraheader
2023-11-09T15:13:46.4443380Z [command]/usr/bin/git submodule foreach --recursive sh -c "git config --local --name-only --get-regexp 'http\.https\:\/\/github\.com\/\.extraheader' && git config --local --unset-all 'http.https://github.com/.extraheader' || :"
2023-11-09T15:13:46.4928901Z Cleaning up orphan processes
