2023-11-09T15:06:40.3458192Z Requested labels: ubuntu-latest
2023-11-09T15:06:40.3458552Z Job defined at: con/tinuous/.github/workflows/test.yml@refs/heads/pypy
2023-11-09T15:06:40.3458693Z Waiting for a runner to pick up this job...
2023-11-09T15:06:40.8150511Z Job is waiting for a hosted runner to come online.
2023-11-09T15:06:43.3443368Z Job is about to start running on the hosted runner: GitHub Actions 8 (hosted)
2023-11-09T15:06:45.4862029Z Current runner version: '2.311.0'
2023-11-09T15:06:45.4884340Z ##[group]Operating System
2023-11-09T15:06:45.4884960Z Ubuntu
2023-11-09T15:06:45.4885285Z 22.04.3
2023-11-09T15:06:45.4885676Z LTS
2023-11-09T15:06:45.4886005Z ##[endgroup]
2023-11-09T15:06:45.4886416Z ##[group]Runner Image
2023-11-09T15:06:45.4886894Z Image: ubuntu-22.04
2023-11-09T15:06:45.4887285Z Version: 20231030.2.0
2023-11-09T15:06:45.4888265Z Included Software: https://github.com/actions/runner-images/blob/ubuntu22/20231030.2/images/linux/Ubuntu2204-Readme.md
2023-11-09T15:06:45.4889710Z Image Release: https://github.com/actions/runner-images/releases/tag/ubuntu22%2F20231030.2
2023-11-09T15:06:45.4890979Z ##[endgroup]
2023-11-09T15:06:45.4891401Z ##[group]Runner Image Provisioner
2023-11-09T15:06:45.4891936Z 2.0.312.1
2023-11-09T15:06:45.4892273Z ##[endgroup]
2023-11-09T15:06:45.4894411Z ##[group]GITHUB_TOKEN Permissions
2023-11-09T15:06:45.4896076Z Actions: write
2023-11-09T15:06:45.4896547Z Checks: write
2023-11-09T15:06:45.4897142Z Contents: write
2023-11-09T15:06:45.4897616Z Deployments: write
2023-11-09T15:06:45.4898075Z Discussions: write
2023-11-09T15:06:45.4898478Z Issues: write
2023-11-09T15:06:45.4898834Z Metadata: read
2023-11-09T15:06:45.4899231Z Packages: write
2023-11-09T15:06:45.4899620Z Pages: write
2023-11-09T15:06:45.4899979Z PullRequests: write
2023-11-09T15:06:45.4900421Z RepositoryProjects: write
2023-11-09T15:06:45.4900881Z SecurityEvents: write
2023-11-09T15:06:45.4901314Z Statuses: write
2023-11-09T15:06:45.4901724Z ##[endgroup]
2023-11-09T15:06:45.4904602Z Secret source: Actions
2023-11-09T15:06:45.4905171Z Prepare workflow directory
2023-11-09T15:06:45.5526905Z Prepare all required actions
2023-11-09T15:06:45.5682404Z Getting action download info
2023-11-09T15:06:45.7687449Z Download action repository 'actions/checkout@v4' (SHA:b4ffde65f46336ab88eb53be808477a3936bae11)
2023-11-09T15:06:45.8830241Z Download action repository 'actions/setup-python@v4' (SHA:65d7f2d534ac1bc67fcd62888c5f4f3d2cb2b236)
2023-11-09T15:06:45.9533986Z Download action repository 'codecov/codecov-action@v3' (SHA:eaaf4bedf32dbdc6b720b63067d99c4d77d6047d)
2023-11-09T15:06:46.5201353Z Complete job name: test (3.8, typing)
2023-11-09T15:06:46.6157466Z ##[group]Run actions/checkout@v4
2023-11-09T15:06:46.6158119Z with:
2023-11-09T15:06:46.6158622Z   fetch-depth: 0
2023-11-09T15:06:46.6159037Z   repository: con/tinuous
2023-11-09T15:06:46.6159736Z   token: ***
2023-11-09T15:06:46.6160259Z   ssh-strict: true
2023-11-09T15:06:46.6160678Z   persist-credentials: true
2023-11-09T15:06:46.6161187Z   clean: true
2023-11-09T15:06:46.6161675Z   sparse-checkout-cone-mode: true
2023-11-09T15:06:46.6162181Z   fetch-tags: false
2023-11-09T15:06:46.6162626Z   show-progress: true
2023-11-09T15:06:46.6163148Z   lfs: false
2023-11-09T15:06:46.6163498Z   submodules: false
2023-11-09T15:06:46.6163953Z   set-safe-directory: true
2023-11-09T15:06:46.6164485Z ##[endgroup]
2023-11-09T15:06:46.7682246Z Syncing repository: con/tinuous
2023-11-09T15:06:46.7684266Z ##[group]Getting Git version info
2023-11-09T15:06:46.7685177Z Working directory is '/home/runner/work/tinuous/tinuous'
2023-11-09T15:06:46.7686248Z [command]/usr/bin/git version
2023-11-09T15:06:46.7687295Z git version 2.42.0
2023-11-09T15:06:46.7690865Z ##[endgroup]
2023-11-09T15:06:46.7706109Z Temporarily overriding HOME='/home/runner/work/_temp/3cc572b6-c908-4e20-a8db-0d9328257f3e' before making global git config changes
2023-11-09T15:06:46.7708477Z Adding repository directory to the temporary git global config as a safe directory
2023-11-09T15:06:46.7710639Z [command]/usr/bin/git config --global --add safe.directory /home/runner/work/tinuous/tinuous
2023-11-09T15:06:46.7744181Z Deleting the contents of '/home/runner/work/tinuous/tinuous'
2023-11-09T15:06:46.7751775Z ##[group]Initializing the repository
2023-11-09T15:06:46.7755020Z [command]/usr/bin/git init /home/runner/work/tinuous/tinuous
2023-11-09T15:06:46.7812176Z hint: Using 'master' as the name for the initial branch. This default branch name
2023-11-09T15:06:46.7814356Z hint: is subject to change. To configure the initial branch name to use in all
2023-11-09T15:06:46.7815808Z hint: of your new repositories, which will suppress this warning, call:
2023-11-09T15:06:46.7816829Z hint: 
2023-11-09T15:06:46.7817625Z hint: 	git config --global init.defaultBranch <name>
2023-11-09T15:06:46.7818428Z hint: 
2023-11-09T15:06:46.7819259Z hint: Names commonly chosen instead of 'master' are 'main', 'trunk' and
2023-11-09T15:06:46.7820716Z hint: 'development'. The just-created branch can be renamed via this command:
2023-11-09T15:06:46.7821730Z hint: 
2023-11-09T15:06:46.7822191Z hint: 	git branch -m <name>
2023-11-09T15:06:46.7824880Z Initialized empty Git repository in /home/runner/work/tinuous/tinuous/.git/
2023-11-09T15:06:46.7833643Z [command]/usr/bin/git remote add origin https://github.com/con/tinuous
2023-11-09T15:06:46.7868297Z ##[endgroup]
2023-11-09T15:06:46.7869103Z ##[group]Disabling automatic garbage collection
2023-11-09T15:06:46.7870690Z [command]/usr/bin/git config --local gc.auto 0
2023-11-09T15:06:46.7899294Z ##[endgroup]
2023-11-09T15:06:46.7900144Z ##[group]Setting up auth
2023-11-09T15:06:46.7904105Z [command]/usr/bin/git config --local --name-only --get-regexp core\.sshCommand
2023-11-09T15:06:46.7933261Z [command]/usr/bin/git submodule foreach --recursive sh -c "git config --local --name-only --get-regexp 'core\.sshCommand' && git config --local --unset-all 'core.sshCommand' || :"
2023-11-09T15:06:46.8211112Z [command]/usr/bin/git config --local --name-only --get-regexp http\.https\:\/\/github\.com\/\.extraheader
2023-11-09T15:06:46.8238215Z [command]/usr/bin/git submodule foreach --recursive sh -c "git config --local --name-only --get-regexp 'http\.https\:\/\/github\.com\/\.extraheader' && git config --local --unset-all 'http.https://github.com/.extraheader' || :"
2023-11-09T15:06:46.8468084Z [command]/usr/bin/git config --local http.https://github.com/.extraheader AUTHORIZATION: basic ***
2023-11-09T15:06:46.8502737Z ##[endgroup]
2023-11-09T15:06:46.8504541Z ##[group]Fetching the repository
2023-11-09T15:06:46.8512827Z [command]/usr/bin/git -c protocol.version=2 fetch --prune --no-recurse-submodules origin +refs/heads/*:refs/remotes/origin/* +refs/tags/*:refs/tags/*
2023-11-09T15:06:47.3650040Z From https://github.com/con/tinuous
2023-11-09T15:06:47.3651479Z  * [new branch]      fix-typing      -> origin/fix-typing
2023-11-09T15:06:47.3652401Z  * [new branch]      gh-55           -> origin/gh-55
2023-11-09T15:06:47.3653267Z  * [new branch]      master          -> origin/master
2023-11-09T15:06:47.3655066Z  * [new branch]      mypy-import     -> origin/mypy-import
2023-11-09T15:06:47.3657393Z  * [new branch]      no-extra-search -> origin/no-extra-search
2023-11-09T15:06:47.3658689Z  * [new branch]      py312           -> origin/py312
2023-11-09T15:06:47.3660794Z  * [new branch]      pypy            -> origin/pypy
2023-11-09T15:06:47.3662844Z  * [new branch]      test-appveyor   -> origin/test-appveyor
2023-11-09T15:06:47.3664749Z  * [new branch]      unused          -> origin/unused
2023-11-09T15:06:47.3666937Z  * [new branch]      updates         -> origin/updates
2023-11-09T15:06:47.3669016Z  * [new tag]         0.1.0           -> 0.1.0
2023-11-09T15:06:47.3669988Z  * [new tag]         0.2.0           -> 0.2.0
2023-11-09T15:06:47.3671394Z  * [new tag]         0.3.0           -> 0.3.0
2023-11-09T15:06:47.3672890Z  * [new tag]         0.4.0           -> 0.4.0
2023-11-09T15:06:47.3674562Z  * [new tag]         0.5.0           -> 0.5.0
2023-11-09T15:06:47.3675811Z  * [new tag]         0.5.1           -> 0.5.1
2023-11-09T15:06:47.3677255Z  * [new tag]         0.5.2           -> 0.5.2
2023-11-09T15:06:47.3678581Z  * [new tag]         0.5.3           -> 0.5.3
2023-11-09T15:06:47.3680164Z  * [new tag]         0.5.4           -> 0.5.4
2023-11-09T15:06:47.3681362Z  * [new tag]         0.6.0           -> 0.6.0
2023-11-09T15:06:47.3682899Z  * [new tag]         0.6.1           -> 0.6.1
2023-11-09T15:06:47.3715467Z [command]/usr/bin/git branch --list --remote origin/pypy
2023-11-09T15:06:47.3739475Z   origin/pypy
2023-11-09T15:06:47.3748149Z [command]/usr/bin/git rev-parse refs/remotes/origin/pypy
2023-11-09T15:06:47.3768952Z 5b657b877026998e41a96eec3ab165c8a4dba9db
2023-11-09T15:06:47.3774739Z ##[endgroup]
2023-11-09T15:06:47.3775804Z ##[group]Determining the checkout info
2023-11-09T15:06:47.3777075Z ##[endgroup]
2023-11-09T15:06:47.3777998Z ##[group]Checking out the ref
2023-11-09T15:06:47.3780531Z [command]/usr/bin/git checkout --progress --force -B pypy refs/remotes/origin/pypy
2023-11-09T15:06:47.3839015Z Switched to a new branch 'pypy'
2023-11-09T15:06:47.3839681Z branch 'pypy' set up to track 'origin/pypy'.
2023-11-09T15:06:47.3845902Z ##[endgroup]
2023-11-09T15:06:47.3879063Z [command]/usr/bin/git log -1 --format='%H'
2023-11-09T15:06:47.3901754Z '5b657b877026998e41a96eec3ab165c8a4dba9db'
2023-11-09T15:06:47.4209328Z ##[group]Run actions/setup-python@v4
2023-11-09T15:06:47.4209909Z with:
2023-11-09T15:06:47.4210486Z   python-version: 3.8
2023-11-09T15:06:47.4210845Z   check-latest: false
2023-11-09T15:06:47.4211451Z   token: ***
2023-11-09T15:06:47.4211802Z   update-environment: true
2023-11-09T15:06:47.4212191Z   allow-prereleases: false
2023-11-09T15:06:47.4212591Z ##[endgroup]
2023-11-09T15:06:47.6019879Z ##[group]Installed versions
2023-11-09T15:06:47.6097647Z Successfully set up CPython (3.8.18)
2023-11-09T15:06:47.6099069Z ##[endgroup]
2023-11-09T15:06:47.6230550Z ##[group]Run python -m pip install --upgrade pip wheel
2023-11-09T15:06:47.6231236Z [36;1mpython -m pip install --upgrade pip wheel[0m
2023-11-09T15:06:47.6232007Z [36;1mpython -m pip install --upgrade --upgrade-strategy=eager tox[0m
2023-11-09T15:06:47.6291612Z shell: /usr/bin/bash -e {0}
2023-11-09T15:06:47.6292143Z env:
2023-11-09T15:06:47.6292573Z   pythonLocation: /opt/hostedtoolcache/Python/3.8.18/x64
2023-11-09T15:06:47.6293188Z   PKG_CONFIG_PATH: /opt/hostedtoolcache/Python/3.8.18/x64/lib/pkgconfig
2023-11-09T15:06:47.6293910Z   Python_ROOT_DIR: /opt/hostedtoolcache/Python/3.8.18/x64
2023-11-09T15:06:47.6294519Z   Python2_ROOT_DIR: /opt/hostedtoolcache/Python/3.8.18/x64
2023-11-09T15:06:47.6295146Z   Python3_ROOT_DIR: /opt/hostedtoolcache/Python/3.8.18/x64
2023-11-09T15:06:47.6295694Z   LD_LIBRARY_PATH: /opt/hostedtoolcache/Python/3.8.18/x64/lib
2023-11-09T15:06:47.6296204Z ##[endgroup]
2023-11-09T15:06:50.1651575Z Requirement already satisfied: pip in /opt/hostedtoolcache/Python/3.8.18/x64/lib/python3.8/site-packages (23.0.1)
2023-11-09T15:06:50.3148677Z Collecting pip
2023-11-09T15:06:50.3666489Z   Downloading pip-23.3.1-py3-none-any.whl.metadata (3.5 kB)
2023-11-09T15:06:50.4051977Z Collecting wheel
2023-11-09T15:06:50.4095835Z   Downloading wheel-0.41.3-py3-none-any.whl.metadata (2.2 kB)
2023-11-09T15:06:50.4223851Z Downloading pip-23.3.1-py3-none-any.whl (2.1 MB)
2023-11-09T15:06:50.4710511Z    â”â”â”â”â”â”â”â”â”â”â”â”â”â”â”â”â”â”â”â”â”â”â”â”â”â”â”â”â”â”â”â”â”â”â”â”â”â”â”â” 2.1/2.1 MB 47.4 MB/s eta 0:00:00
2023-11-09T15:06:50.4752480Z Downloading wheel-0.41.3-py3-none-any.whl (65 kB)
2023-11-09T15:06:50.4804978Z    â”â”â”â”â”â”â”â”â”â”â”â”â”â”â”â”â”â”â”â”â”â”â”â”â”â”â”â”â”â”â”â”â”â”â”â”â”â”â”â” 65.8/65.8 kB 18.5 MB/s eta 0:00:00
2023-11-09T15:06:50.5538427Z Installing collected packages: wheel, pip
2023-11-09T15:06:50.5931323Z   Attempting uninstall: pip
2023-11-09T15:06:50.5937669Z     Found existing installation: pip 23.0.1
2023-11-09T15:06:50.6491054Z     Uninstalling pip-23.0.1:
2023-11-09T15:06:50.6952525Z       Successfully uninstalled pip-23.0.1
2023-11-09T15:06:51.6027410Z Successfully installed pip-23.3.1 wheel-0.41.3
2023-11-09T15:06:52.3619281Z Collecting tox
2023-11-09T15:06:52.4110528Z   Downloading tox-4.11.3-py3-none-any.whl.metadata (5.0 kB)
2023-11-09T15:06:52.4654119Z Collecting cachetools>=5.3.1 (from tox)
2023-11-09T15:06:52.4703862Z   Downloading cachetools-5.3.2-py3-none-any.whl.metadata (5.2 kB)
2023-11-09T15:06:52.4892672Z Collecting chardet>=5.2 (from tox)
2023-11-09T15:06:52.4938076Z   Downloading chardet-5.2.0-py3-none-any.whl.metadata (3.4 kB)
2023-11-09T15:06:52.5192664Z Collecting colorama>=0.4.6 (from tox)
2023-11-09T15:06:52.5236095Z   Downloading colorama-0.4.6-py2.py3-none-any.whl (25 kB)
2023-11-09T15:06:52.5587015Z Collecting filelock>=3.12.3 (from tox)
2023-11-09T15:06:52.5635162Z   Downloading filelock-3.13.1-py3-none-any.whl.metadata (2.8 kB)
2023-11-09T15:06:52.5957284Z Collecting packaging>=23.1 (from tox)
2023-11-09T15:06:52.6005374Z   Downloading packaging-23.2-py3-none-any.whl.metadata (3.2 kB)
2023-11-09T15:06:52.6337060Z Collecting platformdirs>=3.10 (from tox)
2023-11-09T15:06:52.6393960Z   Downloading platformdirs-3.11.0-py3-none-any.whl.metadata (11 kB)
2023-11-09T15:06:52.6626929Z Collecting pluggy>=1.3 (from tox)
2023-11-09T15:06:52.6676304Z   Downloading pluggy-1.3.0-py3-none-any.whl.metadata (4.3 kB)
2023-11-09T15:06:52.6881139Z Collecting pyproject-api>=1.6.1 (from tox)
2023-11-09T15:06:52.6926829Z   Downloading pyproject_api-1.6.1-py3-none-any.whl.metadata (2.8 kB)
2023-11-09T15:06:52.7136035Z Collecting tomli>=2.0.1 (from tox)
2023-11-09T15:06:52.7181019Z   Downloading tomli-2.0.1-py3-none-any.whl (12 kB)
2023-11-09T15:06:52.8107050Z Collecting virtualenv>=20.24.3 (from tox)
2023-11-09T15:06:52.8149774Z   Downloading virtualenv-20.24.6-py3-none-any.whl.metadata (4.5 kB)
2023-11-09T15:06:52.8949351Z Collecting distlib<1,>=0.3.7 (from virtualenv>=20.24.3->tox)
2023-11-09T15:06:52.8993165Z   Downloading distlib-0.3.7-py2.py3-none-any.whl.metadata (5.1 kB)
2023-11-09T15:06:52.9208846Z Downloading tox-4.11.3-py3-none-any.whl (153 kB)
2023-11-09T15:06:52.9275024Z    â”â”â”â”â”â”â”â”â”â”â”â”â”â”â”â”â”â”â”â”â”â”â”â”â”â”â”â”â”â”â”â”â”â”â”â”â”â”â”â” 153.8/153.8 kB 36.9 MB/s eta 0:00:00
2023-11-09T15:06:52.9319708Z Downloading cachetools-5.3.2-py3-none-any.whl (9.3 kB)
2023-11-09T15:06:52.9385321Z Downloading chardet-5.2.0-py3-none-any.whl (199 kB)
2023-11-09T15:06:52.9442335Z    â”â”â”â”â”â”â”â”â”â”â”â”â”â”â”â”â”â”â”â”â”â”â”â”â”â”â”â”â”â”â”â”â”â”â”â”â”â”â”â” 199.4/199.4 kB 54.2 MB/s eta 0:00:00
2023-11-09T15:06:52.9487337Z Downloading filelock-3.13.1-py3-none-any.whl (11 kB)
2023-11-09T15:06:52.9567209Z Downloading packaging-23.2-py3-none-any.whl (53 kB)
2023-11-09T15:06:52.9611442Z    â”â”â”â”â”â”â”â”â”â”â”â”â”â”â”â”â”â”â”â”â”â”â”â”â”â”â”â”â”â”â”â”â”â”â”â”â”â”â”â” 53.0/53.0 kB 19.3 MB/s eta 0:00:00
2023-11-09T15:06:52.9655806Z Downloading platformdirs-3.11.0-py3-none-any.whl (17 kB)
2023-11-09T15:06:52.9721049Z Downloading pluggy-1.3.0-py3-none-any.whl (18 kB)
2023-11-09T15:06:52.9784479Z Downloading pyproject_api-1.6.1-py3-none-any.whl (12 kB)
2023-11-09T15:06:52.9879896Z Downloading virtualenv-20.24.6-py3-none-any.whl (3.8 MB)
2023-11-09T15:06:53.0248117Z    â”â”â”â”â”â”â”â”â”â”â”â”â”â”â”â”â”â”â”â”â”â”â”â”â”â”â”â”â”â”â”â”â”â”â”â”â”â”â”â” 3.8/3.8 MB 108.7 MB/s eta 0:00:00
2023-11-09T15:06:53.0318410Z Downloading distlib-0.3.7-py2.py3-none-any.whl (468 kB)
2023-11-09T15:06:53.0397688Z    â”â”â”â”â”â”â”â”â”â”â”â”â”â”â”â”â”â”â”â”â”â”â”â”â”â”â”â”â”â”â”â”â”â”â”â”â”â”â”â” 468.9/468.9 kB 79.0 MB/s eta 0:00:00
2023-11-09T15:06:53.1687597Z Installing collected packages: distlib, tomli, pluggy, platformdirs, packaging, filelock, colorama, chardet, cachetools, virtualenv, pyproject-api, tox
2023-11-09T15:06:53.6933531Z Successfully installed cachetools-5.3.2 chardet-5.2.0 colorama-0.4.6 distlib-0.3.7 filelock-3.13.1 packaging-23.2 platformdirs-3.11.0 pluggy-1.3.0 pyproject-api-1.6.1 tomli-2.0.1 tox-4.11.3 virtualenv-20.24.6
2023-11-09T15:06:53.8110816Z ##[group]Run tox -e typing
2023-11-09T15:06:53.8111270Z [36;1mtox -e typing[0m
2023-11-09T15:06:53.8155756Z shell: /usr/bin/bash -e {0}
2023-11-09T15:06:53.8156140Z env:
2023-11-09T15:06:53.8156664Z   pythonLocation: /opt/hostedtoolcache/Python/3.8.18/x64
2023-11-09T15:06:53.8157273Z   PKG_CONFIG_PATH: /opt/hostedtoolcache/Python/3.8.18/x64/lib/pkgconfig
2023-11-09T15:06:53.8157896Z   Python_ROOT_DIR: /opt/hostedtoolcache/Python/3.8.18/x64
2023-11-09T15:06:53.8158548Z   Python2_ROOT_DIR: /opt/hostedtoolcache/Python/3.8.18/x64
2023-11-09T15:06:53.8159066Z   Python3_ROOT_DIR: /opt/hostedtoolcache/Python/3.8.18/x64
2023-11-09T15:06:53.8159674Z   LD_LIBRARY_PATH: /opt/hostedtoolcache/Python/3.8.18/x64/lib
2023-11-09T15:06:53.8160247Z ##[endgroup]
2023-11-09T15:06:54.5380173Z typing: install_deps> python -I -m pip install mypy pytest pytest-cov pytest-mock types-python-dateutil types-PyYAML types-requests
2023-11-09T15:06:58.5213151Z .pkg: install_requires> python -I -m pip install 'setuptools>=46.4.0' versioningit
2023-11-09T15:06:59.9867499Z .pkg: _optional_hooks> python /opt/hostedtoolcache/Python/3.8.18/x64/lib/python3.8/site-packages/pyproject_api/_backend.py True setuptools.build_meta
2023-11-09T15:07:00.2640830Z .pkg: get_requires_for_build_sdist> python /opt/hostedtoolcache/Python/3.8.18/x64/lib/python3.8/site-packages/pyproject_api/_backend.py True setuptools.build_meta
2023-11-09T15:07:00.3703249Z .pkg: get_requires_for_build_wheel> python /opt/hostedtoolcache/Python/3.8.18/x64/lib/python3.8/site-packages/pyproject_api/_backend.py True setuptools.build_meta
2023-11-09T15:07:00.4343136Z .pkg: install_requires_for_build_wheel> python -I -m pip install wheel
2023-11-09T15:07:00.9470448Z .pkg: freeze> python -m pip freeze --all
2023-11-09T15:07:01.2468012Z .pkg: importlib-metadata==6.8.0,packaging==23.2,pip==23.3.1,setuptools==68.2.2,tomli==2.0.1,versioningit==2.2.1,wheel==0.41.2,zipp==3.17.0
2023-11-09T15:07:01.2471855Z .pkg: prepare_metadata_for_build_wheel> python /opt/hostedtoolcache/Python/3.8.18/x64/lib/python3.8/site-packages/pyproject_api/_backend.py True setuptools.build_meta
2023-11-09T15:07:01.4209125Z .pkg: build_sdist> python /opt/hostedtoolcache/Python/3.8.18/x64/lib/python3.8/site-packages/pyproject_api/_backend.py True setuptools.build_meta
2023-11-09T15:07:01.5024071Z typing: install_package_deps> python -I -m pip install 'PyYAML>=5.0' 'click-loglevel~=0.2' 'click>=7.0' 'in-place~=0.4' 'pydantic~=1.7' 'python-dateutil~=2.7' 'python-dotenv<2.0,>=0.11' 'requests~=2.20'
2023-11-09T15:07:03.4246519Z typing: install_package> python -I -m pip install --force-reinstall --no-deps /home/runner/work/tinuous/tinuous/.tox/.tmp/package/1/tinuous-0.6.1.post41+g5b657b8.tar.gz
2023-11-09T15:07:06.9179050Z typing: freeze> python -m pip freeze --all
2023-11-09T15:07:07.2806740Z typing: certifi==2023.7.22,charset-normalizer==3.3.2,click==8.1.7,click-loglevel==0.5.0,coverage==7.3.2,exceptiongroup==1.1.3,idna==3.4,in-place==0.5.0,iniconfig==2.0.0,mypy==1.6.1,mypy-extensions==1.0.0,packaging==23.2,pip==23.3.1,pluggy==1.3.0,pydantic==1.10.13,pytest==7.4.3,pytest-cov==4.1.0,pytest-mock==3.12.0,python-dateutil==2.8.2,python-dotenv==1.0.0,PyYAML==6.0.1,requests==2.31.0,setuptools==68.2.2,six==1.16.0,tinuous @ file:///home/runner/work/tinuous/tinuous/.tox/.tmp/package/1/tinuous-0.6.1.post41%2Bg5b657b8.tar.gz#sha256=28d53563acbf00ee6883c213df09817b6962b4ff072ef7cbae025e3fac973b15,tomli==2.0.1,types-python-dateutil==2.8.19.14,types-PyYAML==6.0.12.12,types-requests==2.31.0.10,typing_extensions==4.8.0,urllib3==2.0.7,wheel==0.41.2
2023-11-09T15:07:07.2812495Z typing: commands[0]> mypy src test
2023-11-09T15:07:12.1014257Z src/tinuous/travis.py:71: error: Item "None" of "Optional[Response]" has no
2023-11-09T15:07:12.1016116Z attribute "status_code"  [union-attr]
2023-11-09T15:07:12.1017095Z                 if e.response.status_code == 404:
2023-11-09T15:07:12.1023820Z                    ^~~~~~~~~~~~~~~~~~~~~~
2023-11-09T15:07:12.1346146Z src/tinuous/github.py:330: error: Item "None" of "Optional[Response]" has no
2023-11-09T15:07:12.1347457Z attribute "status_code"  [union-attr]
2023-11-09T15:07:12.1348421Z                 if e.response.status_code in (404, 410):
2023-11-09T15:07:12.1349200Z                    ^~~~~~~~~~~~~~~~~~~~~~
2023-11-09T15:07:12.1349846Z src/tinuous/github.py:334: error: Item "None" of "Optional[Response]" has no
2023-11-09T15:07:12.1350642Z attribute "status_code"  [union-attr]
2023-11-09T15:07:12.1351261Z     ...       "Request for logs returned %d; skipping", e.response.status_cod...
2023-11-09T15:07:12.1351896Z                                                         ^~~~~~~~~~~~~~~~~~~~~~
2023-11-09T15:07:12.7522627Z Found 3 errors in 2 files (checked 15 source files)
2023-11-09T15:07:12.7659922Z typing: exit 1 (5.48 seconds) /home/runner/work/tinuous/tinuous> mypy src test pid=1991
2023-11-09T15:07:12.7670448Z .pkg: _exit> python /opt/hostedtoolcache/Python/3.8.18/x64/lib/python3.8/site-packages/pyproject_api/_backend.py True setuptools.build_meta
2023-11-09T15:07:12.7939819Z   typing: FAIL code 1 (18.54=setup[13.05]+cmd[5.48] seconds)
2023-11-09T15:07:12.7940767Z   evaluation failed :( (18.77 seconds)
2023-11-09T15:07:12.8193982Z ##[error]Process completed with exit code 1.
2023-11-09T15:07:12.8294941Z Post job cleanup.
2023-11-09T15:07:12.9022153Z [command]/usr/bin/git version
2023-11-09T15:07:12.9064066Z git version 2.42.0
2023-11-09T15:07:12.9105598Z Temporarily overriding HOME='/home/runner/work/_temp/a7ea7928-7b45-4b40-bbc9-eda3b04dc45d' before making global git config changes
2023-11-09T15:07:12.9107684Z Adding repository directory to the temporary git global config as a safe directory
2023-11-09T15:07:12.9111214Z [command]/usr/bin/git config --global --add safe.directory /home/runner/work/tinuous/tinuous
2023-11-09T15:07:12.9145583Z [command]/usr/bin/git config --local --name-only --get-regexp core\.sshCommand
2023-11-09T15:07:12.9178217Z [command]/usr/bin/git submodule foreach --recursive sh -c "git config --local --name-only --get-regexp 'core\.sshCommand' && git config --local --unset-all 'core.sshCommand' || :"
2023-11-09T15:07:12.9421197Z [command]/usr/bin/git config --local --name-only --get-regexp http\.https\:\/\/github\.com\/\.extraheader
2023-11-09T15:07:12.9441419Z http.https://github.com/.extraheader
2023-11-09T15:07:12.9452206Z [command]/usr/bin/git config --local --unset-all http.https://github.com/.extraheader
2023-11-09T15:07:12.9480933Z [command]/usr/bin/git submodule foreach --recursive sh -c "git config --local --name-only --get-regexp 'http\.https\:\/\/github\.com\/\.extraheader' && git config --local --unset-all 'http.https://github.com/.extraheader' || :"
2023-11-09T15:07:12.9953775Z Cleaning up orphan processes
