2021-04-27T21:44:51.8329170Z ##[group]Run mypy src
2021-04-27T21:44:51.8329702Z [36;1mmypy src[0m
2021-04-27T21:44:51.8388286Z shell: /usr/bin/bash -e {0}
2021-04-27T21:44:51.8388731Z env:
2021-04-27T21:44:51.8389326Z   pythonLocation: /opt/hostedtoolcache/Python/3.8.9/x64
2021-04-27T21:44:51.8390125Z   LD_LIBRARY_PATH: /opt/hostedtoolcache/Python/3.8.9/x64/lib
2021-04-27T21:44:51.8390887Z ##[endgroup]
2021-04-27T21:44:56.5128267Z src/tinuous/_version.py:20: error: Function is missing a return type annotation
2021-04-27T21:44:56.5129623Z  [no-untyped-def]
2021-04-27T21:44:56.5130106Z     def get_keywords():
2021-04-27T21:44:56.5130469Z     ^
2021-04-27T21:44:56.5131073Z src/tinuous/_version.py:37: error: Function is missing a return type annotation
2021-04-27T21:44:56.5131897Z  [no-untyped-def]
2021-04-27T21:44:56.5132333Z     def get_config():
2021-04-27T21:44:56.5132693Z     ^
2021-04-27T21:44:56.5133477Z src/tinuous/_version.py:55: error: Need type annotation for 'LONG_VERSION_PY'
2021-04-27T21:44:56.5134462Z (hint: "LONG_VERSION_PY: Dict[<type>, <type>] = ...")  [var-annotated]
2021-04-27T21:44:56.5135240Z     LONG_VERSION_PY = {}
2021-04-27T21:44:56.5135745Z     ^
2021-04-27T21:44:56.5136554Z src/tinuous/_version.py:56: error: Need type annotation for 'HANDLERS' (hint:
2021-04-27T21:44:56.5137527Z "HANDLERS: Dict[<type>, <type>] = ...")  [var-annotated]
2021-04-27T21:44:56.5138038Z     HANDLERS = {}
2021-04-27T21:44:56.5138497Z     ^
2021-04-27T21:44:56.5139040Z src/tinuous/_version.py:59: error: Function is missing a type annotation 
2021-04-27T21:44:56.5139805Z [no-untyped-def]
2021-04-27T21:44:56.5140358Z     def register_vcs_handler(vcs, method):  # decorator
2021-04-27T21:44:56.5140833Z     ^
2021-04-27T21:44:56.5141378Z src/tinuous/_version.py:61: error: Function is missing a type annotation 
2021-04-27T21:44:56.5142509Z [no-untyped-def]
2021-04-27T21:44:56.5142952Z         def decorate(f):
2021-04-27T21:44:56.5143370Z         ^
2021-04-27T21:44:56.5143935Z src/tinuous/_version.py:70: error: Function is missing a type annotation 
2021-04-27T21:44:56.5144740Z [no-untyped-def]
2021-04-27T21:44:56.5145381Z     def run_command(commands, args, cwd=None, verbose=False, hide_stderr=F...
2021-04-27T21:44:56.5145941Z     ^
2021-04-27T21:44:56.5146549Z src/tinuous/_version.py:105: error: Function is missing a type annotation 
2021-04-27T21:44:56.5147344Z [no-untyped-def]
2021-04-27T21:44:56.5147995Z     def versions_from_parentdir(parentdir_prefix, root, verbose):
2021-04-27T21:44:56.5148535Z     ^
2021-04-27T21:44:56.5149107Z src/tinuous/_version.py:131: error: Function is missing a type annotation 
2021-04-27T21:44:56.5149880Z [no-untyped-def]
2021-04-27T21:44:56.5150422Z     def git_get_keywords(versionfile_abs):
2021-04-27T21:44:56.5150860Z     ^
2021-04-27T21:44:56.5151431Z src/tinuous/_version.py:160: error: Function is missing a type annotation 
2021-04-27T21:44:56.5152322Z [no-untyped-def]
2021-04-27T21:44:56.5153059Z     def git_versions_from_keywords(keywords, tag_prefix, verbose):
2021-04-27T21:44:56.5153601Z     ^
2021-04-27T21:44:56.5154169Z src/tinuous/_version.py:219: error: Function is missing a type annotation 
2021-04-27T21:44:56.5154953Z [no-untyped-def]
2021-04-27T21:44:56.5155584Z     def git_pieces_from_vcs(tag_prefix, root, verbose, run_command=run_com...
2021-04-27T21:44:56.5156139Z     ^
2021-04-27T21:44:56.5156706Z src/tinuous/_version.py:313: error: Function is missing a type annotation 
2021-04-27T21:44:56.5157490Z [no-untyped-def]
2021-04-27T21:44:56.5157951Z     def plus_or_dot(pieces):
2021-04-27T21:44:56.5158340Z     ^
2021-04-27T21:44:56.5158899Z src/tinuous/_version.py:320: error: Function is missing a type annotation 
2021-04-27T21:44:56.5159683Z [no-untyped-def]
2021-04-27T21:44:56.5160178Z     def render_pep440(pieces):
2021-04-27T21:44:56.5160574Z     ^
2021-04-27T21:44:56.5161143Z src/tinuous/_version.py:345: error: Function is missing a type annotation 
2021-04-27T21:44:56.5161905Z [no-untyped-def]
2021-04-27T21:44:56.5162415Z     def render_pep440_pre(pieces):
2021-04-27T21:44:56.5162827Z     ^
2021-04-27T21:44:56.5163764Z src/tinuous/_version.py:361: error: Function is missing a type annotation 
2021-04-27T21:44:56.5164579Z [no-untyped-def]
2021-04-27T21:44:56.5165096Z     def render_pep440_post(pieces):
2021-04-27T21:44:56.5165514Z     ^
2021-04-27T21:44:56.5166089Z src/tinuous/_version.py:388: error: Function is missing a type annotation 
2021-04-27T21:44:56.5167045Z [no-untyped-def]
2021-04-27T21:44:56.5167541Z     def render_pep440_old(pieces):
2021-04-27T21:44:56.5167961Z     ^
2021-04-27T21:44:56.5168521Z src/tinuous/_version.py:410: error: Function is missing a type annotation 
2021-04-27T21:44:56.5169480Z [no-untyped-def]
2021-04-27T21:44:56.5170013Z     def render_git_describe(pieces):
2021-04-27T21:44:56.5170433Z     ^
2021-04-27T21:44:56.5171003Z src/tinuous/_version.py:430: error: Function is missing a type annotation 
2021-04-27T21:44:56.5171772Z [no-untyped-def]
2021-04-27T21:44:56.5172306Z     def render_git_describe_long(pieces):
2021-04-27T21:44:56.5172743Z     ^
2021-04-27T21:44:56.5173315Z src/tinuous/_version.py:450: error: Function is missing a type annotation 
2021-04-27T21:44:56.5174092Z [no-untyped-def]
2021-04-27T21:44:56.5174586Z     def render(pieces, style):
2021-04-27T21:44:56.5174982Z     ^
2021-04-27T21:44:56.5175668Z src/tinuous/_version.py:482: error: Function is missing a return type
2021-04-27T21:44:56.5176547Z annotation  [no-untyped-def]
2021-04-27T21:44:56.5177041Z     def get_versions():
2021-04-27T21:44:56.5177410Z     ^
2021-04-27T21:44:57.2934479Z Found 20 errors in 1 file (checked 2 source files)
2021-04-27T21:44:57.6328231Z ##[error]Process completed with exit code 1.
