2023-11-09T15:38:38.1733291Z Requested labels: ubuntu-latest
2023-11-09T15:38:38.1733579Z Job defined at: con/tinuous/.github/workflows/test.yml@refs/heads/headers
2023-11-09T15:38:38.1733990Z Waiting for a runner to pick up this job...
2023-11-09T15:38:39.8288550Z Job is waiting for a hosted runner to come online.
2023-11-09T15:38:42.6977795Z Job is about to start running on the hosted runner: GitHub Actions 8 (hosted)
2023-11-09T15:38:46.6795392Z Current runner version: '2.311.0'
2023-11-09T15:38:46.6832444Z ##[group]Operating System
2023-11-09T15:38:46.6833737Z Ubuntu
2023-11-09T15:38:46.6834280Z 22.04.3
2023-11-09T15:38:46.6834762Z LTS
2023-11-09T15:38:46.6835444Z ##[endgroup]
2023-11-09T15:38:46.6835990Z ##[group]Runner Image
2023-11-09T15:38:46.6836696Z Image: ubuntu-22.04
2023-11-09T15:38:46.6837446Z Version: 20231030.2.0
2023-11-09T15:38:46.6838985Z Included Software: https://github.com/actions/runner-images/blob/ubuntu22/20231030.2/images/linux/Ubuntu2204-Readme.md
2023-11-09T15:38:46.6841177Z Image Release: https://github.com/actions/runner-images/releases/tag/ubuntu22%2F20231030.2
2023-11-09T15:38:46.6842613Z ##[endgroup]
2023-11-09T15:38:46.6843264Z ##[group]Runner Image Provisioner
2023-11-09T15:38:46.6843975Z 2.0.312.1
2023-11-09T15:38:46.6844619Z ##[endgroup]
2023-11-09T15:38:46.6847938Z ##[group]GITHUB_TOKEN Permissions
2023-11-09T15:38:46.6850605Z Actions: write
2023-11-09T15:38:46.6851276Z Checks: write
2023-11-09T15:38:46.6852098Z Contents: write
2023-11-09T15:38:46.6853023Z Deployments: write
2023-11-09T15:38:46.6853732Z Discussions: write
2023-11-09T15:38:46.6854435Z Issues: write
2023-11-09T15:38:46.6855038Z Metadata: read
2023-11-09T15:38:46.6855579Z Packages: write
2023-11-09T15:38:46.6856304Z Pages: write
2023-11-09T15:38:46.6856914Z PullRequests: write
2023-11-09T15:38:46.6857523Z RepositoryProjects: write
2023-11-09T15:38:46.6858353Z SecurityEvents: write
2023-11-09T15:38:46.6859025Z Statuses: write
2023-11-09T15:38:46.6859573Z ##[endgroup]
2023-11-09T15:38:46.6864464Z Secret source: Actions
2023-11-09T15:38:46.6865409Z Prepare workflow directory
2023-11-09T15:38:46.7991484Z Prepare all required actions
2023-11-09T15:38:46.8276650Z Getting action download info
2023-11-09T15:38:47.1017732Z Download action repository 'actions/checkout@v4' (SHA:b4ffde65f46336ab88eb53be808477a3936bae11)
2023-11-09T15:38:47.3103090Z Download action repository 'actions/setup-python@v4' (SHA:65d7f2d534ac1bc67fcd62888c5f4f3d2cb2b236)
2023-11-09T15:38:47.4119862Z Download action repository 'codecov/codecov-action@v3' (SHA:eaaf4bedf32dbdc6b720b63067d99c4d77d6047d)
2023-11-09T15:38:48.2436633Z Complete job name: test (3.8, typing)
2023-11-09T15:38:48.3861879Z ##[group]Run actions/checkout@v4
2023-11-09T15:38:48.3862640Z with:
2023-11-09T15:38:48.3863347Z   fetch-depth: 0
2023-11-09T15:38:48.3863844Z   repository: con/tinuous
2023-11-09T15:38:48.3864736Z   token: ***
2023-11-09T15:38:48.3865405Z   ssh-strict: true
2023-11-09T15:38:48.3865910Z   persist-credentials: true
2023-11-09T15:38:48.3866486Z   clean: true
2023-11-09T15:38:48.3867123Z   sparse-checkout-cone-mode: true
2023-11-09T15:38:48.3867765Z   fetch-tags: false
2023-11-09T15:38:48.3868300Z   show-progress: true
2023-11-09T15:38:48.3868944Z   lfs: false
2023-11-09T15:38:48.3869666Z   submodules: false
2023-11-09T15:38:48.3870229Z   set-safe-directory: true
2023-11-09T15:38:48.3870959Z ##[endgroup]
2023-11-09T15:38:48.7793734Z Syncing repository: con/tinuous
2023-11-09T15:38:48.7796437Z ##[group]Getting Git version info
2023-11-09T15:38:48.7797646Z Working directory is '/home/runner/work/tinuous/tinuous'
2023-11-09T15:38:48.7799025Z [command]/usr/bin/git version
2023-11-09T15:38:48.8203434Z git version 2.42.0
2023-11-09T15:38:48.8374612Z ##[endgroup]
2023-11-09T15:38:48.8392586Z Temporarily overriding HOME='/home/runner/work/_temp/78bf7481-ccbb-4c6f-9edf-11552c6ac970' before making global git config changes
2023-11-09T15:38:48.8394080Z Adding repository directory to the temporary git global config as a safe directory
2023-11-09T15:38:48.8395355Z [command]/usr/bin/git config --global --add safe.directory /home/runner/work/tinuous/tinuous
2023-11-09T15:38:48.8397074Z Deleting the contents of '/home/runner/work/tinuous/tinuous'
2023-11-09T15:38:48.8398139Z ##[group]Initializing the repository
2023-11-09T15:38:48.8398878Z [command]/usr/bin/git init /home/runner/work/tinuous/tinuous
2023-11-09T15:38:48.8399905Z hint: Using 'master' as the name for the initial branch. This default branch name
2023-11-09T15:38:48.8401336Z hint: is subject to change. To configure the initial branch name to use in all
2023-11-09T15:38:48.8402351Z hint: of your new repositories, which will suppress this warning, call:
2023-11-09T15:38:48.8403035Z hint: 
2023-11-09T15:38:48.8403591Z hint: 	git config --global init.defaultBranch <name>
2023-11-09T15:38:48.8404161Z hint: 
2023-11-09T15:38:48.8404798Z hint: Names commonly chosen instead of 'master' are 'main', 'trunk' and
2023-11-09T15:38:48.8405869Z hint: 'development'. The just-created branch can be renamed via this command:
2023-11-09T15:38:48.8406595Z hint: 
2023-11-09T15:38:48.8406974Z hint: 	git branch -m <name>
2023-11-09T15:38:48.8407669Z Initialized empty Git repository in /home/runner/work/tinuous/tinuous/.git/
2023-11-09T15:38:48.8409267Z [command]/usr/bin/git remote add origin https://github.com/con/tinuous
2023-11-09T15:38:48.8410774Z ##[endgroup]
2023-11-09T15:38:48.8411460Z ##[group]Disabling automatic garbage collection
2023-11-09T15:38:48.8412190Z [command]/usr/bin/git config --local gc.auto 0
2023-11-09T15:38:48.8413503Z ##[endgroup]
2023-11-09T15:38:48.8414117Z ##[group]Setting up auth
2023-11-09T15:38:48.8414927Z [command]/usr/bin/git config --local --name-only --get-regexp core\.sshCommand
2023-11-09T15:38:48.8418464Z [command]/usr/bin/git submodule foreach --recursive sh -c "git config --local --name-only --get-regexp 'core\.sshCommand' && git config --local --unset-all 'core.sshCommand' || :"
2023-11-09T15:38:48.9123678Z [command]/usr/bin/git config --local --name-only --get-regexp http\.https\:\/\/github\.com\/\.extraheader
2023-11-09T15:38:48.9126694Z [command]/usr/bin/git submodule foreach --recursive sh -c "git config --local --name-only --get-regexp 'http\.https\:\/\/github\.com\/\.extraheader' && git config --local --unset-all 'http.https://github.com/.extraheader' || :"
2023-11-09T15:38:48.9551402Z [command]/usr/bin/git config --local http.https://github.com/.extraheader AUTHORIZATION: basic ***
2023-11-09T15:38:48.9556014Z ##[endgroup]
2023-11-09T15:38:48.9556887Z ##[group]Fetching the repository
2023-11-09T15:38:48.9559571Z [command]/usr/bin/git -c protocol.version=2 fetch --prune --no-recurse-submodules origin +refs/heads/*:refs/remotes/origin/* +refs/tags/*:refs/tags/*
2023-11-09T15:38:49.6781501Z From https://github.com/con/tinuous
2023-11-09T15:38:49.6782489Z  * [new branch]      fix-typing      -> origin/fix-typing
2023-11-09T15:38:49.6783276Z  * [new branch]      gh-55           -> origin/gh-55
2023-11-09T15:38:49.6784013Z  * [new branch]      headers         -> origin/headers
2023-11-09T15:38:49.6784743Z  * [new branch]      master          -> origin/master
2023-11-09T15:38:49.6785490Z  * [new branch]      mypy-import     -> origin/mypy-import
2023-11-09T15:38:49.6786313Z  * [new branch]      no-extra-search -> origin/no-extra-search
2023-11-09T15:38:49.6787112Z  * [new branch]      pragmata        -> origin/pragmata
2023-11-09T15:38:49.6787838Z  * [new branch]      py312           -> origin/py312
2023-11-09T15:38:49.6788554Z  * [new branch]      pypy            -> origin/pypy
2023-11-09T15:38:49.6789647Z  * [new branch]      test-appveyor   -> origin/test-appveyor
2023-11-09T15:38:49.6790487Z  * [new branch]      unused          -> origin/unused
2023-11-09T15:38:49.6791203Z  * [new branch]      updates         -> origin/updates
2023-11-09T15:38:49.6791881Z  * [new tag]         0.1.0           -> 0.1.0
2023-11-09T15:38:49.6792500Z  * [new tag]         0.2.0           -> 0.2.0
2023-11-09T15:38:49.6793101Z  * [new tag]         0.3.0           -> 0.3.0
2023-11-09T15:38:49.6793711Z  * [new tag]         0.4.0           -> 0.4.0
2023-11-09T15:38:49.6794320Z  * [new tag]         0.5.0           -> 0.5.0
2023-11-09T15:38:49.6794912Z  * [new tag]         0.5.1           -> 0.5.1
2023-11-09T15:38:49.6795515Z  * [new tag]         0.5.2           -> 0.5.2
2023-11-09T15:38:49.6796118Z  * [new tag]         0.5.3           -> 0.5.3
2023-11-09T15:38:49.6796713Z  * [new tag]         0.5.4           -> 0.5.4
2023-11-09T15:38:49.6797319Z  * [new tag]         0.6.0           -> 0.6.0
2023-11-09T15:38:49.6798259Z  * [new tag]         0.6.1           -> 0.6.1
2023-11-09T15:38:49.6900070Z [command]/usr/bin/git branch --list --remote origin/headers
2023-11-09T15:38:49.6900779Z   origin/headers
2023-11-09T15:38:49.6902030Z [command]/usr/bin/git rev-parse refs/remotes/origin/headers
2023-11-09T15:38:49.6913533Z 63e34ff319edfa94287c5f174eca4a84a50b4953
2023-11-09T15:38:49.6938116Z ##[endgroup]
2023-11-09T15:38:49.6939392Z ##[group]Determining the checkout info
2023-11-09T15:38:49.6940542Z ##[endgroup]
2023-11-09T15:38:49.6941363Z ##[group]Checking out the ref
2023-11-09T15:38:49.6942969Z [command]/usr/bin/git checkout --progress --force -B headers refs/remotes/origin/headers
2023-11-09T15:38:49.7011493Z Switched to a new branch 'headers'
2023-11-09T15:38:49.7012567Z branch 'headers' set up to track 'origin/headers'.
2023-11-09T15:38:49.7024843Z ##[endgroup]
2023-11-09T15:38:49.7071930Z [command]/usr/bin/git log -1 --format='%H'
2023-11-09T15:38:49.7098655Z '63e34ff319edfa94287c5f174eca4a84a50b4953'
2023-11-09T15:38:49.7773509Z ##[group]Run actions/setup-python@v4
2023-11-09T15:38:49.7774052Z with:
2023-11-09T15:38:49.7774384Z   python-version: 3.8
2023-11-09T15:38:49.7774790Z   check-latest: false
2023-11-09T15:38:49.7775395Z   token: ***
2023-11-09T15:38:49.7775771Z   update-environment: true
2023-11-09T15:38:49.7776216Z   allow-prereleases: false
2023-11-09T15:38:49.7776622Z ##[endgroup]
2023-11-09T15:38:50.1540186Z ##[group]Installed versions
2023-11-09T15:38:50.1666453Z Successfully set up CPython (3.8.18)
2023-11-09T15:38:50.1667897Z ##[endgroup]
2023-11-09T15:38:50.1820639Z ##[group]Run python -m pip install --upgrade pip wheel
2023-11-09T15:38:50.1821511Z [36;1mpython -m pip install --upgrade pip wheel[0m
2023-11-09T15:38:50.1823092Z [36;1mpython -m pip install --upgrade --upgrade-strategy=eager tox[0m
2023-11-09T15:38:50.1888024Z shell: /usr/bin/bash -e {0}
2023-11-09T15:38:50.1888492Z env:
2023-11-09T15:38:50.1888968Z   pythonLocation: /opt/hostedtoolcache/Python/3.8.18/x64
2023-11-09T15:38:50.1889832Z   PKG_CONFIG_PATH: /opt/hostedtoolcache/Python/3.8.18/x64/lib/pkgconfig
2023-11-09T15:38:50.1890638Z   Python_ROOT_DIR: /opt/hostedtoolcache/Python/3.8.18/x64
2023-11-09T15:38:50.1891373Z   Python2_ROOT_DIR: /opt/hostedtoolcache/Python/3.8.18/x64
2023-11-09T15:38:50.1892101Z   Python3_ROOT_DIR: /opt/hostedtoolcache/Python/3.8.18/x64
2023-11-09T15:38:50.1892830Z   LD_LIBRARY_PATH: /opt/hostedtoolcache/Python/3.8.18/x64/lib
2023-11-09T15:38:50.1893452Z ##[endgroup]
2023-11-09T15:38:51.3366147Z Requirement already satisfied: pip in /opt/hostedtoolcache/Python/3.8.18/x64/lib/python3.8/site-packages (23.0.1)
2023-11-09T15:38:51.5785061Z Collecting pip
2023-11-09T15:38:51.7121457Z   Downloading pip-23.3.1-py3-none-any.whl.metadata (3.5 kB)
2023-11-09T15:38:51.7868821Z Collecting wheel
2023-11-09T15:38:51.7996684Z   Downloading wheel-0.41.3-py3-none-any.whl.metadata (2.2 kB)
2023-11-09T15:38:51.8237896Z Downloading pip-23.3.1-py3-none-any.whl (2.1 MB)
2023-11-09T15:38:51.9767192Z    â”â”â”â”â”â”â”â”â”â”â”â”â”â”â”â”â”â”â”â”â”â”â”â”â”â”â”â”â”â”â”â”â”â”â”â”â”â”â”â” 2.1/2.1 MB 15.0 MB/s eta 0:00:00
2023-11-09T15:38:51.9888558Z Downloading wheel-0.41.3-py3-none-any.whl (65 kB)
2023-11-09T15:38:51.9991358Z    â”â”â”â”â”â”â”â”â”â”â”â”â”â”â”â”â”â”â”â”â”â”â”â”â”â”â”â”â”â”â”â”â”â”â”â”â”â”â”â” 65.8/65.8 kB 8.6 MB/s eta 0:00:00
2023-11-09T15:38:52.0676040Z Installing collected packages: wheel, pip
2023-11-09T15:38:52.1437654Z   Attempting uninstall: pip
2023-11-09T15:38:52.1448973Z     Found existing installation: pip 23.0.1
2023-11-09T15:38:52.2369025Z     Uninstalling pip-23.0.1:
2023-11-09T15:38:52.3061624Z       Successfully uninstalled pip-23.0.1
2023-11-09T15:38:53.7916556Z Successfully installed pip-23.3.1 wheel-0.41.3
2023-11-09T15:38:55.0711178Z Collecting tox
2023-11-09T15:38:55.1940570Z   Downloading tox-4.11.3-py3-none-any.whl.metadata (5.0 kB)
2023-11-09T15:38:55.2896999Z Collecting cachetools>=5.3.1 (from tox)
2023-11-09T15:38:55.3021043Z   Downloading cachetools-5.3.2-py3-none-any.whl.metadata (5.2 kB)
2023-11-09T15:38:55.3421135Z Collecting chardet>=5.2 (from tox)
2023-11-09T15:38:55.3550884Z   Downloading chardet-5.2.0-py3-none-any.whl.metadata (3.4 kB)
2023-11-09T15:38:55.4036864Z Collecting colorama>=0.4.6 (from tox)
2023-11-09T15:38:55.4164206Z   Downloading colorama-0.4.6-py2.py3-none-any.whl (25 kB)
2023-11-09T15:38:55.4816686Z Collecting filelock>=3.12.3 (from tox)
2023-11-09T15:38:55.4938990Z   Downloading filelock-3.13.1-py3-none-any.whl.metadata (2.8 kB)
2023-11-09T15:38:55.5471434Z Collecting packaging>=23.1 (from tox)
2023-11-09T15:38:55.5596654Z   Downloading packaging-23.2-py3-none-any.whl.metadata (3.2 kB)
2023-11-09T15:38:55.6110732Z Collecting platformdirs>=3.10 (from tox)
2023-11-09T15:38:55.6237425Z   Downloading platformdirs-3.11.0-py3-none-any.whl.metadata (11 kB)
2023-11-09T15:38:55.6702157Z Collecting pluggy>=1.3 (from tox)
2023-11-09T15:38:55.6826071Z   Downloading pluggy-1.3.0-py3-none-any.whl.metadata (4.3 kB)
2023-11-09T15:38:55.7277845Z Collecting pyproject-api>=1.6.1 (from tox)
2023-11-09T15:38:55.7483820Z   Downloading pyproject_api-1.6.1-py3-none-any.whl.metadata (2.8 kB)
2023-11-09T15:38:55.7900183Z Collecting tomli>=2.0.1 (from tox)
2023-11-09T15:38:55.8030580Z   Downloading tomli-2.0.1-py3-none-any.whl (12 kB)
2023-11-09T15:38:55.9694603Z Collecting virtualenv>=20.24.3 (from tox)
2023-11-09T15:38:55.9818579Z   Downloading virtualenv-20.24.6-py3-none-any.whl.metadata (4.5 kB)
2023-11-09T15:38:56.1253211Z Collecting distlib<1,>=0.3.7 (from virtualenv>=20.24.3->tox)
2023-11-09T15:38:56.1381580Z   Downloading distlib-0.3.7-py2.py3-none-any.whl.metadata (5.1 kB)
2023-11-09T15:38:56.1751433Z Downloading tox-4.11.3-py3-none-any.whl (153 kB)
2023-11-09T15:38:56.2055492Z    â”â”â”â”â”â”â”â”â”â”â”â”â”â”â”â”â”â”â”â”â”â”â”â”â”â”â”â”â”â”â”â”â”â”â”â”â”â”â”â” 153.8/153.8 kB 5.5 MB/s eta 0:00:00
2023-11-09T15:38:56.2208024Z Downloading cachetools-5.3.2-py3-none-any.whl (9.3 kB)
2023-11-09T15:38:56.2380546Z Downloading chardet-5.2.0-py3-none-any.whl (199 kB)
2023-11-09T15:38:56.2697833Z    â”â”â”â”â”â”â”â”â”â”â”â”â”â”â”â”â”â”â”â”â”â”â”â”â”â”â”â”â”â”â”â”â”â”â”â”â”â”â”â” 199.4/199.4 kB 6.9 MB/s eta 0:00:00
2023-11-09T15:38:56.2821931Z Downloading filelock-3.13.1-py3-none-any.whl (11 kB)
2023-11-09T15:38:56.2983247Z Downloading packaging-23.2-py3-none-any.whl (53 kB)
2023-11-09T15:38:56.3082261Z    â”â”â”â”â”â”â”â”â”â”â”â”â”â”â”â”â”â”â”â”â”â”â”â”â”â”â”â”â”â”â”â”â”â”â”â”â”â”â”â” 53.0/53.0 kB 7.2 MB/s eta 0:00:00
2023-11-09T15:38:56.3206132Z Downloading platformdirs-3.11.0-py3-none-any.whl (17 kB)
2023-11-09T15:38:56.3379164Z Downloading pluggy-1.3.0-py3-none-any.whl (18 kB)
2023-11-09T15:38:56.3543521Z Downloading pyproject_api-1.6.1-py3-none-any.whl (12 kB)
2023-11-09T15:38:56.3705884Z Downloading virtualenv-20.24.6-py3-none-any.whl (3.8 MB)
2023-11-09T15:38:56.6216696Z    â”â”â”â”â”â”â”â”â”â”â”â”â”â”â”â”â”â”â”â”â”â”â”â”â”â”â”â”â”â”â”â”â”â”â”â”â”â”â”â” 3.8/3.8 MB 15.2 MB/s eta 0:00:00
2023-11-09T15:38:56.6348088Z Downloading distlib-0.3.7-py2.py3-none-any.whl (468 kB)
2023-11-09T15:38:56.6572278Z    â”â”â”â”â”â”â”â”â”â”â”â”â”â”â”â”â”â”â”â”â”â”â”â”â”â”â”â”â”â”â”â”â”â”â”â”â”â”â”â” 468.9/468.9 kB 24.6 MB/s eta 0:00:00
2023-11-09T15:38:56.8779607Z Installing collected packages: distlib, tomli, pluggy, platformdirs, packaging, filelock, colorama, chardet, cachetools, virtualenv, pyproject-api, tox
2023-11-09T15:38:57.7418820Z Successfully installed cachetools-5.3.2 chardet-5.2.0 colorama-0.4.6 distlib-0.3.7 filelock-3.13.1 packaging-23.2 platformdirs-3.11.0 pluggy-1.3.0 pyproject-api-1.6.1 tomli-2.0.1 tox-4.11.3 virtualenv-20.24.6
2023-11-09T15:38:57.9210965Z ##[group]Run tox -e typing
2023-11-09T15:38:57.9211461Z [36;1mtox -e typing[0m
2023-11-09T15:38:57.9252115Z shell: /usr/bin/bash -e {0}
2023-11-09T15:38:57.9252550Z env:
2023-11-09T15:38:57.9252998Z   pythonLocation: /opt/hostedtoolcache/Python/3.8.18/x64
2023-11-09T15:38:57.9253833Z   PKG_CONFIG_PATH: /opt/hostedtoolcache/Python/3.8.18/x64/lib/pkgconfig
2023-11-09T15:38:57.9254657Z   Python_ROOT_DIR: /opt/hostedtoolcache/Python/3.8.18/x64
2023-11-09T15:38:57.9255371Z   Python2_ROOT_DIR: /opt/hostedtoolcache/Python/3.8.18/x64
2023-11-09T15:38:57.9256102Z   Python3_ROOT_DIR: /opt/hostedtoolcache/Python/3.8.18/x64
2023-11-09T15:38:57.9256846Z   LD_LIBRARY_PATH: /opt/hostedtoolcache/Python/3.8.18/x64/lib
2023-11-09T15:38:57.9257756Z ##[endgroup]
2023-11-09T15:38:58.7737206Z typing: install_deps> python -I -m pip install mypy pytest pytest-cov pytest-mock types-python-dateutil types-PyYAML types-requests
2023-11-09T15:39:05.7503550Z .pkg: install_requires> python -I -m pip install 'setuptools>=46.4.0' versioningit
2023-11-09T15:39:08.3557971Z .pkg: _optional_hooks> python /opt/hostedtoolcache/Python/3.8.18/x64/lib/python3.8/site-packages/pyproject_api/_backend.py True setuptools.build_meta
2023-11-09T15:39:08.6876981Z .pkg: get_requires_for_build_sdist> python /opt/hostedtoolcache/Python/3.8.18/x64/lib/python3.8/site-packages/pyproject_api/_backend.py True setuptools.build_meta
2023-11-09T15:39:08.8714070Z .pkg: get_requires_for_build_wheel> python /opt/hostedtoolcache/Python/3.8.18/x64/lib/python3.8/site-packages/pyproject_api/_backend.py True setuptools.build_meta
2023-11-09T15:39:08.9761388Z .pkg: install_requires_for_build_wheel> python -I -m pip install wheel
2023-11-09T15:39:09.8283598Z .pkg: freeze> python -m pip freeze --all
2023-11-09T15:39:10.3298143Z .pkg: importlib-metadata==6.8.0,packaging==23.2,pip==23.3.1,setuptools==68.2.2,tomli==2.0.1,versioningit==2.2.1,wheel==0.41.2,zipp==3.17.0
2023-11-09T15:39:10.3300656Z .pkg: prepare_metadata_for_build_wheel> python /opt/hostedtoolcache/Python/3.8.18/x64/lib/python3.8/site-packages/pyproject_api/_backend.py True setuptools.build_meta
2023-11-09T15:39:10.4821168Z .pkg: build_sdist> python /opt/hostedtoolcache/Python/3.8.18/x64/lib/python3.8/site-packages/pyproject_api/_backend.py True setuptools.build_meta
2023-11-09T15:39:10.6200842Z typing: install_package_deps> python -I -m pip install 'PyYAML>=5.0' 'click-loglevel~=0.2' 'click>=7.0' 'in-place~=0.4' 'pydantic~=1.7' 'python-dateutil~=2.7' 'python-dotenv<2.0,>=0.11' 'requests~=2.20'
2023-11-09T15:39:14.0614845Z typing: install_package> python -I -m pip install --force-reinstall --no-deps /home/runner/work/tinuous/tinuous/.tox/.tmp/package/1/tinuous-0.6.1.post42+g63e34ff.tar.gz
2023-11-09T15:39:20.1134103Z typing: freeze> python -m pip freeze --all
2023-11-09T15:39:20.6506475Z typing: certifi==2023.7.22,charset-normalizer==3.3.2,click==8.1.7,click-loglevel==0.5.0,coverage==7.3.2,exceptiongroup==1.1.3,idna==3.4,in-place==0.5.0,iniconfig==2.0.0,mypy==1.6.1,mypy-extensions==1.0.0,packaging==23.2,pip==23.3.1,pluggy==1.3.0,pydantic==1.10.13,pytest==7.4.3,pytest-cov==4.1.0,pytest-mock==3.12.0,python-dateutil==2.8.2,python-dotenv==1.0.0,PyYAML==6.0.1,requests==2.31.0,setuptools==68.2.2,six==1.16.0,tinuous @ file:///home/runner/work/tinuous/tinuous/.tox/.tmp/package/1/tinuous-0.6.1.post42%2Bg63e34ff.tar.gz#sha256=bb6212f22443b870445dc5d1944d69caf87bd6b8d0fce7bcc48594adef04758f,tomli==2.0.1,types-python-dateutil==2.8.19.14,types-PyYAML==6.0.12.12,types-requests==2.31.0.10,typing_extensions==4.8.0,urllib3==2.0.7,wheel==0.41.2
2023-11-09T15:39:20.6512215Z typing: commands[0]> mypy src test
2023-11-09T15:39:29.2003650Z src/tinuous/travis.py:71: error: Item "None" of "Optional[Response]" has no
2023-11-09T15:39:29.2005283Z attribute "status_code"  [union-attr]
2023-11-09T15:39:29.2056387Z                 if e.response.status_code == 404:
2023-11-09T15:39:29.2057080Z                    ^~~~~~~~~~~~~~~~~~~~~~
2023-11-09T15:39:29.2638793Z src/tinuous/github.py:334: error: Item "None" of "Optional[Response]" has no
2023-11-09T15:39:29.2639977Z attribute "status_code"  [union-attr]
2023-11-09T15:39:29.2640562Z                 if e.response.status_code in (404, 410):
2023-11-09T15:39:29.2641145Z                    ^~~~~~~~~~~~~~~~~~~~~~
2023-11-09T15:39:29.2641906Z src/tinuous/github.py:338: error: Item "None" of "Optional[Response]" has no
2023-11-09T15:39:29.2642734Z attribute "status_code"  [union-attr]
2023-11-09T15:39:29.2644011Z     ...       "Request for logs returned %d; skipping", e.response.status_cod...
2023-11-09T15:39:29.2644852Z                                                         ^~~~~~~~~~~~~~~~~~~~~~
2023-11-09T15:39:30.4085275Z Found 3 errors in 2 files (checked 15 source files)
2023-11-09T15:39:30.4231427Z typing: exit 1 (9.77 seconds) /home/runner/work/tinuous/tinuous> mypy src test pid=2103
2023-11-09T15:39:30.4253552Z .pkg: _exit> python /opt/hostedtoolcache/Python/3.8.18/x64/lib/python3.8/site-packages/pyproject_api/_backend.py True setuptools.build_meta
2023-11-09T15:39:30.4703240Z   typing: FAIL code 1 (32.16=setup[22.39]+cmd[9.77] seconds)
2023-11-09T15:39:30.4704459Z   evaluation failed :( (32.30 seconds)
2023-11-09T15:39:30.5084885Z ##[error]Process completed with exit code 1.
2023-11-09T15:39:30.5264336Z Post job cleanup.
2023-11-09T15:39:30.6438266Z [command]/usr/bin/git version
2023-11-09T15:39:30.6511389Z git version 2.42.0
2023-11-09T15:39:30.6578566Z Temporarily overriding HOME='/home/runner/work/_temp/7eab628b-8ea1-472a-9d3c-d99cd7d927a2' before making global git config changes
2023-11-09T15:39:30.6580410Z Adding repository directory to the temporary git global config as a safe directory
2023-11-09T15:39:30.6585593Z [command]/usr/bin/git config --global --add safe.directory /home/runner/work/tinuous/tinuous
2023-11-09T15:39:30.6636826Z [command]/usr/bin/git config --local --name-only --get-regexp core\.sshCommand
2023-11-09T15:39:30.6684893Z [command]/usr/bin/git submodule foreach --recursive sh -c "git config --local --name-only --get-regexp 'core\.sshCommand' && git config --local --unset-all 'core.sshCommand' || :"
2023-11-09T15:39:30.7005224Z [command]/usr/bin/git config --local --name-only --get-regexp http\.https\:\/\/github\.com\/\.extraheader
2023-11-09T15:39:30.7029317Z http.https://github.com/.extraheader
2023-11-09T15:39:30.7044708Z [command]/usr/bin/git config --local --unset-all http.https://github.com/.extraheader
2023-11-09T15:39:30.7107884Z [command]/usr/bin/git submodule foreach --recursive sh -c "git config --local --name-only --get-regexp 'http\.https\:\/\/github\.com\/\.extraheader' && git config --local --unset-all 'http.https://github.com/.extraheader' || :"
2023-11-09T15:39:30.7865723Z Cleaning up orphan processes
