2021-06-09T13:04:24.7002080Z ##[group]Run tox -e typing
2021-06-09T13:04:24.7002726Z [36;1mtox -e typing[0m
2021-06-09T13:04:24.7048133Z shell: /usr/bin/bash -e {0}
2021-06-09T13:04:24.7048525Z env:
2021-06-09T13:04:24.7049061Z   pythonLocation: /opt/hostedtoolcache/Python/3.8.10/x64
2021-06-09T13:04:24.7049750Z   LD_LIBRARY_PATH: /opt/hostedtoolcache/Python/3.8.10/x64/lib
2021-06-09T13:04:24.7050276Z ##[endgroup]
2021-06-09T13:04:25.3040455Z .package create: /home/runner/work/tinuous/tinuous/.tox/.package
2021-06-09T13:04:25.6239103Z .package installdeps: setuptools >= 46.4.0, wheel ~= 0.32
2021-06-09T13:04:29.1073514Z typing create: /home/runner/work/tinuous/tinuous/.tox/typing
2021-06-09T13:04:29.3993324Z typing installdeps: mypy~=0.570, pytest~=6.0, pytest-cov~=2.0, pytest-mock~=3.0
2021-06-09T13:04:35.3580966Z typing inst: /home/runner/work/tinuous/tinuous/.tox/.tmp/package/1/tinuous-0.2.0+39.g3df2573.tar.gz
2021-06-09T13:04:46.2576570Z typing installed: attrs==21.2.0,certifi==2021.5.30,cffi==1.14.5,chardet==4.0.0,click==8.0.1,click-loglevel==0.4.0.post1,coverage==5.5,Deprecated==1.2.12,idna==2.10,in-place==0.5.0,iniconfig==1.1.1,mypy==0.901,mypy-extensions==0.4.3,packaging==20.9,pluggy==0.13.1,py==1.10.0,pycparser==2.20,pydantic==1.8.2,PyGithub==1.55,PyJWT==2.1.0,PyNaCl==1.4.0,pyparsing==2.4.7,pytest==6.2.4,pytest-cov==2.12.1,pytest-mock==3.6.1,python-dateutil==2.8.1,python-dotenv==0.17.1,PyYAML==5.4.1,requests==2.25.1,six==1.16.0,tinuous @ file:///home/runner/work/tinuous/tinuous/.tox/.tmp/package/1/tinuous-0.2.0%2B39.g3df2573.tar.gz,toml==0.10.2,typing-extensions==3.10.0.0,urllib3==1.26.5,wrapt==1.12.1
2021-06-09T13:04:46.2597045Z typing run-test-pre: PYTHONHASHSEED='2976855461'
2021-06-09T13:04:46.2598767Z typing run-test: commands[0] | mypy src test
2021-06-09T13:04:52.0914489Z src/tinuous/util.py:11: error: Library stubs not installed for "requests" (or
2021-06-09T13:04:52.0915252Z incompatible with Python 3.8)  [import]
2021-06-09T13:04:52.0916245Z     import requests
2021-06-09T13:04:52.0916673Z     ^
2021-06-09T13:04:52.0918203Z src/tinuous/util.py:85: error: Item "int" of "Union[int, str]" has no attribute
2021-06-09T13:04:52.0919620Z "isdigit"  [union-attr]
2021-06-09T13:04:52.0920121Z             if key.isdigit():
2021-06-09T13:04:52.0920537Z                ^
2021-06-09T13:04:54.5508145Z src/tinuous/base.py:11: error: Library stubs not installed for "requests" (or
2021-06-09T13:04:54.5509017Z incompatible with Python 3.8)  [import]
2021-06-09T13:04:54.5509486Z     import requests
2021-06-09T13:04:54.5509826Z     ^
2021-06-09T13:04:54.5510915Z src/tinuous/base.py:11: note: Hint: "python3 -m pip install types-requests"
2021-06-09T13:04:54.5699567Z src/tinuous/travis.py:8: error: Library stubs not installed for
2021-06-09T13:04:54.5700330Z "dateutil.parser" (or incompatible with Python 3.8)  [import]
2021-06-09T13:04:54.5701191Z     from dateutil.parser import isoparse
2021-06-09T13:04:54.5701655Z     ^
2021-06-09T13:04:54.5985160Z src/tinuous/github.py:16: error: Library stubs not installed for "requests" (or
2021-06-09T13:04:54.5986179Z incompatible with Python 3.8)  [import]
2021-06-09T13:04:54.5986656Z     import requests
2021-06-09T13:04:54.5987019Z     ^
2021-06-09T13:04:54.6136553Z src/tinuous/appveyor.py:7: error: Library stubs not installed for
2021-06-09T13:04:54.6137507Z "dateutil.parser" (or incompatible with Python 3.8)  [import]
2021-06-09T13:04:54.6138161Z     from dateutil.parser import isoparse
2021-06-09T13:04:54.6138770Z     ^
2021-06-09T13:04:54.6140025Z src/tinuous/appveyor.py:7: note: Hint: "python3 -m pip install types-python-dateutil"
2021-06-09T13:04:56.3570915Z src/tinuous/__main__.py:12: error: Library stubs not installed for "yaml" (or
2021-06-09T13:04:56.3571723Z incompatible with Python 3.8)  [import]
2021-06-09T13:04:56.3572292Z     from yaml import safe_load
2021-06-09T13:04:56.3572970Z     ^
2021-06-09T13:04:56.3574115Z src/tinuous/__main__.py:12: note: Hint: "python3 -m pip install types-PyYAML"
2021-06-09T13:04:56.3575227Z src/tinuous/__main__.py:12: note: (or run "mypy --install-types" to install all missing stub packages)
2021-06-09T13:04:56.3576922Z src/tinuous/__main__.py:12: note: See https://mypy.readthedocs.io/en/stable/running_mypy.html#missing-imports
2021-06-09T13:04:56.4051379Z Found 7 errors in 6 files (checked 9 source files)
2021-06-09T13:04:57.0297557Z ERROR: InvocationError for command /home/runner/work/tinuous/tinuous/.tox/typing/bin/mypy src test (exited with code 1)
2021-06-09T13:04:57.0310793Z ___________________________________ summary ____________________________________
2021-06-09T13:04:57.0313246Z ERROR:   typing: commands failed
2021-06-09T13:04:57.0515727Z ##[error]Process completed with exit code 1.
