2023-11-09T15:13:28.0031063Z ##[group]Run tox -e typing
2023-11-09T15:13:28.0031592Z [36;1mtox -e typing[0m
2023-11-09T15:13:28.0077211Z shell: /usr/bin/bash -e {0}
2023-11-09T15:13:28.0077606Z env:
2023-11-09T15:13:28.0078033Z   pythonLocation: /opt/hostedtoolcache/Python/3.8.18/x64
2023-11-09T15:13:28.0078716Z   PKG_CONFIG_PATH: /opt/hostedtoolcache/Python/3.8.18/x64/lib/pkgconfig
2023-11-09T15:13:28.0079354Z   Python_ROOT_DIR: /opt/hostedtoolcache/Python/3.8.18/x64
2023-11-09T15:13:28.0079908Z   Python2_ROOT_DIR: /opt/hostedtoolcache/Python/3.8.18/x64
2023-11-09T15:13:28.0080486Z   Python3_ROOT_DIR: /opt/hostedtoolcache/Python/3.8.18/x64
2023-11-09T15:13:28.0081065Z   LD_LIBRARY_PATH: /opt/hostedtoolcache/Python/3.8.18/x64/lib
2023-11-09T15:13:28.0081542Z ##[endgroup]
2023-11-09T15:13:28.5342938Z typing: install_deps> python -I -m pip install mypy pytest pytest-cov pytest-mock types-python-dateutil types-PyYAML types-requests
2023-11-09T15:13:32.4497228Z .pkg: install_requires> python -I -m pip install 'setuptools>=46.4.0' versioningit
2023-11-09T15:13:33.8700949Z .pkg: _optional_hooks> python /opt/hostedtoolcache/Python/3.8.18/x64/lib/python3.8/site-packages/pyproject_api/_backend.py True setuptools.build_meta
2023-11-09T15:13:34.0763998Z .pkg: get_requires_for_build_sdist> python /opt/hostedtoolcache/Python/3.8.18/x64/lib/python3.8/site-packages/pyproject_api/_backend.py True setuptools.build_meta
2023-11-09T15:13:34.1802554Z .pkg: get_requires_for_build_wheel> python /opt/hostedtoolcache/Python/3.8.18/x64/lib/python3.8/site-packages/pyproject_api/_backend.py True setuptools.build_meta
2023-11-09T15:13:34.2413906Z .pkg: install_requires_for_build_wheel> python -I -m pip install wheel
2023-11-09T15:13:34.7416342Z .pkg: freeze> python -m pip freeze --all
2023-11-09T15:13:35.0388361Z .pkg: importlib-metadata==6.8.0,packaging==23.2,pip==23.3.1,setuptools==68.2.2,tomli==2.0.1,versioningit==2.2.1,wheel==0.41.2,zipp==3.17.0
2023-11-09T15:13:35.0393883Z .pkg: prepare_metadata_for_build_wheel> python /opt/hostedtoolcache/Python/3.8.18/x64/lib/python3.8/site-packages/pyproject_api/_backend.py True setuptools.build_meta
2023-11-09T15:13:35.1384699Z .pkg: build_sdist> python /opt/hostedtoolcache/Python/3.8.18/x64/lib/python3.8/site-packages/pyproject_api/_backend.py True setuptools.build_meta
2023-11-09T15:13:35.2200076Z typing: install_package_deps> python -I -m pip install 'PyYAML>=5.0' 'click-loglevel~=0.2' 'click>=7.0' 'in-place~=0.4' 'pydantic~=1.7' 'python-dateutil~=2.7' 'python-dotenv<2.0,>=0.11' 'requests~=2.20'
2023-11-09T15:13:37.0906297Z typing: install_package> python -I -m pip install --force-reinstall --no-deps /home/runner/work/tinuous/tinuous/.tox/.tmp/package/1/tinuous-0.6.1.post41+g2962496.tar.gz
2023-11-09T15:13:40.6193265Z typing: freeze> python -m pip freeze --all
2023-11-09T15:13:40.9351966Z typing: certifi==2023.7.22,charset-normalizer==3.3.2,click==8.1.7,click-loglevel==0.5.0,coverage==7.3.2,exceptiongroup==1.1.3,idna==3.4,in-place==0.5.0,iniconfig==2.0.0,mypy==1.6.1,mypy-extensions==1.0.0,packaging==23.2,pip==23.3.1,pluggy==1.3.0,pydantic==1.10.13,pytest==7.4.3,pytest-cov==4.1.0,pytest-mock==3.12.0,python-dateutil==2.8.2,python-dotenv==1.0.0,PyYAML==6.0.1,requests==2.31.0,setuptools==68.2.2,six==1.16.0,tinuous @ file:///home/runner/work/tinuous/tinuous/.tox/.tmp/package/1/tinuous-0.6.1.post41%2Bg2962496.tar.gz#sha256=3db588a9f894f73700a99845c665b2213e07f7ab838188723941f97e47253b3a,tomli==2.0.1,types-python-dateutil==2.8.19.14,types-PyYAML==6.0.12.12,types-requests==2.31.0.10,typing_extensions==4.8.0,urllib3==2.0.7,wheel==0.41.2
2023-11-09T15:13:40.9355615Z typing: commands[0]> mypy src test
2023-11-09T15:13:45.5947590Z src/tinuous/travis.py:71: error: Item "None" of "Optional[Response]" has no
2023-11-09T15:13:45.5949065Z attribute "status_code"  [union-attr]
2023-11-09T15:13:45.5949949Z                 if e.response.status_code == 404:
2023-11-09T15:13:45.5950991Z                    ^~~~~~~~~~~~~~~~~~~~~~
2023-11-09T15:13:45.6275784Z src/tinuous/github.py:330: error: Item "None" of "Optional[Response]" has no
2023-11-09T15:13:45.6277025Z attribute "status_code"  [union-attr]
2023-11-09T15:13:45.6277563Z                 if e.response.status_code in (404, 410):
2023-11-09T15:13:45.6278051Z                    ^~~~~~~~~~~~~~~~~~~~~~
2023-11-09T15:13:45.6278724Z src/tinuous/github.py:334: error: Item "None" of "Optional[Response]" has no
2023-11-09T15:13:45.6279426Z attribute "status_code"  [union-attr]
2023-11-09T15:13:45.6280012Z     ...       "Request for logs returned %d; skipping", e.response.status_cod...
2023-11-09T15:13:45.6280674Z                                                         ^~~~~~~~~~~~~~~~~~~~~~
2023-11-09T15:13:46.2472215Z Found 3 errors in 2 files (checked 15 source files)
2023-11-09T15:13:46.2614796Z typing: exit 1 (5.33 seconds) /home/runner/work/tinuous/tinuous> mypy src test pid=2009
2023-11-09T15:13:46.2622526Z .pkg: _exit> python /opt/hostedtoolcache/Python/3.8.18/x64/lib/python3.8/site-packages/pyproject_api/_backend.py True setuptools.build_meta
2023-11-09T15:13:46.2891727Z   typing: FAIL code 1 (18.07=setup[12.75]+cmd[5.33] seconds)
2023-11-09T15:13:46.2892637Z   evaluation failed :( (18.14 seconds)
2023-11-09T15:13:46.3145282Z ##[error]Process completed with exit code 1.
