2023-11-09T15:09:17.4291647Z ##[group]Run tox -e typing
2023-11-09T15:09:17.4292132Z [36;1mtox -e typing[0m
2023-11-09T15:09:17.4337528Z shell: /usr/bin/bash -e {0}
2023-11-09T15:09:17.4338091Z env:
2023-11-09T15:09:17.4338502Z   pythonLocation: /opt/hostedtoolcache/Python/3.8.18/x64
2023-11-09T15:09:17.4339233Z   PKG_CONFIG_PATH: /opt/hostedtoolcache/Python/3.8.18/x64/lib/pkgconfig
2023-11-09T15:09:17.4339925Z   Python_ROOT_DIR: /opt/hostedtoolcache/Python/3.8.18/x64
2023-11-09T15:09:17.4340525Z   Python2_ROOT_DIR: /opt/hostedtoolcache/Python/3.8.18/x64
2023-11-09T15:09:17.4341078Z   Python3_ROOT_DIR: /opt/hostedtoolcache/Python/3.8.18/x64
2023-11-09T15:09:17.4341698Z   LD_LIBRARY_PATH: /opt/hostedtoolcache/Python/3.8.18/x64/lib
2023-11-09T15:09:17.4342196Z ##[endgroup]
2023-11-09T15:09:17.9733900Z typing: install_deps> python -I -m pip install mypy pytest pytest-cov pytest-mock types-python-dateutil types-PyYAML types-requests
2023-11-09T15:09:22.0331369Z .pkg: install_requires> python -I -m pip install 'setuptools>=46.4.0' versioningit
2023-11-09T15:09:23.4989753Z .pkg: _optional_hooks> python /opt/hostedtoolcache/Python/3.8.18/x64/lib/python3.8/site-packages/pyproject_api/_backend.py True setuptools.build_meta
2023-11-09T15:09:23.7160339Z .pkg: get_requires_for_build_sdist> python /opt/hostedtoolcache/Python/3.8.18/x64/lib/python3.8/site-packages/pyproject_api/_backend.py True setuptools.build_meta
2023-11-09T15:09:23.8262647Z .pkg: get_requires_for_build_wheel> python /opt/hostedtoolcache/Python/3.8.18/x64/lib/python3.8/site-packages/pyproject_api/_backend.py True setuptools.build_meta
2023-11-09T15:09:23.8893460Z .pkg: install_requires_for_build_wheel> python -I -m pip install wheel
2023-11-09T15:09:24.4135185Z .pkg: freeze> python -m pip freeze --all
2023-11-09T15:09:24.7253457Z .pkg: importlib-metadata==6.8.0,packaging==23.2,pip==23.3.1,setuptools==68.2.2,tomli==2.0.1,versioningit==2.2.1,wheel==0.41.2,zipp==3.17.0
2023-11-09T15:09:24.7258974Z .pkg: prepare_metadata_for_build_wheel> python /opt/hostedtoolcache/Python/3.8.18/x64/lib/python3.8/site-packages/pyproject_api/_backend.py True setuptools.build_meta
2023-11-09T15:09:24.8264789Z .pkg: build_sdist> python /opt/hostedtoolcache/Python/3.8.18/x64/lib/python3.8/site-packages/pyproject_api/_backend.py True setuptools.build_meta
2023-11-09T15:09:24.9113384Z typing: install_package_deps> python -I -m pip install 'PyYAML>=5.0' 'click-loglevel~=0.2' 'click>=7.0' 'in-place~=0.4' 'pydantic~=1.7' 'python-dateutil~=2.7' 'python-dotenv<2.0,>=0.11' 'requests~=2.20'
2023-11-09T15:09:26.8883502Z typing: install_package> python -I -m pip install --force-reinstall --no-deps /home/runner/work/tinuous/tinuous/.tox/.tmp/package/1/tinuous-0.6.1.post43+g4296b07.tar.gz
2023-11-09T15:09:30.5236947Z typing: freeze> python -m pip freeze --all
2023-11-09T15:09:30.8454337Z typing: certifi==2023.7.22,charset-normalizer==3.3.2,click==8.1.7,click-loglevel==0.5.0,coverage==7.3.2,exceptiongroup==1.1.3,idna==3.4,in-place==0.5.0,iniconfig==2.0.0,mypy==1.6.1,mypy-extensions==1.0.0,packaging==23.2,pip==23.3.1,pluggy==1.3.0,pydantic==1.10.13,pytest==7.4.3,pytest-cov==4.1.0,pytest-mock==3.12.0,python-dateutil==2.8.2,python-dotenv==1.0.0,PyYAML==6.0.1,requests==2.31.0,setuptools==68.2.2,six==1.16.0,tinuous @ file:///home/runner/work/tinuous/tinuous/.tox/.tmp/package/1/tinuous-0.6.1.post43%2Bg4296b07.tar.gz#sha256=4441947ca9dc63bd6fc8b817cf4a5bd9f726180abdd4e9398c6c92adde8a1fb5,tomli==2.0.1,types-python-dateutil==2.8.19.14,types-PyYAML==6.0.12.12,types-requests==2.31.0.10,typing_extensions==4.8.0,urllib3==2.0.7,wheel==0.41.2
2023-11-09T15:09:30.8458597Z typing: commands[0]> mypy src test
2023-11-09T15:09:35.6018189Z src/tinuous/travis.py:71: error: Item "None" of "Optional[Response]" has no
2023-11-09T15:09:35.6019363Z attribute "status_code"  [union-attr]
2023-11-09T15:09:35.6019901Z                 if e.response.status_code == 404:
2023-11-09T15:09:35.6020634Z                    ^~~~~~~~~~~~~~~~~~~~~~
2023-11-09T15:09:35.6358608Z src/tinuous/github.py:330: error: Item "None" of "Optional[Response]" has no
2023-11-09T15:09:35.6360631Z attribute "status_code"  [union-attr]
2023-11-09T15:09:35.6361671Z                 if e.response.status_code in (404, 410):
2023-11-09T15:09:35.6362565Z                    ^~~~~~~~~~~~~~~~~~~~~~
2023-11-09T15:09:35.6363664Z src/tinuous/github.py:334: error: Item "None" of "Optional[Response]" has no
2023-11-09T15:09:35.6365062Z attribute "status_code"  [union-attr]
2023-11-09T15:09:35.6366073Z     ...       "Request for logs returned %d; skipping", e.response.status_cod...
2023-11-09T15:09:35.6367194Z                                                         ^~~~~~~~~~~~~~~~~~~~~~
2023-11-09T15:09:36.2841716Z Found 3 errors in 2 files (checked 15 source files)
2023-11-09T15:09:36.2984687Z typing: exit 1 (5.45 seconds) /home/runner/work/tinuous/tinuous> mypy src test pid=2024
2023-11-09T15:09:36.2995382Z .pkg: _exit> python /opt/hostedtoolcache/Python/3.8.18/x64/lib/python3.8/site-packages/pyproject_api/_backend.py True setuptools.build_meta
2023-11-09T15:09:36.3266336Z   typing: FAIL code 1 (18.65=setup[13.20]+cmd[5.45] seconds)
2023-11-09T15:09:36.3267441Z   evaluation failed :( (18.74 seconds)
2023-11-09T15:09:36.3544087Z ##[error]Process completed with exit code 1.
