2021-04-27T21:44:08.2944876Z ##[section]Starting: Request a runner to run this job
2021-04-27T21:44:08.4823686Z Can't find any online and idle self-hosted runner in current repository that matches the required labels: 'ubuntu-latest'
2021-04-27T21:44:08.4823828Z Can't find any online and idle self-hosted runner in current repository's account/organization that matches the required labels: 'ubuntu-latest'
2021-04-27T21:44:08.4824217Z Found online and idle hosted runner in current repository's account/organization that matches the required labels: 'ubuntu-latest'
2021-04-27T21:44:08.6606333Z ##[section]Finishing: Request a runner to run this job
2021-04-27T21:44:17.2280837Z Current runner version: '2.278.0'
2021-04-27T21:44:17.2312638Z ##[group]Operating System
2021-04-27T21:44:17.2313612Z Ubuntu
2021-04-27T21:44:17.2314157Z 20.04.2
2021-04-27T21:44:17.2314611Z LTS
2021-04-27T21:44:17.2315197Z ##[endgroup]
2021-04-27T21:44:17.2315787Z ##[group]Virtual Environment
2021-04-27T21:44:17.2316533Z Environment: ubuntu-20.04
2021-04-27T21:44:17.2317123Z Version: 20210425.1
2021-04-27T21:44:17.2318264Z Included Software: https://github.com/actions/virtual-environments/blob/ubuntu20/20210425.1/images/linux/Ubuntu2004-README.md
2021-04-27T21:44:17.2319917Z Image Release: https://github.com/actions/virtual-environments/releases/tag/ubuntu20%2F20210425.1
2021-04-27T21:44:17.2320806Z ##[endgroup]
2021-04-27T21:44:17.2322740Z ##[group]GITHUB_TOKEN Permissions
2021-04-27T21:44:17.2324025Z Actions: write
2021-04-27T21:44:17.2324557Z Checks: write
2021-04-27T21:44:17.2325120Z Contents: write
2021-04-27T21:44:17.2325649Z Deployments: write
2021-04-27T21:44:17.2326297Z Issues: write
2021-04-27T21:44:17.2326859Z Metadata: read
2021-04-27T21:44:17.2327446Z Packages: write
2021-04-27T21:44:17.2327987Z PullRequests: write
2021-04-27T21:44:17.2328665Z RepositoryProjects: write
2021-04-27T21:44:17.2329305Z SecurityEvents: write
2021-04-27T21:44:17.2329915Z Statuses: write
2021-04-27T21:44:17.2330516Z ##[endgroup]
2021-04-27T21:44:17.2333637Z Prepare workflow directory
2021-04-27T21:44:17.3010336Z Prepare all required actions
2021-04-27T21:44:17.3022422Z Getting action download info
2021-04-27T21:44:17.7420363Z Download action repository 'actions/checkout@v2'
2021-04-27T21:44:19.7308473Z Download action repository 'actions/setup-python@v2'
2021-04-27T21:44:20.2314025Z ##[group]Run actions/checkout@v2
2021-04-27T21:44:20.2314718Z with:
2021-04-27T21:44:20.2315160Z   repository: con/tinuous
2021-04-27T21:44:20.2316141Z   token: ***
2021-04-27T21:44:20.2316585Z   ssh-strict: true
2021-04-27T21:44:20.2317143Z   persist-credentials: true
2021-04-27T21:44:20.2317685Z   clean: true
2021-04-27T21:44:20.2318115Z   fetch-depth: 1
2021-04-27T21:44:20.2318572Z   lfs: false
2021-04-27T21:44:20.2318994Z   submodules: false
2021-04-27T21:44:20.2319452Z ##[endgroup]
2021-04-27T21:44:20.4698140Z Syncing repository: con/tinuous
2021-04-27T21:44:20.4718062Z ##[group]Getting Git version info
2021-04-27T21:44:20.4719339Z Working directory is '/home/runner/work/tinuous/tinuous'
2021-04-27T21:44:20.4770376Z [command]/usr/bin/git version
2021-04-27T21:44:20.4929442Z git version 2.31.1
2021-04-27T21:44:20.4952095Z ##[endgroup]
2021-04-27T21:44:20.4959153Z Deleting the contents of '/home/runner/work/tinuous/tinuous'
2021-04-27T21:44:20.4963136Z ##[group]Initializing the repository
2021-04-27T21:44:20.4967036Z [command]/usr/bin/git init /home/runner/work/tinuous/tinuous
2021-04-27T21:44:20.5045599Z hint: Using 'master' as the name for the initial branch. This default branch name
2021-04-27T21:44:20.5046509Z hint: is subject to change. To configure the initial branch name to use in all
2021-04-27T21:44:20.5047550Z hint: of your new repositories, which will suppress this warning, call:
2021-04-27T21:44:20.5048345Z hint: 
2021-04-27T21:44:20.5049156Z hint: 	git config --global init.defaultBranch <name>
2021-04-27T21:44:20.5049751Z hint: 
2021-04-27T21:44:20.5050536Z hint: Names commonly chosen instead of 'master' are 'main', 'trunk' and
2021-04-27T21:44:20.5051638Z hint: 'development'. The just-created branch can be renamed via this command:
2021-04-27T21:44:20.5052307Z hint: 
2021-04-27T21:44:20.5052873Z hint: 	git branch -m <name>
2021-04-27T21:44:20.5053908Z Initialized empty Git repository in /home/runner/work/tinuous/tinuous/.git/
2021-04-27T21:44:20.5061680Z [command]/usr/bin/git remote add origin https://github.com/con/tinuous
2021-04-27T21:44:20.5102513Z ##[endgroup]
2021-04-27T21:44:20.5103463Z ##[group]Disabling automatic garbage collection
2021-04-27T21:44:20.5107306Z [command]/usr/bin/git config --local gc.auto 0
2021-04-27T21:44:20.5143393Z ##[endgroup]
2021-04-27T21:44:21.0384573Z ##[group]Setting up auth
2021-04-27T21:44:21.0386091Z [command]/usr/bin/git config --local --name-only --get-regexp core\.sshCommand
2021-04-27T21:44:21.0387986Z [command]/usr/bin/git submodule foreach --recursive git config --local --name-only --get-regexp 'core\.sshCommand' && git config --local --unset-all 'core.sshCommand' || :
2021-04-27T21:44:21.0389885Z [command]/usr/bin/git config --local --name-only --get-regexp http\.https\:\/\/github\.com\/\.extraheader
2021-04-27T21:44:21.0392182Z [command]/usr/bin/git submodule foreach --recursive git config --local --name-only --get-regexp 'http\.https\:\/\/github\.com\/\.extraheader' && git config --local --unset-all 'http.https://github.com/.extraheader' || :
2021-04-27T21:44:21.0394412Z [command]/usr/bin/git config --local http.https://github.com/.extraheader AUTHORIZATION: basic ***
2021-04-27T21:44:21.0395542Z ##[endgroup]
2021-04-27T21:44:21.0396278Z ##[group]Fetching the repository
2021-04-27T21:44:21.0398161Z [command]/usr/bin/git -c protocol.version=2 fetch --no-tags --prune --progress --no-recurse-submodules --depth=1 origin +49188ae68419d14c5be93f8c3c805e4494188ac2:refs/remotes/origin/master
2021-04-27T21:44:21.0399754Z remote: Enumerating objects: 21, done.        
2021-04-27T21:44:21.0401084Z remote: Counting objects:   4% (1/21)        
2021-04-27T21:44:21.0402486Z remote: Counting objects:   9% (2/21)        
2021-04-27T21:44:21.0403303Z remote: Counting objects:  14% (3/21)        
2021-04-27T21:44:21.0404073Z remote: Counting objects:  19% (4/21)        
2021-04-27T21:44:21.0404822Z remote: Counting objects:  23% (5/21)        
2021-04-27T21:44:21.0405580Z remote: Counting objects:  28% (6/21)        
2021-04-27T21:44:21.0406537Z remote: Counting objects:  33% (7/21)        
2021-04-27T21:44:21.0407324Z remote: Counting objects:  38% (8/21)        
2021-04-27T21:44:21.0408087Z remote: Counting objects:  42% (9/21)        
2021-04-27T21:44:21.0408834Z remote: Counting objects:  47% (10/21)        
2021-04-27T21:44:21.0409595Z remote: Counting objects:  52% (11/21)        
2021-04-27T21:44:21.0410463Z remote: Counting objects:  57% (12/21)        
2021-04-27T21:44:21.0411399Z remote: Counting objects:  61% (13/21)        
2021-04-27T21:44:21.0412381Z remote: Counting objects:  66% (14/21)        
2021-04-27T21:44:21.0413140Z remote: Counting objects:  71% (15/21)        
2021-04-27T21:44:21.0413908Z remote: Counting objects:  76% (16/21)        
2021-04-27T21:44:21.0414663Z remote: Counting objects:  80% (17/21)        
2021-04-27T21:44:21.0415410Z remote: Counting objects:  85% (18/21)        
2021-04-27T21:44:21.0416593Z remote: Counting objects:  90% (19/21)        
2021-04-27T21:44:21.0417463Z remote: Counting objects:  95% (20/21)        
2021-04-27T21:44:21.0418071Z remote: Counting objects: 100% (21/21)        
2021-04-27T21:44:21.0418697Z remote: Counting objects: 100% (21/21), done.        
2021-04-27T21:44:21.0419341Z remote: Compressing objects:   6% (1/16)        
2021-04-27T21:44:21.0420406Z remote: Compressing objects:  12% (2/16)        
2021-04-27T21:44:21.0421053Z remote: Compressing objects:  18% (3/16)        
2021-04-27T21:44:21.0421718Z remote: Compressing objects:  25% (4/16)        
2021-04-27T21:44:21.0422355Z remote: Compressing objects:  31% (5/16)        
2021-04-27T21:44:21.0423006Z remote: Compressing objects:  37% (6/16)        
2021-04-27T21:44:21.0423649Z remote: Compressing objects:  43% (7/16)        
2021-04-27T21:44:21.0424284Z remote: Compressing objects:  50% (8/16)        
2021-04-27T21:44:21.0424932Z remote: Compressing objects:  56% (9/16)        
2021-04-27T21:44:21.0425577Z remote: Compressing objects:  62% (10/16)        
2021-04-27T21:44:21.0426242Z remote: Compressing objects:  68% (11/16)        
2021-04-27T21:44:21.0426881Z remote: Compressing objects:  75% (12/16)        
2021-04-27T21:44:21.0427532Z remote: Compressing objects:  81% (13/16)        
2021-04-27T21:44:21.0428391Z remote: Compressing objects:  87% (14/16)        
2021-04-27T21:44:21.0446465Z remote: Compressing objects:  93% (15/16)        
2021-04-27T21:44:21.0447403Z remote: Compressing objects: 100% (16/16)        
2021-04-27T21:44:21.0448465Z remote: Compressing objects: 100% (16/16), done.        
2021-04-27T21:44:21.0449883Z remote: Total 21 (delta 1), reused 14 (delta 1), pack-reused 0        
2021-04-27T21:44:21.0450847Z From https://github.com/con/tinuous
2021-04-27T21:44:21.0452129Z  * [new ref]         49188ae68419d14c5be93f8c3c805e4494188ac2 -> origin/master
2021-04-27T21:44:21.0453103Z ##[endgroup]
2021-04-27T21:44:21.0453857Z ##[group]Determining the checkout info
2021-04-27T21:44:21.0454570Z ##[endgroup]
2021-04-27T21:44:21.0455251Z ##[group]Checking out the ref
2021-04-27T21:44:21.0456716Z [command]/usr/bin/git checkout --progress --force -B master refs/remotes/origin/master
2021-04-27T21:44:21.0457861Z Reset branch 'master'
2021-04-27T21:44:21.0458942Z Branch 'master' set up to track remote branch 'master' from 'origin'.
2021-04-27T21:44:21.0459760Z ##[endgroup]
2021-04-27T21:44:21.0460665Z [command]/usr/bin/git log -1 --format='%H'
2021-04-27T21:44:21.0461731Z '49188ae68419d14c5be93f8c3c805e4494188ac2'
2021-04-27T21:44:21.0590961Z ##[group]Run actions/setup-python@v2
2021-04-27T21:44:21.0591671Z with:
2021-04-27T21:44:21.0592134Z   python-version: 3.9
2021-04-27T21:44:21.0593103Z   token: ***
2021-04-27T21:44:21.0593534Z ##[endgroup]
2021-04-27T21:44:21.1291343Z Successfully setup CPython (3.9.4)
2021-04-27T21:44:21.1357745Z ##[group]Run python -m pip install --upgrade pip wheel
2021-04-27T21:44:21.1358565Z [36;1mpython -m pip install --upgrade pip wheel[0m
2021-04-27T21:44:21.1359190Z [36;1mpython -m pip install .[0m
2021-04-27T21:44:21.1419818Z shell: /usr/bin/bash -e {0}
2021-04-27T21:44:21.1420284Z env:
2021-04-27T21:44:21.1420890Z   pythonLocation: /opt/hostedtoolcache/Python/3.9.4/x64
2021-04-27T21:44:21.1421724Z   LD_LIBRARY_PATH: /opt/hostedtoolcache/Python/3.9.4/x64/lib
2021-04-27T21:44:21.1422330Z ##[endgroup]
2021-04-27T21:44:23.4158897Z WARNING: Value for scheme.headers does not match. Please report this to <https://github.com/pypa/pip/issues/9617>
2021-04-27T21:44:23.4186565Z distutils: /opt/hostedtoolcache/Python/3.9.4/x64/include/python3.9/UNKNOWN
2021-04-27T21:44:23.4188987Z sysconfig: /opt/hostedtoolcache/Python/3.9.4/x64/include/python3.9
2021-04-27T21:44:23.4190016Z WARNING: Additional context:
2021-04-27T21:44:23.4190735Z user = False
2021-04-27T21:44:23.4191368Z home = None
2021-04-27T21:44:23.4192046Z root = None
2021-04-27T21:44:23.4193156Z prefix = None
2021-04-27T21:44:23.5096344Z Requirement already satisfied: pip in /opt/hostedtoolcache/Python/3.9.4/x64/lib/python3.9/site-packages (21.1)
2021-04-27T21:44:23.7519039Z Collecting wheel
2021-04-27T21:44:23.7932522Z   Downloading wheel-0.36.2-py2.py3-none-any.whl (35 kB)
2021-04-27T21:44:23.8518700Z Installing collected packages: wheel
2021-04-27T21:44:23.8849138Z WARNING: Value for scheme.headers does not match. Please report this to <https://github.com/pypa/pip/issues/9617>
2021-04-27T21:44:23.8850934Z distutils: /opt/hostedtoolcache/Python/3.9.4/x64/include/python3.9/UNKNOWN
2021-04-27T21:44:23.8852195Z sysconfig: /opt/hostedtoolcache/Python/3.9.4/x64/include/python3.9
2021-04-27T21:44:23.8853363Z WARNING: Additional context:
2021-04-27T21:44:23.8854123Z user = False
2021-04-27T21:44:23.8854752Z home = None
2021-04-27T21:44:23.8855389Z root = None
2021-04-27T21:44:23.8856257Z prefix = None
2021-04-27T21:44:23.8861079Z Successfully installed wheel-0.36.2
2021-04-27T21:44:24.3636504Z WARNING: Value for scheme.headers does not match. Please report this to <https://github.com/pypa/pip/issues/9617>
2021-04-27T21:44:24.3639969Z distutils: /opt/hostedtoolcache/Python/3.9.4/x64/include/python3.9/UNKNOWN
2021-04-27T21:44:24.3642601Z sysconfig: /opt/hostedtoolcache/Python/3.9.4/x64/include/python3.9
2021-04-27T21:44:24.3647800Z WARNING: Additional context:
2021-04-27T21:44:24.3682501Z user = False
2021-04-27T21:44:24.3683061Z home = None
2021-04-27T21:44:24.3683526Z root = None
2021-04-27T21:44:24.3684107Z prefix = None
2021-04-27T21:44:24.4567914Z Processing /home/runner/work/tinuous/tinuous
2021-04-27T21:44:24.4579158Z   DEPRECATION: A future pip version will change local packages to be built in-place without first copying to a temporary directory. We recommend you use --use-feature=in-tree-build to test your packages with this new behavior before it becomes the default.
2021-04-27T21:44:24.4582212Z    pip 21.3 will remove support for this functionality. You can find discussion regarding this at https://github.com/pypa/pip/issues/7555.
2021-04-27T21:44:25.3439575Z   Installing build dependencies: started
2021-04-27T21:44:27.9906360Z   Installing build dependencies: finished with status 'done'
2021-04-27T21:44:27.9959399Z   Getting requirements to build wheel: started
2021-04-27T21:44:28.5825867Z   Getting requirements to build wheel: finished with status 'done'
2021-04-27T21:44:28.5859370Z     Preparing wheel metadata: started
2021-04-27T21:44:28.8942177Z     Preparing wheel metadata: finished with status 'done'
2021-04-27T21:44:29.1460673Z Collecting pydantic~=1.7
2021-04-27T21:44:29.1837033Z   Downloading pydantic-1.8.1-cp39-cp39-manylinux2014_x86_64.whl (11.3 MB)
2021-04-27T21:44:30.2319203Z Collecting PyYAML~=5.0
2021-04-27T21:44:30.2329453Z   Downloading PyYAML-5.4.1-cp39-cp39-manylinux1_x86_64.whl (630 kB)
2021-04-27T21:44:30.2332536Z Collecting python-dateutil~=2.7
2021-04-27T21:44:30.2333835Z   Downloading python_dateutil-2.8.1-py2.py3-none-any.whl (227 kB)
2021-04-27T21:44:30.2334743Z Collecting requests~=2.20
2021-04-27T21:44:30.2335912Z   Downloading requests-2.25.1-py2.py3-none-any.whl (61 kB)
2021-04-27T21:44:30.2336877Z Collecting in-place~=0.4
2021-04-27T21:44:30.2337753Z   Downloading in_place-0.5.0-py3-none-any.whl (9.1 kB)
2021-04-27T21:44:30.2338470Z Collecting PyGithub~=1.53
2021-04-27T21:44:30.2339395Z   Downloading PyGithub-1.55-py3-none-any.whl (291 kB)
2021-04-27T21:44:30.2340338Z Collecting click-loglevel~=0.2
2021-04-27T21:44:30.2341330Z   Downloading click_loglevel-0.3.0-py3-none-any.whl (5.0 kB)
2021-04-27T21:44:30.2342085Z Collecting click~=7.0
2021-04-27T21:44:30.2342960Z   Downloading click-7.1.2-py2.py3-none-any.whl (82 kB)
2021-04-27T21:44:30.2343701Z Collecting datalad~=0.14
2021-04-27T21:44:30.2344471Z   Downloading datalad-0.14.2.tar.gz (1.6 MB)
2021-04-27T21:44:30.4986556Z   Installing build dependencies: started
2021-04-27T21:44:33.1384487Z   Installing build dependencies: finished with status 'done'
2021-04-27T21:44:33.1467812Z   Getting requirements to build wheel: started
2021-04-27T21:44:33.5798185Z   Getting requirements to build wheel: finished with status 'done'
2021-04-27T21:44:33.5836292Z     Preparing wheel metadata: started
2021-04-27T21:44:34.0866685Z     Preparing wheel metadata: finished with status 'done'
2021-04-27T21:44:34.2764349Z Collecting fasteners>=0.14
2021-04-27T21:44:34.2846113Z   Downloading fasteners-0.16-py2.py3-none-any.whl (28 kB)
2021-04-27T21:44:34.4200329Z Collecting keyring>=8.0
2021-04-27T21:44:34.4331194Z   Downloading keyring-23.0.1-py3-none-any.whl (33 kB)
2021-04-27T21:44:34.5379922Z Collecting whoosh
2021-04-27T21:44:34.5458875Z   Downloading Whoosh-2.7.4-py2.py3-none-any.whl (468 kB)
2021-04-27T21:44:34.6625147Z Collecting msgpack
2021-04-27T21:44:34.6915505Z   Downloading msgpack-1.0.2-cp39-cp39-manylinux1_x86_64.whl (294 kB)
2021-04-27T21:44:34.7399141Z Collecting keyrings.alt
2021-04-27T21:44:34.7488331Z   Downloading keyrings.alt-4.0.2-py3-none-any.whl (20 kB)
2021-04-27T21:44:34.7782233Z Collecting jsmin
2021-04-27T21:44:34.7865081Z   Downloading jsmin-2.2.2.tar.gz (12 kB)
2021-04-27T21:44:35.5323766Z Collecting wrapt
2021-04-27T21:44:35.5417640Z   Downloading wrapt-1.12.1.tar.gz (27 kB)
2021-04-27T21:44:35.8138920Z Collecting chardet>=3.0.4
2021-04-27T21:44:35.8238671Z   Downloading chardet-4.0.0-py2.py3-none-any.whl (178 kB)
2021-04-27T21:44:35.8587064Z Collecting annexremote
2021-04-27T21:44:35.8676222Z   Downloading annexremote-1.5.0-py3-none-any.whl (25 kB)
2021-04-27T21:44:35.8928454Z Collecting patool>=1.7
2021-04-27T21:44:35.9018333Z   Downloading patool-1.12-py2.py3-none-any.whl (77 kB)
2021-04-27T21:44:35.9453369Z Collecting appdirs
2021-04-27T21:44:35.9533829Z   Downloading appdirs-1.4.4-py2.py3-none-any.whl (9.6 kB)
2021-04-27T21:44:35.9846185Z Collecting iso8601
2021-04-27T21:44:35.9933817Z   Downloading iso8601-0.1.14-py2.py3-none-any.whl (9.5 kB)
2021-04-27T21:44:36.0525942Z Collecting boto
2021-04-27T21:44:36.0646292Z   Downloading boto-2.49.0-py2.py3-none-any.whl (1.4 MB)
2021-04-27T21:44:36.2041675Z Collecting simplejson
2021-04-27T21:44:36.2132086Z   Downloading simplejson-3.17.2.tar.gz (83 kB)
2021-04-27T21:44:36.5947083Z Collecting tqdm
2021-04-27T21:44:36.6028840Z   Downloading tqdm-4.60.0-py2.py3-none-any.whl (75 kB)
2021-04-27T21:44:36.6354290Z Collecting distro
2021-04-27T21:44:36.6465473Z   Downloading distro-1.5.0-py2.py3-none-any.whl (18 kB)
2021-04-27T21:44:36.6879337Z Collecting humanize
2021-04-27T21:44:36.7039211Z   Downloading humanize-3.4.1-py3-none-any.whl (73 kB)
2021-04-27T21:44:36.7497691Z Collecting six
2021-04-27T21:44:36.7586100Z   Downloading six-1.15.0-py2.py3-none-any.whl (10 kB)
2021-04-27T21:44:36.8726232Z Collecting importlib-metadata>=3.6
2021-04-27T21:44:36.8851762Z   Downloading importlib_metadata-4.0.1-py3-none-any.whl (16 kB)
2021-04-27T21:44:36.9185542Z Collecting SecretStorage>=3.2
2021-04-27T21:44:36.9259563Z   Downloading SecretStorage-3.3.1-py3-none-any.whl (15 kB)
2021-04-27T21:44:36.9554762Z Collecting jeepney>=0.4.2
2021-04-27T21:44:36.9637504Z   Downloading jeepney-0.6.0-py3-none-any.whl (45 kB)
2021-04-27T21:44:37.0385484Z Collecting zipp>=0.5
2021-04-27T21:44:37.0715806Z   Downloading zipp-3.4.1-py3-none-any.whl (5.2 kB)
2021-04-27T21:44:37.1198584Z Collecting typing-extensions>=3.7.4.3
2021-04-27T21:44:37.1280492Z   Downloading typing_extensions-3.7.4.3-py3-none-any.whl (22 kB)
2021-04-27T21:44:37.1829356Z Collecting pyjwt>=2.0
2021-04-27T21:44:37.1925527Z   Downloading PyJWT-2.0.1-py3-none-any.whl (15 kB)
2021-04-27T21:44:37.2353787Z Collecting deprecated
2021-04-27T21:44:37.2437635Z   Downloading Deprecated-1.2.12-py2.py3-none-any.whl (9.5 kB)
2021-04-27T21:44:37.3230949Z Collecting pynacl>=1.4.0
2021-04-27T21:44:37.3375266Z   Downloading PyNaCl-1.4.0-cp35-abi3-manylinux1_x86_64.whl (961 kB)
2021-04-27T21:44:37.7710701Z Collecting cffi>=1.4.1
2021-04-27T21:44:37.7847392Z   Downloading cffi-1.14.5-cp39-cp39-manylinux1_x86_64.whl (406 kB)
2021-04-27T21:44:37.8227124Z Collecting pycparser
2021-04-27T21:44:37.8312050Z   Downloading pycparser-2.20-py2.py3-none-any.whl (112 kB)
2021-04-27T21:44:37.9032195Z Collecting certifi>=2017.4.17
2021-04-27T21:44:37.9119372Z   Downloading certifi-2020.12.5-py2.py3-none-any.whl (147 kB)
2021-04-27T21:44:37.9470599Z Collecting idna<3,>=2.5
2021-04-27T21:44:37.9546173Z   Downloading idna-2.10-py2.py3-none-any.whl (58 kB)
2021-04-27T21:44:38.0230618Z Collecting urllib3<1.27,>=1.21.1
2021-04-27T21:44:38.0314525Z   Downloading urllib3-1.26.4-py2.py3-none-any.whl (153 kB)
2021-04-27T21:44:38.5374853Z Collecting cryptography>=2.0
2021-04-27T21:44:38.5494718Z   Downloading cryptography-3.4.7-cp36-abi3-manylinux2014_x86_64.whl (3.2 MB)
2021-04-27T21:44:38.7221908Z Collecting future
2021-04-27T21:44:38.7307406Z   Downloading future-0.18.2.tar.gz (829 kB)
2021-04-27T21:44:39.2092241Z Requirement already satisfied: setuptools in /opt/hostedtoolcache/Python/3.9.4/x64/lib/python3.9/site-packages (from humanize->datalad~=0.14->tinuous==0+untagged.1.g49188ae) (49.2.1)
2021-04-27T21:44:39.3325677Z Building wheels for collected packages: tinuous, datalad, wrapt, future, jsmin, simplejson
2021-04-27T21:44:39.3347494Z   Building wheel for tinuous (PEP 517): started
2021-04-27T21:44:39.6715250Z   Building wheel for tinuous (PEP 517): finished with status 'done'
2021-04-27T21:44:39.6724250Z   Created wheel for tinuous: filename=tinuous-0+untagged.1.g49188ae-py3-none-any.whl size=14227 sha256=809d2af54d6082829d710af82a82f0e2f047e0b2dcb327bc839c9c2dffc74409
2021-04-27T21:44:39.6727483Z   Stored in directory: /tmp/pip-ephem-wheel-cache-mvsl9imz/wheels/90/c4/03/917c42adcde0fda113460da55703d811beff51352ae68a48ef
2021-04-27T21:44:39.6760031Z   Building wheel for datalad (PEP 517): started
2021-04-27T21:44:40.6356625Z   Building wheel for datalad (PEP 517): finished with status 'done'
2021-04-27T21:44:40.6436081Z   Created wheel for datalad: filename=datalad-0.14.2-py3-none-any.whl size=1603393 sha256=7ac9b0084c1b47e61bd69e93d32e6d57777768de029cab710924cbbe5c45cea3
2021-04-27T21:44:40.6440019Z   Stored in directory: /home/runner/.cache/pip/wheels/d8/48/3f/12d27b732161b109efb697a979af55e8c1808ea87d68839bda
2021-04-27T21:44:40.6504312Z   Building wheel for wrapt (setup.py): started
2021-04-27T21:44:42.1387661Z   Building wheel for wrapt (setup.py): finished with status 'done'
2021-04-27T21:44:42.1401047Z   Created wheel for wrapt: filename=wrapt-1.12.1-cp39-cp39-linux_x86_64.whl size=78687 sha256=de83b8ec8c5ffbc64f977a37967cadf49fe259614050746778b342157041e27a
2021-04-27T21:44:42.1403385Z   Stored in directory: /home/runner/.cache/pip/wheels/98/23/68/efe259aaca055e93b08e74fbe512819c69a2155c11ba3c0f10
2021-04-27T21:44:42.1445880Z   Building wheel for future (setup.py): started
2021-04-27T21:44:42.6193138Z   Building wheel for future (setup.py): finished with status 'done'
2021-04-27T21:44:42.6219420Z   Created wheel for future: filename=future-0.18.2-py3-none-any.whl size=491059 sha256=65e86f6c22a0405284c634681e6bf3f6afbffd635a7a1569f4c8bf0a04422f0c
2021-04-27T21:44:42.6221942Z   Stored in directory: /home/runner/.cache/pip/wheels/2f/a0/d3/4030d9f80e6b3be787f19fc911b8e7aa462986a40ab1e4bb94
2021-04-27T21:44:42.6263988Z   Building wheel for jsmin (setup.py): started
2021-04-27T21:44:43.9575953Z   Building wheel for jsmin (setup.py): finished with status 'done'
2021-04-27T21:44:43.9587837Z   Created wheel for jsmin: filename=jsmin-2.2.2-py3-none-any.whl size=13920 sha256=b9ab731565f9550388d4a57b78d0239c6bb07bb9484a444b0240b68ff847398f
2021-04-27T21:44:43.9590041Z   Stored in directory: /home/runner/.cache/pip/wheels/40/dd/1e/fa3c36f3dda73beb0d0d2cd44ca9bf5119ea8881e99fc45e6d
2021-04-27T21:44:43.9616370Z   Building wheel for simplejson (setup.py): started
2021-04-27T21:44:45.5948030Z   Building wheel for simplejson (setup.py): finished with status 'done'
2021-04-27T21:44:45.5970446Z   Created wheel for simplejson: filename=simplejson-3.17.2-cp39-cp39-linux_x86_64.whl size=135294 sha256=f0a0dcf0729f248f2bbdab447cf41f1c5f42ca3d44cda0abd86751d0fa5b2e03
2021-04-27T21:44:45.5973192Z   Stored in directory: /home/runner/.cache/pip/wheels/a2/c7/6a/2dabbded050716dd50faef2145e3ffa509b0d3895899c599f5
2021-04-27T21:44:45.6009637Z Successfully built tinuous datalad wrapt future jsmin simplejson
2021-04-27T21:44:46.0162890Z Installing collected packages: pycparser, cffi, zipp, wrapt, urllib3, six, jeepney, idna, cryptography, chardet, certifi, SecretStorage, requests, pynacl, pyjwt, importlib-metadata, future, deprecated, whoosh, typing-extensions, tqdm, simplejson, PyGithub, patool, msgpack, keyrings.alt, keyring, jsmin, iso8601, humanize, fasteners, distro, click, boto, appdirs, annexremote, PyYAML, python-dateutil, pydantic, in-place, datalad, click-loglevel, tinuous
2021-04-27T21:44:50.4195794Z WARNING: Value for scheme.headers does not match. Please report this to <https://github.com/pypa/pip/issues/9617>
2021-04-27T21:44:50.4197441Z distutils: /opt/hostedtoolcache/Python/3.9.4/x64/include/python3.9/UNKNOWN
2021-04-27T21:44:50.4198799Z sysconfig: /opt/hostedtoolcache/Python/3.9.4/x64/include/python3.9
2021-04-27T21:44:50.4199815Z WARNING: Additional context:
2021-04-27T21:44:50.4200689Z user = False
2021-04-27T21:44:50.4201312Z home = None
2021-04-27T21:44:50.4201856Z root = None
2021-04-27T21:44:50.4202507Z prefix = None
2021-04-27T21:44:50.4360016Z Successfully installed PyGithub-1.55 PyYAML-5.4.1 SecretStorage-3.3.1 annexremote-1.5.0 appdirs-1.4.4 boto-2.49.0 certifi-2020.12.5 cffi-1.14.5 chardet-4.0.0 click-7.1.2 click-loglevel-0.3.0 cryptography-3.4.7 datalad-0.14.2 deprecated-1.2.12 distro-1.5.0 fasteners-0.16 future-0.18.2 humanize-3.4.1 idna-2.10 importlib-metadata-4.0.1 in-place-0.5.0 iso8601-0.1.14 jeepney-0.6.0 jsmin-2.2.2 keyring-23.0.1 keyrings.alt-4.0.2 msgpack-1.0.2 patool-1.12 pycparser-2.20 pydantic-1.8.1 pyjwt-2.0.1 pynacl-1.4.0 python-dateutil-2.8.1 requests-2.25.1 simplejson-3.17.2 six-1.15.0 tinuous-0+untagged.1.g49188ae tqdm-4.60.0 typing-extensions-3.7.4.3 urllib3-1.26.4 whoosh-2.7.4 wrapt-1.12.1 zipp-3.4.1
2021-04-27T21:44:50.6009725Z ##[group]Run tinuous --help
2021-04-27T21:44:50.6010494Z [36;1mtinuous --help[0m
2021-04-27T21:44:50.6053713Z shell: /usr/bin/bash -e {0}
2021-04-27T21:44:50.6054226Z env:
2021-04-27T21:44:50.6054908Z   pythonLocation: /opt/hostedtoolcache/Python/3.9.4/x64
2021-04-27T21:44:50.6055910Z   LD_LIBRARY_PATH: /opt/hostedtoolcache/Python/3.9.4/x64/lib
2021-04-27T21:44:50.6056572Z ##[endgroup]
2021-04-27T21:44:50.7588328Z It is highly recommended to configure Git before using DataLad. Set both 'user.name' and 'user.email' configuration variables.
2021-04-27T21:44:50.7590735Z It is highly recommended to configure Git before using DataLad. Set both 'user.name' and 'user.email' configuration variables.
2021-04-27T21:44:51.5048683Z Usage: tinuous [OPTIONS] COMMAND [ARGS]...
2021-04-27T21:44:51.5049196Z 
2021-04-27T21:44:51.5049824Z   Download build logs from GitHub Actions, Travis, and Appveyor
2021-04-27T21:44:51.5050347Z 
2021-04-27T21:44:51.5051001Z Options:
2021-04-27T21:44:51.5052654Z   -c, --config FILE               Read configuration from the given file
2021-04-27T21:44:51.5053656Z                                   [default: config.yml]
2021-04-27T21:44:51.5054142Z 
2021-04-27T21:44:51.5055121Z   -l, --log-level [NOTSET|DEBUG|INFO|WARNING|ERROR|CRITICAL]
2021-04-27T21:44:51.5056529Z                                   Set logging level  [default: INFO]
2021-04-27T21:44:51.5057685Z   --help                          Show this message and exit.
2021-04-27T21:44:51.5058154Z 
2021-04-27T21:44:51.5061061Z Commands:
2021-04-27T21:44:51.5061704Z   fetch     Download logs
2021-04-27T21:44:51.5062502Z   sanitize  Sanitize secrets in logs
2021-04-27T21:44:51.5909054Z ##[group]Run python -m pip install mypy
2021-04-27T21:44:51.5909725Z [36;1mpython -m pip install mypy[0m
2021-04-27T21:44:51.5951276Z shell: /usr/bin/bash -e {0}
2021-04-27T21:44:51.5951719Z env:
2021-04-27T21:44:51.5952316Z   pythonLocation: /opt/hostedtoolcache/Python/3.9.4/x64
2021-04-27T21:44:51.5953136Z   LD_LIBRARY_PATH: /opt/hostedtoolcache/Python/3.9.4/x64/lib
2021-04-27T21:44:51.5953729Z ##[endgroup]
2021-04-27T21:44:51.9298299Z WARNING: Value for scheme.headers does not match. Please report this to <https://github.com/pypa/pip/issues/9617>
2021-04-27T21:44:51.9299520Z distutils: /opt/hostedtoolcache/Python/3.9.4/x64/include/python3.9/UNKNOWN
2021-04-27T21:44:51.9300458Z sysconfig: /opt/hostedtoolcache/Python/3.9.4/x64/include/python3.9
2021-04-27T21:44:51.9301182Z WARNING: Additional context:
2021-04-27T21:44:51.9301682Z user = False
2021-04-27T21:44:51.9302072Z home = None
2021-04-27T21:44:51.9302466Z root = None
2021-04-27T21:44:51.9302856Z prefix = None
2021-04-27T21:44:52.1971479Z Collecting mypy
2021-04-27T21:44:52.2320676Z   Downloading mypy-0.812-cp39-cp39-manylinux2010_x86_64.whl (22.7 MB)
2021-04-27T21:44:52.9305586Z Collecting typed-ast<1.5.0,>=1.4.0
2021-04-27T21:44:52.9419318Z   Downloading typed_ast-1.4.3-cp39-cp39-manylinux1_x86_64.whl (769 kB)
2021-04-27T21:44:52.9578468Z Requirement already satisfied: typing-extensions>=3.7.4 in /opt/hostedtoolcache/Python/3.9.4/x64/lib/python3.9/site-packages (from mypy) (3.7.4.3)
2021-04-27T21:44:52.9802304Z Collecting mypy-extensions<0.5.0,>=0.4.3
2021-04-27T21:44:52.9889270Z   Downloading mypy_extensions-0.4.3-py2.py3-none-any.whl (4.5 kB)
2021-04-27T21:44:53.3762722Z Installing collected packages: typed-ast, mypy-extensions, mypy
2021-04-27T21:44:55.1007901Z WARNING: Value for scheme.headers does not match. Please report this to <https://github.com/pypa/pip/issues/9617>
2021-04-27T21:44:55.1009154Z distutils: /opt/hostedtoolcache/Python/3.9.4/x64/include/python3.9/UNKNOWN
2021-04-27T21:44:55.1010127Z sysconfig: /opt/hostedtoolcache/Python/3.9.4/x64/include/python3.9
2021-04-27T21:44:55.1010896Z WARNING: Additional context:
2021-04-27T21:44:55.1011398Z user = False
2021-04-27T21:44:55.1012023Z home = None
2021-04-27T21:44:55.1012424Z root = None
2021-04-27T21:44:55.1012820Z prefix = None
2021-04-27T21:44:55.1121191Z Successfully installed mypy-0.812 mypy-extensions-0.4.3 typed-ast-1.4.3
2021-04-27T21:44:55.1859858Z ##[group]Run mypy src
2021-04-27T21:44:55.1860450Z [36;1mmypy src[0m
2021-04-27T21:44:55.1916789Z shell: /usr/bin/bash -e {0}
2021-04-27T21:44:55.1917257Z env:
2021-04-27T21:44:55.1917898Z   pythonLocation: /opt/hostedtoolcache/Python/3.9.4/x64
2021-04-27T21:44:55.1918730Z   LD_LIBRARY_PATH: /opt/hostedtoolcache/Python/3.9.4/x64/lib
2021-04-27T21:44:55.1919376Z ##[endgroup]
2021-04-27T21:44:58.9740815Z src/tinuous/_version.py:20: error: Function is missing a return type annotation
2021-04-27T21:44:58.9742565Z  [no-untyped-def]
2021-04-27T21:44:58.9743325Z     def get_keywords():
2021-04-27T21:44:58.9744168Z     ^
2021-04-27T21:44:58.9744943Z src/tinuous/_version.py:37: error: Function is missing a return type annotation
2021-04-27T21:44:58.9746177Z  [no-untyped-def]
2021-04-27T21:44:58.9746789Z     def get_config():
2021-04-27T21:44:58.9747189Z     ^
2021-04-27T21:44:58.9748043Z src/tinuous/_version.py:55: error: Need type annotation for 'LONG_VERSION_PY'
2021-04-27T21:44:58.9749211Z (hint: "LONG_VERSION_PY: Dict[<type>, <type>] = ...")  [var-annotated]
2021-04-27T21:44:58.9749827Z     LONG_VERSION_PY = {}
2021-04-27T21:44:58.9750236Z     ^
2021-04-27T21:44:58.9751060Z src/tinuous/_version.py:56: error: Need type annotation for 'HANDLERS' (hint:
2021-04-27T21:44:58.9752055Z "HANDLERS: Dict[<type>, <type>] = ...")  [var-annotated]
2021-04-27T21:44:58.9752606Z     HANDLERS = {}
2021-04-27T21:44:58.9752993Z     ^
2021-04-27T21:44:58.9753606Z src/tinuous/_version.py:59: error: Function is missing a type annotation 
2021-04-27T21:44:58.9754435Z [no-untyped-def]
2021-04-27T21:44:58.9755045Z     def register_vcs_handler(vcs, method):  # decorator
2021-04-27T21:44:58.9755578Z     ^
2021-04-27T21:44:58.9756206Z src/tinuous/_version.py:61: error: Function is missing a type annotation 
2021-04-27T21:44:58.9757035Z [no-untyped-def]
2021-04-27T21:44:58.9757522Z         def decorate(f):
2021-04-27T21:44:58.9757919Z         ^
2021-04-27T21:44:58.9758554Z src/tinuous/_version.py:70: error: Function is missing a type annotation 
2021-04-27T21:44:58.9759367Z [no-untyped-def]
2021-04-27T21:44:58.9760068Z     def run_command(commands, args, cwd=None, verbose=False, hide_stderr=F...
2021-04-27T21:44:58.9760668Z     ^
2021-04-27T21:44:58.9761288Z src/tinuous/_version.py:105: error: Function is missing a type annotation 
2021-04-27T21:44:58.9762111Z [no-untyped-def]
2021-04-27T21:44:58.9762813Z     def versions_from_parentdir(parentdir_prefix, root, verbose):
2021-04-27T21:44:58.9763423Z     ^
2021-04-27T21:44:58.9764034Z src/tinuous/_version.py:131: error: Function is missing a type annotation 
2021-04-27T21:44:58.9764879Z [no-untyped-def]
2021-04-27T21:44:58.9765449Z     def git_get_keywords(versionfile_abs):
2021-04-27T21:44:58.9765941Z     ^
2021-04-27T21:44:58.9766551Z src/tinuous/_version.py:160: error: Function is missing a type annotation 
2021-04-27T21:44:58.9767400Z [no-untyped-def]
2021-04-27T21:44:58.9768068Z     def git_versions_from_keywords(keywords, tag_prefix, verbose):
2021-04-27T21:44:58.9768667Z     ^
2021-04-27T21:44:58.9769277Z src/tinuous/_version.py:219: error: Function is missing a type annotation 
2021-04-27T21:44:58.9770103Z [no-untyped-def]
2021-04-27T21:44:58.9770790Z     def git_pieces_from_vcs(tag_prefix, root, verbose, run_command=run_com...
2021-04-27T21:44:58.9771376Z     ^
2021-04-27T21:44:58.9771994Z src/tinuous/_version.py:313: error: Function is missing a type annotation 
2021-04-27T21:44:58.9772809Z [no-untyped-def]
2021-04-27T21:44:58.9773319Z     def plus_or_dot(pieces):
2021-04-27T21:44:58.9773733Z     ^
2021-04-27T21:44:58.9774359Z src/tinuous/_version.py:320: error: Function is missing a type annotation 
2021-04-27T21:44:58.9775175Z [no-untyped-def]
2021-04-27T21:44:58.9775917Z     def render_pep440(pieces):
2021-04-27T21:44:58.9776356Z     ^
2021-04-27T21:44:58.9777309Z src/tinuous/_version.py:345: error: Function is missing a type annotation 
2021-04-27T21:44:58.9778183Z [no-untyped-def]
2021-04-27T21:44:58.9778717Z     def render_pep440_pre(pieces):
2021-04-27T21:44:58.9779315Z     ^
2021-04-27T21:44:58.9779929Z src/tinuous/_version.py:361: error: Function is missing a type annotation 
2021-04-27T21:44:58.9780782Z [no-untyped-def]
2021-04-27T21:44:58.9781314Z     def render_pep440_post(pieces):
2021-04-27T21:44:58.9781779Z     ^
2021-04-27T21:44:58.9782388Z src/tinuous/_version.py:388: error: Function is missing a type annotation 
2021-04-27T21:44:58.9783218Z [no-untyped-def]
2021-04-27T21:44:58.9783746Z     def render_pep440_old(pieces):
2021-04-27T21:44:58.9784200Z     ^
2021-04-27T21:44:58.9784802Z src/tinuous/_version.py:410: error: Function is missing a type annotation 
2021-04-27T21:44:58.9785859Z [no-untyped-def]
2021-04-27T21:44:58.9786418Z     def render_git_describe(pieces):
2021-04-27T21:44:58.9786870Z     ^
2021-04-27T21:44:58.9787487Z src/tinuous/_version.py:430: error: Function is missing a type annotation 
2021-04-27T21:44:58.9788306Z [no-untyped-def]
2021-04-27T21:44:58.9788877Z     def render_git_describe_long(pieces):
2021-04-27T21:44:58.9789362Z     ^
2021-04-27T21:44:58.9789968Z src/tinuous/_version.py:450: error: Function is missing a type annotation 
2021-04-27T21:44:58.9790808Z [no-untyped-def]
2021-04-27T21:44:58.9791318Z     def render(pieces, style):
2021-04-27T21:44:58.9791761Z     ^
2021-04-27T21:44:58.9792343Z src/tinuous/_version.py:482: error: Function is missing a return type
2021-04-27T21:44:58.9793230Z annotation  [no-untyped-def]
2021-04-27T21:44:58.9793769Z     def get_versions():
2021-04-27T21:44:58.9794178Z     ^
2021-04-27T21:44:59.5966074Z Found 20 errors in 1 file (checked 2 source files)
2021-04-27T21:44:59.9472822Z ##[error]Process completed with exit code 1.
2021-04-27T21:44:59.9577356Z Post job cleanup.
2021-04-27T21:45:00.0671025Z [command]/usr/bin/git version
2021-04-27T21:45:00.0736383Z git version 2.31.1
2021-04-27T21:45:00.0779070Z [command]/usr/bin/git config --local --name-only --get-regexp core\.sshCommand
2021-04-27T21:45:00.0820438Z [command]/usr/bin/git submodule foreach --recursive git config --local --name-only --get-regexp 'core\.sshCommand' && git config --local --unset-all 'core.sshCommand' || :
2021-04-27T21:45:00.1106486Z [command]/usr/bin/git config --local --name-only --get-regexp http\.https\:\/\/github\.com\/\.extraheader
2021-04-27T21:45:00.1134593Z http.https://github.com/.extraheader
2021-04-27T21:45:00.1147110Z [command]/usr/bin/git config --local --unset-all http.https://github.com/.extraheader
2021-04-27T21:45:00.1183998Z [command]/usr/bin/git submodule foreach --recursive git config --local --name-only --get-regexp 'http\.https\:\/\/github\.com\/\.extraheader' && git config --local --unset-all 'http.https://github.com/.extraheader' || :
2021-04-27T21:45:00.1507807Z Cleaning up orphan processes
