2023-11-09T15:41:48.9371991Z ##[group]Run tox -e typing
2023-11-09T15:41:48.9372459Z [36;1mtox -e typing[0m
2023-11-09T15:41:48.9417242Z shell: /usr/bin/bash -e {0}
2023-11-09T15:41:48.9417597Z env:
2023-11-09T15:41:48.9418116Z   pythonLocation: /opt/hostedtoolcache/Python/3.8.18/x64
2023-11-09T15:41:48.9418812Z   PKG_CONFIG_PATH: /opt/hostedtoolcache/Python/3.8.18/x64/lib/pkgconfig
2023-11-09T15:41:48.9419482Z   Python_ROOT_DIR: /opt/hostedtoolcache/Python/3.8.18/x64
2023-11-09T15:41:48.9420129Z   Python2_ROOT_DIR: /opt/hostedtoolcache/Python/3.8.18/x64
2023-11-09T15:41:48.9420718Z   Python3_ROOT_DIR: /opt/hostedtoolcache/Python/3.8.18/x64
2023-11-09T15:41:48.9421255Z   LD_LIBRARY_PATH: /opt/hostedtoolcache/Python/3.8.18/x64/lib
2023-11-09T15:41:48.9421811Z ##[endgroup]
2023-11-09T15:41:49.8121389Z typing: install_deps> python -I -m pip install mypy pytest pytest-cov pytest-mock types-python-dateutil types-PyYAML types-requests
2023-11-09T15:41:54.2202026Z .pkg: install_requires> python -I -m pip install 'setuptools>=46.4.0' versioningit
2023-11-09T15:41:55.7646126Z .pkg: _optional_hooks> python /opt/hostedtoolcache/Python/3.8.18/x64/lib/python3.8/site-packages/pyproject_api/_backend.py True setuptools.build_meta
2023-11-09T15:41:55.9915212Z .pkg: get_requires_for_build_sdist> python /opt/hostedtoolcache/Python/3.8.18/x64/lib/python3.8/site-packages/pyproject_api/_backend.py True setuptools.build_meta
2023-11-09T15:41:56.1046151Z .pkg: get_requires_for_build_wheel> python /opt/hostedtoolcache/Python/3.8.18/x64/lib/python3.8/site-packages/pyproject_api/_backend.py True setuptools.build_meta
2023-11-09T15:41:56.1718949Z .pkg: install_requires_for_build_wheel> python -I -m pip install wheel
2023-11-09T15:41:56.7154215Z .pkg: freeze> python -m pip freeze --all
2023-11-09T15:41:57.0428003Z .pkg: importlib-metadata==6.8.0,packaging==23.2,pip==23.3.1,setuptools==68.2.2,tomli==2.0.1,versioningit==2.2.1,wheel==0.41.2,zipp==3.17.0
2023-11-09T15:41:57.0434220Z .pkg: prepare_metadata_for_build_wheel> python /opt/hostedtoolcache/Python/3.8.18/x64/lib/python3.8/site-packages/pyproject_api/_backend.py True setuptools.build_meta
2023-11-09T15:41:57.1453964Z .pkg: build_sdist> python /opt/hostedtoolcache/Python/3.8.18/x64/lib/python3.8/site-packages/pyproject_api/_backend.py True setuptools.build_meta
2023-11-09T15:41:57.2327001Z typing: install_package_deps> python -I -m pip install 'PyYAML>=5.0' 'click-loglevel~=0.2' 'click>=7.0' 'in-place~=0.4' 'pydantic~=1.7' 'python-dateutil~=2.7' 'python-dotenv<2.0,>=0.11' 'requests~=2.20'
2023-11-09T15:41:59.2773823Z typing: install_package> python -I -m pip install --force-reinstall --no-deps /home/runner/work/tinuous/tinuous/.tox/.tmp/package/1/tinuous-0.6.1.post44+gdeb41c9.tar.gz
2023-11-09T15:42:03.1547706Z typing: freeze> python -m pip freeze --all
2023-11-09T15:42:03.5140961Z typing: certifi==2023.7.22,charset-normalizer==3.3.2,click==8.1.7,click-loglevel==0.5.0,coverage==7.3.2,exceptiongroup==1.1.3,idna==3.4,in-place==0.5.0,iniconfig==2.0.0,mypy==1.6.1,mypy-extensions==1.0.0,packaging==23.2,pip==23.3.1,pluggy==1.3.0,pydantic==1.10.13,pytest==7.4.3,pytest-cov==4.1.0,pytest-mock==3.12.0,python-dateutil==2.8.2,python-dotenv==1.0.0,PyYAML==6.0.1,requests==2.31.0,setuptools==68.2.2,six==1.16.0,tinuous @ file:///home/runner/work/tinuous/tinuous/.tox/.tmp/package/1/tinuous-0.6.1.post44%2Bgdeb41c9.tar.gz#sha256=4fe5511f6b3baf7588c9a9f0a1f950da8fef3d350043bcde6551ce6c35a2bd49,tomli==2.0.1,types-python-dateutil==2.8.19.14,types-PyYAML==6.0.12.12,types-requests==2.31.0.10,typing_extensions==4.8.0,urllib3==2.0.7,wheel==0.41.2
2023-11-09T15:42:03.5147413Z typing: commands[0]> mypy src test
2023-11-09T15:42:08.9631633Z src/tinuous/travis.py:71: error: Item "None" of "Optional[Response]" has no
2023-11-09T15:42:08.9633230Z attribute "status_code"  [union-attr]
2023-11-09T15:42:08.9633870Z                 if e.response.status_code == 404:
2023-11-09T15:42:08.9634476Z                    ^~~~~~~~~~~~~~~~~~~~~~
2023-11-09T15:42:09.0004509Z src/tinuous/github.py:334: error: Item "None" of "Optional[Response]" has no
2023-11-09T15:42:09.0006583Z attribute "status_code"  [union-attr]
2023-11-09T15:42:09.0007145Z                 if e.response.status_code in (404, 410):
2023-11-09T15:42:09.0007860Z                    ^~~~~~~~~~~~~~~~~~~~~~
2023-11-09T15:42:09.0008563Z src/tinuous/github.py:338: error: Item "None" of "Optional[Response]" has no
2023-11-09T15:42:09.0009358Z attribute "status_code"  [union-attr]
2023-11-09T15:42:09.0010063Z     ...       "Request for logs returned %d; skipping", e.response.status_cod...
2023-11-09T15:42:09.0010798Z                                                         ^~~~~~~~~~~~~~~~~~~~~~
2023-11-09T15:42:09.7082839Z Found 3 errors in 2 files (checked 15 source files)
2023-11-09T15:42:09.7231995Z typing: exit 1 (6.21 seconds) /home/runner/work/tinuous/tinuous> mypy src test pid=1997
2023-11-09T15:42:09.7241541Z .pkg: _exit> python /opt/hostedtoolcache/Python/3.8.18/x64/lib/python3.8/site-packages/pyproject_api/_backend.py True setuptools.build_meta
2023-11-09T15:42:09.7513919Z   typing: FAIL code 1 (20.24=setup[14.04]+cmd[6.21] seconds)
2023-11-09T15:42:09.7515301Z   evaluation failed :( (20.51 seconds)
2023-11-09T15:42:09.7841107Z ##[error]Process completed with exit code 1.
