2021-04-27T21:45:14.4621909Z ##[group]Run mypy src
2021-04-27T21:45:14.4622446Z [36;1mmypy src[0m
2021-04-27T21:45:14.4664615Z shell: /usr/bin/bash -e {0}
2021-04-27T21:45:14.4665091Z env:
2021-04-27T21:45:14.4665728Z   pythonLocation: /opt/hostedtoolcache/Python/3.8.9/x64
2021-04-27T21:45:14.4666669Z   LD_LIBRARY_PATH: /opt/hostedtoolcache/Python/3.8.9/x64/lib
2021-04-27T21:45:14.4667308Z ##[endgroup]
2021-04-27T21:45:18.1729614Z src/tinuous/_version.py:20: error: Function is missing a return type annotation
2021-04-27T21:45:18.1731837Z  [no-untyped-def]
2021-04-27T21:45:18.1732725Z     def get_keywords():
2021-04-27T21:45:18.1733420Z     ^
2021-04-27T21:45:18.1734412Z src/tinuous/_version.py:37: error: Function is missing a return type annotation
2021-04-27T21:45:18.1735687Z  [no-untyped-def]
2021-04-27T21:45:18.1736492Z     def get_config():
2021-04-27T21:45:18.1737588Z     ^
2021-04-27T21:45:18.1739966Z src/tinuous/_version.py:55: error: Need type annotation for 'LONG_VERSION_PY'
2021-04-27T21:45:18.1741317Z (hint: "LONG_VERSION_PY: Dict[<type>, <type>] = ...")  [var-annotated]
2021-04-27T21:45:18.1742219Z     LONG_VERSION_PY = {}
2021-04-27T21:45:18.1742739Z     ^
2021-04-27T21:45:18.1743795Z src/tinuous/_version.py:56: error: Need type annotation for 'HANDLERS' (hint:
2021-04-27T21:45:18.1745053Z "HANDLERS: Dict[<type>, <type>] = ...")  [var-annotated]
2021-04-27T21:45:18.1745792Z     HANDLERS = {}
2021-04-27T21:45:18.1746297Z     ^
2021-04-27T21:45:18.1747080Z src/tinuous/_version.py:59: error: Function is missing a type annotation 
2021-04-27T21:45:18.1748130Z [no-untyped-def]
2021-04-27T21:45:18.1748918Z     def register_vcs_handler(vcs, method):  # decorator
2021-04-27T21:45:18.1749603Z     ^
2021-04-27T21:45:18.1750386Z src/tinuous/_version.py:61: error: Function is missing a type annotation 
2021-04-27T21:45:18.1751445Z [no-untyped-def]
2021-04-27T21:45:18.1752069Z         def decorate(f):
2021-04-27T21:45:18.1753120Z         ^
2021-04-27T21:45:18.1754299Z src/tinuous/_version.py:70: error: Function is missing a type annotation 
2021-04-27T21:45:18.1755468Z [no-untyped-def]
2021-04-27T21:45:18.1756373Z     def run_command(commands, args, cwd=None, verbose=False, hide_stderr=F...
2021-04-27T21:45:18.1757143Z     ^
2021-04-27T21:45:18.1757952Z src/tinuous/_version.py:105: error: Function is missing a type annotation 
2021-04-27T21:45:18.1758988Z [no-untyped-def]
2021-04-27T21:45:18.1759875Z     def versions_from_parentdir(parentdir_prefix, root, verbose):
2021-04-27T21:45:18.1760629Z     ^
2021-04-27T21:45:18.1761426Z src/tinuous/_version.py:131: error: Function is missing a type annotation 
2021-04-27T21:45:18.1762465Z [no-untyped-def]
2021-04-27T21:45:18.1763215Z     def git_get_keywords(versionfile_abs):
2021-04-27T21:45:18.1763840Z     ^
2021-04-27T21:45:18.1764637Z src/tinuous/_version.py:160: error: Function is missing a type annotation 
2021-04-27T21:45:18.1765683Z [no-untyped-def]
2021-04-27T21:45:18.1766536Z     def git_versions_from_keywords(keywords, tag_prefix, verbose):
2021-04-27T21:45:18.1767297Z     ^
2021-04-27T21:45:18.1768083Z src/tinuous/_version.py:219: error: Function is missing a type annotation 
2021-04-27T21:45:18.1769136Z [no-untyped-def]
2021-04-27T21:45:18.1770005Z     def git_pieces_from_vcs(tag_prefix, root, verbose, run_command=run_com...
2021-04-27T21:45:18.1770784Z     ^
2021-04-27T21:45:18.1771572Z src/tinuous/_version.py:313: error: Function is missing a type annotation 
2021-04-27T21:45:18.1772631Z [no-untyped-def]
2021-04-27T21:45:18.1773275Z     def plus_or_dot(pieces):
2021-04-27T21:45:18.1773830Z     ^
2021-04-27T21:45:18.1774631Z src/tinuous/_version.py:320: error: Function is missing a type annotation 
2021-04-27T21:45:18.1775664Z [no-untyped-def]
2021-04-27T21:45:18.1776353Z     def render_pep440(pieces):
2021-04-27T21:45:18.1776920Z     ^
2021-04-27T21:45:18.1777711Z src/tinuous/_version.py:345: error: Function is missing a type annotation 
2021-04-27T21:45:18.1778738Z [no-untyped-def]
2021-04-27T21:45:18.1779440Z     def render_pep440_pre(pieces):
2021-04-27T21:45:18.1780025Z     ^
2021-04-27T21:45:18.1781081Z src/tinuous/_version.py:361: error: Function is missing a type annotation 
2021-04-27T21:45:18.1782141Z [no-untyped-def]
2021-04-27T21:45:18.1782856Z     def render_pep440_post(pieces):
2021-04-27T21:45:18.1783570Z     ^
2021-04-27T21:45:18.1784352Z src/tinuous/_version.py:388: error: Function is missing a type annotation 
2021-04-27T21:45:18.1785415Z [no-untyped-def]
2021-04-27T21:45:18.1786102Z     def render_pep440_old(pieces):
2021-04-27T21:45:18.1786698Z     ^
2021-04-27T21:45:18.1787479Z src/tinuous/_version.py:410: error: Function is missing a type annotation 
2021-04-27T21:45:18.1788520Z [no-untyped-def]
2021-04-27T21:45:18.1789085Z     def render_git_describe(pieces):
2021-04-27T21:45:18.1789581Z     ^
2021-04-27T21:45:18.1790205Z src/tinuous/_version.py:430: error: Function is missing a type annotation 
2021-04-27T21:45:18.1791050Z [no-untyped-def]
2021-04-27T21:45:18.1791633Z     def render_git_describe_long(pieces):
2021-04-27T21:45:18.1792137Z     ^
2021-04-27T21:45:18.1792771Z src/tinuous/_version.py:450: error: Function is missing a type annotation 
2021-04-27T21:45:18.1793601Z [no-untyped-def]
2021-04-27T21:45:18.1794352Z     def render(pieces, style):
2021-04-27T21:45:18.1794816Z     ^
2021-04-27T21:45:18.1795431Z src/tinuous/_version.py:482: error: Function is missing a return type
2021-04-27T21:45:18.1796321Z annotation  [no-untyped-def]
2021-04-27T21:45:18.1796891Z     def get_versions():
2021-04-27T21:45:18.1797313Z     ^
2021-04-27T21:45:18.7445478Z Found 20 errors in 1 file (checked 2 source files)
2021-04-27T21:45:19.0381042Z ##[error]Process completed with exit code 1.
