2023-11-09T15:06:53.8110800Z ##[group]Run tox -e typing
2023-11-09T15:06:53.8111266Z [36;1mtox -e typing[0m
2023-11-09T15:06:53.8155748Z shell: /usr/bin/bash -e {0}
2023-11-09T15:06:53.8156137Z env:
2023-11-09T15:06:53.8156660Z   pythonLocation: /opt/hostedtoolcache/Python/3.8.18/x64
2023-11-09T15:06:53.8157270Z   PKG_CONFIG_PATH: /opt/hostedtoolcache/Python/3.8.18/x64/lib/pkgconfig
2023-11-09T15:06:53.8157893Z   Python_ROOT_DIR: /opt/hostedtoolcache/Python/3.8.18/x64
2023-11-09T15:06:53.8158545Z   Python2_ROOT_DIR: /opt/hostedtoolcache/Python/3.8.18/x64
2023-11-09T15:06:53.8159063Z   Python3_ROOT_DIR: /opt/hostedtoolcache/Python/3.8.18/x64
2023-11-09T15:06:53.8159671Z   LD_LIBRARY_PATH: /opt/hostedtoolcache/Python/3.8.18/x64/lib
2023-11-09T15:06:53.8160244Z ##[endgroup]
2023-11-09T15:06:54.5380132Z typing: install_deps> python -I -m pip install mypy pytest pytest-cov pytest-mock types-python-dateutil types-PyYAML types-requests
2023-11-09T15:06:58.5212928Z .pkg: install_requires> python -I -m pip install 'setuptools>=46.4.0' versioningit
2023-11-09T15:06:59.9867454Z .pkg: _optional_hooks> python /opt/hostedtoolcache/Python/3.8.18/x64/lib/python3.8/site-packages/pyproject_api/_backend.py True setuptools.build_meta
2023-11-09T15:07:00.2640788Z .pkg: get_requires_for_build_sdist> python /opt/hostedtoolcache/Python/3.8.18/x64/lib/python3.8/site-packages/pyproject_api/_backend.py True setuptools.build_meta
2023-11-09T15:07:00.3703206Z .pkg: get_requires_for_build_wheel> python /opt/hostedtoolcache/Python/3.8.18/x64/lib/python3.8/site-packages/pyproject_api/_backend.py True setuptools.build_meta
2023-11-09T15:07:00.4343087Z .pkg: install_requires_for_build_wheel> python -I -m pip install wheel
2023-11-09T15:07:00.9470403Z .pkg: freeze> python -m pip freeze --all
2023-11-09T15:07:01.2467969Z .pkg: importlib-metadata==6.8.0,packaging==23.2,pip==23.3.1,setuptools==68.2.2,tomli==2.0.1,versioningit==2.2.1,wheel==0.41.2,zipp==3.17.0
2023-11-09T15:07:01.2471834Z .pkg: prepare_metadata_for_build_wheel> python /opt/hostedtoolcache/Python/3.8.18/x64/lib/python3.8/site-packages/pyproject_api/_backend.py True setuptools.build_meta
2023-11-09T15:07:01.4209098Z .pkg: build_sdist> python /opt/hostedtoolcache/Python/3.8.18/x64/lib/python3.8/site-packages/pyproject_api/_backend.py True setuptools.build_meta
2023-11-09T15:07:01.5024049Z typing: install_package_deps> python -I -m pip install 'PyYAML>=5.0' 'click-loglevel~=0.2' 'click>=7.0' 'in-place~=0.4' 'pydantic~=1.7' 'python-dateutil~=2.7' 'python-dotenv<2.0,>=0.11' 'requests~=2.20'
2023-11-09T15:07:03.4246468Z typing: install_package> python -I -m pip install --force-reinstall --no-deps /home/runner/work/tinuous/tinuous/.tox/.tmp/package/1/tinuous-0.6.1.post41+g5b657b8.tar.gz
2023-11-09T15:07:06.9178999Z typing: freeze> python -m pip freeze --all
2023-11-09T15:07:07.2806596Z typing: certifi==2023.7.22,charset-normalizer==3.3.2,click==8.1.7,click-loglevel==0.5.0,coverage==7.3.2,exceptiongroup==1.1.3,idna==3.4,in-place==0.5.0,iniconfig==2.0.0,mypy==1.6.1,mypy-extensions==1.0.0,packaging==23.2,pip==23.3.1,pluggy==1.3.0,pydantic==1.10.13,pytest==7.4.3,pytest-cov==4.1.0,pytest-mock==3.12.0,python-dateutil==2.8.2,python-dotenv==1.0.0,PyYAML==6.0.1,requests==2.31.0,setuptools==68.2.2,six==1.16.0,tinuous @ file:///home/runner/work/tinuous/tinuous/.tox/.tmp/package/1/tinuous-0.6.1.post41%2Bg5b657b8.tar.gz#sha256=28d53563acbf00ee6883c213df09817b6962b4ff072ef7cbae025e3fac973b15,tomli==2.0.1,types-python-dateutil==2.8.19.14,types-PyYAML==6.0.12.12,types-requests==2.31.0.10,typing_extensions==4.8.0,urllib3==2.0.7,wheel==0.41.2
2023-11-09T15:07:07.2812481Z typing: commands[0]> mypy src test
2023-11-09T15:07:12.1014205Z src/tinuous/travis.py:71: error: Item "None" of "Optional[Response]" has no
2023-11-09T15:07:12.1016088Z attribute "status_code"  [union-attr]
2023-11-09T15:07:12.1017079Z                 if e.response.status_code == 404:
2023-11-09T15:07:12.1023803Z                    ^~~~~~~~~~~~~~~~~~~~~~
2023-11-09T15:07:12.1345667Z src/tinuous/github.py:330: error: Item "None" of "Optional[Response]" has no
2023-11-09T15:07:12.1347448Z attribute "status_code"  [union-attr]
2023-11-09T15:07:12.1348412Z                 if e.response.status_code in (404, 410):
2023-11-09T15:07:12.1349194Z                    ^~~~~~~~~~~~~~~~~~~~~~
2023-11-09T15:07:12.1349843Z src/tinuous/github.py:334: error: Item "None" of "Optional[Response]" has no
2023-11-09T15:07:12.1350638Z attribute "status_code"  [union-attr]
2023-11-09T15:07:12.1351258Z     ...       "Request for logs returned %d; skipping", e.response.status_cod...
2023-11-09T15:07:12.1351894Z                                                         ^~~~~~~~~~~~~~~~~~~~~~
2023-11-09T15:07:12.7522577Z Found 3 errors in 2 files (checked 15 source files)
2023-11-09T15:07:12.7659888Z typing: exit 1 (5.48 seconds) /home/runner/work/tinuous/tinuous> mypy src test pid=1991
2023-11-09T15:07:12.7670429Z .pkg: _exit> python /opt/hostedtoolcache/Python/3.8.18/x64/lib/python3.8/site-packages/pyproject_api/_backend.py True setuptools.build_meta
2023-11-09T15:07:12.7939776Z   typing: FAIL code 1 (18.54=setup[13.05]+cmd[5.48] seconds)
2023-11-09T15:07:12.7940761Z   evaluation failed :( (18.77 seconds)
2023-11-09T15:07:12.8193963Z ##[error]Process completed with exit code 1.
