2023-11-09T15:03:08.4189537Z Requested labels: ubuntu-latest
2023-11-09T15:03:08.4189954Z Job defined at: con/tinuous/.github/workflows/test.yml@refs/heads/py312
2023-11-09T15:03:08.4190200Z Waiting for a runner to pick up this job...
2023-11-09T15:03:08.8050963Z Job is waiting for a hosted runner to come online.
2023-11-09T15:03:12.9499699Z Job is about to start running on the hosted runner: GitHub Actions 12 (hosted)
2023-11-09T15:03:16.6885704Z Current runner version: '2.311.0'
2023-11-09T15:03:16.6911340Z ##[group]Operating System
2023-11-09T15:03:16.6911928Z Ubuntu
2023-11-09T15:03:16.6912274Z 22.04.3
2023-11-09T15:03:16.6912707Z LTS
2023-11-09T15:03:16.6913004Z ##[endgroup]
2023-11-09T15:03:16.6913376Z ##[group]Runner Image
2023-11-09T15:03:16.6913892Z Image: ubuntu-22.04
2023-11-09T15:03:16.6914282Z Version: 20231030.2.0
2023-11-09T15:03:16.6915278Z Included Software: https://github.com/actions/runner-images/blob/ubuntu22/20231030.2/images/linux/Ubuntu2204-Readme.md
2023-11-09T15:03:16.6916779Z Image Release: https://github.com/actions/runner-images/releases/tag/ubuntu22%2F20231030.2
2023-11-09T15:03:16.6917701Z ##[endgroup]
2023-11-09T15:03:16.6918077Z ##[group]Runner Image Provisioner
2023-11-09T15:03:16.6918623Z 2.0.312.1
2023-11-09T15:03:16.6918955Z ##[endgroup]
2023-11-09T15:03:16.6921151Z ##[group]GITHUB_TOKEN Permissions
2023-11-09T15:03:16.6922743Z Actions: write
2023-11-09T15:03:16.6923152Z Checks: write
2023-11-09T15:03:16.6923854Z Contents: write
2023-11-09T15:03:16.6924319Z Deployments: write
2023-11-09T15:03:16.6924793Z Discussions: write
2023-11-09T15:03:16.6925193Z Issues: write
2023-11-09T15:03:16.6925520Z Metadata: read
2023-11-09T15:03:16.6925971Z Packages: write
2023-11-09T15:03:16.6926367Z Pages: write
2023-11-09T15:03:16.6926707Z PullRequests: write
2023-11-09T15:03:16.6927198Z RepositoryProjects: write
2023-11-09T15:03:16.6927667Z SecurityEvents: write
2023-11-09T15:03:16.6928038Z Statuses: write
2023-11-09T15:03:16.6928526Z ##[endgroup]
2023-11-09T15:03:16.6931438Z Secret source: Actions
2023-11-09T15:03:16.6931970Z Prepare workflow directory
2023-11-09T15:03:16.7570203Z Prepare all required actions
2023-11-09T15:03:16.7727435Z Getting action download info
2023-11-09T15:03:17.0152751Z Download action repository 'actions/checkout@v4' (SHA:b4ffde65f46336ab88eb53be808477a3936bae11)
2023-11-09T15:03:17.1563419Z Download action repository 'actions/setup-python@v4' (SHA:65d7f2d534ac1bc67fcd62888c5f4f3d2cb2b236)
2023-11-09T15:03:17.2253360Z Download action repository 'codecov/codecov-action@v3' (SHA:eaaf4bedf32dbdc6b720b63067d99c4d77d6047d)
2023-11-09T15:03:18.2026031Z Complete job name: test (3.8, typing)
2023-11-09T15:03:18.2929250Z ##[group]Run actions/checkout@v4
2023-11-09T15:03:18.2929820Z with:
2023-11-09T15:03:18.2930144Z   fetch-depth: 0
2023-11-09T15:03:18.2930517Z   repository: con/tinuous
2023-11-09T15:03:18.2931087Z   token: ***
2023-11-09T15:03:18.2931430Z   ssh-strict: true
2023-11-09T15:03:18.2931799Z   persist-credentials: true
2023-11-09T15:03:18.2932209Z   clean: true
2023-11-09T15:03:18.2932549Z   sparse-checkout-cone-mode: true
2023-11-09T15:03:18.2932971Z   fetch-tags: false
2023-11-09T15:03:18.2933344Z   show-progress: true
2023-11-09T15:03:18.2933703Z   lfs: false
2023-11-09T15:03:18.2934015Z   submodules: false
2023-11-09T15:03:18.2934428Z   set-safe-directory: true
2023-11-09T15:03:18.2934811Z ##[endgroup]
2023-11-09T15:03:18.5115044Z Syncing repository: con/tinuous
2023-11-09T15:03:18.5116846Z ##[group]Getting Git version info
2023-11-09T15:03:18.5117762Z Working directory is '/home/runner/work/tinuous/tinuous'
2023-11-09T15:03:18.5118954Z [command]/usr/bin/git version
2023-11-09T15:03:18.5180422Z git version 2.42.0
2023-11-09T15:03:18.5205166Z ##[endgroup]
2023-11-09T15:03:18.5222534Z Temporarily overriding HOME='/home/runner/work/_temp/3e70393f-93a1-4d47-9098-971915868d33' before making global git config changes
2023-11-09T15:03:18.5223660Z Adding repository directory to the temporary git global config as a safe directory
2023-11-09T15:03:18.5225956Z [command]/usr/bin/git config --global --add safe.directory /home/runner/work/tinuous/tinuous
2023-11-09T15:03:18.5259122Z Deleting the contents of '/home/runner/work/tinuous/tinuous'
2023-11-09T15:03:18.5264869Z ##[group]Initializing the repository
2023-11-09T15:03:18.5267666Z [command]/usr/bin/git init /home/runner/work/tinuous/tinuous
2023-11-09T15:03:18.5383840Z hint: Using 'master' as the name for the initial branch. This default branch name
2023-11-09T15:03:18.5385440Z hint: is subject to change. To configure the initial branch name to use in all
2023-11-09T15:03:18.5387162Z hint: of your new repositories, which will suppress this warning, call:
2023-11-09T15:03:18.5388589Z hint: 
2023-11-09T15:03:18.5389630Z hint: 	git config --global init.defaultBranch <name>
2023-11-09T15:03:18.5390547Z hint: 
2023-11-09T15:03:18.5391497Z hint: Names commonly chosen instead of 'master' are 'main', 'trunk' and
2023-11-09T15:03:18.5392344Z hint: 'development'. The just-created branch can be renamed via this command:
2023-11-09T15:03:18.5392895Z hint: 
2023-11-09T15:03:18.5393570Z hint: 	git branch -m <name>
2023-11-09T15:03:18.5398200Z Initialized empty Git repository in /home/runner/work/tinuous/tinuous/.git/
2023-11-09T15:03:18.5407132Z [command]/usr/bin/git remote add origin https://github.com/con/tinuous
2023-11-09T15:03:18.5453878Z ##[endgroup]
2023-11-09T15:03:18.5454548Z ##[group]Disabling automatic garbage collection
2023-11-09T15:03:18.5456624Z [command]/usr/bin/git config --local gc.auto 0
2023-11-09T15:03:18.5484043Z ##[endgroup]
2023-11-09T15:03:18.5484744Z ##[group]Setting up auth
2023-11-09T15:03:18.5489259Z [command]/usr/bin/git config --local --name-only --get-regexp core\.sshCommand
2023-11-09T15:03:18.5517437Z [command]/usr/bin/git submodule foreach --recursive sh -c "git config --local --name-only --get-regexp 'core\.sshCommand' && git config --local --unset-all 'core.sshCommand' || :"
2023-11-09T15:03:18.5898438Z [command]/usr/bin/git config --local --name-only --get-regexp http\.https\:\/\/github\.com\/\.extraheader
2023-11-09T15:03:18.5927804Z [command]/usr/bin/git submodule foreach --recursive sh -c "git config --local --name-only --get-regexp 'http\.https\:\/\/github\.com\/\.extraheader' && git config --local --unset-all 'http.https://github.com/.extraheader' || :"
2023-11-09T15:03:18.6157423Z [command]/usr/bin/git config --local http.https://github.com/.extraheader AUTHORIZATION: basic ***
2023-11-09T15:03:18.6191832Z ##[endgroup]
2023-11-09T15:03:18.6192710Z ##[group]Fetching the repository
2023-11-09T15:03:18.6201222Z [command]/usr/bin/git -c protocol.version=2 fetch --prune --no-recurse-submodules origin +refs/heads/*:refs/remotes/origin/* +refs/tags/*:refs/tags/*
2023-11-09T15:03:19.3879613Z From https://github.com/con/tinuous
2023-11-09T15:03:19.3881230Z  * [new branch]      fix-typing      -> origin/fix-typing
2023-11-09T15:03:19.3882612Z  * [new branch]      gh-55           -> origin/gh-55
2023-11-09T15:03:19.3883465Z  * [new branch]      master          -> origin/master
2023-11-09T15:03:19.3885614Z  * [new branch]      mypy-import     -> origin/mypy-import
2023-11-09T15:03:19.3887344Z  * [new branch]      no-extra-search -> origin/no-extra-search
2023-11-09T15:03:19.3889289Z  * [new branch]      py312           -> origin/py312
2023-11-09T15:03:19.3891378Z  * [new branch]      test-appveyor   -> origin/test-appveyor
2023-11-09T15:03:19.3893446Z  * [new branch]      unused          -> origin/unused
2023-11-09T15:03:19.3895371Z  * [new branch]      updates         -> origin/updates
2023-11-09T15:03:19.3897482Z  * [new tag]         0.1.0           -> 0.1.0
2023-11-09T15:03:19.3898576Z  * [new tag]         0.2.0           -> 0.2.0
2023-11-09T15:03:19.3899786Z  * [new tag]         0.3.0           -> 0.3.0
2023-11-09T15:03:19.3901860Z  * [new tag]         0.4.0           -> 0.4.0
2023-11-09T15:03:19.3903331Z  * [new tag]         0.5.0           -> 0.5.0
2023-11-09T15:03:19.3904535Z  * [new tag]         0.5.1           -> 0.5.1
2023-11-09T15:03:19.3906003Z  * [new tag]         0.5.2           -> 0.5.2
2023-11-09T15:03:19.3907513Z  * [new tag]         0.5.3           -> 0.5.3
2023-11-09T15:03:19.3908860Z  * [new tag]         0.5.4           -> 0.5.4
2023-11-09T15:03:19.3910198Z  * [new tag]         0.6.0           -> 0.6.0
2023-11-09T15:03:19.3911715Z  * [new tag]         0.6.1           -> 0.6.1
2023-11-09T15:03:19.3944279Z [command]/usr/bin/git branch --list --remote origin/py312
2023-11-09T15:03:19.3967180Z   origin/py312
2023-11-09T15:03:19.3975896Z [command]/usr/bin/git rev-parse refs/remotes/origin/py312
2023-11-09T15:03:19.3996347Z 26ee1285a56346c4fc45408955c007dd6dde5046
2023-11-09T15:03:19.4001997Z ##[endgroup]
2023-11-09T15:03:19.4003097Z ##[group]Determining the checkout info
2023-11-09T15:03:19.4004338Z ##[endgroup]
2023-11-09T15:03:19.4005260Z ##[group]Checking out the ref
2023-11-09T15:03:19.4007607Z [command]/usr/bin/git checkout --progress --force -B py312 refs/remotes/origin/py312
2023-11-09T15:03:19.4069169Z Switched to a new branch 'py312'
2023-11-09T15:03:19.4070269Z branch 'py312' set up to track 'origin/py312'.
2023-11-09T15:03:19.4076160Z ##[endgroup]
2023-11-09T15:03:19.4108089Z [command]/usr/bin/git log -1 --format='%H'
2023-11-09T15:03:19.4129934Z '26ee1285a56346c4fc45408955c007dd6dde5046'
2023-11-09T15:03:19.4435690Z ##[group]Run actions/setup-python@v4
2023-11-09T15:03:19.4436175Z with:
2023-11-09T15:03:19.4436585Z   python-version: 3.8
2023-11-09T15:03:19.4436946Z   check-latest: false
2023-11-09T15:03:19.4437442Z   token: ***
2023-11-09T15:03:19.4437862Z   update-environment: true
2023-11-09T15:03:19.4438234Z   allow-prereleases: false
2023-11-09T15:03:19.4438594Z ##[endgroup]
2023-11-09T15:03:19.7309643Z ##[group]Installed versions
2023-11-09T15:03:19.7384657Z Successfully set up CPython (3.8.18)
2023-11-09T15:03:19.7385962Z ##[endgroup]
2023-11-09T15:03:19.7509898Z ##[group]Run python -m pip install --upgrade pip wheel
2023-11-09T15:03:19.7510619Z [36;1mpython -m pip install --upgrade pip wheel[0m
2023-11-09T15:03:19.7511291Z [36;1mpython -m pip install --upgrade --upgrade-strategy=eager tox[0m
2023-11-09T15:03:19.7571890Z shell: /usr/bin/bash -e {0}
2023-11-09T15:03:19.7572362Z env:
2023-11-09T15:03:19.7572804Z   pythonLocation: /opt/hostedtoolcache/Python/3.8.18/x64
2023-11-09T15:03:19.7573475Z   PKG_CONFIG_PATH: /opt/hostedtoolcache/Python/3.8.18/x64/lib/pkgconfig
2023-11-09T15:03:19.7574186Z   Python_ROOT_DIR: /opt/hostedtoolcache/Python/3.8.18/x64
2023-11-09T15:03:19.7574738Z   Python2_ROOT_DIR: /opt/hostedtoolcache/Python/3.8.18/x64
2023-11-09T15:03:19.7575314Z   Python3_ROOT_DIR: /opt/hostedtoolcache/Python/3.8.18/x64
2023-11-09T15:03:19.7575963Z   LD_LIBRARY_PATH: /opt/hostedtoolcache/Python/3.8.18/x64/lib
2023-11-09T15:03:19.7576440Z ##[endgroup]
2023-11-09T15:03:21.9659676Z Requirement already satisfied: pip in /opt/hostedtoolcache/Python/3.8.18/x64/lib/python3.8/site-packages (23.0.1)
2023-11-09T15:03:22.1154396Z Collecting pip
2023-11-09T15:03:22.1831339Z   Downloading pip-23.3.1-py3-none-any.whl.metadata (3.5 kB)
2023-11-09T15:03:22.2390754Z Collecting wheel
2023-11-09T15:03:22.2497873Z   Downloading wheel-0.41.3-py3-none-any.whl.metadata (2.2 kB)
2023-11-09T15:03:22.2682310Z Downloading pip-23.3.1-py3-none-any.whl (2.1 MB)
2023-11-09T15:03:22.4484554Z    â”â”â”â”â”â”â”â”â”â”â”â”â”â”â”â”â”â”â”â”â”â”â”â”â”â”â”â”â”â”â”â”â”â”â”â”â”â”â”â” 2.1/2.1 MB 12.1 MB/s eta 0:00:00
2023-11-09T15:03:22.4591945Z Downloading wheel-0.41.3-py3-none-any.whl (65 kB)
2023-11-09T15:03:22.4686298Z    â”â”â”â”â”â”â”â”â”â”â”â”â”â”â”â”â”â”â”â”â”â”â”â”â”â”â”â”â”â”â”â”â”â”â”â”â”â”â”â” 65.8/65.8 kB 7.7 MB/s eta 0:00:00
2023-11-09T15:03:22.5141222Z Installing collected packages: wheel, pip
2023-11-09T15:03:22.5561795Z   Attempting uninstall: pip
2023-11-09T15:03:22.5567988Z     Found existing installation: pip 23.0.1
2023-11-09T15:03:22.6102729Z     Uninstalling pip-23.0.1:
2023-11-09T15:03:22.6564172Z       Successfully uninstalled pip-23.0.1
2023-11-09T15:03:23.5781736Z Successfully installed pip-23.3.1 wheel-0.41.3
2023-11-09T15:03:24.3630352Z Collecting tox
2023-11-09T15:03:24.4292623Z   Downloading tox-4.11.3-py3-none-any.whl.metadata (5.0 kB)
2023-11-09T15:03:24.4917938Z Collecting cachetools>=5.3.1 (from tox)
2023-11-09T15:03:24.5023650Z   Downloading cachetools-5.3.2-py3-none-any.whl.metadata (5.2 kB)
2023-11-09T15:03:24.5272977Z Collecting chardet>=5.2 (from tox)
2023-11-09T15:03:24.5388407Z   Downloading chardet-5.2.0-py3-none-any.whl.metadata (3.4 kB)
2023-11-09T15:03:24.5724579Z Collecting colorama>=0.4.6 (from tox)
2023-11-09T15:03:24.5837797Z   Downloading colorama-0.4.6-py2.py3-none-any.whl (25 kB)
2023-11-09T15:03:24.6472187Z Collecting filelock>=3.12.3 (from tox)
2023-11-09T15:03:24.6595322Z   Downloading filelock-3.13.1-py3-none-any.whl.metadata (2.8 kB)
2023-11-09T15:03:24.6985458Z Collecting packaging>=23.1 (from tox)
2023-11-09T15:03:24.7096467Z   Downloading packaging-23.2-py3-none-any.whl.metadata (3.2 kB)
2023-11-09T15:03:24.7442159Z Collecting platformdirs>=3.10 (from tox)
2023-11-09T15:03:24.7552637Z   Downloading platformdirs-3.11.0-py3-none-any.whl.metadata (11 kB)
2023-11-09T15:03:24.7882654Z Collecting pluggy>=1.3 (from tox)
2023-11-09T15:03:24.7989307Z   Downloading pluggy-1.3.0-py3-none-any.whl.metadata (4.3 kB)
2023-11-09T15:03:24.8267398Z Collecting pyproject-api>=1.6.1 (from tox)
2023-11-09T15:03:24.8377624Z   Downloading pyproject_api-1.6.1-py3-none-any.whl.metadata (2.8 kB)
2023-11-09T15:03:24.8670856Z Collecting tomli>=2.0.1 (from tox)
2023-11-09T15:03:24.8777564Z   Downloading tomli-2.0.1-py3-none-any.whl (12 kB)
2023-11-09T15:03:24.9812701Z Collecting virtualenv>=20.24.3 (from tox)
2023-11-09T15:03:24.9920188Z   Downloading virtualenv-20.24.6-py3-none-any.whl.metadata (4.5 kB)
2023-11-09T15:03:25.0806881Z Collecting distlib<1,>=0.3.7 (from virtualenv>=20.24.3->tox)
2023-11-09T15:03:25.0915914Z   Downloading distlib-0.3.7-py2.py3-none-any.whl.metadata (5.1 kB)
2023-11-09T15:03:25.1186409Z Downloading tox-4.11.3-py3-none-any.whl (153 kB)
2023-11-09T15:03:25.1349360Z    â”â”â”â”â”â”â”â”â”â”â”â”â”â”â”â”â”â”â”â”â”â”â”â”â”â”â”â”â”â”â”â”â”â”â”â”â”â”â”â” 153.8/153.8 kB 10.5 MB/s eta 0:00:00
2023-11-09T15:03:25.1452366Z Downloading cachetools-5.3.2-py3-none-any.whl (9.3 kB)
2023-11-09T15:03:25.1594806Z Downloading chardet-5.2.0-py3-none-any.whl (199 kB)
2023-11-09T15:03:25.1674238Z    â”â”â”â”â”â”â”â”â”â”â”â”â”â”â”â”â”â”â”â”â”â”â”â”â”â”â”â”â”â”â”â”â”â”â”â”â”â”â”â” 199.4/199.4 kB 32.3 MB/s eta 0:00:00
2023-11-09T15:03:25.1790558Z Downloading filelock-3.13.1-py3-none-any.whl (11 kB)
2023-11-09T15:03:25.1927595Z Downloading packaging-23.2-py3-none-any.whl (53 kB)
2023-11-09T15:03:25.1989729Z    â”â”â”â”â”â”â”â”â”â”â”â”â”â”â”â”â”â”â”â”â”â”â”â”â”â”â”â”â”â”â”â”â”â”â”â”â”â”â”â” 53.0/53.0 kB 10.7 MB/s eta 0:00:00
2023-11-09T15:03:25.2093225Z Downloading platformdirs-3.11.0-py3-none-any.whl (17 kB)
2023-11-09T15:03:25.2239819Z Downloading pluggy-1.3.0-py3-none-any.whl (18 kB)
2023-11-09T15:03:25.2387629Z Downloading pyproject_api-1.6.1-py3-none-any.whl (12 kB)
2023-11-09T15:03:25.2556304Z Downloading virtualenv-20.24.6-py3-none-any.whl (3.8 MB)
2023-11-09T15:03:25.2999759Z    â”â”â”â”â”â”â”â”â”â”â”â”â”â”â”â”â”â”â”â”â”â”â”â”â”â”â”â”â”â”â”â”â”â”â”â”â”â”â”â” 3.8/3.8 MB 88.9 MB/s eta 0:00:00
2023-11-09T15:03:25.3120679Z Downloading distlib-0.3.7-py2.py3-none-any.whl (468 kB)
2023-11-09T15:03:25.3207128Z    â”â”â”â”â”â”â”â”â”â”â”â”â”â”â”â”â”â”â”â”â”â”â”â”â”â”â”â”â”â”â”â”â”â”â”â”â”â”â”â” 468.9/468.9 kB 70.8 MB/s eta 0:00:00
2023-11-09T15:03:25.4476061Z Installing collected packages: distlib, tomli, pluggy, platformdirs, packaging, filelock, colorama, chardet, cachetools, virtualenv, pyproject-api, tox
2023-11-09T15:03:25.9887712Z Successfully installed cachetools-5.3.2 chardet-5.2.0 colorama-0.4.6 distlib-0.3.7 filelock-3.13.1 packaging-23.2 platformdirs-3.11.0 pluggy-1.3.0 pyproject-api-1.6.1 tomli-2.0.1 tox-4.11.3 virtualenv-20.24.6
2023-11-09T15:03:26.1030151Z ##[group]Run tox -e typing
2023-11-09T15:03:26.1030560Z [36;1mtox -e typing[0m
2023-11-09T15:03:26.1074933Z shell: /usr/bin/bash -e {0}
2023-11-09T15:03:26.1075318Z env:
2023-11-09T15:03:26.1075683Z   pythonLocation: /opt/hostedtoolcache/Python/3.8.18/x64
2023-11-09T15:03:26.1076426Z   PKG_CONFIG_PATH: /opt/hostedtoolcache/Python/3.8.18/x64/lib/pkgconfig
2023-11-09T15:03:26.1077055Z   Python_ROOT_DIR: /opt/hostedtoolcache/Python/3.8.18/x64
2023-11-09T15:03:26.1077681Z   Python2_ROOT_DIR: /opt/hostedtoolcache/Python/3.8.18/x64
2023-11-09T15:03:26.1078226Z   Python3_ROOT_DIR: /opt/hostedtoolcache/Python/3.8.18/x64
2023-11-09T15:03:26.1078797Z   LD_LIBRARY_PATH: /opt/hostedtoolcache/Python/3.8.18/x64/lib
2023-11-09T15:03:26.1079338Z ##[endgroup]
2023-11-09T15:03:26.7466262Z typing: install_deps> python -I -m pip install mypy pytest pytest-cov pytest-mock types-python-dateutil types-PyYAML types-requests
2023-11-09T15:03:31.1082496Z .pkg: install_requires> python -I -m pip install 'setuptools>=46.4.0' versioningit
2023-11-09T15:03:32.6464264Z .pkg: _optional_hooks> python /opt/hostedtoolcache/Python/3.8.18/x64/lib/python3.8/site-packages/pyproject_api/_backend.py True setuptools.build_meta
2023-11-09T15:03:32.8833128Z .pkg: get_requires_for_build_sdist> python /opt/hostedtoolcache/Python/3.8.18/x64/lib/python3.8/site-packages/pyproject_api/_backend.py True setuptools.build_meta
2023-11-09T15:03:32.9863106Z .pkg: get_requires_for_build_wheel> python /opt/hostedtoolcache/Python/3.8.18/x64/lib/python3.8/site-packages/pyproject_api/_backend.py True setuptools.build_meta
2023-11-09T15:03:33.0479934Z .pkg: install_requires_for_build_wheel> python -I -m pip install wheel
2023-11-09T15:03:33.5509093Z .pkg: freeze> python -m pip freeze --all
2023-11-09T15:03:33.8532811Z .pkg: importlib-metadata==6.8.0,packaging==23.2,pip==23.3.1,setuptools==68.2.2,tomli==2.0.1,versioningit==2.2.1,wheel==0.41.2,zipp==3.17.0
2023-11-09T15:03:33.8538768Z .pkg: prepare_metadata_for_build_wheel> python /opt/hostedtoolcache/Python/3.8.18/x64/lib/python3.8/site-packages/pyproject_api/_backend.py True setuptools.build_meta
2023-11-09T15:03:33.9771271Z .pkg: build_sdist> python /opt/hostedtoolcache/Python/3.8.18/x64/lib/python3.8/site-packages/pyproject_api/_backend.py True setuptools.build_meta
2023-11-09T15:03:34.0593935Z typing: install_package_deps> python -I -m pip install 'PyYAML>=5.0' 'click-loglevel~=0.2' 'click>=7.0' 'in-place~=0.4' 'pydantic~=1.7' 'python-dateutil~=2.7' 'python-dotenv<2.0,>=0.11' 'requests~=2.20'
2023-11-09T15:03:36.2284545Z typing: install_package> python -I -m pip install --force-reinstall --no-deps /home/runner/work/tinuous/tinuous/.tox/.tmp/package/1/tinuous-0.6.1.post41+g26ee128.tar.gz
2023-11-09T15:03:39.9603732Z typing: freeze> python -m pip freeze --all
2023-11-09T15:03:40.2760231Z typing: certifi==2023.7.22,charset-normalizer==3.3.2,click==8.1.7,click-loglevel==0.5.0,coverage==7.3.2,exceptiongroup==1.1.3,idna==3.4,in-place==0.5.0,iniconfig==2.0.0,mypy==1.6.1,mypy-extensions==1.0.0,packaging==23.2,pip==23.3.1,pluggy==1.3.0,pydantic==1.10.13,pytest==7.4.3,pytest-cov==4.1.0,pytest-mock==3.12.0,python-dateutil==2.8.2,python-dotenv==1.0.0,PyYAML==6.0.1,requests==2.31.0,setuptools==68.2.2,six==1.16.0,tinuous @ file:///home/runner/work/tinuous/tinuous/.tox/.tmp/package/1/tinuous-0.6.1.post41%2Bg26ee128.tar.gz#sha256=d3a5d19882f5a5580863e95d12e3a5c3c55525329b4ff6fddef1a63878c59b5c,tomli==2.0.1,types-python-dateutil==2.8.19.14,types-PyYAML==6.0.12.12,types-requests==2.31.0.10,typing_extensions==4.8.0,urllib3==2.0.7,wheel==0.41.2
2023-11-09T15:03:40.2766017Z typing: commands[0]> mypy src test
2023-11-09T15:03:45.0131135Z src/tinuous/travis.py:71: error: Item "None" of "Optional[Response]" has no
2023-11-09T15:03:45.0133013Z attribute "status_code"  [union-attr]
2023-11-09T15:03:45.0133842Z                 if e.response.status_code == 404:
2023-11-09T15:03:45.0134760Z                    ^~~~~~~~~~~~~~~~~~~~~~
2023-11-09T15:03:45.0470569Z src/tinuous/github.py:330: error: Item "None" of "Optional[Response]" has no
2023-11-09T15:03:45.0471831Z attribute "status_code"  [union-attr]
2023-11-09T15:03:45.0472470Z                 if e.response.status_code in (404, 410):
2023-11-09T15:03:45.0473225Z                    ^~~~~~~~~~~~~~~~~~~~~~
2023-11-09T15:03:45.0473922Z src/tinuous/github.py:334: error: Item "None" of "Optional[Response]" has no
2023-11-09T15:03:45.0474754Z attribute "status_code"  [union-attr]
2023-11-09T15:03:45.0475550Z     ...       "Request for logs returned %d; skipping", e.response.status_cod...
2023-11-09T15:03:45.0476294Z                                                         ^~~~~~~~~~~~~~~~~~~~~~
2023-11-09T15:03:45.6691659Z Found 3 errors in 2 files (checked 15 source files)
2023-11-09T15:03:45.6829303Z typing: exit 1 (5.41 seconds) /home/runner/work/tinuous/tinuous> mypy src test pid=1991
2023-11-09T15:03:45.6840495Z .pkg: _exit> python /opt/hostedtoolcache/Python/3.8.18/x64/lib/python3.8/site-packages/pyproject_api/_backend.py True setuptools.build_meta
2023-11-09T15:03:45.7110779Z   typing: FAIL code 1 (19.29=setup[13.88]+cmd[5.41] seconds)
2023-11-09T15:03:45.7112030Z   evaluation failed :( (19.41 seconds)
2023-11-09T15:03:45.7369615Z ##[error]Process completed with exit code 1.
2023-11-09T15:03:45.7468949Z Post job cleanup.
2023-11-09T15:03:45.8207417Z [command]/usr/bin/git version
2023-11-09T15:03:45.8247338Z git version 2.42.0
2023-11-09T15:03:45.8289651Z Temporarily overriding HOME='/home/runner/work/_temp/fdce1bb9-c0e9-470c-b407-3885255a9596' before making global git config changes
2023-11-09T15:03:45.8291560Z Adding repository directory to the temporary git global config as a safe directory
2023-11-09T15:03:45.8295120Z [command]/usr/bin/git config --global --add safe.directory /home/runner/work/tinuous/tinuous
2023-11-09T15:03:45.8329286Z [command]/usr/bin/git config --local --name-only --get-regexp core\.sshCommand
2023-11-09T15:03:45.8361054Z [command]/usr/bin/git submodule foreach --recursive sh -c "git config --local --name-only --get-regexp 'core\.sshCommand' && git config --local --unset-all 'core.sshCommand' || :"
2023-11-09T15:03:45.8611623Z [command]/usr/bin/git config --local --name-only --get-regexp http\.https\:\/\/github\.com\/\.extraheader
2023-11-09T15:03:45.8633112Z http.https://github.com/.extraheader
2023-11-09T15:03:45.8643884Z [command]/usr/bin/git config --local --unset-all http.https://github.com/.extraheader
2023-11-09T15:03:45.8672898Z [command]/usr/bin/git submodule foreach --recursive sh -c "git config --local --name-only --get-regexp 'http\.https\:\/\/github\.com\/\.extraheader' && git config --local --unset-all 'http.https://github.com/.extraheader' || :"
2023-11-09T15:03:45.9192331Z Cleaning up orphan processes
