2023-11-09T15:39:23.6629066Z ##[group]Run tox -e typing
2023-11-09T15:39:23.6629594Z [36;1mtox -e typing[0m
2023-11-09T15:39:23.6672753Z shell: /usr/bin/bash -e {0}
2023-11-09T15:39:23.6673220Z env:
2023-11-09T15:39:23.6673881Z   pythonLocation: /opt/hostedtoolcache/Python/3.8.18/x64
2023-11-09T15:39:23.6674876Z   PKG_CONFIG_PATH: /opt/hostedtoolcache/Python/3.8.18/x64/lib/pkgconfig
2023-11-09T15:39:23.6675807Z   Python_ROOT_DIR: /opt/hostedtoolcache/Python/3.8.18/x64
2023-11-09T15:39:23.6676621Z   Python2_ROOT_DIR: /opt/hostedtoolcache/Python/3.8.18/x64
2023-11-09T15:39:23.6677449Z   Python3_ROOT_DIR: /opt/hostedtoolcache/Python/3.8.18/x64
2023-11-09T15:39:23.6678299Z   LD_LIBRARY_PATH: /opt/hostedtoolcache/Python/3.8.18/x64/lib
2023-11-09T15:39:23.6678970Z ##[endgroup]
2023-11-09T15:39:24.4005201Z typing: install_deps> python -I -m pip install mypy pytest pytest-cov pytest-mock types-python-dateutil types-PyYAML types-requests
2023-11-09T15:39:30.4747706Z .pkg: install_requires> python -I -m pip install 'setuptools>=46.4.0' versioningit
2023-11-09T15:39:32.8221089Z .pkg: _optional_hooks> python /opt/hostedtoolcache/Python/3.8.18/x64/lib/python3.8/site-packages/pyproject_api/_backend.py True setuptools.build_meta
2023-11-09T15:39:33.1737018Z .pkg: get_requires_for_build_sdist> python /opt/hostedtoolcache/Python/3.8.18/x64/lib/python3.8/site-packages/pyproject_api/_backend.py True setuptools.build_meta
2023-11-09T15:39:33.3243713Z .pkg: get_requires_for_build_wheel> python /opt/hostedtoolcache/Python/3.8.18/x64/lib/python3.8/site-packages/pyproject_api/_backend.py True setuptools.build_meta
2023-11-09T15:39:33.4084810Z .pkg: install_requires_for_build_wheel> python -I -m pip install wheel
2023-11-09T15:39:34.1773795Z .pkg: freeze> python -m pip freeze --all
2023-11-09T15:39:34.6382510Z .pkg: importlib-metadata==6.8.0,packaging==23.2,pip==23.3.1,setuptools==68.2.2,tomli==2.0.1,versioningit==2.2.1,wheel==0.41.2,zipp==3.17.0
2023-11-09T15:39:34.6390354Z .pkg: prepare_metadata_for_build_wheel> python /opt/hostedtoolcache/Python/3.8.18/x64/lib/python3.8/site-packages/pyproject_api/_backend.py True setuptools.build_meta
2023-11-09T15:39:34.7922535Z .pkg: build_sdist> python /opt/hostedtoolcache/Python/3.8.18/x64/lib/python3.8/site-packages/pyproject_api/_backend.py True setuptools.build_meta
2023-11-09T15:39:34.9047657Z typing: install_package_deps> python -I -m pip install 'PyYAML>=5.0' 'click-loglevel~=0.2' 'click>=7.0' 'in-place~=0.4' 'pydantic~=1.7' 'python-dateutil~=2.7' 'python-dotenv<2.0,>=0.11' 'requests~=2.20'
2023-11-09T15:39:37.9058421Z typing: install_package> python -I -m pip install --force-reinstall --no-deps /home/runner/work/tinuous/tinuous/.tox/.tmp/package/1/tinuous-0.6.1.post43+gcbc80d7.tar.gz
2023-11-09T15:39:43.3053695Z typing: freeze> python -m pip freeze --all
2023-11-09T15:39:43.7833873Z typing: certifi==2023.7.22,charset-normalizer==3.3.2,click==8.1.7,click-loglevel==0.5.0,coverage==7.3.2,exceptiongroup==1.1.3,idna==3.4,in-place==0.5.0,iniconfig==2.0.0,mypy==1.6.1,mypy-extensions==1.0.0,packaging==23.2,pip==23.3.1,pluggy==1.3.0,pydantic==1.10.13,pytest==7.4.3,pytest-cov==4.1.0,pytest-mock==3.12.0,python-dateutil==2.8.2,python-dotenv==1.0.0,PyYAML==6.0.1,requests==2.31.0,setuptools==68.2.2,six==1.16.0,tinuous @ file:///home/runner/work/tinuous/tinuous/.tox/.tmp/package/1/tinuous-0.6.1.post43%2Bgcbc80d7.tar.gz#sha256=5ada659104c339c492b37ae802503969fdeef37ceac2bc5eb21b72e9f54e9b56,tomli==2.0.1,types-python-dateutil==2.8.19.14,types-PyYAML==6.0.12.12,types-requests==2.31.0.10,typing_extensions==4.8.0,urllib3==2.0.7,wheel==0.41.2
2023-11-09T15:39:43.7840907Z typing: commands[0]> mypy src test
2023-11-09T15:39:50.5810643Z src/tinuous/travis.py:71: error: Item "None" of "Optional[Response]" has no
2023-11-09T15:39:50.5812479Z attribute "status_code"  [union-attr]
2023-11-09T15:39:50.5816567Z                 if e.response.status_code == 404:
2023-11-09T15:39:50.5817235Z                    ^~~~~~~~~~~~~~~~~~~~~~
2023-11-09T15:39:50.6272985Z src/tinuous/github.py:334: error: Item "None" of "Optional[Response]" has no
2023-11-09T15:39:50.6275426Z attribute "status_code"  [union-attr]
2023-11-09T15:39:50.6276221Z                 if e.response.status_code in (404, 410):
2023-11-09T15:39:50.6325181Z                    ^~~~~~~~~~~~~~~~~~~~~~
2023-11-09T15:39:50.6326209Z src/tinuous/github.py:338: error: Item "None" of "Optional[Response]" has no
2023-11-09T15:39:50.6327422Z attribute "status_code"  [union-attr]
2023-11-09T15:39:50.6328255Z     ...       "Request for logs returned %d; skipping", e.response.status_cod...
2023-11-09T15:39:50.6329160Z                                                         ^~~~~~~~~~~~~~~~~~~~~~
2023-11-09T15:39:51.5025475Z Found 3 errors in 2 files (checked 15 source files)
2023-11-09T15:39:51.5136719Z typing: exit 1 (7.73 seconds) /home/runner/work/tinuous/tinuous> mypy src test pid=1980
2023-11-09T15:39:51.5149703Z .pkg: _exit> python /opt/hostedtoolcache/Python/3.8.18/x64/lib/python3.8/site-packages/pyproject_api/_backend.py True setuptools.build_meta
2023-11-09T15:39:51.5592234Z   typing: FAIL code 1 (27.55=setup[19.82]+cmd[7.73] seconds)
2023-11-09T15:39:51.5594160Z   evaluation failed :( (27.67 seconds)
2023-11-09T15:39:51.6006953Z ##[error]Process completed with exit code 1.
