2023-11-09T15:03:32.1330989Z ##[group]Run tox -e typing
2023-11-09T15:03:32.1331426Z [36;1mtox -e typing[0m
2023-11-09T15:03:32.1376755Z shell: /usr/bin/bash -e {0}
2023-11-09T15:03:32.1377269Z env:
2023-11-09T15:03:32.1377664Z   pythonLocation: /opt/hostedtoolcache/Python/3.8.18/x64
2023-11-09T15:03:32.1378317Z   PKG_CONFIG_PATH: /opt/hostedtoolcache/Python/3.8.18/x64/lib/pkgconfig
2023-11-09T15:03:32.1379072Z   Python_ROOT_DIR: /opt/hostedtoolcache/Python/3.8.18/x64
2023-11-09T15:03:32.1379617Z   Python2_ROOT_DIR: /opt/hostedtoolcache/Python/3.8.18/x64
2023-11-09T15:03:32.1380187Z   Python3_ROOT_DIR: /opt/hostedtoolcache/Python/3.8.18/x64
2023-11-09T15:03:32.1380887Z   LD_LIBRARY_PATH: /opt/hostedtoolcache/Python/3.8.18/x64/lib
2023-11-09T15:03:32.1381387Z ##[endgroup]
2023-11-09T15:03:32.8474936Z typing: install_deps> python -I -m pip install mypy pytest pytest-cov pytest-mock types-python-dateutil types-PyYAML types-requests
2023-11-09T15:03:36.7156220Z .pkg: install_requires> python -I -m pip install 'setuptools>=46.4.0' versioningit
2023-11-09T15:03:38.1362129Z .pkg: _optional_hooks> python /opt/hostedtoolcache/Python/3.8.18/x64/lib/python3.8/site-packages/pyproject_api/_backend.py True setuptools.build_meta
2023-11-09T15:03:38.3731532Z .pkg: get_requires_for_build_sdist> python /opt/hostedtoolcache/Python/3.8.18/x64/lib/python3.8/site-packages/pyproject_api/_backend.py True setuptools.build_meta
2023-11-09T15:03:38.4756742Z .pkg: get_requires_for_build_wheel> python /opt/hostedtoolcache/Python/3.8.18/x64/lib/python3.8/site-packages/pyproject_api/_backend.py True setuptools.build_meta
2023-11-09T15:03:38.5367898Z .pkg: install_requires_for_build_wheel> python -I -m pip install wheel
2023-11-09T15:03:39.0393410Z .pkg: freeze> python -m pip freeze --all
2023-11-09T15:03:39.3396863Z .pkg: importlib-metadata==6.8.0,packaging==23.2,pip==23.3.1,setuptools==68.2.2,tomli==2.0.1,versioningit==2.2.1,wheel==0.41.2,zipp==3.17.0
2023-11-09T15:03:39.3400802Z .pkg: prepare_metadata_for_build_wheel> python /opt/hostedtoolcache/Python/3.8.18/x64/lib/python3.8/site-packages/pyproject_api/_backend.py True setuptools.build_meta
2023-11-09T15:03:39.4734442Z .pkg: build_sdist> python /opt/hostedtoolcache/Python/3.8.18/x64/lib/python3.8/site-packages/pyproject_api/_backend.py True setuptools.build_meta
2023-11-09T15:03:39.5559947Z typing: install_package_deps> python -I -m pip install 'PyYAML>=5.0' 'click-loglevel~=0.2' 'click>=7.0' 'in-place~=0.4' 'pydantic~=1.7' 'python-dateutil~=2.7' 'python-dotenv<2.0,>=0.11' 'requests~=2.20'
2023-11-09T15:03:41.3864922Z typing: install_package> python -I -m pip install --force-reinstall --no-deps /home/runner/work/tinuous/tinuous/.tox/.tmp/package/1/tinuous-0.6.1.post42+g637db65.tar.gz
2023-11-09T15:03:44.8774062Z typing: freeze> python -m pip freeze --all
2023-11-09T15:03:45.1993513Z typing: certifi==2023.7.22,charset-normalizer==3.3.2,click==8.1.7,click-loglevel==0.5.0,coverage==7.3.2,exceptiongroup==1.1.3,idna==3.4,in-place==0.5.0,iniconfig==2.0.0,mypy==1.6.1,mypy-extensions==1.0.0,packaging==23.2,pip==23.3.1,pluggy==1.3.0,pydantic==1.10.13,pytest==7.4.3,pytest-cov==4.1.0,pytest-mock==3.12.0,python-dateutil==2.8.2,python-dotenv==1.0.0,PyYAML==6.0.1,requests==2.31.0,setuptools==68.2.2,six==1.16.0,tinuous @ file:///home/runner/work/tinuous/tinuous/.tox/.tmp/package/1/tinuous-0.6.1.post42%2Bg637db65.tar.gz#sha256=20be7dccc0b4d9f481fdeb7dd67ff3eb4ae76ba07bde6687bd527010d4e33839,tomli==2.0.1,types-python-dateutil==2.8.19.14,types-PyYAML==6.0.12.12,types-requests==2.31.0.10,typing_extensions==4.8.0,urllib3==2.0.7,wheel==0.41.2
2023-11-09T15:03:45.1999973Z typing: commands[0]> mypy src test
2023-11-09T15:03:49.8648171Z src/tinuous/travis.py:71: error: Item "None" of "Optional[Response]" has no
2023-11-09T15:03:49.8649663Z attribute "status_code"  [union-attr]
2023-11-09T15:03:49.8651721Z                 if e.response.status_code == 404:
2023-11-09T15:03:49.8655467Z                    ^~~~~~~~~~~~~~~~~~~~~~
2023-11-09T15:03:49.8973695Z src/tinuous/github.py:330: error: Item "None" of "Optional[Response]" has no
2023-11-09T15:03:49.8977491Z attribute "status_code"  [union-attr]
2023-11-09T15:03:49.8978412Z                 if e.response.status_code in (404, 410):
2023-11-09T15:03:49.8979474Z                    ^~~~~~~~~~~~~~~~~~~~~~
2023-11-09T15:03:49.8980684Z src/tinuous/github.py:334: error: Item "None" of "Optional[Response]" has no
2023-11-09T15:03:49.8981702Z attribute "status_code"  [union-attr]
2023-11-09T15:03:49.8982432Z     ...       "Request for logs returned %d; skipping", e.response.status_cod...
2023-11-09T15:03:49.8983222Z                                                         ^~~~~~~~~~~~~~~~~~~~~~
2023-11-09T15:03:50.5077306Z Found 3 errors in 2 files (checked 15 source files)
2023-11-09T15:03:50.5217017Z typing: exit 1 (5.32 seconds) /home/runner/work/tinuous/tinuous> mypy src test pid=2053
2023-11-09T15:03:50.5227185Z .pkg: _exit> python /opt/hostedtoolcache/Python/3.8.18/x64/lib/python3.8/site-packages/pyproject_api/_backend.py True setuptools.build_meta
2023-11-09T15:03:50.5496128Z   typing: FAIL code 1 (18.04=setup[12.72]+cmd[5.32] seconds)
2023-11-09T15:03:50.5496933Z   evaluation failed :( (18.21 seconds)
2023-11-09T15:03:50.5747937Z ##[error]Process completed with exit code 1.
