2021-04-27T21:45:11.6120762Z ##[group]Run mypy src
2021-04-27T21:45:11.6121226Z [36;1mmypy src[0m
2021-04-27T21:45:11.6157528Z shell: /usr/bin/bash -e {0}
2021-04-27T21:45:11.6157895Z env:
2021-04-27T21:45:11.6158379Z   pythonLocation: /opt/hostedtoolcache/Python/3.9.4/x64
2021-04-27T21:45:11.6159042Z   LD_LIBRARY_PATH: /opt/hostedtoolcache/Python/3.9.4/x64/lib
2021-04-27T21:45:11.6159531Z ##[endgroup]
2021-04-27T21:45:15.0280570Z src/tinuous/_version.py:20: error: Function is missing a return type annotation
2021-04-27T21:45:15.0281768Z  [no-untyped-def]
2021-04-27T21:45:15.0282144Z     def get_keywords():
2021-04-27T21:45:15.0282448Z     ^
2021-04-27T21:45:15.0282933Z src/tinuous/_version.py:37: error: Function is missing a return type annotation
2021-04-27T21:45:15.0283611Z  [no-untyped-def]
2021-04-27T21:45:15.0283978Z     def get_config():
2021-04-27T21:45:15.0284257Z     ^
2021-04-27T21:45:15.0284887Z src/tinuous/_version.py:55: error: Need type annotation for 'LONG_VERSION_PY'
2021-04-27T21:45:15.0285937Z (hint: "LONG_VERSION_PY: Dict[<type>, <type>] = ...")  [var-annotated]
2021-04-27T21:45:15.0286507Z     LONG_VERSION_PY = {}
2021-04-27T21:45:15.0286808Z     ^
2021-04-27T21:45:15.0287460Z src/tinuous/_version.py:56: error: Need type annotation for 'HANDLERS' (hint:
2021-04-27T21:45:15.0288203Z "HANDLERS: Dict[<type>, <type>] = ...")  [var-annotated]
2021-04-27T21:45:15.0288631Z     HANDLERS = {}
2021-04-27T21:45:15.0288903Z     ^
2021-04-27T21:45:15.0289367Z src/tinuous/_version.py:59: error: Function is missing a type annotation 
2021-04-27T21:45:15.0289986Z [no-untyped-def]
2021-04-27T21:45:15.0290455Z     def register_vcs_handler(vcs, method):  # decorator
2021-04-27T21:45:15.0290836Z     ^
2021-04-27T21:45:15.0291300Z src/tinuous/_version.py:61: error: Function is missing a type annotation 
2021-04-27T21:45:15.0291924Z [no-untyped-def]
2021-04-27T21:45:15.0292295Z         def decorate(f):
2021-04-27T21:45:15.0292587Z         ^
2021-04-27T21:45:15.0293051Z src/tinuous/_version.py:70: error: Function is missing a type annotation 
2021-04-27T21:45:15.0293685Z [no-untyped-def]
2021-04-27T21:45:15.0294199Z     def run_command(commands, args, cwd=None, verbose=False, hide_stderr=F...
2021-04-27T21:45:15.0294655Z     ^
2021-04-27T21:45:15.0295103Z src/tinuous/_version.py:105: error: Function is missing a type annotation 
2021-04-27T21:45:15.0295730Z [no-untyped-def]
2021-04-27T21:45:15.0296236Z     def versions_from_parentdir(parentdir_prefix, root, verbose):
2021-04-27T21:45:15.0296685Z     ^
2021-04-27T21:45:15.0297132Z src/tinuous/_version.py:131: error: Function is missing a type annotation 
2021-04-27T21:45:15.0297756Z [no-untyped-def]
2021-04-27T21:45:15.0298178Z     def git_get_keywords(versionfile_abs):
2021-04-27T21:45:15.0298556Z     ^
2021-04-27T21:45:15.0299003Z src/tinuous/_version.py:160: error: Function is missing a type annotation 
2021-04-27T21:45:15.0299630Z [no-untyped-def]
2021-04-27T21:45:15.0300146Z     def git_versions_from_keywords(keywords, tag_prefix, verbose):
2021-04-27T21:45:15.0300570Z     ^
2021-04-27T21:45:15.0301040Z src/tinuous/_version.py:219: error: Function is missing a type annotation 
2021-04-27T21:45:15.0301651Z [no-untyped-def]
2021-04-27T21:45:15.0302175Z     def git_pieces_from_vcs(tag_prefix, root, verbose, run_command=run_com...
2021-04-27T21:45:15.0302608Z     ^
2021-04-27T21:45:15.0303071Z src/tinuous/_version.py:313: error: Function is missing a type annotation 
2021-04-27T21:45:15.0303687Z [no-untyped-def]
2021-04-27T21:45:15.0304080Z     def plus_or_dot(pieces):
2021-04-27T21:45:15.0304401Z     ^
2021-04-27T21:45:15.0304846Z src/tinuous/_version.py:320: error: Function is missing a type annotation 
2021-04-27T21:45:15.0305467Z [no-untyped-def]
2021-04-27T21:45:15.0305854Z     def render_pep440(pieces):
2021-04-27T21:45:15.0306396Z     ^
2021-04-27T21:45:15.0306848Z src/tinuous/_version.py:345: error: Function is missing a type annotation 
2021-04-27T21:45:15.0307510Z [no-untyped-def]
2021-04-27T21:45:15.0307912Z     def render_pep440_pre(pieces):
2021-04-27T21:45:15.0308257Z     ^
2021-04-27T21:45:15.0308866Z src/tinuous/_version.py:361: error: Function is missing a type annotation 
2021-04-27T21:45:15.0309525Z [no-untyped-def]
2021-04-27T21:45:15.0309929Z     def render_pep440_post(pieces):
2021-04-27T21:45:15.0310278Z     ^
2021-04-27T21:45:15.0310741Z src/tinuous/_version.py:388: error: Function is missing a type annotation 
2021-04-27T21:45:15.0311354Z [no-untyped-def]
2021-04-27T21:45:15.0311769Z     def render_pep440_old(pieces):
2021-04-27T21:45:15.0312096Z     ^
2021-04-27T21:45:15.0312561Z src/tinuous/_version.py:410: error: Function is missing a type annotation 
2021-04-27T21:45:15.0313332Z [no-untyped-def]
2021-04-27T21:45:15.0313750Z     def render_git_describe(pieces):
2021-04-27T21:45:15.0314114Z     ^
2021-04-27T21:45:15.0314562Z src/tinuous/_version.py:430: error: Function is missing a type annotation 
2021-04-27T21:45:15.0315191Z [no-untyped-def]
2021-04-27T21:45:15.0315609Z     def render_git_describe_long(pieces):
2021-04-27T21:45:15.0315974Z     ^
2021-04-27T21:45:15.0316421Z src/tinuous/_version.py:450: error: Function is missing a type annotation 
2021-04-27T21:45:15.0317055Z [no-untyped-def]
2021-04-27T21:45:15.0317441Z     def render(pieces, style):
2021-04-27T21:45:15.0317774Z     ^
2021-04-27T21:45:15.0318198Z src/tinuous/_version.py:482: error: Function is missing a return type
2021-04-27T21:45:15.0318869Z annotation  [no-untyped-def]
2021-04-27T21:45:15.0319282Z     def get_versions():
2021-04-27T21:45:15.0319572Z     ^
2021-04-27T21:45:15.5959616Z Found 20 errors in 1 file (checked 2 source files)
2021-04-27T21:45:15.8240153Z ##[error]Process completed with exit code 1.
