2021-04-27T20:55:40.4687055Z ##[section]Starting: Request a runner to run this job
2021-04-27T20:55:40.6108303Z Can't find any online and idle self-hosted runner in current repository that matches the required labels: 'ubuntu-latest'
2021-04-27T20:55:40.6108421Z Can't find any online and idle self-hosted runner in current repository's account/organization that matches the required labels: 'ubuntu-latest'
2021-04-27T20:55:40.6108973Z Found online and idle hosted runner in current repository's account/organization that matches the required labels: 'ubuntu-latest'
2021-04-27T20:55:40.7498812Z ##[section]Finishing: Request a runner to run this job
2021-04-27T20:55:48.9098791Z Current runner version: '2.278.0'
2021-04-27T20:55:48.9127478Z ##[group]Operating System
2021-04-27T20:55:48.9128470Z Ubuntu
2021-04-27T20:55:48.9128882Z 20.04.2
2021-04-27T20:55:48.9129328Z LTS
2021-04-27T20:55:48.9129762Z ##[endgroup]
2021-04-27T20:55:48.9130328Z ##[group]Virtual Environment
2021-04-27T20:55:48.9131010Z Environment: ubuntu-20.04
2021-04-27T20:55:48.9131521Z Version: 20210425.1
2021-04-27T20:55:48.9132506Z Included Software: https://github.com/actions/virtual-environments/blob/ubuntu20/20210425.1/images/linux/Ubuntu2004-README.md
2021-04-27T20:55:48.9133788Z Image Release: https://github.com/actions/virtual-environments/releases/tag/ubuntu20%2F20210425.1
2021-04-27T20:55:48.9134663Z ##[endgroup]
2021-04-27T20:55:48.9136457Z ##[group]GITHUB_TOKEN Permissions
2021-04-27T20:55:48.9137661Z Actions: write
2021-04-27T20:55:48.9138183Z Checks: write
2021-04-27T20:55:48.9138652Z Contents: write
2021-04-27T20:55:48.9139228Z Deployments: write
2021-04-27T20:55:48.9139831Z Issues: write
2021-04-27T20:55:48.9140355Z Metadata: read
2021-04-27T20:55:48.9140903Z Packages: write
2021-04-27T20:55:48.9141410Z PullRequests: write
2021-04-27T20:55:48.9142064Z RepositoryProjects: write
2021-04-27T20:55:48.9142659Z SecurityEvents: write
2021-04-27T20:55:48.9143226Z Statuses: write
2021-04-27T20:55:48.9143776Z ##[endgroup]
2021-04-27T20:55:48.9146949Z Prepare workflow directory
2021-04-27T20:55:48.9727999Z Prepare all required actions
2021-04-27T20:55:48.9738304Z Getting action download info
2021-04-27T20:55:49.3906991Z Download action repository 'actions/checkout@v2'
2021-04-27T20:55:51.4616878Z Download action repository 'actions/setup-python@v2'
2021-04-27T20:55:51.9186597Z ##[group]Run actions/checkout@v2
2021-04-27T20:55:51.9187181Z with:
2021-04-27T20:55:51.9187571Z   repository: con/tinuous
2021-04-27T20:55:51.9188518Z   token: ***
2021-04-27T20:55:51.9188900Z   ssh-strict: true
2021-04-27T20:55:51.9189372Z   persist-credentials: true
2021-04-27T20:55:51.9189836Z   clean: true
2021-04-27T20:55:51.9190204Z   fetch-depth: 1
2021-04-27T20:55:51.9190596Z   lfs: false
2021-04-27T20:55:51.9190958Z   submodules: false
2021-04-27T20:55:51.9191354Z ##[endgroup]
2021-04-27T20:55:52.1377915Z Syncing repository: con/tinuous
2021-04-27T20:55:52.1378659Z ##[group]Getting Git version info
2021-04-27T20:55:52.1379669Z Working directory is '/home/runner/work/tinuous/tinuous'
2021-04-27T20:55:52.1382738Z [command]/usr/bin/git version
2021-04-27T20:55:52.1474511Z git version 2.31.1
2021-04-27T20:55:52.1493293Z ##[endgroup]
2021-04-27T20:55:52.1499086Z Deleting the contents of '/home/runner/work/tinuous/tinuous'
2021-04-27T20:55:52.1502955Z ##[group]Initializing the repository
2021-04-27T20:55:52.1506389Z [command]/usr/bin/git init /home/runner/work/tinuous/tinuous
2021-04-27T20:55:52.1568881Z hint: Using 'master' as the name for the initial branch. This default branch name
2021-04-27T20:55:52.1569921Z hint: is subject to change. To configure the initial branch name to use in all
2021-04-27T20:55:52.1570830Z hint: of your new repositories, which will suppress this warning, call:
2021-04-27T20:55:52.1571529Z hint: 
2021-04-27T20:55:52.1572352Z hint: 	git config --global init.defaultBranch <name>
2021-04-27T20:55:52.1572987Z hint: 
2021-04-27T20:55:52.1573808Z hint: Names commonly chosen instead of 'master' are 'main', 'trunk' and
2021-04-27T20:55:52.1574884Z hint: 'development'. The just-created branch can be renamed via this command:
2021-04-27T20:55:52.1575583Z hint: 
2021-04-27T20:55:52.1576219Z hint: 	git branch -m <name>
2021-04-27T20:55:52.1588772Z Initialized empty Git repository in /home/runner/work/tinuous/tinuous/.git/
2021-04-27T20:55:52.1598290Z [command]/usr/bin/git remote add origin https://github.com/con/tinuous
2021-04-27T20:55:52.1641318Z ##[endgroup]
2021-04-27T20:55:52.1642130Z ##[group]Disabling automatic garbage collection
2021-04-27T20:55:52.1645398Z [command]/usr/bin/git config --local gc.auto 0
2021-04-27T20:55:52.1681949Z ##[endgroup]
2021-04-27T20:55:52.1686011Z ##[group]Setting up auth
2021-04-27T20:55:52.1691946Z [command]/usr/bin/git config --local --name-only --get-regexp core\.sshCommand
2021-04-27T20:55:52.1721146Z [command]/usr/bin/git submodule foreach --recursive git config --local --name-only --get-regexp 'core\.sshCommand' && git config --local --unset-all 'core.sshCommand' || :
2021-04-27T20:55:52.2046165Z [command]/usr/bin/git config --local --name-only --get-regexp http\.https\:\/\/github\.com\/\.extraheader
2021-04-27T20:55:52.2076867Z [command]/usr/bin/git submodule foreach --recursive git config --local --name-only --get-regexp 'http\.https\:\/\/github\.com\/\.extraheader' && git config --local --unset-all 'http.https://github.com/.extraheader' || :
2021-04-27T20:55:52.2275589Z [command]/usr/bin/git config --local http.https://github.com/.extraheader AUTHORIZATION: basic ***
2021-04-27T20:55:52.2312345Z ##[endgroup]
2021-04-27T20:55:52.2314152Z ##[group]Fetching the repository
2021-04-27T20:55:52.2325048Z [command]/usr/bin/git -c protocol.version=2 fetch --no-tags --prune --progress --no-recurse-submodules --depth=1 origin +cd27cf6103caac4195acdcd9ebfa43683a23d8c9:refs/remotes/pull/31/merge
2021-04-27T20:55:52.6087309Z remote: Enumerating objects: 20, done.        
2021-04-27T20:55:52.6088014Z remote: Counting objects:   5% (1/20)        
2021-04-27T20:55:52.6088630Z remote: Counting objects:  10% (2/20)        
2021-04-27T20:55:52.6089215Z remote: Counting objects:  15% (3/20)        
2021-04-27T20:55:52.6089812Z remote: Counting objects:  20% (4/20)        
2021-04-27T20:55:52.6090515Z remote: Counting objects:  25% (5/20)        
2021-04-27T20:55:52.6091227Z remote: Counting objects:  30% (6/20)        
2021-04-27T20:55:52.6092157Z remote: Counting objects:  35% (7/20)        
2021-04-27T20:55:52.6092648Z remote: Counting objects:  40% (8/20)        
2021-04-27T20:55:52.6093137Z remote: Counting objects:  45% (9/20)        
2021-04-27T20:55:52.6093630Z remote: Counting objects:  50% (10/20)        
2021-04-27T20:55:52.6094115Z remote: Counting objects:  55% (11/20)        
2021-04-27T20:55:52.6094608Z remote: Counting objects:  60% (12/20)        
2021-04-27T20:55:52.6095098Z remote: Counting objects:  65% (13/20)        
2021-04-27T20:55:52.6095586Z remote: Counting objects:  70% (14/20)        
2021-04-27T20:55:52.6096183Z remote: Counting objects:  75% (15/20)        
2021-04-27T20:55:52.6096776Z remote: Counting objects:  80% (16/20)        
2021-04-27T20:55:52.6097367Z remote: Counting objects:  85% (17/20)        
2021-04-27T20:55:52.6097946Z remote: Counting objects:  90% (18/20)        
2021-04-27T20:55:52.6098540Z remote: Counting objects:  95% (19/20)        
2021-04-27T20:55:52.6099126Z remote: Counting objects: 100% (20/20)        
2021-04-27T20:55:52.6099741Z remote: Counting objects: 100% (20/20), done.        
2021-04-27T20:55:52.6100380Z remote: Compressing objects:   6% (1/15)        
2021-04-27T20:55:52.6101001Z remote: Compressing objects:  13% (2/15)        
2021-04-27T20:55:52.6101636Z remote: Compressing objects:  20% (3/15)        
2021-04-27T20:55:52.6102262Z remote: Compressing objects:  26% (4/15)        
2021-04-27T20:55:52.6102906Z remote: Compressing objects:  33% (5/15)        
2021-04-27T20:55:52.6103538Z remote: Compressing objects:  40% (6/15)        
2021-04-27T20:55:52.6104154Z remote: Compressing objects:  46% (7/15)        
2021-04-27T20:55:52.6104787Z remote: Compressing objects:  53% (8/15)        
2021-04-27T20:55:52.6106932Z remote: Compressing objects:  60% (9/15)        
2021-04-27T20:55:52.6107584Z remote: Compressing objects:  66% (10/15)        
2021-04-27T20:55:52.6108222Z remote: Compressing objects:  73% (11/15)        
2021-04-27T20:55:52.6108859Z remote: Compressing objects:  80% (12/15)        
2021-04-27T20:55:52.6109501Z remote: Compressing objects:  86% (13/15)        
2021-04-27T20:55:52.6110134Z remote: Compressing objects:  93% (14/15)        
2021-04-27T20:55:52.6110751Z remote: Compressing objects: 100% (15/15)        
2021-04-27T20:55:52.6111410Z remote: Compressing objects: 100% (15/15), done.        
2021-04-27T20:55:52.6112699Z remote: Total 20 (delta 1), reused 13 (delta 1), pack-reused 0        
2021-04-27T20:55:52.6113632Z From https://github.com/con/tinuous
2021-04-27T20:55:52.6114777Z  * [new ref]         cd27cf6103caac4195acdcd9ebfa43683a23d8c9 -> pull/31/merge
2021-04-27T20:55:52.6115674Z ##[endgroup]
2021-04-27T20:55:52.6116277Z ##[group]Determining the checkout info
2021-04-27T20:55:52.6116859Z ##[endgroup]
2021-04-27T20:55:52.6117384Z ##[group]Checking out the ref
2021-04-27T20:55:52.6118308Z [command]/usr/bin/git checkout --progress --force refs/remotes/pull/31/merge
2021-04-27T20:55:52.6119246Z Note: switching to 'refs/remotes/pull/31/merge'.
2021-04-27T20:55:52.6119720Z 
2021-04-27T20:55:52.6120537Z You are in 'detached HEAD' state. You can look around, make experimental
2021-04-27T20:55:52.6121369Z changes and commit them, and you can discard any commits you make in this
2021-04-27T20:55:52.6122191Z state without impacting any branches by switching back to a branch.
2021-04-27T20:55:52.6122709Z 
2021-04-27T20:55:52.6123307Z If you want to create a new branch to retain commits you create, you may
2021-04-27T20:55:52.6124252Z do so (now or later) by using -c with the switch command. Example:
2021-04-27T20:55:52.6124742Z 
2021-04-27T20:55:52.6125344Z   git switch -c <new-branch-name>
2021-04-27T20:55:52.6125779Z 
2021-04-27T20:55:52.6126246Z Or undo this operation with:
2021-04-27T20:55:52.6126639Z 
2021-04-27T20:55:52.6127194Z   git switch -
2021-04-27T20:55:52.6127529Z 
2021-04-27T20:55:52.6128216Z Turn off this advice by setting config variable advice.detachedHead to false
2021-04-27T20:55:52.6128805Z 
2021-04-27T20:55:52.6129762Z HEAD is now at cd27cf6 Merge b00e92b78a7a8ddfb484931d02efd19ea9a6bf4e into 97538692451f968607a2c289e0ad80fb9d2e1e32
2021-04-27T20:55:52.6130691Z ##[endgroup]
2021-04-27T20:55:52.6131792Z [command]/usr/bin/git log -1 --format='%H'
2021-04-27T20:55:52.6132747Z 'cd27cf6103caac4195acdcd9ebfa43683a23d8c9'
2021-04-27T20:55:52.6245906Z ##[group]Run actions/setup-python@v2
2021-04-27T20:55:52.6246350Z with:
2021-04-27T20:55:52.6246750Z   python-version: 3.9
2021-04-27T20:55:52.6247579Z   token: ***
2021-04-27T20:55:52.6247922Z ##[endgroup]
2021-04-27T20:55:52.6798424Z Successfully setup CPython (3.9.4)
2021-04-27T20:55:52.6853042Z ##[group]Run python -m pip install --upgrade pip wheel
2021-04-27T20:55:52.6853713Z [36;1mpython -m pip install --upgrade pip wheel[0m
2021-04-27T20:55:52.6854226Z [36;1mpython -m pip install .[0m
2021-04-27T20:55:52.6897557Z shell: /usr/bin/bash -e {0}
2021-04-27T20:55:52.6897944Z env:
2021-04-27T20:55:52.6898454Z   pythonLocation: /opt/hostedtoolcache/Python/3.9.4/x64
2021-04-27T20:55:52.6899149Z   LD_LIBRARY_PATH: /opt/hostedtoolcache/Python/3.9.4/x64/lib
2021-04-27T20:55:52.6899667Z ##[endgroup]
2021-04-27T20:55:54.8364795Z WARNING: Value for scheme.headers does not match. Please report this to <https://github.com/pypa/pip/issues/9617>
2021-04-27T20:55:54.8371632Z distutils: /opt/hostedtoolcache/Python/3.9.4/x64/include/python3.9/UNKNOWN
2021-04-27T20:55:54.8385948Z sysconfig: /opt/hostedtoolcache/Python/3.9.4/x64/include/python3.9
2021-04-27T20:55:54.8407611Z WARNING: Additional context:
2021-04-27T20:55:54.8408331Z user = False
2021-04-27T20:55:54.8408837Z home = None
2021-04-27T20:55:54.8409431Z root = None
2021-04-27T20:55:54.8409888Z prefix = None
2021-04-27T20:55:54.9173255Z Requirement already satisfied: pip in /opt/hostedtoolcache/Python/3.9.4/x64/lib/python3.9/site-packages (21.1)
2021-04-27T20:55:55.1203923Z Collecting wheel
2021-04-27T20:55:55.1550182Z   Downloading wheel-0.36.2-py2.py3-none-any.whl (35 kB)
2021-04-27T20:55:55.2303002Z Installing collected packages: wheel
2021-04-27T20:55:55.2607368Z WARNING: Value for scheme.headers does not match. Please report this to <https://github.com/pypa/pip/issues/9617>
2021-04-27T20:55:55.2608807Z distutils: /opt/hostedtoolcache/Python/3.9.4/x64/include/python3.9/UNKNOWN
2021-04-27T20:55:55.2609965Z sysconfig: /opt/hostedtoolcache/Python/3.9.4/x64/include/python3.9
2021-04-27T20:55:55.2610894Z WARNING: Additional context:
2021-04-27T20:55:55.2611718Z user = False
2021-04-27T20:55:55.2612230Z home = None
2021-04-27T20:55:55.2612742Z root = None
2021-04-27T20:55:55.2613254Z prefix = None
2021-04-27T20:55:55.2617903Z Successfully installed wheel-0.36.2
2021-04-27T20:55:55.6636320Z WARNING: Value for scheme.headers does not match. Please report this to <https://github.com/pypa/pip/issues/9617>
2021-04-27T20:55:55.6638673Z distutils: /opt/hostedtoolcache/Python/3.9.4/x64/include/python3.9/UNKNOWN
2021-04-27T20:55:55.6670600Z sysconfig: /opt/hostedtoolcache/Python/3.9.4/x64/include/python3.9
2021-04-27T20:55:55.6671470Z WARNING: Additional context:
2021-04-27T20:55:55.6671985Z user = False
2021-04-27T20:55:55.6672381Z home = None
2021-04-27T20:55:55.6672778Z root = None
2021-04-27T20:55:55.6673322Z prefix = None
2021-04-27T20:55:55.7405438Z Processing /home/runner/work/tinuous/tinuous
2021-04-27T20:55:55.7409557Z   DEPRECATION: A future pip version will change local packages to be built in-place without first copying to a temporary directory. We recommend you use --use-feature=in-tree-build to test your packages with this new behavior before it becomes the default.
2021-04-27T20:55:55.7411758Z    pip 21.3 will remove support for this functionality. You can find discussion regarding this at https://github.com/pypa/pip/issues/7555.
2021-04-27T20:55:56.5936507Z   Installing build dependencies: started
2021-04-27T20:55:58.8412039Z   Installing build dependencies: finished with status 'done'
2021-04-27T20:55:58.8445476Z   Getting requirements to build wheel: started
2021-04-27T20:55:59.4397269Z   Getting requirements to build wheel: finished with status 'done'
2021-04-27T20:55:59.4425129Z     Preparing wheel metadata: started
2021-04-27T20:55:59.6936377Z     Preparing wheel metadata: finished with status 'done'
2021-04-27T20:55:59.8285135Z Collecting requests~=2.20
2021-04-27T20:55:59.8639317Z   Downloading requests-2.25.1-py2.py3-none-any.whl (61 kB)
2021-04-27T20:55:59.9048450Z Collecting click-loglevel~=0.2
2021-04-27T20:55:59.9143854Z   Downloading click_loglevel-0.3.0-py3-none-any.whl (5.0 kB)
2021-04-27T20:55:59.9601278Z Collecting PyGithub~=1.53
2021-04-27T20:55:59.9705582Z   Downloading PyGithub-1.55-py3-none-any.whl (291 kB)
2021-04-27T20:56:00.0597936Z Collecting click~=7.0
2021-04-27T20:56:00.0731561Z   Downloading click-7.1.2-py2.py3-none-any.whl (82 kB)
2021-04-27T20:56:00.1021334Z Collecting in-place~=0.4
2021-04-27T20:56:00.1110223Z   Downloading in_place-0.5.0-py3-none-any.whl (9.1 kB)
2021-04-27T20:56:00.1681655Z Collecting python-dateutil~=2.7
2021-04-27T20:56:00.1873584Z   Downloading python_dateutil-2.8.1-py2.py3-none-any.whl (227 kB)
2021-04-27T20:56:00.2327770Z Collecting datalad~=0.14
2021-04-27T20:56:00.9623571Z   Downloading datalad-0.14.2.tar.gz (1.6 MB)
2021-04-27T20:56:00.9626935Z   Installing build dependencies: started
2021-04-27T20:56:02.7274494Z   Installing build dependencies: finished with status 'done'
2021-04-27T20:56:02.7327016Z   Getting requirements to build wheel: started
2021-04-27T20:56:03.0871933Z   Getting requirements to build wheel: finished with status 'done'
2021-04-27T20:56:03.0896752Z     Preparing wheel metadata: started
2021-04-27T20:56:03.5011120Z     Preparing wheel metadata: finished with status 'done'
2021-04-27T20:56:03.6549937Z Collecting pydantic~=1.7
2021-04-27T20:56:03.6923785Z   Downloading pydantic-1.8.1-cp39-cp39-manylinux2014_x86_64.whl (11.3 MB)
2021-04-27T20:56:03.9836803Z Collecting PyYAML~=5.0
2021-04-27T20:56:03.9935114Z   Downloading PyYAML-5.4.1-cp39-cp39-manylinux1_x86_64.whl (630 kB)
2021-04-27T20:56:04.1802347Z Collecting humanize
2021-04-27T20:56:04.1907090Z   Downloading humanize-3.4.1-py3-none-any.whl (73 kB)
2021-04-27T20:56:04.2171701Z Collecting iso8601
2021-04-27T20:56:04.2264792Z   Downloading iso8601-0.1.14-py2.py3-none-any.whl (9.5 kB)
2021-04-27T20:56:04.2467781Z Collecting patool>=1.7
2021-04-27T20:56:04.2567180Z   Downloading patool-1.12-py2.py3-none-any.whl (77 kB)
2021-04-27T20:56:04.2843358Z Collecting fasteners>=0.14
2021-04-27T20:56:04.2924862Z   Downloading fasteners-0.16-py2.py3-none-any.whl (28 kB)
2021-04-27T20:56:04.3191985Z Collecting annexremote
2021-04-27T20:56:04.3275624Z   Downloading annexremote-1.5.0-py3-none-any.whl (25 kB)
2021-04-27T20:56:04.3547050Z Collecting wrapt
2021-04-27T20:56:04.3618026Z   Downloading wrapt-1.12.1.tar.gz (27 kB)
2021-04-27T20:56:05.3499306Z Collecting simplejson
2021-04-27T20:56:05.3593031Z   Downloading simplejson-3.17.2.tar.gz (83 kB)
2021-04-27T20:56:05.6803395Z Collecting keyring>=8.0
2021-04-27T20:56:05.7012891Z   Downloading keyring-23.0.1-py3-none-any.whl (33 kB)
2021-04-27T20:56:05.8172069Z Collecting tqdm
2021-04-27T20:56:05.8239695Z   Downloading tqdm-4.60.0-py2.py3-none-any.whl (75 kB)
2021-04-27T20:56:05.8490911Z Collecting distro
2021-04-27T20:56:05.8563941Z   Downloading distro-1.5.0-py2.py3-none-any.whl (18 kB)
2021-04-27T20:56:05.9388742Z Collecting msgpack
2021-04-27T20:56:05.9485034Z   Downloading msgpack-1.0.2-cp39-cp39-manylinux1_x86_64.whl (294 kB)
2021-04-27T20:56:05.9766604Z Collecting jsmin
2021-04-27T20:56:05.9875416Z   Downloading jsmin-2.2.2.tar.gz (12 kB)
2021-04-27T20:56:06.2419013Z Collecting boto
2021-04-27T20:56:06.2526876Z   Downloading boto-2.49.0-py2.py3-none-any.whl (1.4 MB)
2021-04-27T20:56:06.2934525Z Collecting appdirs
2021-04-27T20:56:06.3011440Z   Downloading appdirs-1.4.4-py2.py3-none-any.whl (9.6 kB)
2021-04-27T20:56:06.3335480Z Collecting keyrings.alt
2021-04-27T20:56:06.3412114Z   Downloading keyrings.alt-4.0.2-py3-none-any.whl (20 kB)
2021-04-27T20:56:06.4442848Z Collecting whoosh
2021-04-27T20:56:06.4549074Z   Downloading Whoosh-2.7.4-py2.py3-none-any.whl (468 kB)
2021-04-27T20:56:06.4884897Z Collecting chardet>=3.0.4
2021-04-27T20:56:06.4983966Z   Downloading chardet-4.0.0-py2.py3-none-any.whl (178 kB)
2021-04-27T20:56:06.5369006Z Collecting six
2021-04-27T20:56:06.5450060Z   Downloading six-1.15.0-py2.py3-none-any.whl (10 kB)
2021-04-27T20:56:06.5969487Z Collecting SecretStorage>=3.2
2021-04-27T20:56:06.6047911Z   Downloading SecretStorage-3.3.1-py3-none-any.whl (15 kB)
2021-04-27T20:56:06.6289504Z Collecting jeepney>=0.4.2
2021-04-27T20:56:06.6379891Z   Downloading jeepney-0.6.0-py3-none-any.whl (45 kB)
2021-04-27T20:56:06.7138271Z Collecting importlib-metadata>=3.6
2021-04-27T20:56:06.7222676Z   Downloading importlib_metadata-4.0.1-py3-none-any.whl (16 kB)
2021-04-27T20:56:06.7816835Z Collecting zipp>=0.5
2021-04-27T20:56:06.7894273Z   Downloading zipp-3.4.1-py3-none-any.whl (5.2 kB)
2021-04-27T20:56:06.8327113Z Collecting typing-extensions>=3.7.4.3
2021-04-27T20:56:06.8423634Z   Downloading typing_extensions-3.7.4.3-py3-none-any.whl (22 kB)
2021-04-27T20:56:06.8885068Z Collecting pyjwt>=2.0
2021-04-27T20:56:06.9127759Z   Downloading PyJWT-2.0.1-py3-none-any.whl (15 kB)
2021-04-27T20:56:06.9715972Z Collecting pynacl>=1.4.0
2021-04-27T20:56:06.9823292Z   Downloading PyNaCl-1.4.0-cp35-abi3-manylinux1_x86_64.whl (961 kB)
2021-04-27T20:56:07.0418113Z Collecting deprecated
2021-04-27T20:56:07.0489110Z   Downloading Deprecated-1.2.12-py2.py3-none-any.whl (9.5 kB)
2021-04-27T20:56:07.3747632Z Collecting cffi>=1.4.1
2021-04-27T20:56:07.3863735Z   Downloading cffi-1.14.5-cp39-cp39-manylinux1_x86_64.whl (406 kB)
2021-04-27T20:56:07.4199763Z Collecting pycparser
2021-04-27T20:56:07.4282973Z   Downloading pycparser-2.20-py2.py3-none-any.whl (112 kB)
2021-04-27T20:56:07.5064792Z Collecting idna<3,>=2.5
2021-04-27T20:56:07.5206770Z   Downloading idna-2.10-py2.py3-none-any.whl (58 kB)
2021-04-27T20:56:07.5657693Z Collecting certifi>=2017.4.17
2021-04-27T20:56:07.5913204Z   Downloading certifi-2020.12.5-py2.py3-none-any.whl (147 kB)
2021-04-27T20:56:07.6590494Z Collecting urllib3<1.27,>=1.21.1
2021-04-27T20:56:07.6681352Z   Downloading urllib3-1.26.4-py2.py3-none-any.whl (153 kB)
2021-04-27T20:56:08.0917431Z Collecting cryptography>=2.0
2021-04-27T20:56:08.1086506Z   Downloading cryptography-3.4.7-cp36-abi3-manylinux2014_x86_64.whl (3.2 MB)
2021-04-27T20:56:08.2637518Z Collecting future
2021-04-27T20:56:08.2730862Z   Downloading future-0.18.2.tar.gz (829 kB)
2021-04-27T20:56:08.6602991Z Requirement already satisfied: setuptools in /opt/hostedtoolcache/Python/3.9.4/x64/lib/python3.9/site-packages (from humanize->datalad~=0.14->tinuous==0+untagged.1.gcd27cf6) (49.2.1)
2021-04-27T20:56:08.7656601Z Building wheels for collected packages: tinuous, datalad, wrapt, future, jsmin, simplejson
2021-04-27T20:56:08.7665374Z   Building wheel for tinuous (PEP 517): started
2021-04-27T20:56:09.0619122Z   Building wheel for tinuous (PEP 517): finished with status 'done'
2021-04-27T20:56:09.0628324Z   Created wheel for tinuous: filename=tinuous-0+untagged.1.gcd27cf6-py3-none-any.whl size=14223 sha256=f94d56a0304ecdcffb71295f5140be12265f577a94c88ca13a8921d286ba3ef7
2021-04-27T20:56:09.0630675Z   Stored in directory: /tmp/pip-ephem-wheel-cache-hbfhawyj/wheels/90/c4/03/917c42adcde0fda113460da55703d811beff51352ae68a48ef
2021-04-27T20:56:09.0660253Z   Building wheel for datalad (PEP 517): started
2021-04-27T20:56:09.8471828Z   Building wheel for datalad (PEP 517): finished with status 'done'
2021-04-27T20:56:09.8539595Z   Created wheel for datalad: filename=datalad-0.14.2-py3-none-any.whl size=1603393 sha256=4b01306ced614c55c571081b9ad6b4f29e7d53178e0981226030aff1e8796a1a
2021-04-27T20:56:09.8543695Z   Stored in directory: /home/runner/.cache/pip/wheels/d8/48/3f/12d27b732161b109efb697a979af55e8c1808ea87d68839bda
2021-04-27T20:56:09.8601155Z   Building wheel for wrapt (setup.py): started
2021-04-27T20:56:11.1391683Z   Building wheel for wrapt (setup.py): finished with status 'done'
2021-04-27T20:56:11.1398683Z   Created wheel for wrapt: filename=wrapt-1.12.1-cp39-cp39-linux_x86_64.whl size=78659 sha256=bf31a2bbe7447a128cf78e8719cda7cd7826fd788197d9ba4d68e3e3401650da
2021-04-27T20:56:11.1400661Z   Stored in directory: /home/runner/.cache/pip/wheels/98/23/68/efe259aaca055e93b08e74fbe512819c69a2155c11ba3c0f10
2021-04-27T20:56:11.1425254Z   Building wheel for future (setup.py): started
2021-04-27T20:56:11.5479392Z   Building wheel for future (setup.py): finished with status 'done'
2021-04-27T20:56:11.5501102Z   Created wheel for future: filename=future-0.18.2-py3-none-any.whl size=491059 sha256=bf57e7b31199ce68446da19f7d821a22daf3120631e4d1d49149d487c1213c11
2021-04-27T20:56:11.5503120Z   Stored in directory: /home/runner/.cache/pip/wheels/2f/a0/d3/4030d9f80e6b3be787f19fc911b8e7aa462986a40ab1e4bb94
2021-04-27T20:56:11.5541395Z   Building wheel for jsmin (setup.py): started
2021-04-27T20:56:12.7542789Z   Building wheel for jsmin (setup.py): finished with status 'done'
2021-04-27T20:56:12.7547871Z   Created wheel for jsmin: filename=jsmin-2.2.2-py3-none-any.whl size=13920 sha256=6c0a84fbba2535cfbe9ff5129fc11da1e71e27419efbb8537d35e15b76f556ef
2021-04-27T20:56:12.7549988Z   Stored in directory: /home/runner/.cache/pip/wheels/40/dd/1e/fa3c36f3dda73beb0d0d2cd44ca9bf5119ea8881e99fc45e6d
2021-04-27T20:56:12.7574369Z   Building wheel for simplejson (setup.py): started
2021-04-27T20:56:14.0620189Z   Building wheel for simplejson (setup.py): finished with status 'done'
2021-04-27T20:56:14.0629590Z   Created wheel for simplejson: filename=simplejson-3.17.2-cp39-cp39-linux_x86_64.whl size=135291 sha256=2d825fe34418404d09f7f9510195781d7c5216dbf99f20c07d5bb37b7bf9bdfc
2021-04-27T20:56:14.0631591Z   Stored in directory: /home/runner/.cache/pip/wheels/a2/c7/6a/2dabbded050716dd50faef2145e3ffa509b0d3895899c599f5
2021-04-27T20:56:14.0653186Z Successfully built tinuous datalad wrapt future jsmin simplejson
2021-04-27T20:56:14.4247720Z Installing collected packages: pycparser, cffi, zipp, wrapt, urllib3, six, jeepney, idna, cryptography, chardet, certifi, SecretStorage, requests, pynacl, pyjwt, importlib-metadata, future, deprecated, whoosh, typing-extensions, tqdm, simplejson, PyGithub, patool, msgpack, keyrings.alt, keyring, jsmin, iso8601, humanize, fasteners, distro, click, boto, appdirs, annexremote, PyYAML, python-dateutil, pydantic, in-place, datalad, click-loglevel, tinuous
2021-04-27T20:56:18.0535883Z WARNING: Value for scheme.headers does not match. Please report this to <https://github.com/pypa/pip/issues/9617>
2021-04-27T20:56:18.0556095Z Successfully installed PyGithub-1.55 PyYAML-5.4.1 SecretStorage-3.3.1 annexremote-1.5.0 appdirs-1.4.4 boto-2.49.0 certifi-2020.12.5 cffi-1.14.5 chardet-4.0.0 click-7.1.2 click-loglevel-0.3.0 cryptography-3.4.7 datalad-0.14.2 deprecated-1.2.12 distro-1.5.0 fasteners-0.16 future-0.18.2 humanize-3.4.1 idna-2.10 importlib-metadata-4.0.1 in-place-0.5.0 iso8601-0.1.14 jeepney-0.6.0 jsmin-2.2.2 keyring-23.0.1 keyrings.alt-4.0.2 msgpack-1.0.2 patool-1.12 pycparser-2.20 pydantic-1.8.1 pyjwt-2.0.1 pynacl-1.4.0 python-dateutil-2.8.1 requests-2.25.1 simplejson-3.17.2 six-1.15.0 tinuous-0+untagged.1.gcd27cf6 tqdm-4.60.0 typing-extensions-3.7.4.3 urllib3-1.26.4 whoosh-2.7.4 wrapt-1.12.1 zipp-3.4.1
2021-04-27T20:56:18.0589234Z distutils: /opt/hostedtoolcache/Python/3.9.4/x64/include/python3.9/UNKNOWN
2021-04-27T20:56:18.0590040Z sysconfig: /opt/hostedtoolcache/Python/3.9.4/x64/include/python3.9
2021-04-27T20:56:18.0590637Z WARNING: Additional context:
2021-04-27T20:56:18.0591050Z user = False
2021-04-27T20:56:18.0591371Z home = None
2021-04-27T20:56:18.0591707Z root = None
2021-04-27T20:56:18.0592025Z prefix = None
2021-04-27T20:56:18.1964598Z ##[group]Run tinuous --help
2021-04-27T20:56:18.1965119Z [36;1mtinuous --help[0m
2021-04-27T20:56:18.2002952Z shell: /usr/bin/bash -e {0}
2021-04-27T20:56:18.2003325Z env:
2021-04-27T20:56:18.2003823Z   pythonLocation: /opt/hostedtoolcache/Python/3.9.4/x64
2021-04-27T20:56:18.2004515Z   LD_LIBRARY_PATH: /opt/hostedtoolcache/Python/3.9.4/x64/lib
2021-04-27T20:56:18.2005013Z ##[endgroup]
2021-04-27T20:56:18.3447511Z It is highly recommended to configure Git before using DataLad. Set both 'user.name' and 'user.email' configuration variables.
2021-04-27T20:56:18.3449380Z It is highly recommended to configure Git before using DataLad. Set both 'user.name' and 'user.email' configuration variables.
2021-04-27T20:56:19.1306875Z Usage: tinuous [OPTIONS] COMMAND [ARGS]...
2021-04-27T20:56:19.1307735Z 
2021-04-27T20:56:19.1308573Z   Download build logs from GitHub Actions, Travis, and Appveyor
2021-04-27T20:56:19.1309241Z 
2021-04-27T20:56:19.1309825Z Options:
2021-04-27T20:56:19.1311396Z   -c, --config FILE               Read configuration from the given file
2021-04-27T20:56:19.1312374Z                                   [default: config.yml]
2021-04-27T20:56:19.1312908Z 
2021-04-27T20:56:19.1313852Z   -l, --log-level [NOTSET|DEBUG|INFO|WARNING|ERROR|CRITICAL]
2021-04-27T20:56:19.1314785Z                                   Set logging level  [default: INFO]
2021-04-27T20:56:19.1315799Z   --help                          Show this message and exit.
2021-04-27T20:56:19.1316386Z 
2021-04-27T20:56:19.1316922Z Commands:
2021-04-27T20:56:19.1317543Z   fetch     Download logs
2021-04-27T20:56:19.1318248Z   sanitize  Sanitize secrets in logs
2021-04-27T20:56:19.1903351Z ##[group]Run python -m pip install mypy
2021-04-27T20:56:19.1903921Z [36;1mpython -m pip install mypy[0m
2021-04-27T20:56:19.1941908Z shell: /usr/bin/bash -e {0}
2021-04-27T20:56:19.1942294Z env:
2021-04-27T20:56:19.1942811Z   pythonLocation: /opt/hostedtoolcache/Python/3.9.4/x64
2021-04-27T20:56:19.1943523Z   LD_LIBRARY_PATH: /opt/hostedtoolcache/Python/3.9.4/x64/lib
2021-04-27T20:56:19.1944049Z ##[endgroup]
2021-04-27T20:56:19.4757920Z WARNING: Value for scheme.headers does not match. Please report this to <https://github.com/pypa/pip/issues/9617>
2021-04-27T20:56:19.4759069Z distutils: /opt/hostedtoolcache/Python/3.9.4/x64/include/python3.9/UNKNOWN
2021-04-27T20:56:19.4759971Z sysconfig: /opt/hostedtoolcache/Python/3.9.4/x64/include/python3.9
2021-04-27T20:56:19.4760658Z WARNING: Additional context:
2021-04-27T20:56:19.4761126Z user = False
2021-04-27T20:56:19.4761541Z home = None
2021-04-27T20:56:19.4761915Z root = None
2021-04-27T20:56:19.4762291Z prefix = None
2021-04-27T20:56:19.6895153Z Collecting mypy
2021-04-27T20:56:19.7258137Z   Downloading mypy-0.812-cp39-cp39-manylinux2010_x86_64.whl (22.7 MB)
2021-04-27T20:56:20.3834250Z Collecting typed-ast<1.5.0,>=1.4.0
2021-04-27T20:56:20.3945810Z   Downloading typed_ast-1.4.3-cp39-cp39-manylinux1_x86_64.whl (769 kB)
2021-04-27T20:56:20.4273374Z Collecting mypy-extensions<0.5.0,>=0.4.3
2021-04-27T20:56:20.4354398Z   Downloading mypy_extensions-0.4.3-py2.py3-none-any.whl (4.5 kB)
2021-04-27T20:56:20.4393953Z Requirement already satisfied: typing-extensions>=3.7.4 in /opt/hostedtoolcache/Python/3.9.4/x64/lib/python3.9/site-packages (from mypy) (3.7.4.3)
2021-04-27T20:56:20.7605289Z Installing collected packages: typed-ast, mypy-extensions, mypy
2021-04-27T20:56:22.1457693Z WARNING: Value for scheme.headers does not match. Please report this to <https://github.com/pypa/pip/issues/9617>
2021-04-27T20:56:22.1458712Z distutils: /opt/hostedtoolcache/Python/3.9.4/x64/include/python3.9/UNKNOWN
2021-04-27T20:56:22.1459513Z sysconfig: /opt/hostedtoolcache/Python/3.9.4/x64/include/python3.9
2021-04-27T20:56:22.1460124Z WARNING: Additional context:
2021-04-27T20:56:22.1460522Z user = False
2021-04-27T20:56:22.1460852Z home = None
2021-04-27T20:56:22.1461163Z root = None
2021-04-27T20:56:22.1461493Z prefix = None
2021-04-27T20:56:22.1551464Z Successfully installed mypy-0.812 mypy-extensions-0.4.3 typed-ast-1.4.3
2021-04-27T20:56:22.2156550Z ##[group]Run mypy src
2021-04-27T20:56:22.2157059Z [36;1mmypy src[0m
2021-04-27T20:56:22.2195578Z shell: /usr/bin/bash -e {0}
2021-04-27T20:56:22.2195977Z env:
2021-04-27T20:56:22.2196511Z   pythonLocation: /opt/hostedtoolcache/Python/3.9.4/x64
2021-04-27T20:56:22.2197227Z   LD_LIBRARY_PATH: /opt/hostedtoolcache/Python/3.9.4/x64/lib
2021-04-27T20:56:22.2197766Z ##[endgroup]
2021-04-27T20:56:25.4566745Z src/tinuous/_version.py:20: error: Function is missing a return type annotation
2021-04-27T20:56:25.4568112Z  [no-untyped-def]
2021-04-27T20:56:25.4568619Z     def get_keywords():
2021-04-27T20:56:25.4569035Z     ^
2021-04-27T20:56:25.4569664Z src/tinuous/_version.py:37: error: Function is missing a return type annotation
2021-04-27T20:56:25.4570518Z  [no-untyped-def]
2021-04-27T20:56:25.4570987Z     def get_config():
2021-04-27T20:56:25.4571378Z     ^
2021-04-27T20:56:25.4572199Z src/tinuous/_version.py:55: error: Need type annotation for 'LONG_VERSION_PY'
2021-04-27T20:56:25.4573303Z (hint: "LONG_VERSION_PY: Dict[<type>, <type>] = ...")  [var-annotated]
2021-04-27T20:56:25.4573930Z     LONG_VERSION_PY = {}
2021-04-27T20:56:25.4574335Z     ^
2021-04-27T20:56:25.4575128Z src/tinuous/_version.py:56: error: Need type annotation for 'HANDLERS' (hint:
2021-04-27T20:56:25.4576085Z "HANDLERS: Dict[<type>, <type>] = ...")  [var-annotated]
2021-04-27T20:56:25.4576627Z     HANDLERS = {}
2021-04-27T20:56:25.4577009Z     ^
2021-04-27T20:56:25.4577606Z src/tinuous/_version.py:59: error: Function is missing a type annotation 
2021-04-27T20:56:25.4578416Z [no-untyped-def]
2021-04-27T20:56:25.4579018Z     def register_vcs_handler(vcs, method):  # decorator
2021-04-27T20:56:25.4579536Z     ^
2021-04-27T20:56:25.4580133Z src/tinuous/_version.py:61: error: Function is missing a type annotation 
2021-04-27T20:56:25.4580944Z [no-untyped-def]
2021-04-27T20:56:25.4581428Z         def decorate(f):
2021-04-27T20:56:25.4581821Z         ^
2021-04-27T20:56:25.4582442Z src/tinuous/_version.py:70: error: Function is missing a type annotation 
2021-04-27T20:56:25.4583232Z [no-untyped-def]
2021-04-27T20:56:25.4583928Z     def run_command(commands, args, cwd=None, verbose=False, hide_stderr=F...
2021-04-27T20:56:25.4584514Z     ^
2021-04-27T20:56:25.4585126Z src/tinuous/_version.py:105: error: Function is missing a type annotation 
2021-04-27T20:56:25.4586220Z [no-untyped-def]
2021-04-27T20:56:25.4586901Z     def versions_from_parentdir(parentdir_prefix, root, verbose):
2021-04-27T20:56:25.4587475Z     ^
2021-04-27T20:56:25.4588082Z src/tinuous/_version.py:131: error: Function is missing a type annotation 
2021-04-27T20:56:25.4588891Z [no-untyped-def]
2021-04-27T20:56:25.4589451Z     def git_get_keywords(versionfile_abs):
2021-04-27T20:56:25.4589932Z     ^
2021-04-27T20:56:25.4590527Z src/tinuous/_version.py:160: error: Function is missing a type annotation 
2021-04-27T20:56:25.4591332Z [no-untyped-def]
2021-04-27T20:56:25.4591984Z     def git_versions_from_keywords(keywords, tag_prefix, verbose):
2021-04-27T20:56:25.4592782Z     ^
2021-04-27T20:56:25.4593378Z src/tinuous/_version.py:219: error: Function is missing a type annotation 
2021-04-27T20:56:25.4594201Z [no-untyped-def]
2021-04-27T20:56:25.4594862Z     def git_pieces_from_vcs(tag_prefix, root, verbose, run_command=run_com...
2021-04-27T20:56:25.4595455Z     ^
2021-04-27T20:56:25.4596066Z src/tinuous/_version.py:313: error: Function is missing a type annotation 
2021-04-27T20:56:25.4596853Z [no-untyped-def]
2021-04-27T20:56:25.4597363Z     def plus_or_dot(pieces):
2021-04-27T20:56:25.4597772Z     ^
2021-04-27T20:56:25.4598378Z src/tinuous/_version.py:320: error: Function is missing a type annotation 
2021-04-27T20:56:25.4599169Z [no-untyped-def]
2021-04-27T20:56:25.4599694Z     def render_pep440(pieces):
2021-04-27T20:56:25.4600125Z     ^
2021-04-27T20:56:25.4600734Z src/tinuous/_version.py:345: error: Function is missing a type annotation 
2021-04-27T20:56:25.4601520Z [no-untyped-def]
2021-04-27T20:56:25.4602078Z     def render_pep440_pre(pieces):
2021-04-27T20:56:25.4602670Z     ^
2021-04-27T20:56:25.4603272Z src/tinuous/_version.py:361: error: Function is missing a type annotation 
2021-04-27T20:56:25.4604087Z [no-untyped-def]
2021-04-27T20:56:25.4606009Z     def render_pep440_post(pieces):
2021-04-27T20:56:25.4606472Z     ^
2021-04-27T20:56:25.4607073Z src/tinuous/_version.py:388: error: Function is missing a type annotation 
2021-04-27T20:56:25.4607921Z [no-untyped-def]
2021-04-27T20:56:25.4608447Z     def render_pep440_old(pieces):
2021-04-27T20:56:25.4608898Z     ^
2021-04-27T20:56:25.4609493Z src/tinuous/_version.py:410: error: Function is missing a type annotation 
2021-04-27T20:56:25.4610294Z [no-untyped-def]
2021-04-27T20:56:25.4610834Z     def render_git_describe(pieces):
2021-04-27T20:56:25.4611296Z     ^
2021-04-27T20:56:25.4611898Z src/tinuous/_version.py:430: error: Function is missing a type annotation 
2021-04-27T20:56:25.4612686Z [no-untyped-def]
2021-04-27T20:56:25.4613256Z     def render_git_describe_long(pieces):
2021-04-27T20:56:25.4613730Z     ^
2021-04-27T20:56:25.4614346Z src/tinuous/_version.py:450: error: Function is missing a type annotation 
2021-04-27T20:56:25.4615131Z [no-untyped-def]
2021-04-27T20:56:25.4615656Z     def render(pieces, style):
2021-04-27T20:56:25.4616082Z     ^
2021-04-27T20:56:25.4616664Z src/tinuous/_version.py:482: error: Function is missing a return type
2021-04-27T20:56:25.4617495Z annotation  [no-untyped-def]
2021-04-27T20:56:25.4618030Z     def get_versions():
2021-04-27T20:56:25.4618435Z     ^
2021-04-27T20:56:25.9554032Z Found 20 errors in 1 file (checked 2 source files)
2021-04-27T20:56:26.2641856Z ##[error]Process completed with exit code 1.
2021-04-27T20:56:26.2729476Z Post job cleanup.
2021-04-27T20:56:26.3650885Z [command]/usr/bin/git version
2021-04-27T20:56:26.3695962Z git version 2.31.1
2021-04-27T20:56:26.3726864Z [command]/usr/bin/git config --local --name-only --get-regexp core\.sshCommand
2021-04-27T20:56:26.3761662Z [command]/usr/bin/git submodule foreach --recursive git config --local --name-only --get-regexp 'core\.sshCommand' && git config --local --unset-all 'core.sshCommand' || :
2021-04-27T20:56:26.3998053Z [command]/usr/bin/git config --local --name-only --get-regexp http\.https\:\/\/github\.com\/\.extraheader
2021-04-27T20:56:26.4021080Z http.https://github.com/.extraheader
2021-04-27T20:56:26.4030175Z [command]/usr/bin/git config --local --unset-all http.https://github.com/.extraheader
2021-04-27T20:56:26.4061448Z [command]/usr/bin/git submodule foreach --recursive git config --local --name-only --get-regexp 'http\.https\:\/\/github\.com\/\.extraheader' && git config --local --unset-all 'http.https://github.com/.extraheader' || :
2021-04-27T20:56:26.4315689Z Cleaning up orphan processes
