2021-06-08T19:59:02.0578009Z ##[group]Run tox -e typing
2021-06-08T19:59:02.0578609Z [36;1mtox -e typing[0m
2021-06-08T19:59:02.0620458Z shell: /usr/bin/bash -e {0}
2021-06-08T19:59:02.0620900Z env:
2021-06-08T19:59:02.0621484Z   pythonLocation: /opt/hostedtoolcache/Python/3.8.10/x64
2021-06-08T19:59:02.0622303Z   LD_LIBRARY_PATH: /opt/hostedtoolcache/Python/3.8.10/x64/lib
2021-06-08T19:59:02.0622895Z ##[endgroup]
2021-06-08T19:59:02.2502581Z .package create: /home/runner/work/tinuous/tinuous/.tox/.package
2021-06-08T19:59:02.8333243Z .package installdeps: setuptools >= 46.4.0, wheel ~= 0.32
2021-06-08T19:59:06.2054931Z typing create: /home/runner/work/tinuous/tinuous/.tox/typing
2021-06-08T19:59:06.4587276Z typing installdeps: mypy~=0.570, pytest~=6.0, pytest-cov~=2.0, pytest-mock~=3.0
2021-06-08T19:59:11.8178526Z typing inst: /home/runner/work/tinuous/tinuous/.tox/.tmp/package/1/tinuous-0.2.0+39.gbc6e56d.tar.gz
2021-06-08T19:59:21.7290237Z typing installed: attrs==21.2.0,certifi==2021.5.30,cffi==1.14.5,chardet==4.0.0,click==8.0.1,click-loglevel==0.4.0.post1,coverage==5.5,Deprecated==1.2.12,idna==2.10,in-place==0.5.0,iniconfig==1.1.1,mypy==0.900,mypy-extensions==0.4.3,packaging==20.9,pluggy==0.13.1,py==1.10.0,pycparser==2.20,pydantic==1.8.2,PyGithub==1.55,PyJWT==2.1.0,PyNaCl==1.4.0,pyparsing==2.4.7,pytest==6.2.4,pytest-cov==2.12.1,pytest-mock==3.6.1,python-dateutil==2.8.1,python-dotenv==0.17.1,PyYAML==5.4.1,requests==2.25.1,six==1.16.0,tinuous @ file:///home/runner/work/tinuous/tinuous/.tox/.tmp/package/1/tinuous-0.2.0%2B39.gbc6e56d.tar.gz,toml==0.10.2,typing-extensions==3.10.0.0,urllib3==1.26.5,wrapt==1.12.1
2021-06-08T19:59:21.7319721Z typing run-test-pre: PYTHONHASHSEED='166834329'
2021-06-08T19:59:21.7350597Z typing run-test: commands[0] | mypy src test
2021-06-08T19:59:26.1449219Z src/tinuous/util.py:11: error: Library stubs not installed for "requests" (or
2021-06-08T19:59:26.1461143Z incompatible with Python 3.8)  [import]
2021-06-08T19:59:26.1462623Z     import requests
2021-06-08T19:59:26.1463540Z     ^
2021-06-08T19:59:26.1465039Z src/tinuous/util.py:85: error: Item "int" of "Union[int, str]" has no attribute
2021-06-08T19:59:26.1467405Z "isdigit"  [union-attr]
2021-06-08T19:59:26.1468513Z             if key.isdigit():
2021-06-08T19:59:26.1469726Z                ^
2021-06-08T19:59:27.9158579Z src/tinuous/base.py:11: error: Library stubs not installed for "requests" (or
2021-06-08T19:59:27.9160498Z incompatible with Python 3.8)  [import]
2021-06-08T19:59:27.9161678Z     import requests
2021-06-08T19:59:27.9162757Z     ^
2021-06-08T19:59:27.9165032Z src/tinuous/base.py:11: note: Hint: "python3 -m pip install types-requests"
2021-06-08T19:59:27.9311066Z src/tinuous/travis.py:8: error: Library stubs not installed for
2021-06-08T19:59:27.9312482Z "dateutil.parser" (or incompatible with Python 3.8)  [import]
2021-06-08T19:59:27.9313462Z     from dateutil.parser import isoparse
2021-06-08T19:59:27.9314195Z     ^
2021-06-08T19:59:27.9539981Z src/tinuous/github.py:16: error: Library stubs not installed for "requests" (or
2021-06-08T19:59:27.9540856Z incompatible with Python 3.8)  [import]
2021-06-08T19:59:27.9541433Z     import requests
2021-06-08T19:59:27.9541833Z     ^
2021-06-08T19:59:27.9639722Z src/tinuous/appveyor.py:7: error: Library stubs not installed for
2021-06-08T19:59:27.9640341Z "dateutil.parser" (or incompatible with Python 3.8)  [import]
2021-06-08T19:59:27.9640889Z     from dateutil.parser import isoparse
2021-06-08T19:59:27.9641253Z     ^
2021-06-08T19:59:27.9642271Z src/tinuous/appveyor.py:7: note: Hint: "python3 -m pip install types-python-dateutil"
2021-06-08T19:59:29.2532457Z src/tinuous/__main__.py:12: error: Library stubs not installed for "yaml" (or
2021-06-08T19:59:29.2533240Z incompatible with Python 3.8)  [import]
2021-06-08T19:59:29.2533760Z     from yaml import safe_load
2021-06-08T19:59:29.2534154Z     ^
2021-06-08T19:59:29.2535305Z src/tinuous/__main__.py:12: note: Hint: "python3 -m pip install types-PyYAML"
2021-06-08T19:59:29.2536413Z src/tinuous/__main__.py:12: note: (or run "mypy --install-types" to install all missing stub packages)
2021-06-08T19:59:29.2538008Z src/tinuous/__main__.py:12: note: See https://mypy.readthedocs.io/en/stable/running_mypy.html#missing-imports
2021-06-08T19:59:29.2884372Z Found 7 errors in 6 files (checked 9 source files)
2021-06-08T19:59:29.8141125Z ERROR: InvocationError for command /home/runner/work/tinuous/tinuous/.tox/typing/bin/mypy src test (exited with code 1)
2021-06-08T19:59:29.8159139Z ___________________________________ summary ____________________________________
2021-06-08T19:59:29.8159668Z ERROR:   typing: commands failed
2021-06-08T19:59:29.8386226Z ##[error]Process completed with exit code 1.
