2023-04-26T18:48:36.5462725Z ##[group]Run tox -e typing
2023-04-26T18:48:36.5462979Z [36;1mtox -e typing[0m
2023-04-26T18:48:36.5515779Z shell: /usr/bin/bash -e {0}
2023-04-26T18:48:36.5515983Z env:
2023-04-26T18:48:36.5516232Z   pythonLocation: /opt/hostedtoolcache/Python/3.8.16/x64
2023-04-26T18:48:36.5516576Z   PKG_CONFIG_PATH: /opt/hostedtoolcache/Python/3.8.16/x64/lib/pkgconfig
2023-04-26T18:48:36.5516889Z   Python_ROOT_DIR: /opt/hostedtoolcache/Python/3.8.16/x64
2023-04-26T18:48:36.5517191Z   Python2_ROOT_DIR: /opt/hostedtoolcache/Python/3.8.16/x64
2023-04-26T18:48:36.5517486Z   Python3_ROOT_DIR: /opt/hostedtoolcache/Python/3.8.16/x64
2023-04-26T18:48:36.5517780Z   LD_LIBRARY_PATH: /opt/hostedtoolcache/Python/3.8.16/x64/lib
2023-04-26T18:48:36.5518182Z ##[endgroup]
2023-04-26T18:48:37.0659676Z typing: install_deps> python -I -m pip install 'mypy~=0.900' 'pytest-cov~=2.0' 'pytest-mock~=3.0' 'pytest~=6.0' types-python-dateutil types-PyYAML types-requests
2023-04-26T18:48:42.8049334Z .pkg: install_requires> python -I -m pip install 'setuptools>=46.4.0' 'wheel~=0.32'
2023-04-26T18:48:43.9435883Z .pkg: _optional_hooks> python /opt/hostedtoolcache/Python/3.8.16/x64/lib/python3.8/site-packages/pyproject_api/_backend.py True setuptools.build_meta
2023-04-26T18:48:44.1902132Z .pkg: get_requires_for_build_sdist> python /opt/hostedtoolcache/Python/3.8.16/x64/lib/python3.8/site-packages/pyproject_api/_backend.py True setuptools.build_meta
2023-04-26T18:48:44.3139862Z .pkg: freeze> python -m pip freeze --all
2023-04-26T18:48:44.6645580Z .pkg: pip==23.1,setuptools==67.6.1,wheel==0.40.0
2023-04-26T18:48:44.6652190Z .pkg: prepare_metadata_for_build_wheel> python /opt/hostedtoolcache/Python/3.8.16/x64/lib/python3.8/site-packages/pyproject_api/_backend.py True setuptools.build_meta
2023-04-26T18:48:44.7688207Z .pkg: build_sdist> python /opt/hostedtoolcache/Python/3.8.16/x64/lib/python3.8/site-packages/pyproject_api/_backend.py True setuptools.build_meta
2023-04-26T18:48:44.8743183Z typing: install_package_deps> python -I -m pip install 'PyGithub~=1.55' 'PyYAML~=5.0' 'click-loglevel~=0.2' 'click>=7.0' 'in-place~=0.4' 'pydantic~=1.7' 'python-dateutil~=2.7' 'python-dotenv~=0.11' 'requests~=2.20'
2023-04-26T18:48:50.0481877Z typing: install_package> python -I -m pip install --force-reinstall --no-deps /home/runner/work/tinuous/tinuous/.tox/.tmp/package/1/tinuous-0.6.1+4.g4bd9b82.tar.gz
2023-04-26T18:48:53.3526021Z typing: freeze> python -m pip freeze --all
2023-04-26T18:48:53.7473149Z typing: attrs==23.1.0,certifi==2022.12.7,cffi==1.15.1,charset-normalizer==3.1.0,click==8.1.3,click-loglevel==0.4.0.post1,coverage==7.2.3,cryptography==40.0.2,Deprecated==1.2.13,idna==3.4,in-place==0.5.0,iniconfig==2.0.0,mypy==0.991,mypy-extensions==1.0.0,packaging==23.1,pip==23.1,pluggy==1.0.0,py==1.11.0,pycparser==2.21,pydantic==1.10.7,PyGithub==1.58.1,PyJWT==2.6.0,PyNaCl==1.5.0,pytest==6.2.5,pytest-cov==2.12.1,pytest-mock==3.10.0,python-dateutil==2.8.2,python-dotenv==0.21.1,PyYAML==5.4.1,requests==2.29.0,setuptools==67.6.1,six==1.16.0,tinuous @ file:///home/runner/work/tinuous/tinuous/.tox/.tmp/package/1/tinuous-0.6.1%2B4.g4bd9b82.tar.gz#sha256=6352536fdce3b8cf492546e04c10f8e99c96aa4805609f448d4fa99ccd57de17,toml==0.10.2,tomli==2.0.1,types-python-dateutil==2.8.19.12,types-PyYAML==6.0.12.9,types-requests==2.28.11.17,types-urllib3==1.26.25.10,typing_extensions==4.5.0,urllib3==1.26.15,wheel==0.40.0,wrapt==1.15.0
2023-04-26T18:48:53.7478961Z typing: commands[0]> mypy src test
2023-04-26T18:49:04.1432761Z src/tinuous/config.py:152: error: "dict" is not subscriptable, use
2023-04-26T18:49:04.1433167Z "typing.Dict" instead  [misc]
2023-04-26T18:49:04.1433648Z         def get_auth_tokens() -> dict[str, str]:
2023-04-26T18:49:04.1433886Z                                  ^
2023-04-26T18:49:04.1434180Z src/tinuous/config.py:160: error: "dict" is not subscriptable, use
2023-04-26T18:49:04.1434459Z "typing.Dict" instead  [misc]
2023-04-26T18:49:04.1434687Z             tokens: dict[str, str],
2023-04-26T18:49:04.1434905Z                     ^
2023-04-26T18:49:04.1792209Z Found 2 errors in 1 file (checked 14 source files)
2023-04-26T18:49:04.1897478Z typing: exit 1 (10.44 seconds) /home/runner/work/tinuous/tinuous> mypy src test pid=1816
2023-04-26T18:49:04.1898549Z .pkg: _exit> python /opt/hostedtoolcache/Python/3.8.16/x64/lib/python3.8/site-packages/pyproject_api/_backend.py True setuptools.build_meta
2023-04-26T18:49:04.2165456Z   typing: FAIL code 1 (27.44=setup[17.00]+cmd[10.44] seconds)
2023-04-26T18:49:04.2166045Z   evaluation failed :( (27.52 seconds)
2023-04-26T18:49:04.2480668Z ##[error]Process completed with exit code 1.
