2023-11-09T15:38:57.9210943Z ##[group]Run tox -e typing
2023-11-09T15:38:57.9211457Z [36;1mtox -e typing[0m
2023-11-09T15:38:57.9252102Z shell: /usr/bin/bash -e {0}
2023-11-09T15:38:57.9252545Z env:
2023-11-09T15:38:57.9252994Z   pythonLocation: /opt/hostedtoolcache/Python/3.8.18/x64
2023-11-09T15:38:57.9253828Z   PKG_CONFIG_PATH: /opt/hostedtoolcache/Python/3.8.18/x64/lib/pkgconfig
2023-11-09T15:38:57.9254653Z   Python_ROOT_DIR: /opt/hostedtoolcache/Python/3.8.18/x64
2023-11-09T15:38:57.9255368Z   Python2_ROOT_DIR: /opt/hostedtoolcache/Python/3.8.18/x64
2023-11-09T15:38:57.9256098Z   Python3_ROOT_DIR: /opt/hostedtoolcache/Python/3.8.18/x64
2023-11-09T15:38:57.9256842Z   LD_LIBRARY_PATH: /opt/hostedtoolcache/Python/3.8.18/x64/lib
2023-11-09T15:38:57.9257731Z ##[endgroup]
2023-11-09T15:38:58.7737166Z typing: install_deps> python -I -m pip install mypy pytest pytest-cov pytest-mock types-python-dateutil types-PyYAML types-requests
2023-11-09T15:39:05.7503406Z .pkg: install_requires> python -I -m pip install 'setuptools>=46.4.0' versioningit
2023-11-09T15:39:08.3557915Z .pkg: _optional_hooks> python /opt/hostedtoolcache/Python/3.8.18/x64/lib/python3.8/site-packages/pyproject_api/_backend.py True setuptools.build_meta
2023-11-09T15:39:08.6876887Z .pkg: get_requires_for_build_sdist> python /opt/hostedtoolcache/Python/3.8.18/x64/lib/python3.8/site-packages/pyproject_api/_backend.py True setuptools.build_meta
2023-11-09T15:39:08.8714013Z .pkg: get_requires_for_build_wheel> python /opt/hostedtoolcache/Python/3.8.18/x64/lib/python3.8/site-packages/pyproject_api/_backend.py True setuptools.build_meta
2023-11-09T15:39:08.9761340Z .pkg: install_requires_for_build_wheel> python -I -m pip install wheel
2023-11-09T15:39:09.8283545Z .pkg: freeze> python -m pip freeze --all
2023-11-09T15:39:10.3298086Z .pkg: importlib-metadata==6.8.0,packaging==23.2,pip==23.3.1,setuptools==68.2.2,tomli==2.0.1,versioningit==2.2.1,wheel==0.41.2,zipp==3.17.0
2023-11-09T15:39:10.3300611Z .pkg: prepare_metadata_for_build_wheel> python /opt/hostedtoolcache/Python/3.8.18/x64/lib/python3.8/site-packages/pyproject_api/_backend.py True setuptools.build_meta
2023-11-09T15:39:10.4821113Z .pkg: build_sdist> python /opt/hostedtoolcache/Python/3.8.18/x64/lib/python3.8/site-packages/pyproject_api/_backend.py True setuptools.build_meta
2023-11-09T15:39:10.6200784Z typing: install_package_deps> python -I -m pip install 'PyYAML>=5.0' 'click-loglevel~=0.2' 'click>=7.0' 'in-place~=0.4' 'pydantic~=1.7' 'python-dateutil~=2.7' 'python-dotenv<2.0,>=0.11' 'requests~=2.20'
2023-11-09T15:39:14.0614790Z typing: install_package> python -I -m pip install --force-reinstall --no-deps /home/runner/work/tinuous/tinuous/.tox/.tmp/package/1/tinuous-0.6.1.post42+g63e34ff.tar.gz
2023-11-09T15:39:20.1134054Z typing: freeze> python -m pip freeze --all
2023-11-09T15:39:20.6506368Z typing: certifi==2023.7.22,charset-normalizer==3.3.2,click==8.1.7,click-loglevel==0.5.0,coverage==7.3.2,exceptiongroup==1.1.3,idna==3.4,in-place==0.5.0,iniconfig==2.0.0,mypy==1.6.1,mypy-extensions==1.0.0,packaging==23.2,pip==23.3.1,pluggy==1.3.0,pydantic==1.10.13,pytest==7.4.3,pytest-cov==4.1.0,pytest-mock==3.12.0,python-dateutil==2.8.2,python-dotenv==1.0.0,PyYAML==6.0.1,requests==2.31.0,setuptools==68.2.2,six==1.16.0,tinuous @ file:///home/runner/work/tinuous/tinuous/.tox/.tmp/package/1/tinuous-0.6.1.post42%2Bg63e34ff.tar.gz#sha256=bb6212f22443b870445dc5d1944d69caf87bd6b8d0fce7bcc48594adef04758f,tomli==2.0.1,types-python-dateutil==2.8.19.14,types-PyYAML==6.0.12.12,types-requests==2.31.0.10,typing_extensions==4.8.0,urllib3==2.0.7,wheel==0.41.2
2023-11-09T15:39:20.6512205Z typing: commands[0]> mypy src test
2023-11-09T15:39:29.2003601Z src/tinuous/travis.py:71: error: Item "None" of "Optional[Response]" has no
2023-11-09T15:39:29.2005271Z attribute "status_code"  [union-attr]
2023-11-09T15:39:29.2056370Z                 if e.response.status_code == 404:
2023-11-09T15:39:29.2057076Z                    ^~~~~~~~~~~~~~~~~~~~~~
2023-11-09T15:39:29.2638087Z src/tinuous/github.py:334: error: Item "None" of "Optional[Response]" has no
2023-11-09T15:39:29.2639970Z attribute "status_code"  [union-attr]
2023-11-09T15:39:29.2640557Z                 if e.response.status_code in (404, 410):
2023-11-09T15:39:29.2641142Z                    ^~~~~~~~~~~~~~~~~~~~~~
2023-11-09T15:39:29.2641901Z src/tinuous/github.py:338: error: Item "None" of "Optional[Response]" has no
2023-11-09T15:39:29.2642730Z attribute "status_code"  [union-attr]
2023-11-09T15:39:29.2643996Z     ...       "Request for logs returned %d; skipping", e.response.status_cod...
2023-11-09T15:39:29.2644848Z                                                         ^~~~~~~~~~~~~~~~~~~~~~
2023-11-09T15:39:30.4085224Z Found 3 errors in 2 files (checked 15 source files)
2023-11-09T15:39:30.4231387Z typing: exit 1 (9.77 seconds) /home/runner/work/tinuous/tinuous> mypy src test pid=2103
2023-11-09T15:39:30.4253529Z .pkg: _exit> python /opt/hostedtoolcache/Python/3.8.18/x64/lib/python3.8/site-packages/pyproject_api/_backend.py True setuptools.build_meta
2023-11-09T15:39:30.4703158Z   typing: FAIL code 1 (32.16=setup[22.39]+cmd[9.77] seconds)
2023-11-09T15:39:30.4704451Z   evaluation failed :( (32.30 seconds)
2023-11-09T15:39:30.5084854Z ##[error]Process completed with exit code 1.
