2021-04-27T20:52:30.3835578Z ##[group]Run mypy src
2021-04-27T20:52:30.3836777Z [36;1mmypy src[0m
2021-04-27T20:52:30.3881053Z shell: /usr/bin/bash -e {0}
2021-04-27T20:52:30.3881476Z env:
2021-04-27T20:52:30.3882070Z   pythonLocation: /opt/hostedtoolcache/Python/3.8.9/x64
2021-04-27T20:52:30.3882855Z   LD_LIBRARY_PATH: /opt/hostedtoolcache/Python/3.8.9/x64/lib
2021-04-27T20:52:30.3883456Z ##[endgroup]
2021-04-27T20:52:34.9556479Z src/tinuous/_version.py:20: error: Function is missing a return type annotation
2021-04-27T20:52:34.9558462Z  [no-untyped-def]
2021-04-27T20:52:34.9559303Z     def get_keywords():
2021-04-27T20:52:34.9559950Z     ^
2021-04-27T20:52:34.9560823Z src/tinuous/_version.py:37: error: Function is missing a return type annotation
2021-04-27T20:52:34.9561987Z  [no-untyped-def]
2021-04-27T20:52:34.9562749Z     def get_config():
2021-04-27T20:52:34.9563348Z     ^
2021-04-27T20:52:34.9564499Z src/tinuous/_version.py:55: error: Need type annotation for 'LONG_VERSION_PY'
2021-04-27T20:52:34.9568971Z (hint: "LONG_VERSION_PY: Dict[<type>, <type>] = ...")  [var-annotated]
2021-04-27T20:52:34.9569691Z     LONG_VERSION_PY = {}
2021-04-27T20:52:34.9570067Z     ^
2021-04-27T20:52:34.9570932Z src/tinuous/_version.py:56: error: Need type annotation for 'HANDLERS' (hint:
2021-04-27T20:52:34.9571941Z "HANDLERS: Dict[<type>, <type>] = ...")  [var-annotated]
2021-04-27T20:52:34.9572486Z     HANDLERS = {}
2021-04-27T20:52:34.9572863Z     ^
2021-04-27T20:52:34.9573468Z src/tinuous/_version.py:59: error: Function is missing a type annotation 
2021-04-27T20:52:34.9574323Z [no-untyped-def]
2021-04-27T20:52:34.9574924Z     def register_vcs_handler(vcs, method):  # decorator
2021-04-27T20:52:34.9575819Z     ^
2021-04-27T20:52:34.9576463Z src/tinuous/_version.py:61: error: Function is missing a type annotation 
2021-04-27T20:52:34.9577525Z [no-untyped-def]
2021-04-27T20:52:34.9578009Z         def decorate(f):
2021-04-27T20:52:34.9578408Z         ^
2021-04-27T20:52:34.9579001Z src/tinuous/_version.py:70: error: Function is missing a type annotation 
2021-04-27T20:52:34.9579900Z [no-untyped-def]
2021-04-27T20:52:34.9580595Z     def run_command(commands, args, cwd=None, verbose=False, hide_stderr=F...
2021-04-27T20:52:34.9581172Z     ^
2021-04-27T20:52:34.9581777Z src/tinuous/_version.py:105: error: Function is missing a type annotation 
2021-04-27T20:52:34.9582621Z [no-untyped-def]
2021-04-27T20:52:34.9583303Z     def versions_from_parentdir(parentdir_prefix, root, verbose):
2021-04-27T20:52:34.9583881Z     ^
2021-04-27T20:52:34.9584486Z src/tinuous/_version.py:131: error: Function is missing a type annotation 
2021-04-27T20:52:34.9585329Z [no-untyped-def]
2021-04-27T20:52:34.9585905Z     def git_get_keywords(versionfile_abs):
2021-04-27T20:52:34.9586383Z     ^
2021-04-27T20:52:34.9586972Z src/tinuous/_version.py:160: error: Function is missing a type annotation 
2021-04-27T20:52:34.9588566Z [no-untyped-def]
2021-04-27T20:52:34.9589297Z     def git_versions_from_keywords(keywords, tag_prefix, verbose):
2021-04-27T20:52:34.9589872Z     ^
2021-04-27T20:52:34.9590478Z src/tinuous/_version.py:219: error: Function is missing a type annotation 
2021-04-27T20:52:34.9591430Z [no-untyped-def]
2021-04-27T20:52:34.9592105Z     def git_pieces_from_vcs(tag_prefix, root, verbose, run_command=run_com...
2021-04-27T20:52:34.9592688Z     ^
2021-04-27T20:52:34.9593275Z src/tinuous/_version.py:313: error: Function is missing a type annotation 
2021-04-27T20:52:34.9594151Z [no-untyped-def]
2021-04-27T20:52:34.9594653Z     def plus_or_dot(pieces):
2021-04-27T20:52:34.9595048Z     ^
2021-04-27T20:52:34.9595654Z src/tinuous/_version.py:320: error: Function is missing a type annotation 
2021-04-27T20:52:34.9596923Z [no-untyped-def]
2021-04-27T20:52:34.9597464Z     def render_pep440(pieces):
2021-04-27T20:52:34.9597877Z     ^
2021-04-27T20:52:34.9598478Z src/tinuous/_version.py:345: error: Function is missing a type annotation 
2021-04-27T20:52:34.9599320Z [no-untyped-def]
2021-04-27T20:52:34.9599861Z     def render_pep440_pre(pieces):
2021-04-27T20:52:34.9600290Z     ^
2021-04-27T20:52:34.9601335Z src/tinuous/_version.py:361: error: Function is missing a type annotation 
2021-04-27T20:52:34.9602590Z [no-untyped-def]
2021-04-27T20:52:34.9603167Z     def render_pep440_post(pieces):
2021-04-27T20:52:34.9603614Z     ^
2021-04-27T20:52:34.9604202Z src/tinuous/_version.py:388: error: Function is missing a type annotation 
2021-04-27T20:52:34.9605809Z [no-untyped-def]
2021-04-27T20:52:34.9606588Z     def render_pep440_old(pieces):
2021-04-27T20:52:34.9607031Z     ^
2021-04-27T20:52:34.9607622Z src/tinuous/_version.py:410: error: Function is missing a type annotation 
2021-04-27T20:52:34.9610081Z [no-untyped-def]
2021-04-27T20:52:34.9610648Z     def render_git_describe(pieces):
2021-04-27T20:52:34.9611104Z     ^
2021-04-27T20:52:34.9611695Z src/tinuous/_version.py:430: error: Function is missing a type annotation 
2021-04-27T20:52:34.9612569Z [no-untyped-def]
2021-04-27T20:52:34.9613134Z     def render_git_describe_long(pieces):
2021-04-27T20:52:34.9613591Z     ^
2021-04-27T20:52:34.9614196Z src/tinuous/_version.py:450: error: Function is missing a type annotation 
2021-04-27T20:52:34.9615054Z [no-untyped-def]
2021-04-27T20:52:34.9615573Z     def render(pieces, style):
2021-04-27T20:52:34.9615989Z     ^
2021-04-27T20:52:34.9616565Z src/tinuous/_version.py:482: error: Function is missing a return type
2021-04-27T20:52:34.9617454Z annotation  [no-untyped-def]
2021-04-27T20:52:34.9617990Z     def get_versions():
2021-04-27T20:52:34.9618374Z     ^
2021-04-27T20:52:35.6814508Z Found 20 errors in 1 file (checked 3 source files)
2021-04-27T20:52:36.0465254Z ##[error]Process completed with exit code 1.
