2023-11-09T14:07:19.2840886Z Requested labels: ubuntu-latest
2023-11-09T14:07:19.2841211Z Job defined at: con/tinuous/.github/workflows/test.yml@refs/heads/unused
2023-11-09T14:07:19.2841371Z Waiting for a runner to pick up this job...
2023-11-09T14:07:19.5756468Z Job is waiting for a hosted runner to come online.
2023-11-09T14:07:22.4875540Z Job is about to start running on the hosted runner: GitHub Actions 6 (hosted)
2023-11-09T14:07:24.4293651Z Current runner version: '2.311.0'
2023-11-09T14:07:24.4319881Z ##[group]Operating System
2023-11-09T14:07:24.4320536Z Ubuntu
2023-11-09T14:07:24.4320824Z 22.04.3
2023-11-09T14:07:24.4321273Z LTS
2023-11-09T14:07:24.4321602Z ##[endgroup]
2023-11-09T14:07:24.4321937Z ##[group]Runner Image
2023-11-09T14:07:24.4322451Z Image: ubuntu-22.04
2023-11-09T14:07:24.4322839Z Version: 20231030.2.0
2023-11-09T14:07:24.4323830Z Included Software: https://github.com/actions/runner-images/blob/ubuntu22/20231030.2/images/linux/Ubuntu2204-Readme.md
2023-11-09T14:07:24.4325281Z Image Release: https://github.com/actions/runner-images/releases/tag/ubuntu22%2F20231030.2
2023-11-09T14:07:24.4326131Z ##[endgroup]
2023-11-09T14:07:24.4326549Z ##[group]Runner Image Provisioner
2023-11-09T14:07:24.4327095Z 2.0.312.1
2023-11-09T14:07:24.4327424Z ##[endgroup]
2023-11-09T14:07:24.4329606Z ##[group]GITHUB_TOKEN Permissions
2023-11-09T14:07:24.4331254Z Actions: write
2023-11-09T14:07:24.4331690Z Checks: write
2023-11-09T14:07:24.4332324Z Contents: write
2023-11-09T14:07:24.4332789Z Deployments: write
2023-11-09T14:07:24.4333252Z Discussions: write
2023-11-09T14:07:24.4333653Z Issues: write
2023-11-09T14:07:24.4334016Z Metadata: read
2023-11-09T14:07:24.4334453Z Packages: write
2023-11-09T14:07:24.4334834Z Pages: write
2023-11-09T14:07:24.4335196Z PullRequests: write
2023-11-09T14:07:24.4335665Z RepositoryProjects: write
2023-11-09T14:07:24.4336124Z SecurityEvents: write
2023-11-09T14:07:24.4336523Z Statuses: write
2023-11-09T14:07:24.4336917Z ##[endgroup]
2023-11-09T14:07:24.4340646Z Secret source: Actions
2023-11-09T14:07:24.4341234Z Prepare workflow directory
2023-11-09T14:07:24.4985196Z Prepare all required actions
2023-11-09T14:07:24.5147013Z Getting action download info
2023-11-09T14:07:24.8017856Z Download action repository 'actions/checkout@v4' (SHA:b4ffde65f46336ab88eb53be808477a3936bae11)
2023-11-09T14:07:24.9575286Z Download action repository 'actions/setup-python@v4' (SHA:65d7f2d534ac1bc67fcd62888c5f4f3d2cb2b236)
2023-11-09T14:07:25.0289500Z Download action repository 'codecov/codecov-action@v3' (SHA:eaaf4bedf32dbdc6b720b63067d99c4d77d6047d)
2023-11-09T14:07:25.3991748Z Complete job name: test (3.8, typing)
2023-11-09T14:07:25.4941589Z ##[group]Run actions/checkout@v4
2023-11-09T14:07:25.4942215Z with:
2023-11-09T14:07:25.4942531Z   fetch-depth: 0
2023-11-09T14:07:25.4943040Z   repository: con/tinuous
2023-11-09T14:07:25.4943722Z   token: ***
2023-11-09T14:07:25.4944077Z   ssh-strict: true
2023-11-09T14:07:25.4944566Z   persist-credentials: true
2023-11-09T14:07:25.4945040Z   clean: true
2023-11-09T14:07:25.4945404Z   sparse-checkout-cone-mode: true
2023-11-09T14:07:25.4945985Z   fetch-tags: false
2023-11-09T14:07:25.4946401Z   show-progress: true
2023-11-09T14:07:25.4946757Z   lfs: false
2023-11-09T14:07:25.4947189Z   submodules: false
2023-11-09T14:07:25.4947606Z   set-safe-directory: true
2023-11-09T14:07:25.4948004Z ##[endgroup]
2023-11-09T14:07:31.6653377Z Syncing repository: con/tinuous
2023-11-09T14:07:31.6655876Z ##[group]Getting Git version info
2023-11-09T14:07:31.6656924Z Working directory is '/home/runner/work/tinuous/tinuous'
2023-11-09T14:07:31.6658120Z [command]/usr/bin/git version
2023-11-09T14:07:31.6659063Z git version 2.42.0
2023-11-09T14:07:31.6660509Z ##[endgroup]
2023-11-09T14:07:31.6710806Z Temporarily overriding HOME='/home/runner/work/_temp/554578ca-8951-429d-9165-111bde42ec85' before making global git config changes
2023-11-09T14:07:31.6712557Z Adding repository directory to the temporary git global config as a safe directory
2023-11-09T14:07:31.6714149Z [command]/usr/bin/git config --global --add safe.directory /home/runner/work/tinuous/tinuous
2023-11-09T14:07:31.6749394Z Deleting the contents of '/home/runner/work/tinuous/tinuous'
2023-11-09T14:07:31.6755800Z ##[group]Initializing the repository
2023-11-09T14:07:31.6758537Z [command]/usr/bin/git init /home/runner/work/tinuous/tinuous
2023-11-09T14:07:31.6829228Z hint: Using 'master' as the name for the initial branch. This default branch name
2023-11-09T14:07:31.6835922Z hint: is subject to change. To configure the initial branch name to use in all
2023-11-09T14:07:31.6838134Z hint: of your new repositories, which will suppress this warning, call:
2023-11-09T14:07:31.6839173Z hint: 
2023-11-09T14:07:31.6839952Z hint: 	git config --global init.defaultBranch <name>
2023-11-09T14:07:31.6840642Z hint: 
2023-11-09T14:07:31.6841548Z hint: Names commonly chosen instead of 'master' are 'main', 'trunk' and
2023-11-09T14:07:31.6842858Z hint: 'development'. The just-created branch can be renamed via this command:
2023-11-09T14:07:31.6844670Z hint: 
2023-11-09T14:07:31.6845297Z hint: 	git branch -m <name>
2023-11-09T14:07:31.6846193Z Initialized empty Git repository in /home/runner/work/tinuous/tinuous/.git/
2023-11-09T14:07:31.6849233Z [command]/usr/bin/git remote add origin https://github.com/con/tinuous
2023-11-09T14:07:31.6881681Z ##[endgroup]
2023-11-09T14:07:31.6882780Z ##[group]Disabling automatic garbage collection
2023-11-09T14:07:31.6884481Z [command]/usr/bin/git config --local gc.auto 0
2023-11-09T14:07:31.6913547Z ##[endgroup]
2023-11-09T14:07:31.6914781Z ##[group]Setting up auth
2023-11-09T14:07:31.6920860Z [command]/usr/bin/git config --local --name-only --get-regexp core\.sshCommand
2023-11-09T14:07:31.6950313Z [command]/usr/bin/git submodule foreach --recursive sh -c "git config --local --name-only --get-regexp 'core\.sshCommand' && git config --local --unset-all 'core.sshCommand' || :"
2023-11-09T14:07:31.7255395Z [command]/usr/bin/git config --local --name-only --get-regexp http\.https\:\/\/github\.com\/\.extraheader
2023-11-09T14:07:31.7284105Z [command]/usr/bin/git submodule foreach --recursive sh -c "git config --local --name-only --get-regexp 'http\.https\:\/\/github\.com\/\.extraheader' && git config --local --unset-all 'http.https://github.com/.extraheader' || :"
2023-11-09T14:07:31.7519387Z [command]/usr/bin/git config --local http.https://github.com/.extraheader AUTHORIZATION: basic ***
2023-11-09T14:07:31.7555185Z ##[endgroup]
2023-11-09T14:07:31.7556097Z ##[group]Fetching the repository
2023-11-09T14:07:31.7565253Z [command]/usr/bin/git -c protocol.version=2 fetch --prune --no-recurse-submodules origin +refs/heads/*:refs/remotes/origin/* +refs/tags/*:refs/tags/*
2023-11-09T14:07:32.3023919Z From https://github.com/con/tinuous
2023-11-09T14:07:32.3025467Z  * [new branch]      gh-55           -> origin/gh-55
2023-11-09T14:07:32.3026200Z  * [new branch]      master          -> origin/master
2023-11-09T14:07:32.3027617Z  * [new branch]      no-extra-search -> origin/no-extra-search
2023-11-09T14:07:32.3028571Z  * [new branch]      test-appveyor   -> origin/test-appveyor
2023-11-09T14:07:32.3029445Z  * [new branch]      unused          -> origin/unused
2023-11-09T14:07:32.3030624Z  * [new tag]         0.1.0           -> 0.1.0
2023-11-09T14:07:32.3031960Z  * [new tag]         0.2.0           -> 0.2.0
2023-11-09T14:07:32.3033344Z  * [new tag]         0.3.0           -> 0.3.0
2023-11-09T14:07:32.3034834Z  * [new tag]         0.4.0           -> 0.4.0
2023-11-09T14:07:32.3037310Z  * [new tag]         0.5.0           -> 0.5.0
2023-11-09T14:07:32.3038342Z  * [new tag]         0.5.1           -> 0.5.1
2023-11-09T14:07:32.3039301Z  * [new tag]         0.5.2           -> 0.5.2
2023-11-09T14:07:32.3040140Z  * [new tag]         0.5.3           -> 0.5.3
2023-11-09T14:07:32.3041415Z  * [new tag]         0.5.4           -> 0.5.4
2023-11-09T14:07:32.3042552Z  * [new tag]         0.6.0           -> 0.6.0
2023-11-09T14:07:32.3043901Z  * [new tag]         0.6.1           -> 0.6.1
2023-11-09T14:07:32.3078601Z [command]/usr/bin/git branch --list --remote origin/unused
2023-11-09T14:07:32.3102946Z   origin/unused
2023-11-09T14:07:32.3112862Z [command]/usr/bin/git rev-parse refs/remotes/origin/unused
2023-11-09T14:07:32.3134381Z d1e28728130ee4607f68f1831f85e9e261b352d6
2023-11-09T14:07:32.3140050Z ##[endgroup]
2023-11-09T14:07:32.3141278Z ##[group]Determining the checkout info
2023-11-09T14:07:32.3142361Z ##[endgroup]
2023-11-09T14:07:32.3143393Z ##[group]Checking out the ref
2023-11-09T14:07:32.3146449Z [command]/usr/bin/git checkout --progress --force -B unused refs/remotes/origin/unused
2023-11-09T14:07:32.3209585Z Switched to a new branch 'unused'
2023-11-09T14:07:32.3210537Z branch 'unused' set up to track 'origin/unused'.
2023-11-09T14:07:32.3216294Z ##[endgroup]
2023-11-09T14:07:32.3253064Z [command]/usr/bin/git log -1 --format='%H'
2023-11-09T14:07:32.3277815Z 'd1e28728130ee4607f68f1831f85e9e261b352d6'
2023-11-09T14:07:32.3602104Z ##[group]Run actions/setup-python@v4
2023-11-09T14:07:32.3602572Z with:
2023-11-09T14:07:32.3602983Z   python-version: 3.8
2023-11-09T14:07:32.3603308Z   check-latest: false
2023-11-09T14:07:32.3603821Z   token: ***
2023-11-09T14:07:32.3604240Z   update-environment: true
2023-11-09T14:07:32.3604580Z   allow-prereleases: false
2023-11-09T14:07:32.3604931Z ##[endgroup]
2023-11-09T14:07:32.5641754Z ##[group]Installed versions
2023-11-09T14:07:32.5719701Z Successfully set up CPython (3.8.18)
2023-11-09T14:07:32.5720960Z ##[endgroup]
2023-11-09T14:07:32.5855054Z ##[group]Run python -m pip install --upgrade pip wheel
2023-11-09T14:07:32.5855746Z [36;1mpython -m pip install --upgrade pip wheel[0m
2023-11-09T14:07:32.5856370Z [36;1mpython -m pip install --upgrade --upgrade-strategy=eager tox[0m
2023-11-09T14:07:32.5916455Z shell: /usr/bin/bash -e {0}
2023-11-09T14:07:32.5916982Z env:
2023-11-09T14:07:32.5917362Z   pythonLocation: /opt/hostedtoolcache/Python/3.8.18/x64
2023-11-09T14:07:32.5918028Z   PKG_CONFIG_PATH: /opt/hostedtoolcache/Python/3.8.18/x64/lib/pkgconfig
2023-11-09T14:07:32.5918735Z   Python_ROOT_DIR: /opt/hostedtoolcache/Python/3.8.18/x64
2023-11-09T14:07:32.5919316Z   Python2_ROOT_DIR: /opt/hostedtoolcache/Python/3.8.18/x64
2023-11-09T14:07:32.5919835Z   Python3_ROOT_DIR: /opt/hostedtoolcache/Python/3.8.18/x64
2023-11-09T14:07:32.5920461Z   LD_LIBRARY_PATH: /opt/hostedtoolcache/Python/3.8.18/x64/lib
2023-11-09T14:07:32.5920991Z ##[endgroup]
2023-11-09T14:07:37.5151557Z Requirement already satisfied: pip in /opt/hostedtoolcache/Python/3.8.18/x64/lib/python3.8/site-packages (23.0.1)
2023-11-09T14:07:37.6704489Z Collecting pip
2023-11-09T14:07:37.7203235Z   Downloading pip-23.3.1-py3-none-any.whl.metadata (3.5 kB)
2023-11-09T14:07:37.7612775Z Collecting wheel
2023-11-09T14:07:37.7665069Z   Downloading wheel-0.41.3-py3-none-any.whl.metadata (2.2 kB)
2023-11-09T14:07:37.7776791Z Downloading pip-23.3.1-py3-none-any.whl (2.1 MB)
2023-11-09T14:07:37.8362830Z    â”â”â”â”â”â”â”â”â”â”â”â”â”â”â”â”â”â”â”â”â”â”â”â”â”â”â”â”â”â”â”â”â”â”â”â”â”â”â”â” 2.1/2.1 MB 37.8 MB/s eta 0:00:00
2023-11-09T14:07:37.8401765Z Downloading wheel-0.41.3-py3-none-any.whl (65 kB)
2023-11-09T14:07:37.8454840Z    â”â”â”â”â”â”â”â”â”â”â”â”â”â”â”â”â”â”â”â”â”â”â”â”â”â”â”â”â”â”â”â”â”â”â”â”â”â”â”â” 65.8/65.8 kB 19.1 MB/s eta 0:00:00
2023-11-09T14:07:37.9067077Z Installing collected packages: wheel, pip
2023-11-09T14:07:37.9701619Z   Attempting uninstall: pip
2023-11-09T14:07:37.9708027Z     Found existing installation: pip 23.0.1
2023-11-09T14:07:38.0262629Z     Uninstalling pip-23.0.1:
2023-11-09T14:07:38.0747151Z       Successfully uninstalled pip-23.0.1
2023-11-09T14:07:39.0190244Z Successfully installed pip-23.3.1 wheel-0.41.3
2023-11-09T14:07:40.7065422Z Collecting tox
2023-11-09T14:07:40.7533368Z   Downloading tox-4.11.3-py3-none-any.whl.metadata (5.0 kB)
2023-11-09T14:07:40.8085024Z Collecting cachetools>=5.3.1 (from tox)
2023-11-09T14:07:40.8126648Z   Downloading cachetools-5.3.2-py3-none-any.whl.metadata (5.2 kB)
2023-11-09T14:07:40.8302494Z Collecting chardet>=5.2 (from tox)
2023-11-09T14:07:40.8344548Z   Downloading chardet-5.2.0-py3-none-any.whl.metadata (3.4 kB)
2023-11-09T14:07:40.8613867Z Collecting colorama>=0.4.6 (from tox)
2023-11-09T14:07:40.8655654Z   Downloading colorama-0.4.6-py2.py3-none-any.whl (25 kB)
2023-11-09T14:07:40.9009922Z Collecting filelock>=3.12.3 (from tox)
2023-11-09T14:07:40.9053547Z   Downloading filelock-3.13.1-py3-none-any.whl.metadata (2.8 kB)
2023-11-09T14:07:40.9397651Z Collecting packaging>=23.1 (from tox)
2023-11-09T14:07:40.9437630Z   Downloading packaging-23.2-py3-none-any.whl.metadata (3.2 kB)
2023-11-09T14:07:40.9715786Z Collecting platformdirs>=3.10 (from tox)
2023-11-09T14:07:40.9757782Z   Downloading platformdirs-3.11.0-py3-none-any.whl.metadata (11 kB)
2023-11-09T14:07:40.9999254Z Collecting pluggy>=1.3 (from tox)
2023-11-09T14:07:41.0107206Z   Downloading pluggy-1.3.0-py3-none-any.whl.metadata (4.3 kB)
2023-11-09T14:07:41.0315697Z Collecting pyproject-api>=1.6.1 (from tox)
2023-11-09T14:07:41.0360935Z   Downloading pyproject_api-1.6.1-py3-none-any.whl.metadata (2.8 kB)
2023-11-09T14:07:41.0591475Z Collecting tomli>=2.0.1 (from tox)
2023-11-09T14:07:41.0636045Z   Downloading tomli-2.0.1-py3-none-any.whl (12 kB)
2023-11-09T14:07:41.1599858Z Collecting virtualenv>=20.24.3 (from tox)
2023-11-09T14:07:41.1640906Z   Downloading virtualenv-20.24.6-py3-none-any.whl.metadata (4.5 kB)
2023-11-09T14:07:41.2476301Z Collecting distlib<1,>=0.3.7 (from virtualenv>=20.24.3->tox)
2023-11-09T14:07:41.2515858Z   Downloading distlib-0.3.7-py2.py3-none-any.whl.metadata (5.1 kB)
2023-11-09T14:07:41.2718022Z Downloading tox-4.11.3-py3-none-any.whl (153 kB)
2023-11-09T14:07:41.2805151Z    â”â”â”â”â”â”â”â”â”â”â”â”â”â”â”â”â”â”â”â”â”â”â”â”â”â”â”â”â”â”â”â”â”â”â”â”â”â”â”â” 153.8/153.8 kB 23.9 MB/s eta 0:00:00
2023-11-09T14:07:41.2843537Z Downloading cachetools-5.3.2-py3-none-any.whl (9.3 kB)
2023-11-09T14:07:41.2908268Z Downloading chardet-5.2.0-py3-none-any.whl (199 kB)
2023-11-09T14:07:41.2975555Z    â”â”â”â”â”â”â”â”â”â”â”â”â”â”â”â”â”â”â”â”â”â”â”â”â”â”â”â”â”â”â”â”â”â”â”â”â”â”â”â” 199.4/199.4 kB 42.9 MB/s eta 0:00:00
2023-11-09T14:07:41.3013169Z Downloading filelock-3.13.1-py3-none-any.whl (11 kB)
2023-11-09T14:07:41.3070970Z Downloading packaging-23.2-py3-none-any.whl (53 kB)
2023-11-09T14:07:41.3115531Z    â”â”â”â”â”â”â”â”â”â”â”â”â”â”â”â”â”â”â”â”â”â”â”â”â”â”â”â”â”â”â”â”â”â”â”â”â”â”â”â” 53.0/53.0 kB 18.0 MB/s eta 0:00:00
2023-11-09T14:07:41.3153116Z Downloading platformdirs-3.11.0-py3-none-any.whl (17 kB)
2023-11-09T14:07:41.3213063Z Downloading pluggy-1.3.0-py3-none-any.whl (18 kB)
2023-11-09T14:07:41.3273044Z Downloading pyproject_api-1.6.1-py3-none-any.whl (12 kB)
2023-11-09T14:07:41.3336827Z Downloading virtualenv-20.24.6-py3-none-any.whl (3.8 MB)
2023-11-09T14:07:41.3731215Z    â”â”â”â”â”â”â”â”â”â”â”â”â”â”â”â”â”â”â”â”â”â”â”â”â”â”â”â”â”â”â”â”â”â”â”â”â”â”â”â” 3.8/3.8 MB 102.2 MB/s eta 0:00:00
2023-11-09T14:07:41.3774519Z Downloading distlib-0.3.7-py2.py3-none-any.whl (468 kB)
2023-11-09T14:07:41.3861289Z    â”â”â”â”â”â”â”â”â”â”â”â”â”â”â”â”â”â”â”â”â”â”â”â”â”â”â”â”â”â”â”â”â”â”â”â”â”â”â”â” 468.9/468.9 kB 72.1 MB/s eta 0:00:00
2023-11-09T14:07:41.5198710Z Installing collected packages: distlib, tomli, pluggy, platformdirs, packaging, filelock, colorama, chardet, cachetools, virtualenv, pyproject-api, tox
2023-11-09T14:07:42.0552732Z Successfully installed cachetools-5.3.2 chardet-5.2.0 colorama-0.4.6 distlib-0.3.7 filelock-3.13.1 packaging-23.2 platformdirs-3.11.0 pluggy-1.3.0 pyproject-api-1.6.1 tomli-2.0.1 tox-4.11.3 virtualenv-20.24.6
2023-11-09T14:07:42.6362369Z ##[group]Run tox -e typing
2023-11-09T14:07:42.6362816Z [36;1mtox -e typing[0m
2023-11-09T14:07:42.6408187Z shell: /usr/bin/bash -e {0}
2023-11-09T14:07:42.6408682Z env:
2023-11-09T14:07:42.6409084Z   pythonLocation: /opt/hostedtoolcache/Python/3.8.18/x64
2023-11-09T14:07:42.6409714Z   PKG_CONFIG_PATH: /opt/hostedtoolcache/Python/3.8.18/x64/lib/pkgconfig
2023-11-09T14:07:42.6410439Z   Python_ROOT_DIR: /opt/hostedtoolcache/Python/3.8.18/x64
2023-11-09T14:07:42.6411007Z   Python2_ROOT_DIR: /opt/hostedtoolcache/Python/3.8.18/x64
2023-11-09T14:07:42.6411543Z   Python3_ROOT_DIR: /opt/hostedtoolcache/Python/3.8.18/x64
2023-11-09T14:07:42.6412171Z   LD_LIBRARY_PATH: /opt/hostedtoolcache/Python/3.8.18/x64/lib
2023-11-09T14:07:42.6412645Z ##[endgroup]
2023-11-09T14:07:43.6677494Z typing: install_deps> python -I -m pip install mypy pytest pytest-cov pytest-mock types-python-dateutil types-PyYAML types-requests
2023-11-09T14:07:48.1971646Z .pkg: install_requires> python -I -m pip install 'setuptools>=46.4.0' versioningit
2023-11-09T14:07:50.1489062Z .pkg: _optional_hooks> python /opt/hostedtoolcache/Python/3.8.18/x64/lib/python3.8/site-packages/pyproject_api/_backend.py True setuptools.build_meta
2023-11-09T14:07:50.4765145Z .pkg: get_requires_for_build_sdist> python /opt/hostedtoolcache/Python/3.8.18/x64/lib/python3.8/site-packages/pyproject_api/_backend.py True setuptools.build_meta
2023-11-09T14:07:50.5829822Z .pkg: get_requires_for_build_wheel> python /opt/hostedtoolcache/Python/3.8.18/x64/lib/python3.8/site-packages/pyproject_api/_backend.py True setuptools.build_meta
2023-11-09T14:07:50.6450118Z .pkg: install_requires_for_build_wheel> python -I -m pip install wheel
2023-11-09T14:07:51.6615339Z .pkg: freeze> python -m pip freeze --all
2023-11-09T14:07:51.9708740Z .pkg: importlib-metadata==6.8.0,packaging==23.2,pip==23.3.1,setuptools==68.2.2,tomli==2.0.1,versioningit==2.2.1,wheel==0.41.2,zipp==3.17.0
2023-11-09T14:07:51.9713857Z .pkg: prepare_metadata_for_build_wheel> python /opt/hostedtoolcache/Python/3.8.18/x64/lib/python3.8/site-packages/pyproject_api/_backend.py True setuptools.build_meta
2023-11-09T14:07:52.1778026Z .pkg: build_sdist> python /opt/hostedtoolcache/Python/3.8.18/x64/lib/python3.8/site-packages/pyproject_api/_backend.py True setuptools.build_meta
2023-11-09T14:07:52.2616977Z typing: install_package_deps> python -I -m pip install 'PyYAML>=5.0' 'click-loglevel~=0.2' 'click>=7.0' 'in-place~=0.4' 'pydantic~=1.7' 'python-dateutil~=2.7' 'python-dotenv<2.0,>=0.11' 'requests~=2.20'
2023-11-09T14:07:54.6768995Z typing: install_package> python -I -m pip install --force-reinstall --no-deps /home/runner/work/tinuous/tinuous/.tox/.tmp/package/1/tinuous-0.6.1.post41+gd1e2872.tar.gz
2023-11-09T14:07:59.1698686Z typing: freeze> python -m pip freeze --all
2023-11-09T14:07:59.5104380Z typing: certifi==2023.7.22,charset-normalizer==3.3.2,click==8.1.7,click-loglevel==0.5.0,coverage==7.3.2,exceptiongroup==1.1.3,idna==3.4,in-place==0.5.0,iniconfig==2.0.0,mypy==1.6.1,mypy-extensions==1.0.0,packaging==23.2,pip==23.3.1,pluggy==1.3.0,pydantic==1.10.13,pytest==7.4.3,pytest-cov==4.1.0,pytest-mock==3.12.0,python-dateutil==2.8.2,python-dotenv==1.0.0,PyYAML==6.0.1,requests==2.31.0,setuptools==68.2.2,six==1.16.0,tinuous @ file:///home/runner/work/tinuous/tinuous/.tox/.tmp/package/1/tinuous-0.6.1.post41%2Bgd1e2872.tar.gz#sha256=fd30014867a590092c2ba24ed1b743019b6000e3fbd02e4c40f2eefa8d3bbf8c,tomli==2.0.1,types-python-dateutil==2.8.19.14,types-PyYAML==6.0.12.12,types-requests==2.31.0.10,typing_extensions==4.8.0,urllib3==2.0.7,wheel==0.41.2
2023-11-09T14:07:59.5107928Z typing: commands[0]> mypy src test
2023-11-09T14:08:04.4034460Z src/tinuous/travis.py:71: error: Item "None" of "Optional[Response]" has no
2023-11-09T14:08:04.4036166Z attribute "status_code"  [union-attr]
2023-11-09T14:08:04.4036887Z                 if e.response.status_code == 404:
2023-11-09T14:08:04.4037449Z                    ^~~~~~~~~~~~~~~~~~~~~~
2023-11-09T14:08:04.4372824Z src/tinuous/github.py:330: error: Item "None" of "Optional[Response]" has no
2023-11-09T14:08:04.4374436Z attribute "status_code"  [union-attr]
2023-11-09T14:08:04.4375344Z                 if e.response.status_code in (404, 410):
2023-11-09T14:08:04.4376381Z                    ^~~~~~~~~~~~~~~~~~~~~~
2023-11-09T14:08:04.4377464Z src/tinuous/github.py:334: error: Item "None" of "Optional[Response]" has no
2023-11-09T14:08:04.4379097Z attribute "status_code"  [union-attr]
2023-11-09T14:08:04.4380234Z     ...       "Request for logs returned %d; skipping", e.response.status_cod...
2023-11-09T14:08:04.4381336Z                                                         ^~~~~~~~~~~~~~~~~~~~~~
2023-11-09T14:08:05.0751552Z Found 3 errors in 2 files (checked 15 source files)
2023-11-09T14:08:05.0891657Z typing: exit 1 (5.58 seconds) /home/runner/work/tinuous/tinuous> mypy src test pid=2126
2023-11-09T14:08:05.0901625Z .pkg: _exit> python /opt/hostedtoolcache/Python/3.8.18/x64/lib/python3.8/site-packages/pyproject_api/_backend.py True setuptools.build_meta
2023-11-09T14:08:05.1171713Z   typing: FAIL code 1 (21.77=setup[16.19]+cmd[5.58] seconds)
2023-11-09T14:08:05.1172339Z   evaluation failed :( (22.02 seconds)
2023-11-09T14:08:05.1426649Z ##[error]Process completed with exit code 1.
2023-11-09T14:08:05.1524961Z Post job cleanup.
2023-11-09T14:08:05.2267491Z [command]/usr/bin/git version
2023-11-09T14:08:05.2308404Z git version 2.42.0
2023-11-09T14:08:05.2350948Z Temporarily overriding HOME='/home/runner/work/_temp/4ea3ced0-41b4-4970-9802-c08335389888' before making global git config changes
2023-11-09T14:08:05.2352865Z Adding repository directory to the temporary git global config as a safe directory
2023-11-09T14:08:05.2356646Z [command]/usr/bin/git config --global --add safe.directory /home/runner/work/tinuous/tinuous
2023-11-09T14:08:05.2392382Z [command]/usr/bin/git config --local --name-only --get-regexp core\.sshCommand
2023-11-09T14:08:05.2423897Z [command]/usr/bin/git submodule foreach --recursive sh -c "git config --local --name-only --get-regexp 'core\.sshCommand' && git config --local --unset-all 'core.sshCommand' || :"
2023-11-09T14:08:05.2676561Z [command]/usr/bin/git config --local --name-only --get-regexp http\.https\:\/\/github\.com\/\.extraheader
2023-11-09T14:08:05.2697823Z http.https://github.com/.extraheader
2023-11-09T14:08:05.2709485Z [command]/usr/bin/git config --local --unset-all http.https://github.com/.extraheader
2023-11-09T14:08:05.2739932Z [command]/usr/bin/git submodule foreach --recursive sh -c "git config --local --name-only --get-regexp 'http\.https\:\/\/github\.com\/\.extraheader' && git config --local --unset-all 'http.https://github.com/.extraheader' || :"
2023-11-09T14:08:05.3237702Z Cleaning up orphan processes
