2023-11-09T15:10:34.5513157Z ##[group]Run tox -e typing
2023-11-09T15:10:34.5513596Z [36;1mtox -e typing[0m
2023-11-09T15:10:34.5550781Z shell: /usr/bin/bash -e {0}
2023-11-09T15:10:34.5551190Z env:
2023-11-09T15:10:34.5551632Z   pythonLocation: /opt/hostedtoolcache/Python/3.8.18/x64
2023-11-09T15:10:34.5552435Z   PKG_CONFIG_PATH: /opt/hostedtoolcache/Python/3.8.18/x64/lib/pkgconfig
2023-11-09T15:10:34.5553230Z   Python_ROOT_DIR: /opt/hostedtoolcache/Python/3.8.18/x64
2023-11-09T15:10:34.5553924Z   Python2_ROOT_DIR: /opt/hostedtoolcache/Python/3.8.18/x64
2023-11-09T15:10:34.5554626Z   Python3_ROOT_DIR: /opt/hostedtoolcache/Python/3.8.18/x64
2023-11-09T15:10:34.5555343Z   LD_LIBRARY_PATH: /opt/hostedtoolcache/Python/3.8.18/x64/lib
2023-11-09T15:10:34.5555916Z ##[endgroup]
2023-11-09T15:10:35.2761284Z typing: install_deps> python -I -m pip install mypy pytest pytest-cov pytest-mock types-python-dateutil types-PyYAML types-requests
2023-11-09T15:10:40.8071023Z .pkg: install_requires> python -I -m pip install 'setuptools>=46.4.0' versioningit
2023-11-09T15:10:42.8670608Z .pkg: _optional_hooks> python /opt/hostedtoolcache/Python/3.8.18/x64/lib/python3.8/site-packages/pyproject_api/_backend.py True setuptools.build_meta
2023-11-09T15:10:43.1565446Z .pkg: get_requires_for_build_sdist> python /opt/hostedtoolcache/Python/3.8.18/x64/lib/python3.8/site-packages/pyproject_api/_backend.py True setuptools.build_meta
2023-11-09T15:10:43.2808230Z .pkg: get_requires_for_build_wheel> python /opt/hostedtoolcache/Python/3.8.18/x64/lib/python3.8/site-packages/pyproject_api/_backend.py True setuptools.build_meta
2023-11-09T15:10:43.3524003Z .pkg: install_requires_for_build_wheel> python -I -m pip install wheel
2023-11-09T15:10:43.9788694Z .pkg: freeze> python -m pip freeze --all
2023-11-09T15:10:44.3499347Z .pkg: importlib-metadata==6.8.0,packaging==23.2,pip==23.3.1,setuptools==68.2.2,tomli==2.0.1,versioningit==2.2.1,wheel==0.41.2,zipp==3.17.0
2023-11-09T15:10:44.3511859Z .pkg: prepare_metadata_for_build_wheel> python /opt/hostedtoolcache/Python/3.8.18/x64/lib/python3.8/site-packages/pyproject_api/_backend.py True setuptools.build_meta
2023-11-09T15:10:44.4995695Z .pkg: build_sdist> python /opt/hostedtoolcache/Python/3.8.18/x64/lib/python3.8/site-packages/pyproject_api/_backend.py True setuptools.build_meta
2023-11-09T15:10:44.5905916Z typing: install_package_deps> python -I -m pip install 'PyYAML>=5.0' 'click-loglevel~=0.2' 'click>=7.0' 'in-place~=0.4' 'pydantic~=1.7' 'python-dateutil~=2.7' 'python-dotenv<2.0,>=0.11' 'requests~=2.20'
2023-11-09T15:10:47.4301048Z typing: install_package> python -I -m pip install --force-reinstall --no-deps /home/runner/work/tinuous/tinuous/.tox/.tmp/package/1/tinuous-0.6.1.post42+g7c67fae.tar.gz
2023-11-09T15:10:52.0931524Z typing: freeze> python -m pip freeze --all
2023-11-09T15:10:52.4874700Z typing: certifi==2023.7.22,charset-normalizer==3.3.2,click==8.1.7,click-loglevel==0.5.0,coverage==7.3.2,exceptiongroup==1.1.3,idna==3.4,in-place==0.5.0,iniconfig==2.0.0,mypy==1.6.1,mypy-extensions==1.0.0,packaging==23.2,pip==23.3.1,pluggy==1.3.0,pydantic==1.10.13,pytest==7.4.3,pytest-cov==4.1.0,pytest-mock==3.12.0,python-dateutil==2.8.2,python-dotenv==1.0.0,PyYAML==6.0.1,requests==2.31.0,setuptools==68.2.2,six==1.16.0,tinuous @ file:///home/runner/work/tinuous/tinuous/.tox/.tmp/package/1/tinuous-0.6.1.post42%2Bg7c67fae.tar.gz#sha256=3557e9d2984c7751a8ffed9ae199c0b06302c428f7f22662edd1e3922d544522,tomli==2.0.1,types-python-dateutil==2.8.19.14,types-PyYAML==6.0.12.12,types-requests==2.31.0.10,typing_extensions==4.8.0,urllib3==2.0.7,wheel==0.41.2
2023-11-09T15:10:52.4881234Z typing: commands[0]> mypy src test
2023-11-09T15:10:58.2232930Z src/tinuous/travis.py:71: error: Item "None" of "Optional[Response]" has no
2023-11-09T15:10:58.2234414Z attribute "status_code"  [union-attr]
2023-11-09T15:10:58.2235152Z                 if e.response.status_code == 404:
2023-11-09T15:10:58.2235848Z                    ^~~~~~~~~~~~~~~~~~~~~~
2023-11-09T15:10:58.2615300Z src/tinuous/github.py:330: error: Item "None" of "Optional[Response]" has no
2023-11-09T15:10:58.2616946Z attribute "status_code"  [union-attr]
2023-11-09T15:10:58.2617595Z                 if e.response.status_code in (404, 410):
2023-11-09T15:10:58.2618218Z                    ^~~~~~~~~~~~~~~~~~~~~~
2023-11-09T15:10:58.2619053Z src/tinuous/github.py:334: error: Item "None" of "Optional[Response]" has no
2023-11-09T15:10:58.2619989Z attribute "status_code"  [union-attr]
2023-11-09T15:10:58.2620772Z     ...       "Request for logs returned %d; skipping", e.response.status_cod...
2023-11-09T15:10:58.2621640Z                                                         ^~~~~~~~~~~~~~~~~~~~~~
2023-11-09T15:10:59.0003899Z Found 3 errors in 2 files (checked 15 source files)
2023-11-09T15:10:59.0095762Z typing: exit 1 (6.52 seconds) /home/runner/work/tinuous/tinuous> mypy src test pid=1975
2023-11-09T15:10:59.0106514Z .pkg: _exit> python /opt/hostedtoolcache/Python/3.8.18/x64/lib/python3.8/site-packages/pyproject_api/_backend.py True setuptools.build_meta
2023-11-09T15:10:59.0406321Z   typing: FAIL code 1 (24.07=setup[17.55]+cmd[6.52] seconds)
2023-11-09T15:10:59.0407164Z   evaluation failed :( (24.23 seconds)
2023-11-09T15:10:59.0752054Z ##[error]Process completed with exit code 1.
