2023-11-09T15:08:29.5731911Z Requested labels: ubuntu-latest
2023-11-09T15:08:29.5732340Z Job defined at: con/tinuous/.github/workflows/test.yml@refs/heads/py312
2023-11-09T15:08:29.5732505Z Waiting for a runner to pick up this job...
2023-11-09T15:08:30.1396180Z Job is waiting for a hosted runner to come online.
2023-11-09T15:08:33.7503823Z Job is about to start running on the hosted runner: GitHub Actions 15 (hosted)
2023-11-09T15:08:36.2892942Z Current runner version: '2.311.0'
2023-11-09T15:08:36.2926744Z ##[group]Operating System
2023-11-09T15:08:36.2927457Z Ubuntu
2023-11-09T15:08:36.2927878Z 22.04.3
2023-11-09T15:08:36.2928429Z LTS
2023-11-09T15:08:36.2928804Z ##[endgroup]
2023-11-09T15:08:36.2929261Z ##[group]Runner Image
2023-11-09T15:08:36.2929852Z Image: ubuntu-22.04
2023-11-09T15:08:36.2930294Z Version: 20231030.2.0
2023-11-09T15:08:36.2931423Z Included Software: https://github.com/actions/runner-images/blob/ubuntu22/20231030.2/images/linux/Ubuntu2204-Readme.md
2023-11-09T15:08:36.2933136Z Image Release: https://github.com/actions/runner-images/releases/tag/ubuntu22%2F20231030.2
2023-11-09T15:08:36.2934139Z ##[endgroup]
2023-11-09T15:08:36.2934577Z ##[group]Runner Image Provisioner
2023-11-09T15:08:36.2935239Z 2.0.312.1
2023-11-09T15:08:36.2935634Z ##[endgroup]
2023-11-09T15:08:36.2938205Z ##[group]GITHUB_TOKEN Permissions
2023-11-09T15:08:36.2940037Z Actions: write
2023-11-09T15:08:36.2940475Z Checks: write
2023-11-09T15:08:36.2941266Z Contents: write
2023-11-09T15:08:36.2941801Z Deployments: write
2023-11-09T15:08:36.2942334Z Discussions: write
2023-11-09T15:08:36.2942795Z Issues: write
2023-11-09T15:08:36.2943206Z Metadata: read
2023-11-09T15:08:36.2943733Z Packages: write
2023-11-09T15:08:36.2944201Z Pages: write
2023-11-09T15:08:36.2944606Z PullRequests: write
2023-11-09T15:08:36.2945231Z RepositoryProjects: write
2023-11-09T15:08:36.2945784Z SecurityEvents: write
2023-11-09T15:08:36.2946221Z Statuses: write
2023-11-09T15:08:36.2946714Z ##[endgroup]
2023-11-09T15:08:36.2950272Z Secret source: Actions
2023-11-09T15:08:36.2950850Z Prepare workflow directory
2023-11-09T15:08:36.3586075Z Prepare all required actions
2023-11-09T15:08:36.3756618Z Getting action download info
2023-11-09T15:08:36.5959732Z Download action repository 'actions/checkout@v4' (SHA:b4ffde65f46336ab88eb53be808477a3936bae11)
2023-11-09T15:08:36.7121902Z Download action repository 'actions/setup-python@v4' (SHA:65d7f2d534ac1bc67fcd62888c5f4f3d2cb2b236)
2023-11-09T15:08:36.7861921Z Download action repository 'codecov/codecov-action@v3' (SHA:eaaf4bedf32dbdc6b720b63067d99c4d77d6047d)
2023-11-09T15:08:37.2160248Z Complete job name: test (3.8, typing)
2023-11-09T15:08:37.3153433Z ##[group]Run actions/checkout@v4
2023-11-09T15:08:37.3154443Z with:
2023-11-09T15:08:37.3154872Z   fetch-depth: 0
2023-11-09T15:08:37.3155279Z   repository: con/tinuous
2023-11-09T15:08:37.3156060Z   token: ***
2023-11-09T15:08:37.3156556Z   ssh-strict: true
2023-11-09T15:08:37.3157040Z   persist-credentials: true
2023-11-09T15:08:37.3157602Z   clean: true
2023-11-09T15:08:37.3158064Z   sparse-checkout-cone-mode: true
2023-11-09T15:08:37.3158613Z   fetch-tags: false
2023-11-09T15:08:37.3159091Z   show-progress: true
2023-11-09T15:08:37.3159538Z   lfs: false
2023-11-09T15:08:37.3159902Z   submodules: false
2023-11-09T15:08:37.3160422Z   set-safe-directory: true
2023-11-09T15:08:37.3160904Z ##[endgroup]
2023-11-09T15:08:37.4973056Z Syncing repository: con/tinuous
2023-11-09T15:08:37.4975574Z ##[group]Getting Git version info
2023-11-09T15:08:37.4976962Z Working directory is '/home/runner/work/tinuous/tinuous'
2023-11-09T15:08:37.4978472Z [command]/usr/bin/git version
2023-11-09T15:08:37.4979429Z git version 2.42.0
2023-11-09T15:08:37.4981926Z ##[endgroup]
2023-11-09T15:08:37.4997353Z Temporarily overriding HOME='/home/runner/work/_temp/35d6d995-3fdb-470c-b2e8-8d03adacaab4' before making global git config changes
2023-11-09T15:08:37.4999803Z Adding repository directory to the temporary git global config as a safe directory
2023-11-09T15:08:37.5001897Z [command]/usr/bin/git config --global --add safe.directory /home/runner/work/tinuous/tinuous
2023-11-09T15:08:37.5004510Z Deleting the contents of '/home/runner/work/tinuous/tinuous'
2023-11-09T15:08:37.5010918Z ##[group]Initializing the repository
2023-11-09T15:08:37.5013235Z [command]/usr/bin/git init /home/runner/work/tinuous/tinuous
2023-11-09T15:08:37.5075539Z hint: Using 'master' as the name for the initial branch. This default branch name
2023-11-09T15:08:37.5078215Z hint: is subject to change. To configure the initial branch name to use in all
2023-11-09T15:08:37.5083692Z hint: of your new repositories, which will suppress this warning, call:
2023-11-09T15:08:37.5085436Z hint: 
2023-11-09T15:08:37.5092402Z hint: 	git config --global init.defaultBranch <name>
2023-11-09T15:08:37.5093473Z hint: 
2023-11-09T15:08:37.5094675Z hint: Names commonly chosen instead of 'master' are 'main', 'trunk' and
2023-11-09T15:08:37.5096477Z hint: 'development'. The just-created branch can be renamed via this command:
2023-11-09T15:08:37.5097760Z hint: 
2023-11-09T15:08:37.5098506Z hint: 	git branch -m <name>
2023-11-09T15:08:37.5099705Z Initialized empty Git repository in /home/runner/work/tinuous/tinuous/.git/
2023-11-09T15:08:37.5102592Z [command]/usr/bin/git remote add origin https://github.com/con/tinuous
2023-11-09T15:08:37.5126049Z ##[endgroup]
2023-11-09T15:08:37.5126949Z ##[group]Disabling automatic garbage collection
2023-11-09T15:08:37.5128506Z [command]/usr/bin/git config --local gc.auto 0
2023-11-09T15:08:37.5157998Z ##[endgroup]
2023-11-09T15:08:37.5158866Z ##[group]Setting up auth
2023-11-09T15:08:37.5163214Z [command]/usr/bin/git config --local --name-only --get-regexp core\.sshCommand
2023-11-09T15:08:37.5192470Z [command]/usr/bin/git submodule foreach --recursive sh -c "git config --local --name-only --get-regexp 'core\.sshCommand' && git config --local --unset-all 'core.sshCommand' || :"
2023-11-09T15:08:37.5513571Z [command]/usr/bin/git config --local --name-only --get-regexp http\.https\:\/\/github\.com\/\.extraheader
2023-11-09T15:08:37.5543651Z [command]/usr/bin/git submodule foreach --recursive sh -c "git config --local --name-only --get-regexp 'http\.https\:\/\/github\.com\/\.extraheader' && git config --local --unset-all 'http.https://github.com/.extraheader' || :"
2023-11-09T15:08:37.5784888Z [command]/usr/bin/git config --local http.https://github.com/.extraheader AUTHORIZATION: basic ***
2023-11-09T15:08:37.5821373Z ##[endgroup]
2023-11-09T15:08:37.5823366Z ##[group]Fetching the repository
2023-11-09T15:08:37.5832082Z [command]/usr/bin/git -c protocol.version=2 fetch --prune --no-recurse-submodules origin +refs/heads/*:refs/remotes/origin/* +refs/tags/*:refs/tags/*
2023-11-09T15:08:37.9806525Z From https://github.com/con/tinuous
2023-11-09T15:08:37.9809387Z  * [new branch]      fix-typing      -> origin/fix-typing
2023-11-09T15:08:37.9810586Z  * [new branch]      gh-55           -> origin/gh-55
2023-11-09T15:08:37.9811504Z  * [new branch]      master          -> origin/master
2023-11-09T15:08:37.9812571Z  * [new branch]      mypy-import     -> origin/mypy-import
2023-11-09T15:08:37.9813510Z  * [new branch]      no-extra-search -> origin/no-extra-search
2023-11-09T15:08:37.9814816Z  * [new branch]      py312           -> origin/py312
2023-11-09T15:08:37.9816574Z  * [new branch]      pypy            -> origin/pypy
2023-11-09T15:08:37.9818722Z  * [new branch]      test-appveyor   -> origin/test-appveyor
2023-11-09T15:08:37.9820844Z  * [new branch]      unused          -> origin/unused
2023-11-09T15:08:37.9822721Z  * [new branch]      updates         -> origin/updates
2023-11-09T15:08:37.9823849Z  * [new tag]         0.1.0           -> 0.1.0
2023-11-09T15:08:37.9825024Z  * [new tag]         0.2.0           -> 0.2.0
2023-11-09T15:08:37.9826845Z  * [new tag]         0.3.0           -> 0.3.0
2023-11-09T15:08:37.9828207Z  * [new tag]         0.4.0           -> 0.4.0
2023-11-09T15:08:37.9829464Z  * [new tag]         0.5.0           -> 0.5.0
2023-11-09T15:08:37.9830538Z  * [new tag]         0.5.1           -> 0.5.1
2023-11-09T15:08:37.9831805Z  * [new tag]         0.5.2           -> 0.5.2
2023-11-09T15:08:37.9832910Z  * [new tag]         0.5.3           -> 0.5.3
2023-11-09T15:08:37.9834433Z  * [new tag]         0.5.4           -> 0.5.4
2023-11-09T15:08:37.9836095Z  * [new tag]         0.6.0           -> 0.6.0
2023-11-09T15:08:37.9837496Z  * [new tag]         0.6.1           -> 0.6.1
2023-11-09T15:08:37.9872541Z [command]/usr/bin/git branch --list --remote origin/py312
2023-11-09T15:08:37.9896395Z   origin/py312
2023-11-09T15:08:37.9905134Z [command]/usr/bin/git rev-parse refs/remotes/origin/py312
2023-11-09T15:08:37.9925914Z a6629f1b40bf909563ddad82217bfc367da87062
2023-11-09T15:08:37.9930976Z ##[endgroup]
2023-11-09T15:08:37.9931779Z ##[group]Determining the checkout info
2023-11-09T15:08:37.9933156Z ##[endgroup]
2023-11-09T15:08:37.9934046Z ##[group]Checking out the ref
2023-11-09T15:08:37.9936275Z [command]/usr/bin/git checkout --progress --force -B py312 refs/remotes/origin/py312
2023-11-09T15:08:37.9997408Z Switched to a new branch 'py312'
2023-11-09T15:08:37.9998193Z branch 'py312' set up to track 'origin/py312'.
2023-11-09T15:08:38.0004251Z ##[endgroup]
2023-11-09T15:08:38.0037624Z [command]/usr/bin/git log -1 --format='%H'
2023-11-09T15:08:38.0059747Z 'a6629f1b40bf909563ddad82217bfc367da87062'
2023-11-09T15:08:38.0450813Z ##[group]Run actions/setup-python@v4
2023-11-09T15:08:38.0451535Z with:
2023-11-09T15:08:38.0451931Z   python-version: 3.8
2023-11-09T15:08:38.0452312Z   check-latest: false
2023-11-09T15:08:38.0452997Z   token: ***
2023-11-09T15:08:38.0453400Z   update-environment: true
2023-11-09T15:08:38.0453828Z   allow-prereleases: false
2023-11-09T15:08:38.0454270Z ##[endgroup]
2023-11-09T15:08:38.2577267Z ##[group]Installed versions
2023-11-09T15:08:38.2658851Z Successfully set up CPython (3.8.18)
2023-11-09T15:08:38.2660361Z ##[endgroup]
2023-11-09T15:08:38.2821766Z ##[group]Run python -m pip install --upgrade pip wheel
2023-11-09T15:08:38.2822647Z [36;1mpython -m pip install --upgrade pip wheel[0m
2023-11-09T15:08:38.2823876Z [36;1mpython -m pip install --upgrade --upgrade-strategy=eager tox[0m
2023-11-09T15:08:38.2894102Z shell: /usr/bin/bash -e {0}
2023-11-09T15:08:38.2894790Z env:
2023-11-09T15:08:38.2895311Z   pythonLocation: /opt/hostedtoolcache/Python/3.8.18/x64
2023-11-09T15:08:38.2896254Z   PKG_CONFIG_PATH: /opt/hostedtoolcache/Python/3.8.18/x64/lib/pkgconfig
2023-11-09T15:08:38.2897264Z   Python_ROOT_DIR: /opt/hostedtoolcache/Python/3.8.18/x64
2023-11-09T15:08:38.2898079Z   Python2_ROOT_DIR: /opt/hostedtoolcache/Python/3.8.18/x64
2023-11-09T15:08:38.2898930Z   Python3_ROOT_DIR: /opt/hostedtoolcache/Python/3.8.18/x64
2023-11-09T15:08:38.2899856Z   LD_LIBRARY_PATH: /opt/hostedtoolcache/Python/3.8.18/x64/lib
2023-11-09T15:08:38.2900525Z ##[endgroup]
2023-11-09T15:08:39.0016810Z Requirement already satisfied: pip in /opt/hostedtoolcache/Python/3.8.18/x64/lib/python3.8/site-packages (23.0.1)
2023-11-09T15:08:39.1341884Z Collecting pip
2023-11-09T15:08:39.1933896Z   Downloading pip-23.3.1-py3-none-any.whl.metadata (3.5 kB)
2023-11-09T15:08:39.2374802Z Collecting wheel
2023-11-09T15:08:39.2460057Z   Downloading wheel-0.41.3-py3-none-any.whl.metadata (2.2 kB)
2023-11-09T15:08:39.2609509Z Downloading pip-23.3.1-py3-none-any.whl (2.1 MB)
2023-11-09T15:08:39.4197455Z    â”â”â”â”â”â”â”â”â”â”â”â”â”â”â”â”â”â”â”â”â”â”â”â”â”â”â”â”â”â”â”â”â”â”â”â”â”â”â”â” 2.1/2.1 MB 13.7 MB/s eta 0:00:00
2023-11-09T15:08:39.4283052Z Downloading wheel-0.41.3-py3-none-any.whl (65 kB)
2023-11-09T15:08:39.4339332Z    â”â”â”â”â”â”â”â”â”â”â”â”â”â”â”â”â”â”â”â”â”â”â”â”â”â”â”â”â”â”â”â”â”â”â”â”â”â”â”â” 65.8/65.8 kB 18.1 MB/s eta 0:00:00
2023-11-09T15:08:39.4741506Z Installing collected packages: wheel, pip
2023-11-09T15:08:39.5162844Z   Attempting uninstall: pip
2023-11-09T15:08:39.5169733Z     Found existing installation: pip 23.0.1
2023-11-09T15:08:39.5650692Z     Uninstalling pip-23.0.1:
2023-11-09T15:08:39.6300986Z       Successfully uninstalled pip-23.0.1
2023-11-09T15:08:40.6459215Z Successfully installed pip-23.3.1 wheel-0.41.3
2023-11-09T15:08:41.5054980Z Collecting tox
2023-11-09T15:08:41.5661550Z   Downloading tox-4.11.3-py3-none-any.whl.metadata (5.0 kB)
2023-11-09T15:08:41.6251035Z Collecting cachetools>=5.3.1 (from tox)
2023-11-09T15:08:41.6331046Z   Downloading cachetools-5.3.2-py3-none-any.whl.metadata (5.2 kB)
2023-11-09T15:08:41.6545266Z Collecting chardet>=5.2 (from tox)
2023-11-09T15:08:41.6621604Z   Downloading chardet-5.2.0-py3-none-any.whl.metadata (3.4 kB)
2023-11-09T15:08:41.7053170Z Collecting colorama>=0.4.6 (from tox)
2023-11-09T15:08:41.7129323Z   Downloading colorama-0.4.6-py2.py3-none-any.whl (25 kB)
2023-11-09T15:08:41.7506039Z Collecting filelock>=3.12.3 (from tox)
2023-11-09T15:08:41.7582544Z   Downloading filelock-3.13.1-py3-none-any.whl.metadata (2.8 kB)
2023-11-09T15:08:41.7909402Z Collecting packaging>=23.1 (from tox)
2023-11-09T15:08:41.7985155Z   Downloading packaging-23.2-py3-none-any.whl.metadata (3.2 kB)
2023-11-09T15:08:41.8294975Z Collecting platformdirs>=3.10 (from tox)
2023-11-09T15:08:41.8377830Z   Downloading platformdirs-3.11.0-py3-none-any.whl.metadata (11 kB)
2023-11-09T15:08:41.8663623Z Collecting pluggy>=1.3 (from tox)
2023-11-09T15:08:41.8754814Z   Downloading pluggy-1.3.0-py3-none-any.whl.metadata (4.3 kB)
2023-11-09T15:08:41.8990207Z Collecting pyproject-api>=1.6.1 (from tox)
2023-11-09T15:08:41.9071122Z   Downloading pyproject_api-1.6.1-py3-none-any.whl.metadata (2.8 kB)
2023-11-09T15:08:41.9339970Z Collecting tomli>=2.0.1 (from tox)
2023-11-09T15:08:41.9416526Z   Downloading tomli-2.0.1-py3-none-any.whl (12 kB)
2023-11-09T15:08:42.0404750Z Collecting virtualenv>=20.24.3 (from tox)
2023-11-09T15:08:42.0485301Z   Downloading virtualenv-20.24.6-py3-none-any.whl.metadata (4.5 kB)
2023-11-09T15:08:42.1395712Z Collecting distlib<1,>=0.3.7 (from virtualenv>=20.24.3->tox)
2023-11-09T15:08:42.1475742Z   Downloading distlib-0.3.7-py2.py3-none-any.whl.metadata (5.1 kB)
2023-11-09T15:08:42.1713176Z Downloading tox-4.11.3-py3-none-any.whl (153 kB)
2023-11-09T15:08:42.1849342Z    â”â”â”â”â”â”â”â”â”â”â”â”â”â”â”â”â”â”â”â”â”â”â”â”â”â”â”â”â”â”â”â”â”â”â”â”â”â”â”â” 153.8/153.8 kB 14.2 MB/s eta 0:00:00
2023-11-09T15:08:42.1928433Z Downloading cachetools-5.3.2-py3-none-any.whl (9.3 kB)
2023-11-09T15:08:42.2101762Z Downloading chardet-5.2.0-py3-none-any.whl (199 kB)
2023-11-09T15:08:42.2169677Z    â”â”â”â”â”â”â”â”â”â”â”â”â”â”â”â”â”â”â”â”â”â”â”â”â”â”â”â”â”â”â”â”â”â”â”â”â”â”â”â” 199.4/199.4 kB 46.3 MB/s eta 0:00:00
2023-11-09T15:08:42.2249855Z Downloading filelock-3.13.1-py3-none-any.whl (11 kB)
2023-11-09T15:08:42.2464130Z Downloading packaging-23.2-py3-none-any.whl (53 kB)
2023-11-09T15:08:42.2520695Z    â”â”â”â”â”â”â”â”â”â”â”â”â”â”â”â”â”â”â”â”â”â”â”â”â”â”â”â”â”â”â”â”â”â”â”â”â”â”â”â” 53.0/53.0 kB 14.1 MB/s eta 0:00:00
2023-11-09T15:08:42.2601473Z Downloading platformdirs-3.11.0-py3-none-any.whl (17 kB)
2023-11-09T15:08:42.2701631Z Downloading pluggy-1.3.0-py3-none-any.whl (18 kB)
2023-11-09T15:08:42.2801280Z Downloading pyproject_api-1.6.1-py3-none-any.whl (12 kB)
2023-11-09T15:08:42.2903494Z Downloading virtualenv-20.24.6-py3-none-any.whl (3.8 MB)
2023-11-09T15:08:42.3336792Z    â”â”â”â”â”â”â”â”â”â”â”â”â”â”â”â”â”â”â”â”â”â”â”â”â”â”â”â”â”â”â”â”â”â”â”â”â”â”â”â” 3.8/3.8 MB 93.6 MB/s eta 0:00:00
2023-11-09T15:08:42.3421950Z Downloading distlib-0.3.7-py2.py3-none-any.whl (468 kB)
2023-11-09T15:08:42.3508005Z    â”â”â”â”â”â”â”â”â”â”â”â”â”â”â”â”â”â”â”â”â”â”â”â”â”â”â”â”â”â”â”â”â”â”â”â”â”â”â”â” 468.9/468.9 kB 73.7 MB/s eta 0:00:00
2023-11-09T15:08:42.4964021Z Installing collected packages: distlib, tomli, pluggy, platformdirs, packaging, filelock, colorama, chardet, cachetools, virtualenv, pyproject-api, tox
2023-11-09T15:08:43.0454047Z Successfully installed cachetools-5.3.2 chardet-5.2.0 colorama-0.4.6 distlib-0.3.7 filelock-3.13.1 packaging-23.2 platformdirs-3.11.0 pluggy-1.3.0 pyproject-api-1.6.1 tomli-2.0.1 tox-4.11.3 virtualenv-20.24.6
2023-11-09T15:08:43.2177959Z ##[group]Run tox -e typing
2023-11-09T15:08:43.2178531Z [36;1mtox -e typing[0m
2023-11-09T15:08:43.2230812Z shell: /usr/bin/bash -e {0}
2023-11-09T15:08:43.2231326Z env:
2023-11-09T15:08:43.2231957Z   pythonLocation: /opt/hostedtoolcache/Python/3.8.18/x64
2023-11-09T15:08:43.2232757Z   PKG_CONFIG_PATH: /opt/hostedtoolcache/Python/3.8.18/x64/lib/pkgconfig
2023-11-09T15:08:43.2233613Z   Python_ROOT_DIR: /opt/hostedtoolcache/Python/3.8.18/x64
2023-11-09T15:08:43.2234801Z   Python2_ROOT_DIR: /opt/hostedtoolcache/Python/3.8.18/x64
2023-11-09T15:08:43.2235519Z   Python3_ROOT_DIR: /opt/hostedtoolcache/Python/3.8.18/x64
2023-11-09T15:08:43.2236302Z   LD_LIBRARY_PATH: /opt/hostedtoolcache/Python/3.8.18/x64/lib
2023-11-09T15:08:43.2237023Z ##[endgroup]
2023-11-09T15:08:43.7875476Z typing: install_deps> python -I -m pip install mypy pytest pytest-cov pytest-mock types-python-dateutil types-PyYAML types-requests
2023-11-09T15:08:48.2327776Z .pkg: install_requires> python -I -m pip install 'setuptools>=46.4.0' versioningit
2023-11-09T15:08:49.8066763Z .pkg: _optional_hooks> python /opt/hostedtoolcache/Python/3.8.18/x64/lib/python3.8/site-packages/pyproject_api/_backend.py True setuptools.build_meta
2023-11-09T15:08:50.0244127Z .pkg: get_requires_for_build_sdist> python /opt/hostedtoolcache/Python/3.8.18/x64/lib/python3.8/site-packages/pyproject_api/_backend.py True setuptools.build_meta
2023-11-09T15:08:50.1351809Z .pkg: get_requires_for_build_wheel> python /opt/hostedtoolcache/Python/3.8.18/x64/lib/python3.8/site-packages/pyproject_api/_backend.py True setuptools.build_meta
2023-11-09T15:08:50.2010651Z .pkg: install_requires_for_build_wheel> python -I -m pip install wheel
2023-11-09T15:08:50.7568249Z .pkg: freeze> python -m pip freeze --all
2023-11-09T15:08:51.0909622Z .pkg: importlib-metadata==6.8.0,packaging==23.2,pip==23.3.1,setuptools==68.2.2,tomli==2.0.1,versioningit==2.2.1,wheel==0.41.2,zipp==3.17.0
2023-11-09T15:08:51.0917210Z .pkg: prepare_metadata_for_build_wheel> python /opt/hostedtoolcache/Python/3.8.18/x64/lib/python3.8/site-packages/pyproject_api/_backend.py True setuptools.build_meta
2023-11-09T15:08:51.1959798Z .pkg: build_sdist> python /opt/hostedtoolcache/Python/3.8.18/x64/lib/python3.8/site-packages/pyproject_api/_backend.py True setuptools.build_meta
2023-11-09T15:08:51.2799226Z typing: install_package_deps> python -I -m pip install 'PyYAML>=5.0' 'click-loglevel~=0.2' 'click>=7.0' 'in-place~=0.4' 'pydantic~=1.7' 'python-dateutil~=2.7' 'python-dotenv<2.0,>=0.11' 'requests~=2.20'
2023-11-09T15:08:53.4489369Z typing: install_package> python -I -m pip install --force-reinstall --no-deps /home/runner/work/tinuous/tinuous/.tox/.tmp/package/1/tinuous-0.6.1.post42+ga6629f1.tar.gz
2023-11-09T15:08:57.0870750Z typing: freeze> python -m pip freeze --all
2023-11-09T15:08:57.4128791Z typing: certifi==2023.7.22,charset-normalizer==3.3.2,click==8.1.7,click-loglevel==0.5.0,coverage==7.3.2,exceptiongroup==1.1.3,idna==3.4,in-place==0.5.0,iniconfig==2.0.0,mypy==1.6.1,mypy-extensions==1.0.0,packaging==23.2,pip==23.3.1,pluggy==1.3.0,pydantic==1.10.13,pytest==7.4.3,pytest-cov==4.1.0,pytest-mock==3.12.0,python-dateutil==2.8.2,python-dotenv==1.0.0,PyYAML==6.0.1,requests==2.31.0,setuptools==68.2.2,six==1.16.0,tinuous @ file:///home/runner/work/tinuous/tinuous/.tox/.tmp/package/1/tinuous-0.6.1.post42%2Bga6629f1.tar.gz#sha256=d150cb2cd0b8d946324115662a109fe1bd217760e80a2c8ff104e0cdd59e40a4,tomli==2.0.1,types-python-dateutil==2.8.19.14,types-PyYAML==6.0.12.12,types-requests==2.31.0.10,typing_extensions==4.8.0,urllib3==2.0.7,wheel==0.41.2
2023-11-09T15:08:57.4134719Z typing: commands[0]> mypy src test
2023-11-09T15:09:02.3106433Z src/tinuous/travis.py:71: error: Item "None" of "Optional[Response]" has no
2023-11-09T15:09:02.3108523Z attribute "status_code"  [union-attr]
2023-11-09T15:09:02.3109408Z                 if e.response.status_code == 404:
2023-11-09T15:09:02.3110252Z                    ^~~~~~~~~~~~~~~~~~~~~~
2023-11-09T15:09:02.3458961Z src/tinuous/github.py:330: error: Item "None" of "Optional[Response]" has no
2023-11-09T15:09:02.3460624Z attribute "status_code"  [union-attr]
2023-11-09T15:09:02.3461812Z                 if e.response.status_code in (404, 410):
2023-11-09T15:09:02.3462668Z                    ^~~~~~~~~~~~~~~~~~~~~~
2023-11-09T15:09:02.3463806Z src/tinuous/github.py:334: error: Item "None" of "Optional[Response]" has no
2023-11-09T15:09:02.3465318Z attribute "status_code"  [union-attr]
2023-11-09T15:09:02.3466377Z     ...       "Request for logs returned %d; skipping", e.response.status_cod...
2023-11-09T15:09:02.3467619Z                                                         ^~~~~~~~~~~~~~~~~~~~~~
2023-11-09T15:09:03.0320205Z Found 3 errors in 2 files (checked 15 source files)
2023-11-09T15:09:03.0496611Z typing: exit 1 (5.64 seconds) /home/runner/work/tinuous/tinuous> mypy src test pid=1990
2023-11-09T15:09:03.0509908Z .pkg: _exit> python /opt/hostedtoolcache/Python/3.8.18/x64/lib/python3.8/site-packages/pyproject_api/_backend.py True setuptools.build_meta
2023-11-09T15:09:03.0947613Z   typing: FAIL code 1 (19.64=setup[14.01]+cmd[5.64] seconds)
2023-11-09T15:09:03.0948563Z   evaluation failed :( (19.72 seconds)
2023-11-09T15:09:03.1349550Z ##[error]Process completed with exit code 1.
2023-11-09T15:09:03.1464787Z Post job cleanup.
2023-11-09T15:09:03.2301115Z [command]/usr/bin/git version
2023-11-09T15:09:03.2345890Z git version 2.42.0
2023-11-09T15:09:03.2393534Z Temporarily overriding HOME='/home/runner/work/_temp/abd3cd93-89d6-4cef-ae54-3f68c4c2de4e' before making global git config changes
2023-11-09T15:09:03.2396139Z Adding repository directory to the temporary git global config as a safe directory
2023-11-09T15:09:03.2399099Z [command]/usr/bin/git config --global --add safe.directory /home/runner/work/tinuous/tinuous
2023-11-09T15:09:03.2435239Z [command]/usr/bin/git config --local --name-only --get-regexp core\.sshCommand
2023-11-09T15:09:03.2468803Z [command]/usr/bin/git submodule foreach --recursive sh -c "git config --local --name-only --get-regexp 'core\.sshCommand' && git config --local --unset-all 'core.sshCommand' || :"
2023-11-09T15:09:03.2739249Z [command]/usr/bin/git config --local --name-only --get-regexp http\.https\:\/\/github\.com\/\.extraheader
2023-11-09T15:09:03.2761434Z http.https://github.com/.extraheader
2023-11-09T15:09:03.2772968Z [command]/usr/bin/git config --local --unset-all http.https://github.com/.extraheader
2023-11-09T15:09:03.2803333Z [command]/usr/bin/git submodule foreach --recursive sh -c "git config --local --name-only --get-regexp 'http\.https\:\/\/github\.com\/\.extraheader' && git config --local --unset-all 'http.https://github.com/.extraheader' || :"
2023-11-09T15:09:03.3341440Z Cleaning up orphan processes
