2023-11-09T14:05:25.4689797Z Requested labels: ubuntu-latest
2023-11-09T14:05:25.4690080Z Job defined at: con/tinuous/.github/workflows/test.yml@refs/heads/master
2023-11-09T14:05:25.4690169Z Waiting for a runner to pick up this job...
2023-11-09T14:05:26.9143521Z Job is waiting for a hosted runner to come online.
2023-11-09T14:05:30.5106639Z Job is about to start running on the hosted runner: GitHub Actions 11 (hosted)
2023-11-09T14:05:33.2510700Z Current runner version: '2.311.0'
2023-11-09T14:05:33.2535055Z ##[group]Operating System
2023-11-09T14:05:33.2535805Z Ubuntu
2023-11-09T14:05:33.2536106Z 22.04.3
2023-11-09T14:05:33.2536422Z LTS
2023-11-09T14:05:33.2536834Z ##[endgroup]
2023-11-09T14:05:33.2537172Z ##[group]Runner Image
2023-11-09T14:05:33.2537596Z Image: ubuntu-22.04
2023-11-09T14:05:33.2538103Z Version: 20231030.2.0
2023-11-09T14:05:33.2539050Z Included Software: https://github.com/actions/runner-images/blob/ubuntu22/20231030.2/images/linux/Ubuntu2204-Readme.md
2023-11-09T14:05:33.2540481Z Image Release: https://github.com/actions/runner-images/releases/tag/ubuntu22%2F20231030.2
2023-11-09T14:05:33.2541428Z ##[endgroup]
2023-11-09T14:05:33.2541792Z ##[group]Runner Image Provisioner
2023-11-09T14:05:33.2542272Z 2.0.312.1
2023-11-09T14:05:33.2542680Z ##[endgroup]
2023-11-09T14:05:33.2544802Z ##[group]GITHUB_TOKEN Permissions
2023-11-09T14:05:33.2546406Z Actions: write
2023-11-09T14:05:33.2546919Z Checks: write
2023-11-09T14:05:33.2547455Z Contents: write
2023-11-09T14:05:33.2548027Z Deployments: write
2023-11-09T14:05:33.2548432Z Discussions: write
2023-11-09T14:05:33.2548871Z Issues: write
2023-11-09T14:05:33.2549202Z Metadata: read
2023-11-09T14:05:33.2549603Z Packages: write
2023-11-09T14:05:33.2550051Z Pages: write
2023-11-09T14:05:33.2550388Z PullRequests: write
2023-11-09T14:05:33.2550818Z RepositoryProjects: write
2023-11-09T14:05:33.2551326Z SecurityEvents: write
2023-11-09T14:05:33.2551693Z Statuses: write
2023-11-09T14:05:33.2552076Z ##[endgroup]
2023-11-09T14:05:33.2555474Z Secret source: Actions
2023-11-09T14:05:33.2556025Z Prepare workflow directory
2023-11-09T14:05:33.3169194Z Prepare all required actions
2023-11-09T14:05:33.3323921Z Getting action download info
2023-11-09T14:05:33.5582168Z Download action repository 'actions/checkout@v4' (SHA:b4ffde65f46336ab88eb53be808477a3936bae11)
2023-11-09T14:05:33.6688619Z Download action repository 'actions/setup-python@v4' (SHA:65d7f2d534ac1bc67fcd62888c5f4f3d2cb2b236)
2023-11-09T14:05:33.7384064Z Download action repository 'codecov/codecov-action@v3' (SHA:eaaf4bedf32dbdc6b720b63067d99c4d77d6047d)
2023-11-09T14:05:34.2959856Z Complete job name: test (3.8, typing)
2023-11-09T14:05:34.3895254Z ##[group]Run actions/checkout@v4
2023-11-09T14:05:34.3895846Z with:
2023-11-09T14:05:34.3896230Z   fetch-depth: 0
2023-11-09T14:05:34.3896732Z   repository: con/tinuous
2023-11-09T14:05:34.3897384Z   token: ***
2023-11-09T14:05:34.3897761Z   ssh-strict: true
2023-11-09T14:05:34.3898254Z   persist-credentials: true
2023-11-09T14:05:34.3898730Z   clean: true
2023-11-09T14:05:34.3899096Z   sparse-checkout-cone-mode: true
2023-11-09T14:05:34.3899668Z   fetch-tags: false
2023-11-09T14:05:34.3900092Z   show-progress: true
2023-11-09T14:05:34.3900458Z   lfs: false
2023-11-09T14:05:34.3900875Z   submodules: false
2023-11-09T14:05:34.3901299Z   set-safe-directory: true
2023-11-09T14:05:34.3901733Z ##[endgroup]
2023-11-09T14:05:34.5632805Z Syncing repository: con/tinuous
2023-11-09T14:05:34.5635498Z ##[group]Getting Git version info
2023-11-09T14:05:34.5636680Z Working directory is '/home/runner/work/tinuous/tinuous'
2023-11-09T14:05:34.5638307Z [command]/usr/bin/git version
2023-11-09T14:05:34.5639159Z git version 2.42.0
2023-11-09T14:05:34.5641648Z ##[endgroup]
2023-11-09T14:05:34.5656432Z Temporarily overriding HOME='/home/runner/work/_temp/afa77744-adb4-48cd-b8d5-c8012f426359' before making global git config changes
2023-11-09T14:05:34.5658748Z Adding repository directory to the temporary git global config as a safe directory
2023-11-09T14:05:34.5660843Z [command]/usr/bin/git config --global --add safe.directory /home/runner/work/tinuous/tinuous
2023-11-09T14:05:34.5674021Z Deleting the contents of '/home/runner/work/tinuous/tinuous'
2023-11-09T14:05:34.5683101Z ##[group]Initializing the repository
2023-11-09T14:05:34.5685561Z [command]/usr/bin/git init /home/runner/work/tinuous/tinuous
2023-11-09T14:05:34.5795262Z hint: Using 'master' as the name for the initial branch. This default branch name
2023-11-09T14:05:34.5796662Z hint: is subject to change. To configure the initial branch name to use in all
2023-11-09T14:05:34.5797689Z hint: of your new repositories, which will suppress this warning, call:
2023-11-09T14:05:34.5798507Z hint: 
2023-11-09T14:05:34.5799010Z hint: 	git config --global init.defaultBranch <name>
2023-11-09T14:05:34.5799614Z hint: 
2023-11-09T14:05:34.5800320Z hint: Names commonly chosen instead of 'master' are 'main', 'trunk' and
2023-11-09T14:05:34.5801344Z hint: 'development'. The just-created branch can be renamed via this command:
2023-11-09T14:05:34.5802095Z hint: 
2023-11-09T14:05:34.5802590Z hint: 	git branch -m <name>
2023-11-09T14:05:34.5804159Z Initialized empty Git repository in /home/runner/work/tinuous/tinuous/.git/
2023-11-09T14:05:34.5813159Z [command]/usr/bin/git remote add origin https://github.com/con/tinuous
2023-11-09T14:05:34.5847805Z ##[endgroup]
2023-11-09T14:05:34.5848575Z ##[group]Disabling automatic garbage collection
2023-11-09T14:05:34.5850380Z [command]/usr/bin/git config --local gc.auto 0
2023-11-09T14:05:34.5879041Z ##[endgroup]
2023-11-09T14:05:34.5879833Z ##[group]Setting up auth
2023-11-09T14:05:34.5884218Z [command]/usr/bin/git config --local --name-only --get-regexp core\.sshCommand
2023-11-09T14:05:34.5913079Z [command]/usr/bin/git submodule foreach --recursive sh -c "git config --local --name-only --get-regexp 'core\.sshCommand' && git config --local --unset-all 'core.sshCommand' || :"
2023-11-09T14:05:34.6210379Z [command]/usr/bin/git config --local --name-only --get-regexp http\.https\:\/\/github\.com\/\.extraheader
2023-11-09T14:05:34.6237731Z [command]/usr/bin/git submodule foreach --recursive sh -c "git config --local --name-only --get-regexp 'http\.https\:\/\/github\.com\/\.extraheader' && git config --local --unset-all 'http.https://github.com/.extraheader' || :"
2023-11-09T14:05:34.6468100Z [command]/usr/bin/git config --local http.https://github.com/.extraheader AUTHORIZATION: basic ***
2023-11-09T14:05:34.6502482Z ##[endgroup]
2023-11-09T14:05:34.6503764Z ##[group]Fetching the repository
2023-11-09T14:05:34.6512440Z [command]/usr/bin/git -c protocol.version=2 fetch --prune --no-recurse-submodules origin +refs/heads/*:refs/remotes/origin/* +refs/tags/*:refs/tags/*
2023-11-09T14:05:35.2269398Z From https://github.com/con/tinuous
2023-11-09T14:05:35.2270861Z  * [new branch]      gh-55           -> origin/gh-55
2023-11-09T14:05:35.2271993Z  * [new branch]      master          -> origin/master
2023-11-09T14:05:35.2273436Z  * [new branch]      no-extra-search -> origin/no-extra-search
2023-11-09T14:05:35.2275266Z  * [new branch]      test-appveyor   -> origin/test-appveyor
2023-11-09T14:05:35.2276762Z  * [new tag]         0.1.0           -> 0.1.0
2023-11-09T14:05:35.2278063Z  * [new tag]         0.2.0           -> 0.2.0
2023-11-09T14:05:35.2279504Z  * [new tag]         0.3.0           -> 0.3.0
2023-11-09T14:05:35.2281076Z  * [new tag]         0.4.0           -> 0.4.0
2023-11-09T14:05:35.2282523Z  * [new tag]         0.5.0           -> 0.5.0
2023-11-09T14:05:35.2284853Z  * [new tag]         0.5.1           -> 0.5.1
2023-11-09T14:05:35.2286112Z  * [new tag]         0.5.2           -> 0.5.2
2023-11-09T14:05:35.2287383Z  * [new tag]         0.5.3           -> 0.5.3
2023-11-09T14:05:35.2288846Z  * [new tag]         0.5.4           -> 0.5.4
2023-11-09T14:05:35.2290087Z  * [new tag]         0.6.0           -> 0.6.0
2023-11-09T14:05:35.2291348Z  * [new tag]         0.6.1           -> 0.6.1
2023-11-09T14:05:35.2324160Z [command]/usr/bin/git branch --list --remote origin/master
2023-11-09T14:05:35.2348707Z   origin/master
2023-11-09T14:05:35.2361086Z [command]/usr/bin/git rev-parse refs/remotes/origin/master
2023-11-09T14:05:35.2388712Z e0ad333d939ebc7bdd0131684b3bb9606b6c2435
2023-11-09T14:05:35.2394518Z ##[endgroup]
2023-11-09T14:05:35.2395793Z ##[group]Determining the checkout info
2023-11-09T14:05:35.2396823Z ##[endgroup]
2023-11-09T14:05:35.2397550Z ##[group]Checking out the ref
2023-11-09T14:05:35.2399925Z [command]/usr/bin/git checkout --progress --force -B master refs/remotes/origin/master
2023-11-09T14:05:35.2466343Z Reset branch 'master'
2023-11-09T14:05:35.2467784Z branch 'master' set up to track 'origin/master'.
2023-11-09T14:05:35.2473938Z ##[endgroup]
2023-11-09T14:05:35.2508413Z [command]/usr/bin/git log -1 --format='%H'
2023-11-09T14:05:35.2531181Z 'e0ad333d939ebc7bdd0131684b3bb9606b6c2435'
2023-11-09T14:05:35.2873764Z ##[group]Run actions/setup-python@v4
2023-11-09T14:05:35.2874753Z with:
2023-11-09T14:05:35.2875158Z   python-version: 3.8
2023-11-09T14:05:35.2875634Z   check-latest: false
2023-11-09T14:05:35.2876362Z   token: ***
2023-11-09T14:05:35.2876812Z   update-environment: true
2023-11-09T14:05:35.2877285Z   allow-prereleases: false
2023-11-09T14:05:35.2877853Z ##[endgroup]
2023-11-09T14:05:35.5035412Z ##[group]Installed versions
2023-11-09T14:05:35.5112484Z Successfully set up CPython (3.8.18)
2023-11-09T14:05:35.5114616Z ##[endgroup]
2023-11-09T14:05:35.5268145Z ##[group]Run python -m pip install --upgrade pip wheel
2023-11-09T14:05:35.5269066Z [36;1mpython -m pip install --upgrade pip wheel[0m
2023-11-09T14:05:35.5270149Z [36;1mpython -m pip install --upgrade --upgrade-strategy=eager tox[0m
2023-11-09T14:05:35.5332498Z shell: /usr/bin/bash -e {0}
2023-11-09T14:05:35.5333052Z env:
2023-11-09T14:05:35.5333540Z   pythonLocation: /opt/hostedtoolcache/Python/3.8.18/x64
2023-11-09T14:05:35.5334565Z   PKG_CONFIG_PATH: /opt/hostedtoolcache/Python/3.8.18/x64/lib/pkgconfig
2023-11-09T14:05:35.5335525Z   Python_ROOT_DIR: /opt/hostedtoolcache/Python/3.8.18/x64
2023-11-09T14:05:35.5336308Z   Python2_ROOT_DIR: /opt/hostedtoolcache/Python/3.8.18/x64
2023-11-09T14:05:35.5337243Z   Python3_ROOT_DIR: /opt/hostedtoolcache/Python/3.8.18/x64
2023-11-09T14:05:35.5338085Z   LD_LIBRARY_PATH: /opt/hostedtoolcache/Python/3.8.18/x64/lib
2023-11-09T14:05:35.5338779Z ##[endgroup]
2023-11-09T14:05:36.2166645Z Requirement already satisfied: pip in /opt/hostedtoolcache/Python/3.8.18/x64/lib/python3.8/site-packages (23.0.1)
2023-11-09T14:05:36.3382846Z Collecting pip
2023-11-09T14:05:36.3882029Z   Downloading pip-23.3.1-py3-none-any.whl.metadata (3.5 kB)
2023-11-09T14:05:36.4325112Z Collecting wheel
2023-11-09T14:05:36.4368685Z   Downloading wheel-0.41.3-py3-none-any.whl.metadata (2.2 kB)
2023-11-09T14:05:36.4478557Z Downloading pip-23.3.1-py3-none-any.whl (2.1 MB)
2023-11-09T14:05:36.4934821Z    â”â”â”â”â”â”â”â”â”â”â”â”â”â”â”â”â”â”â”â”â”â”â”â”â”â”â”â”â”â”â”â”â”â”â”â”â”â”â”â” 2.1/2.1 MB 48.9 MB/s eta 0:00:00
2023-11-09T14:05:36.4975899Z Downloading wheel-0.41.3-py3-none-any.whl (65 kB)
2023-11-09T14:05:36.5025304Z    â”â”â”â”â”â”â”â”â”â”â”â”â”â”â”â”â”â”â”â”â”â”â”â”â”â”â”â”â”â”â”â”â”â”â”â”â”â”â”â” 65.8/65.8 kB 20.4 MB/s eta 0:00:00
2023-11-09T14:05:36.5410319Z Installing collected packages: wheel, pip
2023-11-09T14:05:36.5807297Z   Attempting uninstall: pip
2023-11-09T14:05:36.5813541Z     Found existing installation: pip 23.0.1
2023-11-09T14:05:36.6712579Z     Uninstalling pip-23.0.1:
2023-11-09T14:05:36.7242499Z       Successfully uninstalled pip-23.0.1
2023-11-09T14:05:37.6497628Z Successfully installed pip-23.3.1 wheel-0.41.3
2023-11-09T14:05:38.3916273Z Collecting tox
2023-11-09T14:05:38.4395874Z   Downloading tox-4.11.3-py3-none-any.whl.metadata (5.0 kB)
2023-11-09T14:05:38.4942802Z Collecting cachetools>=5.3.1 (from tox)
2023-11-09T14:05:38.4988737Z   Downloading cachetools-5.3.2-py3-none-any.whl.metadata (5.2 kB)
2023-11-09T14:05:38.5168722Z Collecting chardet>=5.2 (from tox)
2023-11-09T14:05:38.5208326Z   Downloading chardet-5.2.0-py3-none-any.whl.metadata (3.4 kB)
2023-11-09T14:05:38.5468045Z Collecting colorama>=0.4.6 (from tox)
2023-11-09T14:05:38.5507163Z   Downloading colorama-0.4.6-py2.py3-none-any.whl (25 kB)
2023-11-09T14:05:38.5867196Z Collecting filelock>=3.12.3 (from tox)
2023-11-09T14:05:38.5907041Z   Downloading filelock-3.13.1-py3-none-any.whl.metadata (2.8 kB)
2023-11-09T14:05:38.6197685Z Collecting packaging>=23.1 (from tox)
2023-11-09T14:05:38.6238838Z   Downloading packaging-23.2-py3-none-any.whl.metadata (3.2 kB)
2023-11-09T14:05:38.6527087Z Collecting platformdirs>=3.10 (from tox)
2023-11-09T14:05:38.6566803Z   Downloading platformdirs-3.11.0-py3-none-any.whl.metadata (11 kB)
2023-11-09T14:05:38.6839478Z Collecting pluggy>=1.3 (from tox)
2023-11-09T14:05:38.6880076Z   Downloading pluggy-1.3.0-py3-none-any.whl.metadata (4.3 kB)
2023-11-09T14:05:38.7089821Z Collecting pyproject-api>=1.6.1 (from tox)
2023-11-09T14:05:38.7155647Z   Downloading pyproject_api-1.6.1-py3-none-any.whl.metadata (2.8 kB)
2023-11-09T14:05:38.7370734Z Collecting tomli>=2.0.1 (from tox)
2023-11-09T14:05:38.7410844Z   Downloading tomli-2.0.1-py3-none-any.whl (12 kB)
2023-11-09T14:05:38.8346535Z Collecting virtualenv>=20.24.3 (from tox)
2023-11-09T14:05:38.8387827Z   Downloading virtualenv-20.24.6-py3-none-any.whl.metadata (4.5 kB)
2023-11-09T14:05:38.9187765Z Collecting distlib<1,>=0.3.7 (from virtualenv>=20.24.3->tox)
2023-11-09T14:05:38.9239881Z   Downloading distlib-0.3.7-py2.py3-none-any.whl.metadata (5.1 kB)
2023-11-09T14:05:38.9468902Z Downloading tox-4.11.3-py3-none-any.whl (153 kB)
2023-11-09T14:05:38.9538644Z    â”â”â”â”â”â”â”â”â”â”â”â”â”â”â”â”â”â”â”â”â”â”â”â”â”â”â”â”â”â”â”â”â”â”â”â”â”â”â”â” 153.8/153.8 kB 32.8 MB/s eta 0:00:00
2023-11-09T14:05:38.9586270Z Downloading cachetools-5.3.2-py3-none-any.whl (9.3 kB)
2023-11-09T14:05:38.9665525Z Downloading chardet-5.2.0-py3-none-any.whl (199 kB)
2023-11-09T14:05:38.9725839Z    â”â”â”â”â”â”â”â”â”â”â”â”â”â”â”â”â”â”â”â”â”â”â”â”â”â”â”â”â”â”â”â”â”â”â”â”â”â”â”â” 199.4/199.4 kB 49.7 MB/s eta 0:00:00
2023-11-09T14:05:38.9763619Z Downloading filelock-3.13.1-py3-none-any.whl (11 kB)
2023-11-09T14:05:38.9837558Z Downloading packaging-23.2-py3-none-any.whl (53 kB)
2023-11-09T14:05:38.9882878Z    â”â”â”â”â”â”â”â”â”â”â”â”â”â”â”â”â”â”â”â”â”â”â”â”â”â”â”â”â”â”â”â”â”â”â”â”â”â”â”â” 53.0/53.0 kB 17.2 MB/s eta 0:00:00
2023-11-09T14:05:38.9922312Z Downloading platformdirs-3.11.0-py3-none-any.whl (17 kB)
2023-11-09T14:05:38.9982135Z Downloading pluggy-1.3.0-py3-none-any.whl (18 kB)
2023-11-09T14:05:39.0058006Z Downloading pyproject_api-1.6.1-py3-none-any.whl (12 kB)
2023-11-09T14:05:39.0118188Z Downloading virtualenv-20.24.6-py3-none-any.whl (3.8 MB)
2023-11-09T14:05:39.0475807Z    â”â”â”â”â”â”â”â”â”â”â”â”â”â”â”â”â”â”â”â”â”â”â”â”â”â”â”â”â”â”â”â”â”â”â”â”â”â”â”â” 3.8/3.8 MB 111.9 MB/s eta 0:00:00
2023-11-09T14:05:39.0520659Z Downloading distlib-0.3.7-py2.py3-none-any.whl (468 kB)
2023-11-09T14:05:39.0603190Z    â”â”â”â”â”â”â”â”â”â”â”â”â”â”â”â”â”â”â”â”â”â”â”â”â”â”â”â”â”â”â”â”â”â”â”â”â”â”â”â” 468.9/468.9 kB 73.9 MB/s eta 0:00:00
2023-11-09T14:05:39.1895703Z Installing collected packages: distlib, tomli, pluggy, platformdirs, packaging, filelock, colorama, chardet, cachetools, virtualenv, pyproject-api, tox
2023-11-09T14:05:39.7206730Z Successfully installed cachetools-5.3.2 chardet-5.2.0 colorama-0.4.6 distlib-0.3.7 filelock-3.13.1 packaging-23.2 platformdirs-3.11.0 pluggy-1.3.0 pyproject-api-1.6.1 tomli-2.0.1 tox-4.11.3 virtualenv-20.24.6
2023-11-09T14:05:39.8371422Z ##[group]Run tox -e typing
2023-11-09T14:05:39.8371860Z [36;1mtox -e typing[0m
2023-11-09T14:05:39.8416586Z shell: /usr/bin/bash -e {0}
2023-11-09T14:05:39.8416967Z env:
2023-11-09T14:05:39.8417467Z   pythonLocation: /opt/hostedtoolcache/Python/3.8.18/x64
2023-11-09T14:05:39.8418096Z   PKG_CONFIG_PATH: /opt/hostedtoolcache/Python/3.8.18/x64/lib/pkgconfig
2023-11-09T14:05:39.8418717Z   Python_ROOT_DIR: /opt/hostedtoolcache/Python/3.8.18/x64
2023-11-09T14:05:39.8419373Z   Python2_ROOT_DIR: /opt/hostedtoolcache/Python/3.8.18/x64
2023-11-09T14:05:39.8419908Z   Python3_ROOT_DIR: /opt/hostedtoolcache/Python/3.8.18/x64
2023-11-09T14:05:39.8420471Z   LD_LIBRARY_PATH: /opt/hostedtoolcache/Python/3.8.18/x64/lib
2023-11-09T14:05:39.8421001Z ##[endgroup]
2023-11-09T14:05:40.7916556Z typing: install_deps> python -I -m pip install mypy pytest pytest-cov pytest-mock types-python-dateutil types-PyYAML types-requests
2023-11-09T14:05:44.7387148Z .pkg: install_requires> python -I -m pip install 'setuptools>=46.4.0' versioningit
2023-11-09T14:05:46.1635137Z .pkg: _optional_hooks> python /opt/hostedtoolcache/Python/3.8.18/x64/lib/python3.8/site-packages/pyproject_api/_backend.py True setuptools.build_meta
2023-11-09T14:05:46.4106168Z .pkg: get_requires_for_build_sdist> python /opt/hostedtoolcache/Python/3.8.18/x64/lib/python3.8/site-packages/pyproject_api/_backend.py True setuptools.build_meta
2023-11-09T14:05:46.5142236Z .pkg: get_requires_for_build_wheel> python /opt/hostedtoolcache/Python/3.8.18/x64/lib/python3.8/site-packages/pyproject_api/_backend.py True setuptools.build_meta
2023-11-09T14:05:46.5753179Z .pkg: install_requires_for_build_wheel> python -I -m pip install wheel
2023-11-09T14:05:47.0907959Z .pkg: freeze> python -m pip freeze --all
2023-11-09T14:05:47.3884966Z .pkg: importlib-metadata==6.8.0,packaging==23.2,pip==23.3.1,setuptools==68.2.2,tomli==2.0.1,versioningit==2.2.1,wheel==0.41.2,zipp==3.17.0
2023-11-09T14:05:47.3889507Z .pkg: prepare_metadata_for_build_wheel> python /opt/hostedtoolcache/Python/3.8.18/x64/lib/python3.8/site-packages/pyproject_api/_backend.py True setuptools.build_meta
2023-11-09T14:05:47.5756160Z .pkg: build_sdist> python /opt/hostedtoolcache/Python/3.8.18/x64/lib/python3.8/site-packages/pyproject_api/_backend.py True setuptools.build_meta
2023-11-09T14:05:47.6583573Z typing: install_package_deps> python -I -m pip install 'PyYAML>=5.0' 'click-loglevel~=0.2' 'click>=7.0' 'in-place~=0.4' 'pydantic~=1.7' 'python-dateutil~=2.7' 'python-dotenv<2.0,>=0.11' 'requests~=2.20'
2023-11-09T14:05:49.5730631Z typing: install_package> python -I -m pip install --force-reinstall --no-deps /home/runner/work/tinuous/tinuous/.tox/.tmp/package/1/tinuous-0.6.1.post40+ge0ad333.tar.gz
2023-11-09T14:05:53.0976254Z typing: freeze> python -m pip freeze --all
2023-11-09T14:05:53.4099388Z typing: certifi==2023.7.22,charset-normalizer==3.3.2,click==8.1.7,click-loglevel==0.5.0,coverage==7.3.2,exceptiongroup==1.1.3,idna==3.4,in-place==0.5.0,iniconfig==2.0.0,mypy==1.6.1,mypy-extensions==1.0.0,packaging==23.2,pip==23.3.1,pluggy==1.3.0,pydantic==1.10.13,pytest==7.4.3,pytest-cov==4.1.0,pytest-mock==3.12.0,python-dateutil==2.8.2,python-dotenv==1.0.0,PyYAML==6.0.1,requests==2.31.0,setuptools==68.2.2,six==1.16.0,tinuous @ file:///home/runner/work/tinuous/tinuous/.tox/.tmp/package/1/tinuous-0.6.1.post40%2Bge0ad333.tar.gz#sha256=007af45df6baf99f3f69567a31b142044120ff42342d638a44676b35e7354d2f,tomli==2.0.1,types-python-dateutil==2.8.19.14,types-PyYAML==6.0.12.12,types-requests==2.31.0.10,typing_extensions==4.8.0,urllib3==2.0.7,wheel==0.41.2
2023-11-09T14:05:53.4105426Z typing: commands[0]> mypy src test
2023-11-09T14:05:58.1591885Z src/tinuous/travis.py:71: error: Item "None" of "Optional[Response]" has no
2023-11-09T14:05:58.1593357Z attribute "status_code"  [union-attr]
2023-11-09T14:05:58.1594526Z                 if e.response.status_code == 404:
2023-11-09T14:05:58.1595663Z                    ^~~~~~~~~~~~~~~~~~~~~~
2023-11-09T14:05:58.1925228Z src/tinuous/github.py:330: error: Item "None" of "Optional[Response]" has no
2023-11-09T14:05:58.1926565Z attribute "status_code"  [union-attr]
2023-11-09T14:05:58.1927368Z                 if e.response.status_code in (404, 410):
2023-11-09T14:05:58.1927969Z                    ^~~~~~~~~~~~~~~~~~~~~~
2023-11-09T14:05:58.1928671Z src/tinuous/github.py:334: error: Item "None" of "Optional[Response]" has no
2023-11-09T14:05:58.1929604Z attribute "status_code"  [union-attr]
2023-11-09T14:05:58.1930334Z     ...       "Request for logs returned %d; skipping", e.response.status_cod...
2023-11-09T14:05:58.1931041Z                                                         ^~~~~~~~~~~~~~~~~~~~~~
2023-11-09T14:05:58.8226627Z Found 3 errors in 2 files (checked 15 source files)
2023-11-09T14:05:58.8363890Z typing: exit 1 (5.43 seconds) /home/runner/work/tinuous/tinuous> mypy src test pid=2006
2023-11-09T14:05:58.8374259Z .pkg: _exit> python /opt/hostedtoolcache/Python/3.8.18/x64/lib/python3.8/site-packages/pyproject_api/_backend.py True setuptools.build_meta
2023-11-09T14:05:58.8644067Z   typing: FAIL code 1 (18.36=setup[12.93]+cmd[5.43] seconds)
2023-11-09T14:05:58.8645066Z   evaluation failed :( (18.60 seconds)
2023-11-09T14:05:58.8896038Z ##[error]Process completed with exit code 1.
2023-11-09T14:05:58.8997028Z Post job cleanup.
2023-11-09T14:05:58.9728856Z [command]/usr/bin/git version
2023-11-09T14:05:58.9769033Z git version 2.42.0
2023-11-09T14:05:58.9811603Z Temporarily overriding HOME='/home/runner/work/_temp/3e59cf96-4935-4185-9827-a047914adb15' before making global git config changes
2023-11-09T14:05:58.9813838Z Adding repository directory to the temporary git global config as a safe directory
2023-11-09T14:05:58.9817061Z [command]/usr/bin/git config --global --add safe.directory /home/runner/work/tinuous/tinuous
2023-11-09T14:05:58.9851561Z [command]/usr/bin/git config --local --name-only --get-regexp core\.sshCommand
2023-11-09T14:05:58.9883986Z [command]/usr/bin/git submodule foreach --recursive sh -c "git config --local --name-only --get-regexp 'core\.sshCommand' && git config --local --unset-all 'core.sshCommand' || :"
2023-11-09T14:05:59.0128281Z [command]/usr/bin/git config --local --name-only --get-regexp http\.https\:\/\/github\.com\/\.extraheader
2023-11-09T14:05:59.0148526Z http.https://github.com/.extraheader
2023-11-09T14:05:59.0160174Z [command]/usr/bin/git config --local --unset-all http.https://github.com/.extraheader
2023-11-09T14:05:59.0189925Z [command]/usr/bin/git submodule foreach --recursive sh -c "git config --local --name-only --get-regexp 'http\.https\:\/\/github\.com\/\.extraheader' && git config --local --unset-all 'http.https://github.com/.extraheader' || :"
2023-11-09T14:05:59.0704862Z Cleaning up orphan processes
