2023-11-09T14:05:39.8371405Z ##[group]Run tox -e typing
2023-11-09T14:05:39.8371855Z [36;1mtox -e typing[0m
2023-11-09T14:05:39.8416578Z shell: /usr/bin/bash -e {0}
2023-11-09T14:05:39.8416963Z env:
2023-11-09T14:05:39.8417464Z   pythonLocation: /opt/hostedtoolcache/Python/3.8.18/x64
2023-11-09T14:05:39.8418092Z   PKG_CONFIG_PATH: /opt/hostedtoolcache/Python/3.8.18/x64/lib/pkgconfig
2023-11-09T14:05:39.8418714Z   Python_ROOT_DIR: /opt/hostedtoolcache/Python/3.8.18/x64
2023-11-09T14:05:39.8419370Z   Python2_ROOT_DIR: /opt/hostedtoolcache/Python/3.8.18/x64
2023-11-09T14:05:39.8419906Z   Python3_ROOT_DIR: /opt/hostedtoolcache/Python/3.8.18/x64
2023-11-09T14:05:39.8420468Z   LD_LIBRARY_PATH: /opt/hostedtoolcache/Python/3.8.18/x64/lib
2023-11-09T14:05:39.8420998Z ##[endgroup]
2023-11-09T14:05:40.7916521Z typing: install_deps> python -I -m pip install mypy pytest pytest-cov pytest-mock types-python-dateutil types-PyYAML types-requests
2023-11-09T14:05:44.7386918Z .pkg: install_requires> python -I -m pip install 'setuptools>=46.4.0' versioningit
2023-11-09T14:05:46.1635098Z .pkg: _optional_hooks> python /opt/hostedtoolcache/Python/3.8.18/x64/lib/python3.8/site-packages/pyproject_api/_backend.py True setuptools.build_meta
2023-11-09T14:05:46.4106133Z .pkg: get_requires_for_build_sdist> python /opt/hostedtoolcache/Python/3.8.18/x64/lib/python3.8/site-packages/pyproject_api/_backend.py True setuptools.build_meta
2023-11-09T14:05:46.5142198Z .pkg: get_requires_for_build_wheel> python /opt/hostedtoolcache/Python/3.8.18/x64/lib/python3.8/site-packages/pyproject_api/_backend.py True setuptools.build_meta
2023-11-09T14:05:46.5753159Z .pkg: install_requires_for_build_wheel> python -I -m pip install wheel
2023-11-09T14:05:47.0907921Z .pkg: freeze> python -m pip freeze --all
2023-11-09T14:05:47.3884919Z .pkg: importlib-metadata==6.8.0,packaging==23.2,pip==23.3.1,setuptools==68.2.2,tomli==2.0.1,versioningit==2.2.1,wheel==0.41.2,zipp==3.17.0
2023-11-09T14:05:47.3889466Z .pkg: prepare_metadata_for_build_wheel> python /opt/hostedtoolcache/Python/3.8.18/x64/lib/python3.8/site-packages/pyproject_api/_backend.py True setuptools.build_meta
2023-11-09T14:05:47.5756129Z .pkg: build_sdist> python /opt/hostedtoolcache/Python/3.8.18/x64/lib/python3.8/site-packages/pyproject_api/_backend.py True setuptools.build_meta
2023-11-09T14:05:47.6583302Z typing: install_package_deps> python -I -m pip install 'PyYAML>=5.0' 'click-loglevel~=0.2' 'click>=7.0' 'in-place~=0.4' 'pydantic~=1.7' 'python-dateutil~=2.7' 'python-dotenv<2.0,>=0.11' 'requests~=2.20'
2023-11-09T14:05:49.5730593Z typing: install_package> python -I -m pip install --force-reinstall --no-deps /home/runner/work/tinuous/tinuous/.tox/.tmp/package/1/tinuous-0.6.1.post40+ge0ad333.tar.gz
2023-11-09T14:05:53.0976217Z typing: freeze> python -m pip freeze --all
2023-11-09T14:05:53.4099314Z typing: certifi==2023.7.22,charset-normalizer==3.3.2,click==8.1.7,click-loglevel==0.5.0,coverage==7.3.2,exceptiongroup==1.1.3,idna==3.4,in-place==0.5.0,iniconfig==2.0.0,mypy==1.6.1,mypy-extensions==1.0.0,packaging==23.2,pip==23.3.1,pluggy==1.3.0,pydantic==1.10.13,pytest==7.4.3,pytest-cov==4.1.0,pytest-mock==3.12.0,python-dateutil==2.8.2,python-dotenv==1.0.0,PyYAML==6.0.1,requests==2.31.0,setuptools==68.2.2,six==1.16.0,tinuous @ file:///home/runner/work/tinuous/tinuous/.tox/.tmp/package/1/tinuous-0.6.1.post40%2Bge0ad333.tar.gz#sha256=007af45df6baf99f3f69567a31b142044120ff42342d638a44676b35e7354d2f,tomli==2.0.1,types-python-dateutil==2.8.19.14,types-PyYAML==6.0.12.12,types-requests==2.31.0.10,typing_extensions==4.8.0,urllib3==2.0.7,wheel==0.41.2
2023-11-09T14:05:53.4105411Z typing: commands[0]> mypy src test
2023-11-09T14:05:58.1591841Z src/tinuous/travis.py:71: error: Item "None" of "Optional[Response]" has no
2023-11-09T14:05:58.1593350Z attribute "status_code"  [union-attr]
2023-11-09T14:05:58.1594518Z                 if e.response.status_code == 404:
2023-11-09T14:05:58.1595656Z                    ^~~~~~~~~~~~~~~~~~~~~~
2023-11-09T14:05:58.1924631Z src/tinuous/github.py:330: error: Item "None" of "Optional[Response]" has no
2023-11-09T14:05:58.1926556Z attribute "status_code"  [union-attr]
2023-11-09T14:05:58.1927364Z                 if e.response.status_code in (404, 410):
2023-11-09T14:05:58.1927965Z                    ^~~~~~~~~~~~~~~~~~~~~~
2023-11-09T14:05:58.1928668Z src/tinuous/github.py:334: error: Item "None" of "Optional[Response]" has no
2023-11-09T14:05:58.1929600Z attribute "status_code"  [union-attr]
2023-11-09T14:05:58.1930330Z     ...       "Request for logs returned %d; skipping", e.response.status_cod...
2023-11-09T14:05:58.1931037Z                                                         ^~~~~~~~~~~~~~~~~~~~~~
2023-11-09T14:05:58.8226587Z Found 3 errors in 2 files (checked 15 source files)
2023-11-09T14:05:58.8363870Z typing: exit 1 (5.43 seconds) /home/runner/work/tinuous/tinuous> mypy src test pid=2006
2023-11-09T14:05:58.8374242Z .pkg: _exit> python /opt/hostedtoolcache/Python/3.8.18/x64/lib/python3.8/site-packages/pyproject_api/_backend.py True setuptools.build_meta
2023-11-09T14:05:58.8644020Z   typing: FAIL code 1 (18.36=setup[12.93]+cmd[5.43] seconds)
2023-11-09T14:05:58.8645059Z   evaluation failed :( (18.60 seconds)
2023-11-09T14:05:58.8896019Z ##[error]Process completed with exit code 1.
