2023-11-09T15:10:14.5293364Z Requested labels: ubuntu-latest
2023-11-09T15:10:14.5293795Z Job defined at: con/tinuous/.github/workflows/test.yml@refs/heads/pypy
2023-11-09T15:10:14.5293965Z Waiting for a runner to pick up this job...
2023-11-09T15:10:14.8692356Z Job is waiting for a hosted runner to come online.
2023-11-09T15:10:18.4452681Z Job is about to start running on the hosted runner: GitHub Actions 12 (hosted)
2023-11-09T15:10:22.2500038Z Current runner version: '2.311.0'
2023-11-09T15:10:22.2530077Z ##[group]Operating System
2023-11-09T15:10:22.2530954Z Ubuntu
2023-11-09T15:10:22.2531506Z 22.04.3
2023-11-09T15:10:22.2531969Z LTS
2023-11-09T15:10:22.2532446Z ##[endgroup]
2023-11-09T15:10:22.2532990Z ##[group]Runner Image
2023-11-09T15:10:22.2533585Z Image: ubuntu-22.04
2023-11-09T15:10:22.2534157Z Version: 20231030.2.0
2023-11-09T15:10:22.2535540Z Included Software: https://github.com/actions/runner-images/blob/ubuntu22/20231030.2/images/linux/Ubuntu2204-Readme.md
2023-11-09T15:10:22.2537541Z Image Release: https://github.com/actions/runner-images/releases/tag/ubuntu22%2F20231030.2
2023-11-09T15:10:22.2538777Z ##[endgroup]
2023-11-09T15:10:22.2539355Z ##[group]Runner Image Provisioner
2023-11-09T15:10:22.2540023Z 2.0.312.1
2023-11-09T15:10:22.2540537Z ##[endgroup]
2023-11-09T15:10:22.2543559Z ##[group]GITHUB_TOKEN Permissions
2023-11-09T15:10:22.2546151Z Actions: write
2023-11-09T15:10:22.2546845Z Checks: write
2023-11-09T15:10:22.2547590Z Contents: write
2023-11-09T15:10:22.2548321Z Deployments: write
2023-11-09T15:10:22.2548864Z Discussions: write
2023-11-09T15:10:22.2549436Z Issues: write
2023-11-09T15:10:22.2549956Z Metadata: read
2023-11-09T15:10:22.2550503Z Packages: write
2023-11-09T15:10:22.2551027Z Pages: write
2023-11-09T15:10:22.2551567Z PullRequests: write
2023-11-09T15:10:22.2552180Z RepositoryProjects: write
2023-11-09T15:10:22.2552833Z SecurityEvents: write
2023-11-09T15:10:22.2553423Z Statuses: write
2023-11-09T15:10:22.2553969Z ##[endgroup]
2023-11-09T15:10:22.2557819Z Secret source: Actions
2023-11-09T15:10:22.2558954Z Prepare workflow directory
2023-11-09T15:10:22.3313089Z Prepare all required actions
2023-11-09T15:10:22.3504681Z Getting action download info
2023-11-09T15:10:22.5898186Z Download action repository 'actions/checkout@v4' (SHA:b4ffde65f46336ab88eb53be808477a3936bae11)
2023-11-09T15:10:22.7194452Z Download action repository 'actions/setup-python@v4' (SHA:65d7f2d534ac1bc67fcd62888c5f4f3d2cb2b236)
2023-11-09T15:10:22.8058834Z Download action repository 'codecov/codecov-action@v3' (SHA:eaaf4bedf32dbdc6b720b63067d99c4d77d6047d)
2023-11-09T15:10:23.4883197Z Complete job name: test (3.8, typing)
2023-11-09T15:10:23.6113339Z ##[group]Run actions/checkout@v4
2023-11-09T15:10:23.6113945Z with:
2023-11-09T15:10:23.6114304Z   fetch-depth: 0
2023-11-09T15:10:23.6114733Z   repository: con/tinuous
2023-11-09T15:10:23.6115480Z   token: ***
2023-11-09T15:10:23.6115875Z   ssh-strict: true
2023-11-09T15:10:23.6116324Z   persist-credentials: true
2023-11-09T15:10:23.6116795Z   clean: true
2023-11-09T15:10:23.6117228Z   sparse-checkout-cone-mode: true
2023-11-09T15:10:23.6117773Z   fetch-tags: false
2023-11-09T15:10:23.6118189Z   show-progress: true
2023-11-09T15:10:23.6118615Z   lfs: false
2023-11-09T15:10:23.6119197Z   submodules: false
2023-11-09T15:10:23.6119625Z   set-safe-directory: true
2023-11-09T15:10:23.6120109Z ##[endgroup]
2023-11-09T15:10:23.8929354Z Syncing repository: con/tinuous
2023-11-09T15:10:23.8931689Z ##[group]Getting Git version info
2023-11-09T15:10:23.8932558Z Working directory is '/home/runner/work/tinuous/tinuous'
2023-11-09T15:10:23.8933500Z [command]/usr/bin/git version
2023-11-09T15:10:23.9061916Z git version 2.42.0
2023-11-09T15:10:23.9093287Z ##[endgroup]
2023-11-09T15:10:23.9125879Z Temporarily overriding HOME='/home/runner/work/_temp/913120f3-def5-4660-b173-99dcfe03dcf8' before making global git config changes
2023-11-09T15:10:23.9127683Z Adding repository directory to the temporary git global config as a safe directory
2023-11-09T15:10:23.9129179Z [command]/usr/bin/git config --global --add safe.directory /home/runner/work/tinuous/tinuous
2023-11-09T15:10:23.9173360Z Deleting the contents of '/home/runner/work/tinuous/tinuous'
2023-11-09T15:10:23.9186698Z ##[group]Initializing the repository
2023-11-09T15:10:23.9187495Z [command]/usr/bin/git init /home/runner/work/tinuous/tinuous
2023-11-09T15:10:23.9259693Z hint: Using 'master' as the name for the initial branch. This default branch name
2023-11-09T15:10:23.9261728Z hint: is subject to change. To configure the initial branch name to use in all
2023-11-09T15:10:23.9263263Z hint: of your new repositories, which will suppress this warning, call:
2023-11-09T15:10:23.9264048Z hint: 
2023-11-09T15:10:23.9265766Z hint: 	git config --global init.defaultBranch <name>
2023-11-09T15:10:23.9266366Z hint: 
2023-11-09T15:10:23.9267811Z hint: Names commonly chosen instead of 'master' are 'main', 'trunk' and
2023-11-09T15:10:23.9268975Z hint: 'development'. The just-created branch can be renamed via this command:
2023-11-09T15:10:23.9270472Z hint: 
2023-11-09T15:10:23.9272085Z hint: 	git branch -m <name>
2023-11-09T15:10:23.9289411Z Initialized empty Git repository in /home/runner/work/tinuous/tinuous/.git/
2023-11-09T15:10:23.9299555Z [command]/usr/bin/git remote add origin https://github.com/con/tinuous
2023-11-09T15:10:23.9338488Z ##[endgroup]
2023-11-09T15:10:23.9339399Z ##[group]Disabling automatic garbage collection
2023-11-09T15:10:23.9340656Z [command]/usr/bin/git config --local gc.auto 0
2023-11-09T15:10:23.9370510Z ##[endgroup]
2023-11-09T15:10:23.9371335Z ##[group]Setting up auth
2023-11-09T15:10:23.9375819Z [command]/usr/bin/git config --local --name-only --get-regexp core\.sshCommand
2023-11-09T15:10:23.9405718Z [command]/usr/bin/git submodule foreach --recursive sh -c "git config --local --name-only --get-regexp 'core\.sshCommand' && git config --local --unset-all 'core.sshCommand' || :"
2023-11-09T15:10:23.9785399Z [command]/usr/bin/git config --local --name-only --get-regexp http\.https\:\/\/github\.com\/\.extraheader
2023-11-09T15:10:23.9808203Z [command]/usr/bin/git submodule foreach --recursive sh -c "git config --local --name-only --get-regexp 'http\.https\:\/\/github\.com\/\.extraheader' && git config --local --unset-all 'http.https://github.com/.extraheader' || :"
2023-11-09T15:10:24.0049452Z [command]/usr/bin/git config --local http.https://github.com/.extraheader AUTHORIZATION: basic ***
2023-11-09T15:10:24.0125784Z ##[endgroup]
2023-11-09T15:10:24.0128502Z ##[group]Fetching the repository
2023-11-09T15:10:24.0141965Z [command]/usr/bin/git -c protocol.version=2 fetch --prune --no-recurse-submodules origin +refs/heads/*:refs/remotes/origin/* +refs/tags/*:refs/tags/*
2023-11-09T15:10:24.7114538Z From https://github.com/con/tinuous
2023-11-09T15:10:24.7115673Z  * [new branch]      fix-typing      -> origin/fix-typing
2023-11-09T15:10:24.7116546Z  * [new branch]      gh-55           -> origin/gh-55
2023-11-09T15:10:24.7117331Z  * [new branch]      master          -> origin/master
2023-11-09T15:10:24.7118174Z  * [new branch]      mypy-import     -> origin/mypy-import
2023-11-09T15:10:24.7121485Z  * [new branch]      no-extra-search -> origin/no-extra-search
2023-11-09T15:10:24.7122250Z  * [new branch]      py312           -> origin/py312
2023-11-09T15:10:24.7122931Z  * [new branch]      pypy            -> origin/pypy
2023-11-09T15:10:24.7123674Z  * [new branch]      test-appveyor   -> origin/test-appveyor
2023-11-09T15:10:24.7139270Z  * [new branch]      unused          -> origin/unused
2023-11-09T15:10:24.7140047Z  * [new branch]      updates         -> origin/updates
2023-11-09T15:10:24.7140742Z  * [new tag]         0.1.0           -> 0.1.0
2023-11-09T15:10:24.7141335Z  * [new tag]         0.2.0           -> 0.2.0
2023-11-09T15:10:24.7141907Z  * [new tag]         0.3.0           -> 0.3.0
2023-11-09T15:10:24.7142491Z  * [new tag]         0.4.0           -> 0.4.0
2023-11-09T15:10:24.7143069Z  * [new tag]         0.5.0           -> 0.5.0
2023-11-09T15:10:24.7143635Z  * [new tag]         0.5.1           -> 0.5.1
2023-11-09T15:10:24.7144209Z  * [new tag]         0.5.2           -> 0.5.2
2023-11-09T15:10:24.7144784Z  * [new tag]         0.5.3           -> 0.5.3
2023-11-09T15:10:24.7145348Z  * [new tag]         0.5.4           -> 0.5.4
2023-11-09T15:10:24.7145929Z  * [new tag]         0.6.0           -> 0.6.0
2023-11-09T15:10:24.7146502Z  * [new tag]         0.6.1           -> 0.6.1
2023-11-09T15:10:24.7167259Z [command]/usr/bin/git branch --list --remote origin/pypy
2023-11-09T15:10:24.7192296Z   origin/pypy
2023-11-09T15:10:24.7201772Z [command]/usr/bin/git rev-parse refs/remotes/origin/pypy
2023-11-09T15:10:24.7223737Z 7c67fae61d530f4c4954b0c70e4ef69f49428c8d
2023-11-09T15:10:24.7241345Z ##[endgroup]
2023-11-09T15:10:24.7242081Z ##[group]Determining the checkout info
2023-11-09T15:10:24.7242808Z ##[endgroup]
2023-11-09T15:10:24.7243396Z ##[group]Checking out the ref
2023-11-09T15:10:24.7244330Z [command]/usr/bin/git checkout --progress --force -B pypy refs/remotes/origin/pypy
2023-11-09T15:10:24.7303282Z Switched to a new branch 'pypy'
2023-11-09T15:10:24.7318455Z branch 'pypy' set up to track 'origin/pypy'.
2023-11-09T15:10:24.7321414Z ##[endgroup]
2023-11-09T15:10:24.7345840Z [command]/usr/bin/git log -1 --format='%H'
2023-11-09T15:10:24.7368752Z '7c67fae61d530f4c4954b0c70e4ef69f49428c8d'
2023-11-09T15:10:24.7889547Z ##[group]Run actions/setup-python@v4
2023-11-09T15:10:24.7890178Z with:
2023-11-09T15:10:24.7890611Z   python-version: 3.8
2023-11-09T15:10:24.7891099Z   check-latest: false
2023-11-09T15:10:24.7891928Z   token: ***
2023-11-09T15:10:24.7892344Z   update-environment: true
2023-11-09T15:10:24.7892877Z   allow-prereleases: false
2023-11-09T15:10:24.7893400Z ##[endgroup]
2023-11-09T15:10:25.0820210Z ##[group]Installed versions
2023-11-09T15:10:25.0958478Z Successfully set up CPython (3.8.18)
2023-11-09T15:10:25.0962423Z ##[endgroup]
2023-11-09T15:10:25.1243289Z ##[group]Run python -m pip install --upgrade pip wheel
2023-11-09T15:10:25.1244054Z [36;1mpython -m pip install --upgrade pip wheel[0m
2023-11-09T15:10:25.1244828Z [36;1mpython -m pip install --upgrade --upgrade-strategy=eager tox[0m
2023-11-09T15:10:25.1301667Z shell: /usr/bin/bash -e {0}
2023-11-09T15:10:25.1302103Z env:
2023-11-09T15:10:25.1302525Z   pythonLocation: /opt/hostedtoolcache/Python/3.8.18/x64
2023-11-09T15:10:25.1303325Z   PKG_CONFIG_PATH: /opt/hostedtoolcache/Python/3.8.18/x64/lib/pkgconfig
2023-11-09T15:10:25.1304120Z   Python_ROOT_DIR: /opt/hostedtoolcache/Python/3.8.18/x64
2023-11-09T15:10:25.1304827Z   Python2_ROOT_DIR: /opt/hostedtoolcache/Python/3.8.18/x64
2023-11-09T15:10:25.1305518Z   Python3_ROOT_DIR: /opt/hostedtoolcache/Python/3.8.18/x64
2023-11-09T15:10:25.1306235Z   LD_LIBRARY_PATH: /opt/hostedtoolcache/Python/3.8.18/x64/lib
2023-11-09T15:10:25.1306833Z ##[endgroup]
2023-11-09T15:10:27.9668021Z Requirement already satisfied: pip in /opt/hostedtoolcache/Python/3.8.18/x64/lib/python3.8/site-packages (23.0.1)
2023-11-09T15:10:28.1848889Z Collecting pip
2023-11-09T15:10:28.3041129Z   Downloading pip-23.3.1-py3-none-any.whl.metadata (3.5 kB)
2023-11-09T15:10:28.3674679Z Collecting wheel
2023-11-09T15:10:28.3845375Z   Downloading wheel-0.41.3-py3-none-any.whl.metadata (2.2 kB)
2023-11-09T15:10:28.4092786Z Downloading pip-23.3.1-py3-none-any.whl (2.1 MB)
2023-11-09T15:10:28.6873157Z    â”â”â”â”â”â”â”â”â”â”â”â”â”â”â”â”â”â”â”â”â”â”â”â”â”â”â”â”â”â”â”â”â”â”â”â”â”â”â”â” 2.1/2.1 MB 7.8 MB/s eta 0:00:00
2023-11-09T15:10:28.7035711Z Downloading wheel-0.41.3-py3-none-any.whl (65 kB)
2023-11-09T15:10:28.7121466Z    â”â”â”â”â”â”â”â”â”â”â”â”â”â”â”â”â”â”â”â”â”â”â”â”â”â”â”â”â”â”â”â”â”â”â”â”â”â”â”â” 65.8/65.8 kB 9.9 MB/s eta 0:00:00
2023-11-09T15:10:28.7729680Z Installing collected packages: wheel, pip
2023-11-09T15:10:28.8224285Z   Attempting uninstall: pip
2023-11-09T15:10:28.8231687Z     Found existing installation: pip 23.0.1
2023-11-09T15:10:28.8824742Z     Uninstalling pip-23.0.1:
2023-11-09T15:10:28.9322849Z       Successfully uninstalled pip-23.0.1
2023-11-09T15:10:30.0850657Z Successfully installed pip-23.3.1 wheel-0.41.3
2023-11-09T15:10:32.0336336Z Collecting tox
2023-11-09T15:10:32.1514025Z   Downloading tox-4.11.3-py3-none-any.whl.metadata (5.0 kB)
2023-11-09T15:10:32.2312138Z Collecting cachetools>=5.3.1 (from tox)
2023-11-09T15:10:32.2475027Z   Downloading cachetools-5.3.2-py3-none-any.whl.metadata (5.2 kB)
2023-11-09T15:10:32.2814803Z Collecting chardet>=5.2 (from tox)
2023-11-09T15:10:32.2976101Z   Downloading chardet-5.2.0-py3-none-any.whl.metadata (3.4 kB)
2023-11-09T15:10:32.3412425Z Collecting colorama>=0.4.6 (from tox)
2023-11-09T15:10:32.3572722Z   Downloading colorama-0.4.6-py2.py3-none-any.whl (25 kB)
2023-11-09T15:10:32.4185474Z Collecting filelock>=3.12.3 (from tox)
2023-11-09T15:10:32.4345643Z   Downloading filelock-3.13.1-py3-none-any.whl.metadata (2.8 kB)
2023-11-09T15:10:32.4823231Z Collecting packaging>=23.1 (from tox)
2023-11-09T15:10:32.4986060Z   Downloading packaging-23.2-py3-none-any.whl.metadata (3.2 kB)
2023-11-09T15:10:32.5437280Z Collecting platformdirs>=3.10 (from tox)
2023-11-09T15:10:32.5604807Z   Downloading platformdirs-3.11.0-py3-none-any.whl.metadata (11 kB)
2023-11-09T15:10:32.6009038Z Collecting pluggy>=1.3 (from tox)
2023-11-09T15:10:32.6171991Z   Downloading pluggy-1.3.0-py3-none-any.whl.metadata (4.3 kB)
2023-11-09T15:10:32.6525023Z Collecting pyproject-api>=1.6.1 (from tox)
2023-11-09T15:10:32.6753311Z   Downloading pyproject_api-1.6.1-py3-none-any.whl.metadata (2.8 kB)
2023-11-09T15:10:32.7135725Z Collecting tomli>=2.0.1 (from tox)
2023-11-09T15:10:32.7299815Z   Downloading tomli-2.0.1-py3-none-any.whl (12 kB)
2023-11-09T15:10:32.8604047Z Collecting virtualenv>=20.24.3 (from tox)
2023-11-09T15:10:32.8772806Z   Downloading virtualenv-20.24.6-py3-none-any.whl.metadata (4.5 kB)
2023-11-09T15:10:32.9907970Z Collecting distlib<1,>=0.3.7 (from virtualenv>=20.24.3->tox)
2023-11-09T15:10:33.0076467Z   Downloading distlib-0.3.7-py2.py3-none-any.whl.metadata (5.1 kB)
2023-11-09T15:10:33.0454630Z Downloading tox-4.11.3-py3-none-any.whl (153 kB)
2023-11-09T15:10:33.0689838Z    â”â”â”â”â”â”â”â”â”â”â”â”â”â”â”â”â”â”â”â”â”â”â”â”â”â”â”â”â”â”â”â”â”â”â”â”â”â”â”â” 153.8/153.8 kB 7.2 MB/s eta 0:00:00
2023-11-09T15:10:33.0876825Z Downloading cachetools-5.3.2-py3-none-any.whl (9.3 kB)
2023-11-09T15:10:33.1193274Z Downloading chardet-5.2.0-py3-none-any.whl (199 kB)
2023-11-09T15:10:33.1287113Z    â”â”â”â”â”â”â”â”â”â”â”â”â”â”â”â”â”â”â”â”â”â”â”â”â”â”â”â”â”â”â”â”â”â”â”â”â”â”â”â” 199.4/199.4 kB 30.9 MB/s eta 0:00:00
2023-11-09T15:10:33.1450546Z Downloading filelock-3.13.1-py3-none-any.whl (11 kB)
2023-11-09T15:10:33.1636847Z Downloading packaging-23.2-py3-none-any.whl (53 kB)
2023-11-09T15:10:33.1689556Z    â”â”â”â”â”â”â”â”â”â”â”â”â”â”â”â”â”â”â”â”â”â”â”â”â”â”â”â”â”â”â”â”â”â”â”â”â”â”â”â” 53.0/53.0 kB 16.6 MB/s eta 0:00:00
2023-11-09T15:10:33.1852804Z Downloading platformdirs-3.11.0-py3-none-any.whl (17 kB)
2023-11-09T15:10:33.2044732Z Downloading pluggy-1.3.0-py3-none-any.whl (18 kB)
2023-11-09T15:10:33.2232801Z Downloading pyproject_api-1.6.1-py3-none-any.whl (12 kB)
2023-11-09T15:10:33.2493255Z Downloading virtualenv-20.24.6-py3-none-any.whl (3.8 MB)
2023-11-09T15:10:33.3084222Z    â”â”â”â”â”â”â”â”â”â”â”â”â”â”â”â”â”â”â”â”â”â”â”â”â”â”â”â”â”â”â”â”â”â”â”â”â”â”â”â” 3.8/3.8 MB 67.1 MB/s eta 0:00:00
2023-11-09T15:10:33.3257729Z Downloading distlib-0.3.7-py2.py3-none-any.whl (468 kB)
2023-11-09T15:10:33.3349279Z    â”â”â”â”â”â”â”â”â”â”â”â”â”â”â”â”â”â”â”â”â”â”â”â”â”â”â”â”â”â”â”â”â”â”â”â”â”â”â”â” 468.9/468.9 kB 71.4 MB/s eta 0:00:00
2023-11-09T15:10:33.5075919Z Installing collected packages: distlib, tomli, pluggy, platformdirs, packaging, filelock, colorama, chardet, cachetools, virtualenv, pyproject-api, tox
2023-11-09T15:10:34.1662069Z Successfully installed cachetools-5.3.2 chardet-5.2.0 colorama-0.4.6 distlib-0.3.7 filelock-3.13.1 packaging-23.2 platformdirs-3.11.0 pluggy-1.3.0 pyproject-api-1.6.1 tomli-2.0.1 tox-4.11.3 virtualenv-20.24.6
2023-11-09T15:10:34.5513172Z ##[group]Run tox -e typing
2023-11-09T15:10:34.5513601Z [36;1mtox -e typing[0m
2023-11-09T15:10:34.5550794Z shell: /usr/bin/bash -e {0}
2023-11-09T15:10:34.5551195Z env:
2023-11-09T15:10:34.5551637Z   pythonLocation: /opt/hostedtoolcache/Python/3.8.18/x64
2023-11-09T15:10:34.5552439Z   PKG_CONFIG_PATH: /opt/hostedtoolcache/Python/3.8.18/x64/lib/pkgconfig
2023-11-09T15:10:34.5553234Z   Python_ROOT_DIR: /opt/hostedtoolcache/Python/3.8.18/x64
2023-11-09T15:10:34.5553928Z   Python2_ROOT_DIR: /opt/hostedtoolcache/Python/3.8.18/x64
2023-11-09T15:10:34.5554629Z   Python3_ROOT_DIR: /opt/hostedtoolcache/Python/3.8.18/x64
2023-11-09T15:10:34.5555347Z   LD_LIBRARY_PATH: /opt/hostedtoolcache/Python/3.8.18/x64/lib
2023-11-09T15:10:34.5555919Z ##[endgroup]
2023-11-09T15:10:35.2761316Z typing: install_deps> python -I -m pip install mypy pytest pytest-cov pytest-mock types-python-dateutil types-PyYAML types-requests
2023-11-09T15:10:40.8071168Z .pkg: install_requires> python -I -m pip install 'setuptools>=46.4.0' versioningit
2023-11-09T15:10:42.8670658Z .pkg: _optional_hooks> python /opt/hostedtoolcache/Python/3.8.18/x64/lib/python3.8/site-packages/pyproject_api/_backend.py True setuptools.build_meta
2023-11-09T15:10:43.1565491Z .pkg: get_requires_for_build_sdist> python /opt/hostedtoolcache/Python/3.8.18/x64/lib/python3.8/site-packages/pyproject_api/_backend.py True setuptools.build_meta
2023-11-09T15:10:43.2808287Z .pkg: get_requires_for_build_wheel> python /opt/hostedtoolcache/Python/3.8.18/x64/lib/python3.8/site-packages/pyproject_api/_backend.py True setuptools.build_meta
2023-11-09T15:10:43.3524051Z .pkg: install_requires_for_build_wheel> python -I -m pip install wheel
2023-11-09T15:10:43.9788740Z .pkg: freeze> python -m pip freeze --all
2023-11-09T15:10:44.3499394Z .pkg: importlib-metadata==6.8.0,packaging==23.2,pip==23.3.1,setuptools==68.2.2,tomli==2.0.1,versioningit==2.2.1,wheel==0.41.2,zipp==3.17.0
2023-11-09T15:10:44.3511920Z .pkg: prepare_metadata_for_build_wheel> python /opt/hostedtoolcache/Python/3.8.18/x64/lib/python3.8/site-packages/pyproject_api/_backend.py True setuptools.build_meta
2023-11-09T15:10:44.4995741Z .pkg: build_sdist> python /opt/hostedtoolcache/Python/3.8.18/x64/lib/python3.8/site-packages/pyproject_api/_backend.py True setuptools.build_meta
2023-11-09T15:10:44.5905960Z typing: install_package_deps> python -I -m pip install 'PyYAML>=5.0' 'click-loglevel~=0.2' 'click>=7.0' 'in-place~=0.4' 'pydantic~=1.7' 'python-dateutil~=2.7' 'python-dotenv<2.0,>=0.11' 'requests~=2.20'
2023-11-09T15:10:47.4301099Z typing: install_package> python -I -m pip install --force-reinstall --no-deps /home/runner/work/tinuous/tinuous/.tox/.tmp/package/1/tinuous-0.6.1.post42+g7c67fae.tar.gz
2023-11-09T15:10:52.0931588Z typing: freeze> python -m pip freeze --all
2023-11-09T15:10:52.4874802Z typing: certifi==2023.7.22,charset-normalizer==3.3.2,click==8.1.7,click-loglevel==0.5.0,coverage==7.3.2,exceptiongroup==1.1.3,idna==3.4,in-place==0.5.0,iniconfig==2.0.0,mypy==1.6.1,mypy-extensions==1.0.0,packaging==23.2,pip==23.3.1,pluggy==1.3.0,pydantic==1.10.13,pytest==7.4.3,pytest-cov==4.1.0,pytest-mock==3.12.0,python-dateutil==2.8.2,python-dotenv==1.0.0,PyYAML==6.0.1,requests==2.31.0,setuptools==68.2.2,six==1.16.0,tinuous @ file:///home/runner/work/tinuous/tinuous/.tox/.tmp/package/1/tinuous-0.6.1.post42%2Bg7c67fae.tar.gz#sha256=3557e9d2984c7751a8ffed9ae199c0b06302c428f7f22662edd1e3922d544522,tomli==2.0.1,types-python-dateutil==2.8.19.14,types-PyYAML==6.0.12.12,types-requests==2.31.0.10,typing_extensions==4.8.0,urllib3==2.0.7,wheel==0.41.2
2023-11-09T15:10:52.4881242Z typing: commands[0]> mypy src test
2023-11-09T15:10:58.2232982Z src/tinuous/travis.py:71: error: Item "None" of "Optional[Response]" has no
2023-11-09T15:10:58.2234422Z attribute "status_code"  [union-attr]
2023-11-09T15:10:58.2235158Z                 if e.response.status_code == 404:
2023-11-09T15:10:58.2235853Z                    ^~~~~~~~~~~~~~~~~~~~~~
2023-11-09T15:10:58.2615764Z src/tinuous/github.py:330: error: Item "None" of "Optional[Response]" has no
2023-11-09T15:10:58.2616952Z attribute "status_code"  [union-attr]
2023-11-09T15:10:58.2617600Z                 if e.response.status_code in (404, 410):
2023-11-09T15:10:58.2618223Z                    ^~~~~~~~~~~~~~~~~~~~~~
2023-11-09T15:10:58.2619058Z src/tinuous/github.py:334: error: Item "None" of "Optional[Response]" has no
2023-11-09T15:10:58.2619994Z attribute "status_code"  [union-attr]
2023-11-09T15:10:58.2620776Z     ...       "Request for logs returned %d; skipping", e.response.status_cod...
2023-11-09T15:10:58.2621644Z                                                         ^~~~~~~~~~~~~~~~~~~~~~
2023-11-09T15:10:59.0003969Z Found 3 errors in 2 files (checked 15 source files)
2023-11-09T15:10:59.0095786Z typing: exit 1 (6.52 seconds) /home/runner/work/tinuous/tinuous> mypy src test pid=1975
2023-11-09T15:10:59.0106522Z .pkg: _exit> python /opt/hostedtoolcache/Python/3.8.18/x64/lib/python3.8/site-packages/pyproject_api/_backend.py True setuptools.build_meta
2023-11-09T15:10:59.0406373Z   typing: FAIL code 1 (24.07=setup[17.55]+cmd[6.52] seconds)
2023-11-09T15:10:59.0407169Z   evaluation failed :( (24.23 seconds)
2023-11-09T15:10:59.0752090Z ##[error]Process completed with exit code 1.
2023-11-09T15:10:59.0872769Z Post job cleanup.
2023-11-09T15:10:59.1782161Z [command]/usr/bin/git version
2023-11-09T15:10:59.1832527Z git version 2.42.0
2023-11-09T15:10:59.1881539Z Temporarily overriding HOME='/home/runner/work/_temp/59b1b550-6ff7-4a85-8729-a5981def9e51' before making global git config changes
2023-11-09T15:10:59.1884913Z Adding repository directory to the temporary git global config as a safe directory
2023-11-09T15:10:59.1894087Z [command]/usr/bin/git config --global --add safe.directory /home/runner/work/tinuous/tinuous
2023-11-09T15:10:59.1943138Z [command]/usr/bin/git config --local --name-only --get-regexp core\.sshCommand
2023-11-09T15:10:59.1984627Z [command]/usr/bin/git submodule foreach --recursive sh -c "git config --local --name-only --get-regexp 'core\.sshCommand' && git config --local --unset-all 'core.sshCommand' || :"
2023-11-09T15:10:59.2245158Z [command]/usr/bin/git config --local --name-only --get-regexp http\.https\:\/\/github\.com\/\.extraheader
2023-11-09T15:10:59.2285935Z http.https://github.com/.extraheader
2023-11-09T15:10:59.2287595Z [command]/usr/bin/git config --local --unset-all http.https://github.com/.extraheader
2023-11-09T15:10:59.2319797Z [command]/usr/bin/git submodule foreach --recursive sh -c "git config --local --name-only --get-regexp 'http\.https\:\/\/github\.com\/\.extraheader' && git config --local --unset-all 'http.https://github.com/.extraheader' || :"
2023-11-09T15:10:59.2980748Z Cleaning up orphan processes
