2023-11-09T15:03:26.1030134Z ##[group]Run tox -e typing
2023-11-09T15:03:26.1030556Z [36;1mtox -e typing[0m
2023-11-09T15:03:26.1074925Z shell: /usr/bin/bash -e {0}
2023-11-09T15:03:26.1075315Z env:
2023-11-09T15:03:26.1075680Z   pythonLocation: /opt/hostedtoolcache/Python/3.8.18/x64
2023-11-09T15:03:26.1076423Z   PKG_CONFIG_PATH: /opt/hostedtoolcache/Python/3.8.18/x64/lib/pkgconfig
2023-11-09T15:03:26.1077052Z   Python_ROOT_DIR: /opt/hostedtoolcache/Python/3.8.18/x64
2023-11-09T15:03:26.1077580Z   Python2_ROOT_DIR: /opt/hostedtoolcache/Python/3.8.18/x64
2023-11-09T15:03:26.1078223Z   Python3_ROOT_DIR: /opt/hostedtoolcache/Python/3.8.18/x64
2023-11-09T15:03:26.1078794Z   LD_LIBRARY_PATH: /opt/hostedtoolcache/Python/3.8.18/x64/lib
2023-11-09T15:03:26.1079335Z ##[endgroup]
2023-11-09T15:03:26.7466229Z typing: install_deps> python -I -m pip install mypy pytest pytest-cov pytest-mock types-python-dateutil types-PyYAML types-requests
2023-11-09T15:03:31.1082307Z .pkg: install_requires> python -I -m pip install 'setuptools>=46.4.0' versioningit
2023-11-09T15:03:32.6464217Z .pkg: _optional_hooks> python /opt/hostedtoolcache/Python/3.8.18/x64/lib/python3.8/site-packages/pyproject_api/_backend.py True setuptools.build_meta
2023-11-09T15:03:32.8833094Z .pkg: get_requires_for_build_sdist> python /opt/hostedtoolcache/Python/3.8.18/x64/lib/python3.8/site-packages/pyproject_api/_backend.py True setuptools.build_meta
2023-11-09T15:03:32.9863072Z .pkg: get_requires_for_build_wheel> python /opt/hostedtoolcache/Python/3.8.18/x64/lib/python3.8/site-packages/pyproject_api/_backend.py True setuptools.build_meta
2023-11-09T15:03:33.0479906Z .pkg: install_requires_for_build_wheel> python -I -m pip install wheel
2023-11-09T15:03:33.5509045Z .pkg: freeze> python -m pip freeze --all
2023-11-09T15:03:33.8532766Z .pkg: importlib-metadata==6.8.0,packaging==23.2,pip==23.3.1,setuptools==68.2.2,tomli==2.0.1,versioningit==2.2.1,wheel==0.41.2,zipp==3.17.0
2023-11-09T15:03:33.8538732Z .pkg: prepare_metadata_for_build_wheel> python /opt/hostedtoolcache/Python/3.8.18/x64/lib/python3.8/site-packages/pyproject_api/_backend.py True setuptools.build_meta
2023-11-09T15:03:33.9771169Z .pkg: build_sdist> python /opt/hostedtoolcache/Python/3.8.18/x64/lib/python3.8/site-packages/pyproject_api/_backend.py True setuptools.build_meta
2023-11-09T15:03:34.0593903Z typing: install_package_deps> python -I -m pip install 'PyYAML>=5.0' 'click-loglevel~=0.2' 'click>=7.0' 'in-place~=0.4' 'pydantic~=1.7' 'python-dateutil~=2.7' 'python-dotenv<2.0,>=0.11' 'requests~=2.20'
2023-11-09T15:03:36.2284498Z typing: install_package> python -I -m pip install --force-reinstall --no-deps /home/runner/work/tinuous/tinuous/.tox/.tmp/package/1/tinuous-0.6.1.post41+g26ee128.tar.gz
2023-11-09T15:03:39.9603683Z typing: freeze> python -m pip freeze --all
2023-11-09T15:03:40.2760155Z typing: certifi==2023.7.22,charset-normalizer==3.3.2,click==8.1.7,click-loglevel==0.5.0,coverage==7.3.2,exceptiongroup==1.1.3,idna==3.4,in-place==0.5.0,iniconfig==2.0.0,mypy==1.6.1,mypy-extensions==1.0.0,packaging==23.2,pip==23.3.1,pluggy==1.3.0,pydantic==1.10.13,pytest==7.4.3,pytest-cov==4.1.0,pytest-mock==3.12.0,python-dateutil==2.8.2,python-dotenv==1.0.0,PyYAML==6.0.1,requests==2.31.0,setuptools==68.2.2,six==1.16.0,tinuous @ file:///home/runner/work/tinuous/tinuous/.tox/.tmp/package/1/tinuous-0.6.1.post41%2Bg26ee128.tar.gz#sha256=d3a5d19882f5a5580863e95d12e3a5c3c55525329b4ff6fddef1a63878c59b5c,tomli==2.0.1,types-python-dateutil==2.8.19.14,types-PyYAML==6.0.12.12,types-requests==2.31.0.10,typing_extensions==4.8.0,urllib3==2.0.7,wheel==0.41.2
2023-11-09T15:03:40.2766003Z typing: commands[0]> mypy src test
2023-11-09T15:03:45.0131087Z src/tinuous/travis.py:71: error: Item "None" of "Optional[Response]" has no
2023-11-09T15:03:45.0132999Z attribute "status_code"  [union-attr]
2023-11-09T15:03:45.0133829Z                 if e.response.status_code == 404:
2023-11-09T15:03:45.0134746Z                    ^~~~~~~~~~~~~~~~~~~~~~
2023-11-09T15:03:45.0469974Z src/tinuous/github.py:330: error: Item "None" of "Optional[Response]" has no
2023-11-09T15:03:45.0471822Z attribute "status_code"  [union-attr]
2023-11-09T15:03:45.0472465Z                 if e.response.status_code in (404, 410):
2023-11-09T15:03:45.0473221Z                    ^~~~~~~~~~~~~~~~~~~~~~
2023-11-09T15:03:45.0473918Z src/tinuous/github.py:334: error: Item "None" of "Optional[Response]" has no
2023-11-09T15:03:45.0474750Z attribute "status_code"  [union-attr]
2023-11-09T15:03:45.0475546Z     ...       "Request for logs returned %d; skipping", e.response.status_cod...
2023-11-09T15:03:45.0476249Z                                                         ^~~~~~~~~~~~~~~~~~~~~~
2023-11-09T15:03:45.6691617Z Found 3 errors in 2 files (checked 15 source files)
2023-11-09T15:03:45.6829289Z typing: exit 1 (5.41 seconds) /home/runner/work/tinuous/tinuous> mypy src test pid=1991
2023-11-09T15:03:45.6840480Z .pkg: _exit> python /opt/hostedtoolcache/Python/3.8.18/x64/lib/python3.8/site-packages/pyproject_api/_backend.py True setuptools.build_meta
2023-11-09T15:03:45.7110725Z   typing: FAIL code 1 (19.29=setup[13.88]+cmd[5.41] seconds)
2023-11-09T15:03:45.7112022Z   evaluation failed :( (19.41 seconds)
2023-11-09T15:03:45.7369585Z ##[error]Process completed with exit code 1.
