2021-04-27T20:55:39.0136094Z ##[section]Starting: Request a runner to run this job
2021-04-27T20:55:39.1621028Z Can't find any online and idle self-hosted runner in current repository that matches the required labels: 'ubuntu-latest'
2021-04-27T20:55:39.1621138Z Can't find any online and idle self-hosted runner in current repository's account/organization that matches the required labels: 'ubuntu-latest'
2021-04-27T20:55:39.1621362Z Found online and idle hosted runner in current repository's account/organization that matches the required labels: 'ubuntu-latest'
2021-04-27T20:55:39.3109429Z ##[section]Finishing: Request a runner to run this job
2021-04-27T20:55:45.4061841Z Current runner version: '2.278.0'
2021-04-27T20:55:45.4095048Z ##[group]Operating System
2021-04-27T20:55:45.4096137Z Ubuntu
2021-04-27T20:55:45.4096616Z 20.04.2
2021-04-27T20:55:45.4097131Z LTS
2021-04-27T20:55:45.4097634Z ##[endgroup]
2021-04-27T20:55:45.4098382Z ##[group]Virtual Environment
2021-04-27T20:55:45.4099071Z Environment: ubuntu-20.04
2021-04-27T20:55:45.4099739Z Version: 20210425.1
2021-04-27T20:55:45.4100899Z Included Software: https://github.com/actions/virtual-environments/blob/ubuntu20/20210425.1/images/linux/Ubuntu2004-README.md
2021-04-27T20:55:45.4102404Z Image Release: https://github.com/actions/virtual-environments/releases/tag/ubuntu20%2F20210425.1
2021-04-27T20:55:45.4103422Z ##[endgroup]
2021-04-27T20:55:45.4105719Z ##[group]GITHUB_TOKEN Permissions
2021-04-27T20:55:45.4107132Z Actions: write
2021-04-27T20:55:45.4107738Z Checks: write
2021-04-27T20:55:45.4108295Z Contents: write
2021-04-27T20:55:45.4108923Z Deployments: write
2021-04-27T20:55:45.4109652Z Issues: write
2021-04-27T20:55:45.4110261Z Metadata: read
2021-04-27T20:55:45.4110827Z Packages: write
2021-04-27T20:55:45.4111466Z PullRequests: write
2021-04-27T20:55:45.4112144Z RepositoryProjects: write
2021-04-27T20:55:45.4112913Z SecurityEvents: write
2021-04-27T20:55:45.4113564Z Statuses: write
2021-04-27T20:55:45.4114225Z ##[endgroup]
2021-04-27T20:55:45.4117572Z Prepare workflow directory
2021-04-27T20:55:45.4870277Z Prepare all required actions
2021-04-27T20:55:45.4882507Z Getting action download info
2021-04-27T20:55:45.9451634Z Download action repository 'actions/checkout@v2'
2021-04-27T20:55:48.3709639Z Download action repository 'actions/setup-python@v2'
2021-04-27T20:55:50.5974221Z ##[group]Run actions/checkout@v2
2021-04-27T20:55:50.5974980Z with:
2021-04-27T20:55:50.5975514Z   repository: con/tinuous
2021-04-27T20:55:50.5976584Z   token: ***
2021-04-27T20:55:50.5977085Z   ssh-strict: true
2021-04-27T20:55:50.5977730Z   persist-credentials: true
2021-04-27T20:55:50.5978328Z   clean: true
2021-04-27T20:55:50.5978842Z   fetch-depth: 1
2021-04-27T20:55:50.5979355Z   lfs: false
2021-04-27T20:55:50.5979869Z   submodules: false
2021-04-27T20:55:50.5980387Z ##[endgroup]
2021-04-27T20:55:51.4483865Z Syncing repository: con/tinuous
2021-04-27T20:55:51.4485875Z ##[group]Getting Git version info
2021-04-27T20:55:51.4489074Z Working directory is '/home/runner/work/tinuous/tinuous'
2021-04-27T20:55:51.4490214Z [command]/usr/bin/git version
2021-04-27T20:55:51.4490786Z git version 2.31.1
2021-04-27T20:55:51.4604556Z ##[endgroup]
2021-04-27T20:55:51.4615183Z Deleting the contents of '/home/runner/work/tinuous/tinuous'
2021-04-27T20:55:51.4617338Z ##[group]Initializing the repository
2021-04-27T20:55:51.4618326Z [command]/usr/bin/git init /home/runner/work/tinuous/tinuous
2021-04-27T20:55:51.4619692Z hint: Using 'master' as the name for the initial branch. This default branch name
2021-04-27T20:55:51.4620810Z hint: is subject to change. To configure the initial branch name to use in all
2021-04-27T20:55:51.4621914Z hint: of your new repositories, which will suppress this warning, call:
2021-04-27T20:55:51.4622780Z hint: 
2021-04-27T20:55:51.4623795Z hint: 	git config --global init.defaultBranch <name>
2021-04-27T20:55:51.4624616Z hint: 
2021-04-27T20:55:51.4625883Z hint: Names commonly chosen instead of 'master' are 'main', 'trunk' and
2021-04-27T20:55:51.4627245Z hint: 'development'. The just-created branch can be renamed via this command:
2021-04-27T20:55:51.4628133Z hint: 
2021-04-27T20:55:51.4629044Z hint: 	git branch -m <name>
2021-04-27T20:55:51.4630014Z Initialized empty Git repository in /home/runner/work/tinuous/tinuous/.git/
2021-04-27T20:55:51.4632481Z [command]/usr/bin/git remote add origin https://github.com/con/tinuous
2021-04-27T20:55:51.4635559Z ##[endgroup]
2021-04-27T20:55:51.4638289Z ##[group]Disabling automatic garbage collection
2021-04-27T20:55:51.4641670Z [command]/usr/bin/git config --local gc.auto 0
2021-04-27T20:55:51.4642412Z ##[endgroup]
2021-04-27T20:55:51.4644937Z ##[group]Setting up auth
2021-04-27T20:55:51.4650161Z [command]/usr/bin/git config --local --name-only --get-regexp core\.sshCommand
2021-04-27T20:55:51.4654506Z [command]/usr/bin/git submodule foreach --recursive git config --local --name-only --get-regexp 'core\.sshCommand' && git config --local --unset-all 'core.sshCommand' || :
2021-04-27T20:55:51.4656935Z [command]/usr/bin/git config --local --name-only --get-regexp http\.https\:\/\/github\.com\/\.extraheader
2021-04-27T20:55:51.4661004Z [command]/usr/bin/git submodule foreach --recursive git config --local --name-only --get-regexp 'http\.https\:\/\/github\.com\/\.extraheader' && git config --local --unset-all 'http.https://github.com/.extraheader' || :
2021-04-27T20:55:51.4664232Z [command]/usr/bin/git config --local http.https://github.com/.extraheader AUTHORIZATION: basic ***
2021-04-27T20:55:51.4665809Z ##[endgroup]
2021-04-27T20:55:51.4666491Z ##[group]Fetching the repository
2021-04-27T20:55:51.4670148Z [command]/usr/bin/git -c protocol.version=2 fetch --no-tags --prune --progress --no-recurse-submodules --depth=1 origin +b00e92b78a7a8ddfb484931d02efd19ea9a6bf4e:refs/remotes/origin/fix-tests
2021-04-27T20:55:51.4672169Z remote: Enumerating objects: 20, done.        
2021-04-27T20:55:51.4672896Z remote: Counting objects:   5% (1/20)        
2021-04-27T20:55:51.4673549Z remote: Counting objects:  10% (2/20)        
2021-04-27T20:55:51.4674535Z remote: Counting objects:  15% (3/20)        
2021-04-27T20:55:51.4676001Z remote: Counting objects:  20% (4/20)        
2021-04-27T20:55:51.4677644Z remote: Counting objects:  25% (5/20)        
2021-04-27T20:55:51.4679343Z remote: Counting objects:  30% (6/20)        
2021-04-27T20:55:51.4681005Z remote: Counting objects:  35% (7/20)        
2021-04-27T20:55:51.4681758Z remote: Counting objects:  40% (8/20)        
2021-04-27T20:55:51.4683959Z remote: Counting objects:  45% (9/20)        
2021-04-27T20:55:51.4684642Z remote: Counting objects:  50% (10/20)        
2021-04-27T20:55:51.4685554Z remote: Counting objects:  55% (11/20)        
2021-04-27T20:55:51.4686272Z remote: Counting objects:  60% (12/20)        
2021-04-27T20:55:51.4687261Z remote: Counting objects:  65% (13/20)        
2021-04-27T20:55:51.4688265Z remote: Counting objects:  70% (14/20)        
2021-04-27T20:55:51.4688987Z remote: Counting objects:  75% (15/20)        
2021-04-27T20:55:51.4689636Z remote: Counting objects:  80% (16/20)        
2021-04-27T20:55:51.4690768Z remote: Counting objects:  85% (17/20)        
2021-04-27T20:55:51.4692890Z remote: Counting objects:  90% (18/20)        
2021-04-27T20:55:51.4694062Z remote: Counting objects:  95% (19/20)        
2021-04-27T20:55:51.4695409Z remote: Counting objects: 100% (20/20)        
2021-04-27T20:55:51.4697373Z remote: Counting objects: 100% (20/20), done.        
2021-04-27T20:55:51.4699080Z remote: Compressing objects:   6% (1/15)        
2021-04-27T20:55:51.4700440Z remote: Compressing objects:  13% (2/15)        
2021-04-27T20:55:51.4701173Z remote: Compressing objects:  20% (3/15)        
2021-04-27T20:55:51.4701874Z remote: Compressing objects:  26% (4/15)        
2021-04-27T20:55:51.4704100Z remote: Compressing objects:  33% (5/15)        
2021-04-27T20:55:51.4704847Z remote: Compressing objects:  40% (6/15)        
2021-04-27T20:55:51.4705714Z remote: Compressing objects:  46% (7/15)        
2021-04-27T20:55:51.4707939Z remote: Compressing objects:  53% (8/15)        
2021-04-27T20:55:51.4709940Z remote: Compressing objects:  60% (9/15)        
2021-04-27T20:55:51.4711007Z remote: Compressing objects:  66% (10/15)        
2021-04-27T20:55:51.4712568Z remote: Compressing objects:  73% (11/15)        
2021-04-27T20:55:51.4713847Z remote: Compressing objects:  80% (12/15)        
2021-04-27T20:55:51.4715419Z remote: Compressing objects:  86% (13/15)        
2021-04-27T20:55:51.4717389Z remote: Compressing objects:  93% (14/15)        
2021-04-27T20:55:51.4718527Z remote: Compressing objects: 100% (15/15)        
2021-04-27T20:55:51.4720873Z remote: Compressing objects: 100% (15/15), done.        
2021-04-27T20:55:51.4722068Z remote: Total 20 (delta 1), reused 14 (delta 1), pack-reused 0        
2021-04-27T20:55:51.4725215Z From https://github.com/con/tinuous
2021-04-27T20:55:51.4727250Z  * [new ref]         b00e92b78a7a8ddfb484931d02efd19ea9a6bf4e -> origin/fix-tests
2021-04-27T20:55:51.4728215Z ##[endgroup]
2021-04-27T20:55:51.4729281Z ##[group]Determining the checkout info
2021-04-27T20:55:51.4731442Z ##[endgroup]
2021-04-27T20:55:51.4732899Z ##[group]Checking out the ref
2021-04-27T20:55:51.4737859Z [command]/usr/bin/git checkout --progress --force -B fix-tests refs/remotes/origin/fix-tests
2021-04-27T20:55:51.4740625Z Switched to a new branch 'fix-tests'
2021-04-27T20:55:51.4742564Z Branch 'fix-tests' set up to track remote branch 'fix-tests' from 'origin'.
2021-04-27T20:55:51.4743909Z ##[endgroup]
2021-04-27T20:55:51.4744788Z [command]/usr/bin/git log -1 --format='%H'
2021-04-27T20:55:51.4747200Z 'b00e92b78a7a8ddfb484931d02efd19ea9a6bf4e'
2021-04-27T20:55:51.4897192Z ##[group]Run actions/setup-python@v2
2021-04-27T20:55:51.4897823Z with:
2021-04-27T20:55:51.4898366Z   python-version: 3.8
2021-04-27T20:55:51.4899398Z   token: ***
2021-04-27T20:55:51.4899904Z ##[endgroup]
2021-04-27T20:55:51.5705535Z Successfully setup CPython (3.8.9)
2021-04-27T20:55:51.5795994Z ##[group]Run python -m pip install --upgrade pip wheel
2021-04-27T20:55:51.5796860Z [36;1mpython -m pip install --upgrade pip wheel[0m
2021-04-27T20:55:51.5797548Z [36;1mpython -m pip install .[0m
2021-04-27T20:55:51.5850995Z shell: /usr/bin/bash -e {0}
2021-04-27T20:55:51.5851544Z env:
2021-04-27T20:55:51.5852225Z   pythonLocation: /opt/hostedtoolcache/Python/3.8.9/x64
2021-04-27T20:55:51.5853147Z   LD_LIBRARY_PATH: /opt/hostedtoolcache/Python/3.8.9/x64/lib
2021-04-27T20:55:51.5853840Z ##[endgroup]
2021-04-27T20:55:52.2030524Z WARNING: Value for scheme.headers does not match. Please report this to <https://github.com/pypa/pip/issues/9617>
2021-04-27T20:55:52.2034208Z distutils: /opt/hostedtoolcache/Python/3.8.9/x64/include/python3.8/UNKNOWN
2021-04-27T20:55:52.2036500Z sysconfig: /opt/hostedtoolcache/Python/3.8.9/x64/include/python3.8
2021-04-27T20:55:52.2038707Z WARNING: Additional context:
2021-04-27T20:55:52.2040147Z user = False
2021-04-27T20:55:52.2041284Z home = None
2021-04-27T20:55:52.2042538Z root = None
2021-04-27T20:55:52.2043691Z prefix = None
2021-04-27T20:55:52.3001918Z Requirement already satisfied: pip in /opt/hostedtoolcache/Python/3.8.9/x64/lib/python3.8/site-packages (21.1)
2021-04-27T20:55:52.5139407Z Collecting wheel
2021-04-27T20:55:52.5483585Z   Downloading wheel-0.36.2-py2.py3-none-any.whl (35 kB)
2021-04-27T20:55:52.6026537Z Installing collected packages: wheel
2021-04-27T20:55:52.6496461Z WARNING: Value for scheme.headers does not match. Please report this to <https://github.com/pypa/pip/issues/9617>
2021-04-27T20:55:52.6498287Z distutils: /opt/hostedtoolcache/Python/3.8.9/x64/include/python3.8/UNKNOWN
2021-04-27T20:55:52.6499770Z sysconfig: /opt/hostedtoolcache/Python/3.8.9/x64/include/python3.8
2021-04-27T20:55:52.6501045Z WARNING: Additional context:
2021-04-27T20:55:52.6502265Z user = False
2021-04-27T20:55:52.6503069Z home = None
2021-04-27T20:55:52.6503929Z root = None
2021-04-27T20:55:52.6504762Z prefix = None
2021-04-27T20:55:52.6601774Z Successfully installed wheel-0.36.2
2021-04-27T20:55:53.4387567Z WARNING: Value for scheme.headers does not match. Please report this to <https://github.com/pypa/pip/issues/9617>
2021-04-27T20:55:53.4389129Z Processing /home/runner/work/tinuous/tinuous
2021-04-27T20:55:53.4390907Z distutils: /opt/hostedtoolcache/Python/3.8.9/x64/include/python3.8/UNKNOWN
2021-04-27T20:55:53.4392585Z sysconfig: /opt/hostedtoolcache/Python/3.8.9/x64/include/python3.8
2021-04-27T20:55:53.4394806Z WARNING: Additional context:
2021-04-27T20:55:53.4395830Z user = False
2021-04-27T20:55:53.4397161Z home = None
2021-04-27T20:55:53.4398078Z root = None
2021-04-27T20:55:53.4399004Z prefix = None
2021-04-27T20:55:53.4401883Z   DEPRECATION: A future pip version will change local packages to be built in-place without first copying to a temporary directory. We recommend you use --use-feature=in-tree-build to test your packages with this new behavior before it becomes the default.
2021-04-27T20:55:53.4420791Z    pip 21.3 will remove support for this functionality. You can find discussion regarding this at https://github.com/pypa/pip/issues/7555.
2021-04-27T20:55:53.5929368Z   Installing build dependencies: started
2021-04-27T20:55:56.4032063Z   Installing build dependencies: finished with status 'done'
2021-04-27T20:55:56.4066955Z   Getting requirements to build wheel: started
2021-04-27T20:55:56.7475584Z   Getting requirements to build wheel: finished with status 'done'
2021-04-27T20:55:56.7505950Z     Preparing wheel metadata: started
2021-04-27T20:55:57.0215804Z     Preparing wheel metadata: finished with status 'done'
2021-04-27T20:55:57.4085701Z Collecting pydantic~=1.7
2021-04-27T20:55:57.4470651Z   Downloading pydantic-1.8.1-cp38-cp38-manylinux2014_x86_64.whl (13.7 MB)
2021-04-27T20:55:57.9067524Z Collecting click~=7.0
2021-04-27T20:55:57.9177482Z   Downloading click-7.1.2-py2.py3-none-any.whl (82 kB)
2021-04-27T20:55:57.9784506Z Collecting PyGithub~=1.53
2021-04-27T20:55:57.9900855Z   Downloading PyGithub-1.55-py3-none-any.whl (291 kB)
2021-04-27T20:55:58.0991767Z Collecting requests~=2.20
2021-04-27T20:55:58.1124580Z   Downloading requests-2.25.1-py2.py3-none-any.whl (61 kB)
2021-04-27T20:55:58.1384872Z Collecting click-loglevel~=0.2
2021-04-27T20:55:58.1472519Z   Downloading click_loglevel-0.3.0-py3-none-any.whl (5.0 kB)
2021-04-27T20:55:58.1946934Z Collecting datalad~=0.14
2021-04-27T20:55:58.2125662Z   Downloading datalad-0.14.2.tar.gz (1.6 MB)
2021-04-27T20:55:58.6414116Z   Installing build dependencies: started
2021-04-27T20:56:01.3986818Z   Installing build dependencies: finished with status 'done'
2021-04-27T20:56:01.4056655Z   Getting requirements to build wheel: started
2021-04-27T20:56:01.8230300Z   Getting requirements to build wheel: finished with status 'done'
2021-04-27T20:56:01.8257084Z     Preparing wheel metadata: started
2021-04-27T20:56:02.4439859Z     Preparing wheel metadata: finished with status 'done'
2021-04-27T20:56:02.4776723Z Collecting in-place~=0.4
2021-04-27T20:56:02.4864293Z   Downloading in_place-0.5.0-py3-none-any.whl (9.1 kB)
2021-04-27T20:56:02.5303430Z Collecting python-dateutil~=2.7
2021-04-27T20:56:02.5396444Z   Downloading python_dateutil-2.8.1-py2.py3-none-any.whl (227 kB)
2021-04-27T20:56:02.6608862Z Collecting PyYAML~=5.0
2021-04-27T20:56:02.6759826Z   Downloading PyYAML-5.4.1-cp38-cp38-manylinux1_x86_64.whl (662 kB)
2021-04-27T20:56:02.9023315Z Collecting humanize
2021-04-27T20:56:02.9107398Z   Downloading humanize-3.4.1-py3-none-any.whl (73 kB)
2021-04-27T20:56:02.9397604Z Collecting patool>=1.7
2021-04-27T20:56:02.9554670Z   Downloading patool-1.12-py2.py3-none-any.whl (77 kB)
2021-04-27T20:56:03.0261692Z Collecting boto
2021-04-27T20:56:03.0497246Z   Downloading boto-2.49.0-py2.py3-none-any.whl (1.4 MB)
2021-04-27T20:56:03.1054520Z Collecting iso8601
2021-04-27T20:56:03.1145640Z   Downloading iso8601-0.1.14-py2.py3-none-any.whl (9.5 kB)
2021-04-27T20:56:03.2459881Z Collecting keyring>=8.0
2021-04-27T20:56:03.2567664Z   Downloading keyring-23.0.1-py3-none-any.whl (33 kB)
2021-04-27T20:56:03.3696753Z Collecting whoosh
2021-04-27T20:56:03.3791489Z   Downloading Whoosh-2.7.4-py2.py3-none-any.whl (468 kB)
2021-04-27T20:56:03.4364823Z Collecting distro
2021-04-27T20:56:03.4442710Z   Downloading distro-1.5.0-py2.py3-none-any.whl (18 kB)
2021-04-27T20:56:03.5729442Z Collecting msgpack
2021-04-27T20:56:03.5880347Z   Downloading msgpack-1.0.2-cp38-cp38-manylinux1_x86_64.whl (302 kB)
2021-04-27T20:56:03.6374912Z Collecting chardet>=3.0.4
2021-04-27T20:56:03.6481838Z   Downloading chardet-4.0.0-py2.py3-none-any.whl (178 kB)
2021-04-27T20:56:03.6861939Z Collecting jsmin
2021-04-27T20:56:03.6988534Z   Downloading jsmin-2.2.2.tar.gz (12 kB)
2021-04-27T20:56:04.2870982Z Collecting appdirs
2021-04-27T20:56:04.2958999Z   Downloading appdirs-1.4.4-py2.py3-none-any.whl (9.6 kB)
2021-04-27T20:56:04.3428232Z Collecting keyrings.alt
2021-04-27T20:56:04.3517077Z   Downloading keyrings.alt-4.0.2-py3-none-any.whl (20 kB)
2021-04-27T20:56:04.3912750Z Collecting annexremote
2021-04-27T20:56:04.4000855Z   Downloading annexremote-1.5.0-py3-none-any.whl (25 kB)
2021-04-27T20:56:04.4446428Z Collecting fasteners>=0.14
2021-04-27T20:56:04.4563624Z   Downloading fasteners-0.16-py2.py3-none-any.whl (28 kB)
2021-04-27T20:56:04.5990996Z Collecting tqdm
2021-04-27T20:56:04.6070788Z   Downloading tqdm-4.60.0-py2.py3-none-any.whl (75 kB)
2021-04-27T20:56:04.6381313Z Collecting wrapt
2021-04-27T20:56:04.6460040Z   Downloading wrapt-1.12.1.tar.gz (27 kB)
2021-04-27T20:56:04.9980883Z Collecting simplejson
2021-04-27T20:56:05.0074681Z   Downloading simplejson-3.17.2-cp38-cp38-manylinux2010_x86_64.whl (137 kB)
2021-04-27T20:56:05.0534659Z Collecting six
2021-04-27T20:56:05.0617442Z   Downloading six-1.15.0-py2.py3-none-any.whl (10 kB)
2021-04-27T20:56:05.1212260Z Collecting SecretStorage>=3.2
2021-04-27T20:56:05.1380574Z   Downloading SecretStorage-3.3.1-py3-none-any.whl (15 kB)
2021-04-27T20:56:05.1845287Z Collecting jeepney>=0.4.2
2021-04-27T20:56:05.1985665Z   Downloading jeepney-0.6.0-py3-none-any.whl (45 kB)
2021-04-27T20:56:05.3209731Z Collecting importlib-metadata>=3.6
2021-04-27T20:56:05.3318918Z   Downloading importlib_metadata-4.0.1-py3-none-any.whl (16 kB)
2021-04-27T20:56:05.4118186Z Collecting zipp>=0.5
2021-04-27T20:56:05.4199491Z   Downloading zipp-3.4.1-py3-none-any.whl (5.2 kB)
2021-04-27T20:56:05.4779498Z Collecting typing-extensions>=3.7.4.3
2021-04-27T20:56:05.4873632Z   Downloading typing_extensions-3.7.4.3-py3-none-any.whl (22 kB)
2021-04-27T20:56:05.5418080Z Collecting deprecated
2021-04-27T20:56:05.5563312Z   Downloading Deprecated-1.2.12-py2.py3-none-any.whl (9.5 kB)
2021-04-27T20:56:05.6252300Z Collecting pyjwt>=2.0
2021-04-27T20:56:05.6346689Z   Downloading PyJWT-2.0.1-py3-none-any.whl (15 kB)
2021-04-27T20:56:05.7270602Z Collecting pynacl>=1.4.0
2021-04-27T20:56:05.7370526Z   Downloading PyNaCl-1.4.0-cp35-abi3-manylinux1_x86_64.whl (961 kB)
2021-04-27T20:56:06.2641870Z Collecting cffi>=1.4.1
2021-04-27T20:56:06.2735020Z   Downloading cffi-1.14.5-cp38-cp38-manylinux1_x86_64.whl (411 kB)
2021-04-27T20:56:06.3196800Z Collecting pycparser
2021-04-27T20:56:06.3280180Z   Downloading pycparser-2.20-py2.py3-none-any.whl (112 kB)
2021-04-27T20:56:06.3967954Z Collecting idna<3,>=2.5
2021-04-27T20:56:06.4053186Z   Downloading idna-2.10-py2.py3-none-any.whl (58 kB)
2021-04-27T20:56:06.4529780Z Collecting certifi>=2017.4.17
2021-04-27T20:56:06.4619118Z   Downloading certifi-2020.12.5-py2.py3-none-any.whl (147 kB)
2021-04-27T20:56:06.5508935Z Collecting urllib3<1.27,>=1.21.1
2021-04-27T20:56:06.5613418Z   Downloading urllib3-1.26.4-py2.py3-none-any.whl (153 kB)
2021-04-27T20:56:07.1172161Z Collecting cryptography>=2.0
2021-04-27T20:56:07.1440623Z   Downloading cryptography-3.4.7-cp36-abi3-manylinux2014_x86_64.whl (3.2 MB)
2021-04-27T20:56:07.3301586Z Collecting future
2021-04-27T20:56:07.3396941Z   Downloading future-0.18.2.tar.gz (829 kB)
2021-04-27T20:56:07.8402960Z Requirement already satisfied: setuptools in /opt/hostedtoolcache/Python/3.8.9/x64/lib/python3.8/site-packages (from humanize->datalad~=0.14->tinuous==0+untagged.1.gb00e92b) (49.2.1)
2021-04-27T20:56:07.9711667Z Building wheels for collected packages: tinuous, datalad, wrapt, future, jsmin
2021-04-27T20:56:07.9725412Z   Building wheel for tinuous (PEP 517): started
2021-04-27T20:56:08.3993456Z   Building wheel for tinuous (PEP 517): finished with status 'done'
2021-04-27T20:56:08.4007471Z   Created wheel for tinuous: filename=tinuous-0+untagged.1.gb00e92b-py3-none-any.whl size=14224 sha256=5f1241d1bc924bea06ba66eca5d4e93c7a25be11022bd9b4c3f10d2ef8291e65
2021-04-27T20:56:08.4013488Z   Stored in directory: /tmp/pip-ephem-wheel-cache-nz_z4t01/wheels/c3/66/fd/aa40fe57fc56b6eafce6be9c19ebd0e1315c64984fda7c47af
2021-04-27T20:56:08.4059257Z   Building wheel for datalad (PEP 517): started
2021-04-27T20:56:09.3685023Z   Building wheel for datalad (PEP 517): finished with status 'done'
2021-04-27T20:56:09.3827465Z   Created wheel for datalad: filename=datalad-0.14.2-py3-none-any.whl size=1603393 sha256=4b01306ced614c55c571081b9ad6b4f29e7d53178e0981226030aff1e8796a1a
2021-04-27T20:56:09.3831690Z   Stored in directory: /home/runner/.cache/pip/wheels/5f/d3/15/1e36a77a4d222a134678396152e3b066be4d289e731045fa5a
2021-04-27T20:56:09.3921368Z   Building wheel for wrapt (setup.py): started
2021-04-27T20:56:10.8472315Z   Building wheel for wrapt (setup.py): finished with status 'done'
2021-04-27T20:56:10.8480289Z   Created wheel for wrapt: filename=wrapt-1.12.1-cp38-cp38-linux_x86_64.whl size=81800 sha256=e3a339342abb23fd4b3da06712b8b8d7688bd3b3623381c59d3f8a60e8b4a376
2021-04-27T20:56:10.8482808Z   Stored in directory: /home/runner/.cache/pip/wheels/5f/fd/9e/b6cf5890494cb8ef0b5eaff72e5d55a70fb56316007d6dfe73
2021-04-27T20:56:10.8507010Z   Building wheel for future (setup.py): started
2021-04-27T20:56:11.3796759Z   Building wheel for future (setup.py): finished with status 'done'
2021-04-27T20:56:11.3835708Z   Created wheel for future: filename=future-0.18.2-py3-none-any.whl size=491059 sha256=bf57e7b31199ce68446da19f7d821a22daf3120631e4d1d49149d487c1213c11
2021-04-27T20:56:11.3838303Z   Stored in directory: /home/runner/.cache/pip/wheels/8e/70/28/3d6ccd6e315f65f245da085482a2e1c7d14b90b30f239e2cf4
2021-04-27T20:56:11.3892706Z   Building wheel for jsmin (setup.py): started
2021-04-27T20:56:12.5445285Z   Building wheel for jsmin (setup.py): finished with status 'done'
2021-04-27T20:56:12.5453360Z   Created wheel for jsmin: filename=jsmin-2.2.2-py3-none-any.whl size=13920 sha256=6c0a84fbba2535cfbe9ff5129fc11da1e71e27419efbb8537d35e15b76f556ef
2021-04-27T20:56:12.5455744Z   Stored in directory: /home/runner/.cache/pip/wheels/65/b7/04/fc4b059d177fd88f3ca362ad372a15e364b0c5433121c7b135
2021-04-27T20:56:12.5487215Z Successfully built tinuous datalad wrapt future jsmin
2021-04-27T20:56:12.9892706Z Installing collected packages: pycparser, cffi, zipp, wrapt, urllib3, six, jeepney, idna, cryptography, chardet, certifi, SecretStorage, requests, pynacl, pyjwt, importlib-metadata, future, deprecated, whoosh, typing-extensions, tqdm, simplejson, PyGithub, patool, msgpack, keyrings.alt, keyring, jsmin, iso8601, humanize, fasteners, distro, click, boto, appdirs, annexremote, PyYAML, python-dateutil, pydantic, in-place, datalad, click-loglevel, tinuous
2021-04-27T20:56:17.7292667Z WARNING: Value for scheme.headers does not match. Please report this to <https://github.com/pypa/pip/issues/9617>
2021-04-27T20:56:17.7294142Z distutils: /opt/hostedtoolcache/Python/3.8.9/x64/include/python3.8/UNKNOWN
2021-04-27T20:56:17.7295312Z sysconfig: /opt/hostedtoolcache/Python/3.8.9/x64/include/python3.8
2021-04-27T20:56:17.7298711Z WARNING: Additional context:
2021-04-27T20:56:17.7299361Z user = False
2021-04-27T20:56:17.7299816Z home = None
2021-04-27T20:56:17.7300293Z root = None
2021-04-27T20:56:17.7300777Z prefix = None
2021-04-27T20:56:17.7478828Z Successfully installed PyGithub-1.55 PyYAML-5.4.1 SecretStorage-3.3.1 annexremote-1.5.0 appdirs-1.4.4 boto-2.49.0 certifi-2020.12.5 cffi-1.14.5 chardet-4.0.0 click-7.1.2 click-loglevel-0.3.0 cryptography-3.4.7 datalad-0.14.2 deprecated-1.2.12 distro-1.5.0 fasteners-0.16 future-0.18.2 humanize-3.4.1 idna-2.10 importlib-metadata-4.0.1 in-place-0.5.0 iso8601-0.1.14 jeepney-0.6.0 jsmin-2.2.2 keyring-23.0.1 keyrings.alt-4.0.2 msgpack-1.0.2 patool-1.12 pycparser-2.20 pydantic-1.8.1 pyjwt-2.0.1 pynacl-1.4.0 python-dateutil-2.8.1 requests-2.25.1 simplejson-3.17.2 six-1.15.0 tinuous-0+untagged.1.gb00e92b tqdm-4.60.0 typing-extensions-3.7.4.3 urllib3-1.26.4 whoosh-2.7.4 wrapt-1.12.1 zipp-3.4.1
2021-04-27T20:56:17.9269026Z ##[group]Run tinuous --help
2021-04-27T20:56:17.9269752Z [36;1mtinuous --help[0m
2021-04-27T20:56:17.9316214Z shell: /usr/bin/bash -e {0}
2021-04-27T20:56:17.9316747Z env:
2021-04-27T20:56:17.9317408Z   pythonLocation: /opt/hostedtoolcache/Python/3.8.9/x64
2021-04-27T20:56:17.9318393Z   LD_LIBRARY_PATH: /opt/hostedtoolcache/Python/3.8.9/x64/lib
2021-04-27T20:56:17.9319066Z ##[endgroup]
2021-04-27T20:56:18.0959573Z It is highly recommended to configure Git before using DataLad. Set both 'user.name' and 'user.email' configuration variables.
2021-04-27T20:56:18.0962312Z It is highly recommended to configure Git before using DataLad. Set both 'user.name' and 'user.email' configuration variables.
2021-04-27T20:56:18.8924886Z Usage: tinuous [OPTIONS] COMMAND [ARGS]...
2021-04-27T20:56:18.8925471Z 
2021-04-27T20:56:18.8926166Z   Download build logs from GitHub Actions, Travis, and Appveyor
2021-04-27T20:56:18.8926703Z 
2021-04-27T20:56:18.8927096Z Options:
2021-04-27T20:56:18.8928644Z   -c, --config FILE               Read configuration from the given file
2021-04-27T20:56:18.8929464Z                                   [default: config.yml]
2021-04-27T20:56:18.8929864Z 
2021-04-27T20:56:18.8930671Z   -l, --log-level [NOTSET|DEBUG|INFO|WARNING|ERROR|CRITICAL]
2021-04-27T20:56:18.8931543Z                                   Set logging level  [default: INFO]
2021-04-27T20:56:18.8932452Z   --help                          Show this message and exit.
2021-04-27T20:56:18.8932906Z 
2021-04-27T20:56:18.8933350Z Commands:
2021-04-27T20:56:18.8933830Z   fetch     Download logs
2021-04-27T20:56:18.8934473Z   sanitize  Sanitize secrets in logs
2021-04-27T20:56:18.9723649Z ##[group]Run python -m pip install mypy
2021-04-27T20:56:18.9724451Z [36;1mpython -m pip install mypy[0m
2021-04-27T20:56:18.9777696Z shell: /usr/bin/bash -e {0}
2021-04-27T20:56:18.9778283Z env:
2021-04-27T20:56:18.9779054Z   pythonLocation: /opt/hostedtoolcache/Python/3.8.9/x64
2021-04-27T20:56:18.9902503Z   LD_LIBRARY_PATH: /opt/hostedtoolcache/Python/3.8.9/x64/lib
2021-04-27T20:56:18.9903166Z ##[endgroup]
2021-04-27T20:56:19.3231344Z WARNING: Value for scheme.headers does not match. Please report this to <https://github.com/pypa/pip/issues/9617>
2021-04-27T20:56:19.3234382Z distutils: /opt/hostedtoolcache/Python/3.8.9/x64/include/python3.8/UNKNOWN
2021-04-27T20:56:19.3236501Z sysconfig: /opt/hostedtoolcache/Python/3.8.9/x64/include/python3.8
2021-04-27T20:56:19.3238338Z WARNING: Additional context:
2021-04-27T20:56:19.3239591Z user = False
2021-04-27T20:56:19.3240622Z home = None
2021-04-27T20:56:19.3241660Z root = None
2021-04-27T20:56:19.3242729Z prefix = None
2021-04-27T20:56:19.5842342Z Collecting mypy
2021-04-27T20:56:19.6219207Z   Downloading mypy-0.812-cp38-cp38-manylinux2010_x86_64.whl (22.5 MB)
2021-04-27T20:56:20.2204150Z Collecting mypy-extensions<0.5.0,>=0.4.3
2021-04-27T20:56:20.2310031Z   Downloading mypy_extensions-0.4.3-py2.py3-none-any.whl (4.5 kB)
2021-04-27T20:56:20.2355826Z Requirement already satisfied: typing-extensions>=3.7.4 in /opt/hostedtoolcache/Python/3.8.9/x64/lib/python3.8/site-packages (from mypy) (3.7.4.3)
2021-04-27T20:56:20.3783523Z Collecting typed-ast<1.5.0,>=1.4.0
2021-04-27T20:56:20.3868727Z   Downloading typed_ast-1.4.3-cp38-cp38-manylinux1_x86_64.whl (774 kB)
2021-04-27T20:56:20.7734095Z Installing collected packages: typed-ast, mypy-extensions, mypy
2021-04-27T20:56:22.4520984Z WARNING: Value for scheme.headers does not match. Please report this to <https://github.com/pypa/pip/issues/9617>
2021-04-27T20:56:22.4523029Z distutils: /opt/hostedtoolcache/Python/3.8.9/x64/include/python3.8/UNKNOWN
2021-04-27T20:56:22.4524516Z sysconfig: /opt/hostedtoolcache/Python/3.8.9/x64/include/python3.8
2021-04-27T20:56:22.4525812Z WARNING: Additional context:
2021-04-27T20:56:22.4526671Z user = False
2021-04-27T20:56:22.4527625Z home = None
2021-04-27T20:56:22.4528095Z root = None
2021-04-27T20:56:22.4528507Z prefix = None
2021-04-27T20:56:22.4676779Z Successfully installed mypy-0.812 mypy-extensions-0.4.3 typed-ast-1.4.3
2021-04-27T20:56:22.5414792Z ##[group]Run mypy src
2021-04-27T20:56:22.5415313Z [36;1mmypy src[0m
2021-04-27T20:56:22.5459022Z shell: /usr/bin/bash -e {0}
2021-04-27T20:56:22.5459442Z env:
2021-04-27T20:56:22.5460018Z   pythonLocation: /opt/hostedtoolcache/Python/3.8.9/x64
2021-04-27T20:56:22.5460811Z   LD_LIBRARY_PATH: /opt/hostedtoolcache/Python/3.8.9/x64/lib
2021-04-27T20:56:22.5461389Z ##[endgroup]
2021-04-27T20:56:26.2698383Z src/tinuous/_version.py:20: error: Function is missing a return type annotation
2021-04-27T20:56:26.2700627Z  [no-untyped-def]
2021-04-27T20:56:26.2701474Z     def get_keywords():
2021-04-27T20:56:26.2702161Z     ^
2021-04-27T20:56:26.2703229Z src/tinuous/_version.py:37: error: Function is missing a return type annotation
2021-04-27T20:56:26.2704708Z  [no-untyped-def]
2021-04-27T20:56:26.2705869Z     def get_config():
2021-04-27T20:56:26.2706503Z     ^
2021-04-27T20:56:26.2707978Z src/tinuous/_version.py:55: error: Need type annotation for 'LONG_VERSION_PY'
2021-04-27T20:56:26.2709865Z (hint: "LONG_VERSION_PY: Dict[<type>, <type>] = ...")  [var-annotated]
2021-04-27T20:56:26.2710913Z     LONG_VERSION_PY = {}
2021-04-27T20:56:26.2711585Z     ^
2021-04-27T20:56:26.2712980Z src/tinuous/_version.py:56: error: Need type annotation for 'HANDLERS' (hint:
2021-04-27T20:56:26.2714667Z "HANDLERS: Dict[<type>, <type>] = ...")  [var-annotated]
2021-04-27T20:56:26.2715611Z     HANDLERS = {}
2021-04-27T20:56:26.2716248Z     ^
2021-04-27T20:56:26.2717324Z src/tinuous/_version.py:59: error: Function is missing a type annotation 
2021-04-27T20:56:26.2718716Z [no-untyped-def]
2021-04-27T20:56:26.2719754Z     def register_vcs_handler(vcs, method):  # decorator
2021-04-27T20:56:26.2720621Z     ^
2021-04-27T20:56:26.2721659Z src/tinuous/_version.py:61: error: Function is missing a type annotation 
2021-04-27T20:56:26.2723044Z [no-untyped-def]
2021-04-27T20:56:26.2723863Z         def decorate(f):
2021-04-27T20:56:26.2724521Z         ^
2021-04-27T20:56:26.2725574Z src/tinuous/_version.py:70: error: Function is missing a type annotation 
2021-04-27T20:56:26.2726947Z [no-untyped-def]
2021-04-27T20:56:26.2728133Z     def run_command(commands, args, cwd=None, verbose=False, hide_stderr=F...
2021-04-27T20:56:26.2729159Z     ^
2021-04-27T20:56:26.2730186Z src/tinuous/_version.py:105: error: Function is missing a type annotation 
2021-04-27T20:56:26.2731598Z [no-untyped-def]
2021-04-27T20:56:26.2732756Z     def versions_from_parentdir(parentdir_prefix, root, verbose):
2021-04-27T20:56:26.2733766Z     ^
2021-04-27T20:56:26.2734788Z src/tinuous/_version.py:131: error: Function is missing a type annotation 
2021-04-27T20:56:26.2736184Z [no-untyped-def]
2021-04-27T20:56:26.2737143Z     def git_get_keywords(versionfile_abs):
2021-04-27T20:56:26.2737956Z     ^
2021-04-27T20:56:26.2738973Z src/tinuous/_version.py:160: error: Function is missing a type annotation 
2021-04-27T20:56:26.2740399Z [no-untyped-def]
2021-04-27T20:56:26.2741542Z     def git_versions_from_keywords(keywords, tag_prefix, verbose):
2021-04-27T20:56:26.2742531Z     ^
2021-04-27T20:56:26.2743578Z src/tinuous/_version.py:219: error: Function is missing a type annotation 
2021-04-27T20:56:26.2744969Z [no-untyped-def]
2021-04-27T20:56:26.2746305Z     def git_pieces_from_vcs(tag_prefix, root, verbose, run_command=run_com...
2021-04-27T20:56:26.2747298Z     ^
2021-04-27T20:56:26.2748346Z src/tinuous/_version.py:313: error: Function is missing a type annotation 
2021-04-27T20:56:26.2749765Z [no-untyped-def]
2021-04-27T20:56:26.2750625Z     def plus_or_dot(pieces):
2021-04-27T20:56:26.2751311Z     ^
2021-04-27T20:56:26.2752360Z src/tinuous/_version.py:320: error: Function is missing a type annotation 
2021-04-27T20:56:26.2753758Z [no-untyped-def]
2021-04-27T20:56:26.2754631Z     def render_pep440(pieces):
2021-04-27T20:56:26.2755357Z     ^
2021-04-27T20:56:26.2756372Z src/tinuous/_version.py:345: error: Function is missing a type annotation 
2021-04-27T20:56:26.2757771Z [no-untyped-def]
2021-04-27T20:56:26.2758671Z     def render_pep440_pre(pieces):
2021-04-27T20:56:26.2759806Z     ^
2021-04-27T20:56:26.2760934Z src/tinuous/_version.py:361: error: Function is missing a type annotation 
2021-04-27T20:56:26.2774343Z [no-untyped-def]
2021-04-27T20:56:26.2774929Z     def render_pep440_post(pieces):
2021-04-27T20:56:26.2775412Z     ^
2021-04-27T20:56:26.2776040Z src/tinuous/_version.py:388: error: Function is missing a type annotation 
2021-04-27T20:56:26.2776909Z [no-untyped-def]
2021-04-27T20:56:26.2777689Z     def render_pep440_old(pieces):
2021-04-27T20:56:26.2778140Z     ^
2021-04-27T20:56:26.2778779Z src/tinuous/_version.py:410: error: Function is missing a type annotation 
2021-04-27T20:56:26.2779630Z [no-untyped-def]
2021-04-27T20:56:26.2780205Z     def render_git_describe(pieces):
2021-04-27T20:56:26.2780675Z     ^
2021-04-27T20:56:26.2781315Z src/tinuous/_version.py:430: error: Function is missing a type annotation 
2021-04-27T20:56:26.2782153Z [no-untyped-def]
2021-04-27T20:56:26.2782734Z     def render_git_describe_long(pieces):
2021-04-27T20:56:26.2783211Z     ^
2021-04-27T20:56:26.2783854Z src/tinuous/_version.py:450: error: Function is missing a type annotation 
2021-04-27T20:56:26.2784704Z [no-untyped-def]
2021-04-27T20:56:26.2785580Z     def render(pieces, style):
2021-04-27T20:56:26.2786043Z     ^
2021-04-27T20:56:26.2786638Z src/tinuous/_version.py:482: error: Function is missing a return type
2021-04-27T20:56:26.2787559Z annotation  [no-untyped-def]
2021-04-27T20:56:26.2788107Z     def get_versions():
2021-04-27T20:56:26.2788530Z     ^
2021-04-27T20:56:26.8502848Z Found 20 errors in 1 file (checked 2 source files)
2021-04-27T20:56:27.1882779Z ##[error]Process completed with exit code 1.
2021-04-27T20:56:27.1981857Z Post job cleanup.
2021-04-27T20:56:27.3072265Z [command]/usr/bin/git version
2021-04-27T20:56:27.3148240Z git version 2.31.1
2021-04-27T20:56:27.3220587Z [command]/usr/bin/git config --local --name-only --get-regexp core\.sshCommand
2021-04-27T20:56:27.3295861Z [command]/usr/bin/git submodule foreach --recursive git config --local --name-only --get-regexp 'core\.sshCommand' && git config --local --unset-all 'core.sshCommand' || :
2021-04-27T20:56:27.3796205Z [command]/usr/bin/git config --local --name-only --get-regexp http\.https\:\/\/github\.com\/\.extraheader
2021-04-27T20:56:27.3843013Z http.https://github.com/.extraheader
2021-04-27T20:56:27.3850257Z [command]/usr/bin/git config --local --unset-all http.https://github.com/.extraheader
2021-04-27T20:56:27.3941039Z [command]/usr/bin/git submodule foreach --recursive git config --local --name-only --get-regexp 'http\.https\:\/\/github\.com\/\.extraheader' && git config --local --unset-all 'http.https://github.com/.extraheader' || :
2021-04-27T20:56:27.4608604Z Cleaning up orphan processes
