2021-04-27T20:55:39.0139846Z ##[section]Starting: Request a runner to run this job
2021-04-27T20:55:39.1726355Z Can't find any online and idle self-hosted runner in current repository that matches the required labels: 'ubuntu-latest'
2021-04-27T20:55:39.1726458Z Can't find any online and idle self-hosted runner in current repository's account/organization that matches the required labels: 'ubuntu-latest'
2021-04-27T20:55:39.1726659Z Found online and idle hosted runner in current repository's account/organization that matches the required labels: 'ubuntu-latest'
2021-04-27T20:55:39.3114495Z ##[section]Finishing: Request a runner to run this job
2021-04-27T20:55:47.2244027Z Current runner version: '2.278.0'
2021-04-27T20:55:47.2273444Z ##[group]Operating System
2021-04-27T20:55:47.2274419Z Ubuntu
2021-04-27T20:55:47.2274941Z 20.04.2
2021-04-27T20:55:47.2275389Z LTS
2021-04-27T20:55:47.2275963Z ##[endgroup]
2021-04-27T20:55:47.2276557Z ##[group]Virtual Environment
2021-04-27T20:55:47.2277307Z Environment: ubuntu-20.04
2021-04-27T20:55:47.2277943Z Version: 20210425.1
2021-04-27T20:55:47.2279025Z Included Software: https://github.com/actions/virtual-environments/blob/ubuntu20/20210425.1/images/linux/Ubuntu2004-README.md
2021-04-27T20:55:47.2280578Z Image Release: https://github.com/actions/virtual-environments/releases/tag/ubuntu20%2F20210425.1
2021-04-27T20:55:47.2281538Z ##[endgroup]
2021-04-27T20:55:47.2283699Z ##[group]GITHUB_TOKEN Permissions
2021-04-27T20:55:47.2285009Z Actions: write
2021-04-27T20:55:47.2285580Z Checks: write
2021-04-27T20:55:47.2286189Z Contents: write
2021-04-27T20:55:47.2286836Z Deployments: write
2021-04-27T20:55:47.2287539Z Issues: write
2021-04-27T20:55:47.2288138Z Metadata: read
2021-04-27T20:55:47.2288775Z Packages: write
2021-04-27T20:55:47.2289424Z PullRequests: write
2021-04-27T20:55:47.2290141Z RepositoryProjects: write
2021-04-27T20:55:47.2290908Z SecurityEvents: write
2021-04-27T20:55:47.2291506Z Statuses: write
2021-04-27T20:55:47.2292234Z ##[endgroup]
2021-04-27T20:55:47.2295462Z Prepare workflow directory
2021-04-27T20:55:47.2976078Z Prepare all required actions
2021-04-27T20:55:47.2988026Z Getting action download info
2021-04-27T20:55:47.7375393Z Download action repository 'actions/checkout@v2'
2021-04-27T20:55:49.7392033Z Download action repository 'actions/setup-python@v2'
2021-04-27T20:55:50.2592280Z ##[group]Run actions/checkout@v2
2021-04-27T20:55:50.2592958Z with:
2021-04-27T20:55:50.2593420Z   repository: con/tinuous
2021-04-27T20:55:50.2594417Z   token: ***
2021-04-27T20:55:50.2594847Z   ssh-strict: true
2021-04-27T20:55:50.2595419Z   persist-credentials: true
2021-04-27T20:55:50.2595951Z   clean: true
2021-04-27T20:55:50.2596396Z   fetch-depth: 1
2021-04-27T20:55:50.2596838Z   lfs: false
2021-04-27T20:55:50.2597283Z   submodules: false
2021-04-27T20:55:50.2597726Z ##[endgroup]
2021-04-27T20:55:50.5011115Z Syncing repository: con/tinuous
2021-04-27T20:55:50.5012174Z ##[group]Getting Git version info
2021-04-27T20:55:50.5013583Z Working directory is '/home/runner/work/tinuous/tinuous'
2021-04-27T20:55:50.5014469Z [command]/usr/bin/git version
2021-04-27T20:55:50.5173246Z git version 2.31.1
2021-04-27T20:55:50.5196092Z ##[endgroup]
2021-04-27T20:55:50.5203438Z Deleting the contents of '/home/runner/work/tinuous/tinuous'
2021-04-27T20:55:50.5207182Z ##[group]Initializing the repository
2021-04-27T20:55:50.5211585Z [command]/usr/bin/git init /home/runner/work/tinuous/tinuous
2021-04-27T20:55:50.5295209Z hint: Using 'master' as the name for the initial branch. This default branch name
2021-04-27T20:55:50.5296576Z hint: is subject to change. To configure the initial branch name to use in all
2021-04-27T20:55:50.5297648Z hint: of your new repositories, which will suppress this warning, call:
2021-04-27T20:55:50.5298487Z hint: 
2021-04-27T20:55:50.5299510Z hint: 	git config --global init.defaultBranch <name>
2021-04-27T20:55:50.5300263Z hint: 
2021-04-27T20:55:50.5301221Z hint: Names commonly chosen instead of 'master' are 'main', 'trunk' and
2021-04-27T20:55:50.5302758Z hint: 'development'. The just-created branch can be renamed via this command:
2021-04-27T20:55:50.5304781Z hint: 
2021-04-27T20:55:50.5306438Z hint: 	git branch -m <name>
2021-04-27T20:55:50.5314983Z Initialized empty Git repository in /home/runner/work/tinuous/tinuous/.git/
2021-04-27T20:55:50.5327521Z [command]/usr/bin/git remote add origin https://github.com/con/tinuous
2021-04-27T20:55:50.5383597Z ##[endgroup]
2021-04-27T20:55:51.0338790Z ##[group]Disabling automatic garbage collection
2021-04-27T20:55:51.0340385Z [command]/usr/bin/git config --local gc.auto 0
2021-04-27T20:55:51.0341135Z ##[endgroup]
2021-04-27T20:55:51.0343640Z ##[group]Setting up auth
2021-04-27T20:55:51.0345037Z [command]/usr/bin/git config --local --name-only --get-regexp core\.sshCommand
2021-04-27T20:55:51.0346844Z [command]/usr/bin/git submodule foreach --recursive git config --local --name-only --get-regexp 'core\.sshCommand' && git config --local --unset-all 'core.sshCommand' || :
2021-04-27T20:55:51.0348706Z [command]/usr/bin/git config --local --name-only --get-regexp http\.https\:\/\/github\.com\/\.extraheader
2021-04-27T20:55:51.0350974Z [command]/usr/bin/git submodule foreach --recursive git config --local --name-only --get-regexp 'http\.https\:\/\/github\.com\/\.extraheader' && git config --local --unset-all 'http.https://github.com/.extraheader' || :
2021-04-27T20:55:51.0353125Z [command]/usr/bin/git config --local http.https://github.com/.extraheader AUTHORIZATION: basic ***
2021-04-27T20:55:51.0354180Z ##[endgroup]
2021-04-27T20:55:51.0354846Z ##[group]Fetching the repository
2021-04-27T20:55:51.0357147Z [command]/usr/bin/git -c protocol.version=2 fetch --no-tags --prune --progress --no-recurse-submodules --depth=1 origin +b00e92b78a7a8ddfb484931d02efd19ea9a6bf4e:refs/remotes/origin/fix-tests
2021-04-27T20:55:51.0358762Z remote: Enumerating objects: 20, done.        
2021-04-27T20:55:51.0359526Z remote: Counting objects:   5% (1/20)        
2021-04-27T20:55:51.0360239Z remote: Counting objects:  10% (2/20)        
2021-04-27T20:55:51.0360930Z remote: Counting objects:  15% (3/20)        
2021-04-27T20:55:51.0361635Z remote: Counting objects:  20% (4/20)        
2021-04-27T20:55:51.0362319Z remote: Counting objects:  25% (5/20)        
2021-04-27T20:55:51.0363018Z remote: Counting objects:  30% (6/20)        
2021-04-27T20:55:51.0363887Z remote: Counting objects:  35% (7/20)        
2021-04-27T20:55:51.0364601Z remote: Counting objects:  40% (8/20)        
2021-04-27T20:55:51.0365301Z remote: Counting objects:  45% (9/20)        
2021-04-27T20:55:51.0365997Z remote: Counting objects:  50% (10/20)        
2021-04-27T20:55:51.0366704Z remote: Counting objects:  55% (11/20)        
2021-04-27T20:55:51.0367423Z remote: Counting objects:  60% (12/20)        
2021-04-27T20:55:51.0368112Z remote: Counting objects:  65% (13/20)        
2021-04-27T20:55:51.0368815Z remote: Counting objects:  70% (14/20)        
2021-04-27T20:55:51.0369508Z remote: Counting objects:  75% (15/20)        
2021-04-27T20:55:51.0370195Z remote: Counting objects:  80% (16/20)        
2021-04-27T20:55:51.0370892Z remote: Counting objects:  85% (17/20)        
2021-04-27T20:55:51.0371598Z remote: Counting objects:  90% (18/20)        
2021-04-27T20:55:51.0372303Z remote: Counting objects:  95% (19/20)        
2021-04-27T20:55:51.0373014Z remote: Counting objects: 100% (20/20)        
2021-04-27T20:55:51.0373723Z remote: Counting objects: 100% (20/20), done.        
2021-04-27T20:55:51.0374492Z remote: Compressing objects:   6% (1/15)        
2021-04-27T20:55:51.0375241Z remote: Compressing objects:  13% (2/15)        
2021-04-27T20:55:51.0375997Z remote: Compressing objects:  20% (3/15)        
2021-04-27T20:55:51.0376806Z remote: Compressing objects:  26% (4/15)        
2021-04-27T20:55:51.0377550Z remote: Compressing objects:  33% (5/15)        
2021-04-27T20:55:51.0378303Z remote: Compressing objects:  40% (6/15)        
2021-04-27T20:55:51.0379035Z remote: Compressing objects:  46% (7/15)        
2021-04-27T20:55:51.0379784Z remote: Compressing objects:  53% (8/15)        
2021-04-27T20:55:51.0380534Z remote: Compressing objects:  60% (9/15)        
2021-04-27T20:55:51.0381281Z remote: Compressing objects:  66% (10/15)        
2021-04-27T20:55:51.0382041Z remote: Compressing objects:  73% (11/15)        
2021-04-27T20:55:51.0383888Z remote: Compressing objects:  80% (12/15)        
2021-04-27T20:55:51.0384637Z remote: Compressing objects:  86% (13/15)        
2021-04-27T20:55:51.0385390Z remote: Compressing objects:  93% (14/15)        
2021-04-27T20:55:51.0386127Z remote: Compressing objects: 100% (15/15)        
2021-04-27T20:55:51.0386913Z remote: Compressing objects: 100% (15/15), done.        
2021-04-27T20:55:51.0388121Z remote: Total 20 (delta 1), reused 14 (delta 1), pack-reused 0        
2021-04-27T20:55:51.0389215Z From https://github.com/con/tinuous
2021-04-27T20:55:51.0390529Z  * [new ref]         b00e92b78a7a8ddfb484931d02efd19ea9a6bf4e -> origin/fix-tests
2021-04-27T20:55:51.0391536Z ##[endgroup]
2021-04-27T20:55:51.0392229Z ##[group]Determining the checkout info
2021-04-27T20:55:51.0392973Z ##[endgroup]
2021-04-27T20:55:51.0393578Z ##[group]Checking out the ref
2021-04-27T20:55:51.0394758Z [command]/usr/bin/git checkout --progress --force -B fix-tests refs/remotes/origin/fix-tests
2021-04-27T20:55:51.0395921Z Switched to a new branch 'fix-tests'
2021-04-27T20:55:51.0397161Z Branch 'fix-tests' set up to track remote branch 'fix-tests' from 'origin'.
2021-04-27T20:55:51.0398086Z ##[endgroup]
2021-04-27T20:55:51.0398904Z [command]/usr/bin/git log -1 --format='%H'
2021-04-27T20:55:51.0399973Z 'b00e92b78a7a8ddfb484931d02efd19ea9a6bf4e'
2021-04-27T20:55:51.0533523Z ##[group]Run actions/setup-python@v2
2021-04-27T20:55:51.0534056Z with:
2021-04-27T20:55:51.0534528Z   python-version: 3.9
2021-04-27T20:55:51.0535496Z   token: ***
2021-04-27T20:55:51.0535917Z ##[endgroup]
2021-04-27T20:55:51.1293425Z Successfully setup CPython (3.9.4)
2021-04-27T20:55:51.1358032Z ##[group]Run python -m pip install --upgrade pip wheel
2021-04-27T20:55:51.1358845Z [36;1mpython -m pip install --upgrade pip wheel[0m
2021-04-27T20:55:51.1359476Z [36;1mpython -m pip install .[0m
2021-04-27T20:55:51.1408897Z shell: /usr/bin/bash -e {0}
2021-04-27T20:55:51.1409465Z env:
2021-04-27T20:55:51.1410028Z   pythonLocation: /opt/hostedtoolcache/Python/3.9.4/x64
2021-04-27T20:55:51.1410814Z   LD_LIBRARY_PATH: /opt/hostedtoolcache/Python/3.9.4/x64/lib
2021-04-27T20:55:51.1411384Z ##[endgroup]
2021-04-27T20:55:51.7409934Z WARNING: Value for scheme.headers does not match. Please report this to <https://github.com/pypa/pip/issues/9617>
2021-04-27T20:55:51.7411522Z distutils: /opt/hostedtoolcache/Python/3.9.4/x64/include/python3.9/UNKNOWN
2021-04-27T20:55:51.7412660Z sysconfig: /opt/hostedtoolcache/Python/3.9.4/x64/include/python3.9
2021-04-27T20:55:51.7413659Z WARNING: Additional context:
2021-04-27T20:55:51.7414309Z user = False
2021-04-27T20:55:51.7414868Z home = None
2021-04-27T20:55:51.7415422Z root = None
2021-04-27T20:55:51.7415967Z prefix = None
2021-04-27T20:55:51.8217169Z Requirement already satisfied: pip in /opt/hostedtoolcache/Python/3.9.4/x64/lib/python3.9/site-packages (21.1)
2021-04-27T20:55:52.0340218Z Collecting wheel
2021-04-27T20:55:52.0939028Z   Downloading wheel-0.36.2-py2.py3-none-any.whl (35 kB)
2021-04-27T20:55:52.1504072Z Installing collected packages: wheel
2021-04-27T20:55:52.1852779Z WARNING: Value for scheme.headers does not match. Please report this to <https://github.com/pypa/pip/issues/9617>
2021-04-27T20:55:52.1854041Z distutils: /opt/hostedtoolcache/Python/3.9.4/x64/include/python3.9/UNKNOWN
2021-04-27T20:55:52.1854966Z sysconfig: /opt/hostedtoolcache/Python/3.9.4/x64/include/python3.9
2021-04-27T20:55:52.1855715Z WARNING: Additional context:
2021-04-27T20:55:52.1856246Z user = False
2021-04-27T20:55:52.1856659Z home = None
2021-04-27T20:55:52.1857047Z root = None
2021-04-27T20:55:52.1857465Z prefix = None
2021-04-27T20:55:52.1863548Z Successfully installed wheel-0.36.2
2021-04-27T20:55:52.6636286Z WARNING: Value for scheme.headers does not match. Please report this to <https://github.com/pypa/pip/issues/9617>
2021-04-27T20:55:52.6638974Z distutils: /opt/hostedtoolcache/Python/3.9.4/x64/include/python3.9/UNKNOWN
2021-04-27T20:55:52.6640911Z sysconfig: /opt/hostedtoolcache/Python/3.9.4/x64/include/python3.9
2021-04-27T20:55:52.6642805Z WARNING: Additional context:
2021-04-27T20:55:52.6644078Z user = False
2021-04-27T20:55:52.6645313Z home = None
2021-04-27T20:55:52.6646445Z root = None
2021-04-27T20:55:52.6647526Z prefix = None
2021-04-27T20:55:52.7607883Z Processing /home/runner/work/tinuous/tinuous
2021-04-27T20:55:52.7611871Z   DEPRECATION: A future pip version will change local packages to be built in-place without first copying to a temporary directory. We recommend you use --use-feature=in-tree-build to test your packages with this new behavior before it becomes the default.
2021-04-27T20:55:52.7614442Z    pip 21.3 will remove support for this functionality. You can find discussion regarding this at https://github.com/pypa/pip/issues/7555.
2021-04-27T20:55:53.8349842Z   Installing build dependencies: started
2021-04-27T20:55:56.5853822Z   Installing build dependencies: finished with status 'done'
2021-04-27T20:55:56.5884769Z   Getting requirements to build wheel: started
2021-04-27T20:55:56.9224619Z   Getting requirements to build wheel: finished with status 'done'
2021-04-27T20:55:56.9239207Z     Preparing wheel metadata: started
2021-04-27T20:55:57.1994216Z     Preparing wheel metadata: finished with status 'done'
2021-04-27T20:55:57.2839428Z Collecting click-loglevel~=0.2
2021-04-27T20:55:57.3176363Z   Downloading click_loglevel-0.3.0-py3-none-any.whl (5.0 kB)
2021-04-27T20:55:57.3694395Z Collecting click~=7.0
2021-04-27T20:55:57.3775480Z   Downloading click-7.1.2-py2.py3-none-any.whl (82 kB)
2021-04-27T20:55:57.4864484Z Collecting requests~=2.20
2021-04-27T20:55:57.4947056Z   Downloading requests-2.25.1-py2.py3-none-any.whl (61 kB)
2021-04-27T20:55:57.5508168Z Collecting PyGithub~=1.53
2021-04-27T20:55:57.5619321Z   Downloading PyGithub-1.55-py3-none-any.whl (291 kB)
2021-04-27T20:55:57.6219004Z Collecting python-dateutil~=2.7
2021-04-27T20:55:57.6296414Z   Downloading python_dateutil-2.8.1-py2.py3-none-any.whl (227 kB)
2021-04-27T20:55:57.7421690Z Collecting PyYAML~=5.0
2021-04-27T20:55:57.7544519Z   Downloading PyYAML-5.4.1-cp39-cp39-manylinux1_x86_64.whl (630 kB)
2021-04-27T20:55:57.8293259Z Collecting datalad~=0.14
2021-04-27T20:55:57.8592626Z   Downloading datalad-0.14.2.tar.gz (1.6 MB)
2021-04-27T20:55:58.2225069Z   Installing build dependencies: started
2021-04-27T20:56:00.8582624Z   Installing build dependencies: finished with status 'done'
2021-04-27T20:56:00.8642884Z   Getting requirements to build wheel: started
2021-04-27T20:56:01.3035056Z   Getting requirements to build wheel: finished with status 'done'
2021-04-27T20:56:01.3062957Z     Preparing wheel metadata: started
2021-04-27T20:56:01.8095058Z     Preparing wheel metadata: finished with status 'done'
2021-04-27T20:56:02.7399698Z Collecting pydantic~=1.7
2021-04-27T20:56:02.7401478Z   Downloading pydantic-1.8.1-cp39-cp39-manylinux2014_x86_64.whl (11.3 MB)
2021-04-27T20:56:02.7402925Z Collecting in-place~=0.4
2021-04-27T20:56:02.7403976Z   Downloading in_place-0.5.0-py3-none-any.whl (9.1 kB)
2021-04-27T20:56:02.7404816Z Collecting keyring>=8.0
2021-04-27T20:56:02.7405895Z   Downloading keyring-23.0.1-py3-none-any.whl (33 kB)
2021-04-27T20:56:02.7406726Z Collecting iso8601
2021-04-27T20:56:02.7407775Z   Downloading iso8601-0.1.14-py2.py3-none-any.whl (9.5 kB)
2021-04-27T20:56:02.7408707Z Collecting keyrings.alt
2021-04-27T20:56:02.7409845Z   Downloading keyrings.alt-4.0.2-py3-none-any.whl (20 kB)
2021-04-27T20:56:02.7410741Z Collecting wrapt
2021-04-27T20:56:02.7411600Z   Downloading wrapt-1.12.1.tar.gz (27 kB)
2021-04-27T20:56:03.2188637Z Collecting msgpack
2021-04-27T20:56:03.2284606Z   Downloading msgpack-1.0.2-cp39-cp39-manylinux1_x86_64.whl (294 kB)
2021-04-27T20:56:03.2944218Z Collecting humanize
2021-04-27T20:56:03.3023477Z   Downloading humanize-3.4.1-py3-none-any.whl (73 kB)
2021-04-27T20:56:03.3326474Z Collecting distro
2021-04-27T20:56:03.3407860Z   Downloading distro-1.5.0-py2.py3-none-any.whl (18 kB)
2021-04-27T20:56:03.3707577Z Collecting chardet>=3.0.4
2021-04-27T20:56:03.3787018Z   Downloading chardet-4.0.0-py2.py3-none-any.whl (178 kB)
2021-04-27T20:56:03.4088026Z Collecting patool>=1.7
2021-04-27T20:56:03.4233567Z   Downloading patool-1.12-py2.py3-none-any.whl (77 kB)
2021-04-27T20:56:03.5258536Z Collecting simplejson
2021-04-27T20:56:03.5352835Z   Downloading simplejson-3.17.2.tar.gz (83 kB)
2021-04-27T20:56:03.8998804Z Collecting whoosh
2021-04-27T20:56:03.9099458Z   Downloading Whoosh-2.7.4-py2.py3-none-any.whl (468 kB)
2021-04-27T20:56:03.9434770Z Collecting appdirs
2021-04-27T20:56:03.9521288Z   Downloading appdirs-1.4.4-py2.py3-none-any.whl (9.6 kB)
2021-04-27T20:56:04.0891506Z Collecting tqdm
2021-04-27T20:56:04.0970927Z   Downloading tqdm-4.60.0-py2.py3-none-any.whl (75 kB)
2021-04-27T20:56:04.1604640Z Collecting boto
2021-04-27T20:56:04.1695906Z   Downloading boto-2.49.0-py2.py3-none-any.whl (1.4 MB)
2021-04-27T20:56:04.2325886Z Collecting fasteners>=0.14
2021-04-27T20:56:04.2408616Z   Downloading fasteners-0.16-py2.py3-none-any.whl (28 kB)
2021-04-27T20:56:04.2709314Z Collecting jsmin
2021-04-27T20:56:04.2788557Z   Downloading jsmin-2.2.2.tar.gz (12 kB)
2021-04-27T20:56:04.5313870Z Collecting annexremote
2021-04-27T20:56:04.5400466Z   Downloading annexremote-1.5.0-py3-none-any.whl (25 kB)
2021-04-27T20:56:04.5842087Z Collecting six
2021-04-27T20:56:04.5922778Z   Downloading six-1.15.0-py2.py3-none-any.whl (10 kB)
2021-04-27T20:56:04.7049733Z Collecting importlib-metadata>=3.6
2021-04-27T20:56:04.7135400Z   Downloading importlib_metadata-4.0.1-py3-none-any.whl (16 kB)
2021-04-27T20:56:04.7442432Z Collecting SecretStorage>=3.2
2021-04-27T20:56:04.7532653Z   Downloading SecretStorage-3.3.1-py3-none-any.whl (15 kB)
2021-04-27T20:56:04.7855427Z Collecting jeepney>=0.4.2
2021-04-27T20:56:04.7933221Z   Downloading jeepney-0.6.0-py3-none-any.whl (45 kB)
2021-04-27T20:56:04.8692650Z Collecting zipp>=0.5
2021-04-27T20:56:04.8795916Z   Downloading zipp-3.4.1-py3-none-any.whl (5.2 kB)
2021-04-27T20:56:04.9306773Z Collecting typing-extensions>=3.7.4.3
2021-04-27T20:56:04.9389121Z   Downloading typing_extensions-3.7.4.3-py3-none-any.whl (22 kB)
2021-04-27T20:56:05.0189489Z Collecting pynacl>=1.4.0
2021-04-27T20:56:05.0279011Z   Downloading PyNaCl-1.4.0-cp35-abi3-manylinux1_x86_64.whl (961 kB)
2021-04-27T20:56:05.1225498Z Collecting pyjwt>=2.0
2021-04-27T20:56:05.1389398Z   Downloading PyJWT-2.0.1-py3-none-any.whl (15 kB)
2021-04-27T20:56:05.1970869Z Collecting deprecated
2021-04-27T20:56:05.2072663Z   Downloading Deprecated-1.2.12-py2.py3-none-any.whl (9.5 kB)
2021-04-27T20:56:05.6066766Z Collecting cffi>=1.4.1
2021-04-27T20:56:05.6160797Z   Downloading cffi-1.14.5-cp39-cp39-manylinux1_x86_64.whl (406 kB)
2021-04-27T20:56:05.6584185Z Collecting pycparser
2021-04-27T20:56:05.6676743Z   Downloading pycparser-2.20-py2.py3-none-any.whl (112 kB)
2021-04-27T20:56:05.7335182Z Collecting idna<3,>=2.5
2021-04-27T20:56:05.7420526Z   Downloading idna-2.10-py2.py3-none-any.whl (58 kB)
2021-04-27T20:56:05.8180340Z Collecting urllib3<1.27,>=1.21.1
2021-04-27T20:56:05.8263170Z   Downloading urllib3-1.26.4-py2.py3-none-any.whl (153 kB)
2021-04-27T20:56:05.8811715Z Collecting certifi>=2017.4.17
2021-04-27T20:56:05.8899483Z   Downloading certifi-2020.12.5-py2.py3-none-any.whl (147 kB)
2021-04-27T20:56:06.4090474Z Collecting cryptography>=2.0
2021-04-27T20:56:06.4177383Z   Downloading cryptography-3.4.7-cp36-abi3-manylinux2014_x86_64.whl (3.2 MB)
2021-04-27T20:56:06.5999829Z Collecting future
2021-04-27T20:56:06.6105018Z   Downloading future-0.18.2.tar.gz (829 kB)
2021-04-27T20:56:07.0823285Z Requirement already satisfied: setuptools in /opt/hostedtoolcache/Python/3.9.4/x64/lib/python3.9/site-packages (from humanize->datalad~=0.14->tinuous==0+untagged.1.gb00e92b) (49.2.1)
2021-04-27T20:56:07.2388274Z Building wheels for collected packages: tinuous, datalad, wrapt, future, jsmin, simplejson
2021-04-27T20:56:07.2396267Z   Building wheel for tinuous (PEP 517): started
2021-04-27T20:56:07.5597970Z   Building wheel for tinuous (PEP 517): finished with status 'done'
2021-04-27T20:56:07.5612532Z   Created wheel for tinuous: filename=tinuous-0+untagged.1.gb00e92b-py3-none-any.whl size=14224 sha256=c1ae7fd42b345851792d8d647620a9d9db7f24262e0a736e761957a727a56291
2021-04-27T20:56:07.5615590Z   Stored in directory: /tmp/pip-ephem-wheel-cache-8jvapu10/wheels/90/c4/03/917c42adcde0fda113460da55703d811beff51352ae68a48ef
2021-04-27T20:56:07.5658079Z   Building wheel for datalad (PEP 517): started
2021-04-27T20:56:08.5586625Z   Building wheel for datalad (PEP 517): finished with status 'done'
2021-04-27T20:56:08.5658384Z   Created wheel for datalad: filename=datalad-0.14.2-py3-none-any.whl size=1603393 sha256=4b01306ced614c55c571081b9ad6b4f29e7d53178e0981226030aff1e8796a1a
2021-04-27T20:56:08.5662883Z   Stored in directory: /home/runner/.cache/pip/wheels/d8/48/3f/12d27b732161b109efb697a979af55e8c1808ea87d68839bda
2021-04-27T20:56:08.5727162Z   Building wheel for wrapt (setup.py): started
2021-04-27T20:56:09.9125891Z   Building wheel for wrapt (setup.py): finished with status 'done'
2021-04-27T20:56:09.9133475Z   Created wheel for wrapt: filename=wrapt-1.12.1-cp39-cp39-linux_x86_64.whl size=78668 sha256=04d19ce31be83e15c7c1aa20d226fc943bc6a3660d02efaf7f4c83c13deedfc1
2021-04-27T20:56:09.9135899Z   Stored in directory: /home/runner/.cache/pip/wheels/98/23/68/efe259aaca055e93b08e74fbe512819c69a2155c11ba3c0f10
2021-04-27T20:56:09.9161078Z   Building wheel for future (setup.py): started
2021-04-27T20:56:10.3957860Z   Building wheel for future (setup.py): finished with status 'done'
2021-04-27T20:56:10.3999897Z   Created wheel for future: filename=future-0.18.2-py3-none-any.whl size=491059 sha256=bf57e7b31199ce68446da19f7d821a22daf3120631e4d1d49149d487c1213c11
2021-04-27T20:56:10.4007378Z   Stored in directory: /home/runner/.cache/pip/wheels/2f/a0/d3/4030d9f80e6b3be787f19fc911b8e7aa462986a40ab1e4bb94
2021-04-27T20:56:10.4059248Z   Building wheel for jsmin (setup.py): started
2021-04-27T20:56:11.5336165Z   Building wheel for jsmin (setup.py): finished with status 'done'
2021-04-27T20:56:11.5345113Z   Created wheel for jsmin: filename=jsmin-2.2.2-py3-none-any.whl size=13920 sha256=03dc8ea78d8b8aa1a77645a0b7773b4411dc681b4983c4f8eac1a2ba87d5a8a7
2021-04-27T20:56:11.5347493Z   Stored in directory: /home/runner/.cache/pip/wheels/40/dd/1e/fa3c36f3dda73beb0d0d2cd44ca9bf5119ea8881e99fc45e6d
2021-04-27T20:56:11.5391470Z   Building wheel for simplejson (setup.py): started
2021-04-27T20:56:13.1204181Z   Building wheel for simplejson (setup.py): finished with status 'done'
2021-04-27T20:56:13.1225825Z   Created wheel for simplejson: filename=simplejson-3.17.2-cp39-cp39-linux_x86_64.whl size=135293 sha256=6d950996a0554ab92adf9c03aa874a956ebb7315e728ba86deb01f350bfff5d5
2021-04-27T20:56:13.1228386Z   Stored in directory: /home/runner/.cache/pip/wheels/a2/c7/6a/2dabbded050716dd50faef2145e3ffa509b0d3895899c599f5
2021-04-27T20:56:13.1268357Z Successfully built tinuous datalad wrapt future jsmin simplejson
2021-04-27T20:56:13.5051815Z Installing collected packages: pycparser, cffi, zipp, wrapt, urllib3, six, jeepney, idna, cryptography, chardet, certifi, SecretStorage, requests, pynacl, pyjwt, importlib-metadata, future, deprecated, whoosh, typing-extensions, tqdm, simplejson, PyGithub, patool, msgpack, keyrings.alt, keyring, jsmin, iso8601, humanize, fasteners, distro, click, boto, appdirs, annexremote, PyYAML, python-dateutil, pydantic, in-place, datalad, click-loglevel, tinuous
2021-04-27T20:56:17.9271010Z WARNING: Value for scheme.headers does not match. Please report this to <https://github.com/pypa/pip/issues/9617>
2021-04-27T20:56:17.9272379Z distutils: /opt/hostedtoolcache/Python/3.9.4/x64/include/python3.9/UNKNOWN
2021-04-27T20:56:17.9273495Z sysconfig: /opt/hostedtoolcache/Python/3.9.4/x64/include/python3.9
2021-04-27T20:56:17.9276571Z WARNING: Additional context:
2021-04-27T20:56:17.9277313Z user = False
2021-04-27T20:56:17.9277770Z home = None
2021-04-27T20:56:17.9278245Z root = None
2021-04-27T20:56:17.9278681Z prefix = None
2021-04-27T20:56:17.9445375Z Successfully installed PyGithub-1.55 PyYAML-5.4.1 SecretStorage-3.3.1 annexremote-1.5.0 appdirs-1.4.4 boto-2.49.0 certifi-2020.12.5 cffi-1.14.5 chardet-4.0.0 click-7.1.2 click-loglevel-0.3.0 cryptography-3.4.7 datalad-0.14.2 deprecated-1.2.12 distro-1.5.0 fasteners-0.16 future-0.18.2 humanize-3.4.1 idna-2.10 importlib-metadata-4.0.1 in-place-0.5.0 iso8601-0.1.14 jeepney-0.6.0 jsmin-2.2.2 keyring-23.0.1 keyrings.alt-4.0.2 msgpack-1.0.2 patool-1.12 pycparser-2.20 pydantic-1.8.1 pyjwt-2.0.1 pynacl-1.4.0 python-dateutil-2.8.1 requests-2.25.1 simplejson-3.17.2 six-1.15.0 tinuous-0+untagged.1.gb00e92b tqdm-4.60.0 typing-extensions-3.7.4.3 urllib3-1.26.4 whoosh-2.7.4 wrapt-1.12.1 zipp-3.4.1
2021-04-27T20:56:18.1115483Z ##[group]Run tinuous --help
2021-04-27T20:56:18.1116104Z [36;1mtinuous --help[0m
2021-04-27T20:56:18.1159215Z shell: /usr/bin/bash -e {0}
2021-04-27T20:56:18.1159690Z env:
2021-04-27T20:56:18.1160398Z   pythonLocation: /opt/hostedtoolcache/Python/3.9.4/x64
2021-04-27T20:56:18.1161249Z   LD_LIBRARY_PATH: /opt/hostedtoolcache/Python/3.9.4/x64/lib
2021-04-27T20:56:18.1161946Z ##[endgroup]
2021-04-27T20:56:18.2466462Z It is highly recommended to configure Git before using DataLad. Set both 'user.name' and 'user.email' configuration variables.
2021-04-27T20:56:18.2472014Z It is highly recommended to configure Git before using DataLad. Set both 'user.name' and 'user.email' configuration variables.
2021-04-27T20:56:18.9803851Z Usage: tinuous [OPTIONS] COMMAND [ARGS]...
2021-04-27T20:56:18.9804605Z 
2021-04-27T20:56:18.9805801Z   Download build logs from GitHub Actions, Travis, and Appveyor
2021-04-27T20:56:18.9806872Z 
2021-04-27T20:56:18.9807576Z Options:
2021-04-27T20:56:18.9809874Z   -c, --config FILE               Read configuration from the given file
2021-04-27T20:56:18.9811302Z                                   [default: config.yml]
2021-04-27T20:56:18.9811997Z 
2021-04-27T20:56:18.9813393Z   -l, --log-level [NOTSET|DEBUG|INFO|WARNING|ERROR|CRITICAL]
2021-04-27T20:56:18.9814929Z                                   Set logging level  [default: INFO]
2021-04-27T20:56:18.9816517Z   --help                          Show this message and exit.
2021-04-27T20:56:18.9817284Z 
2021-04-27T20:56:18.9818063Z Commands:
2021-04-27T20:56:18.9818903Z   fetch     Download logs
2021-04-27T20:56:18.9820043Z   sanitize  Sanitize secrets in logs
2021-04-27T20:56:19.0606300Z ##[group]Run python -m pip install mypy
2021-04-27T20:56:19.0606972Z [36;1mpython -m pip install mypy[0m
2021-04-27T20:56:19.0651510Z shell: /usr/bin/bash -e {0}
2021-04-27T20:56:19.0651936Z env:
2021-04-27T20:56:19.0652540Z   pythonLocation: /opt/hostedtoolcache/Python/3.9.4/x64
2021-04-27T20:56:19.0654117Z   LD_LIBRARY_PATH: /opt/hostedtoolcache/Python/3.9.4/x64/lib
2021-04-27T20:56:19.0654743Z ##[endgroup]
2021-04-27T20:56:19.4095053Z WARNING: Value for scheme.headers does not match. Please report this to <https://github.com/pypa/pip/issues/9617>
2021-04-27T20:56:19.4096739Z distutils: /opt/hostedtoolcache/Python/3.9.4/x64/include/python3.9/UNKNOWN
2021-04-27T20:56:19.4098041Z sysconfig: /opt/hostedtoolcache/Python/3.9.4/x64/include/python3.9
2021-04-27T20:56:19.4099047Z WARNING: Additional context:
2021-04-27T20:56:19.4099736Z user = False
2021-04-27T20:56:19.4100274Z home = None
2021-04-27T20:56:19.4100817Z root = None
2021-04-27T20:56:19.4101355Z prefix = None
2021-04-27T20:56:19.6667661Z Collecting mypy
2021-04-27T20:56:19.7056109Z   Downloading mypy-0.812-cp39-cp39-manylinux2010_x86_64.whl (22.7 MB)
2021-04-27T20:56:20.2563934Z Collecting mypy-extensions<0.5.0,>=0.4.3
2021-04-27T20:56:20.2639250Z   Downloading mypy_extensions-0.4.3-py2.py3-none-any.whl (4.5 kB)
2021-04-27T20:56:20.3872668Z Collecting typed-ast<1.5.0,>=1.4.0
2021-04-27T20:56:20.3972115Z   Downloading typed_ast-1.4.3-cp39-cp39-manylinux1_x86_64.whl (769 kB)
2021-04-27T20:56:20.4132657Z Requirement already satisfied: typing-extensions>=3.7.4 in /opt/hostedtoolcache/Python/3.9.4/x64/lib/python3.9/site-packages (from mypy) (3.7.4.3)
2021-04-27T20:56:20.8097477Z Installing collected packages: typed-ast, mypy-extensions, mypy
2021-04-27T20:56:22.5679331Z WARNING: Value for scheme.headers does not match. Please report this to <https://github.com/pypa/pip/issues/9617>
2021-04-27T20:56:22.5683230Z distutils: /opt/hostedtoolcache/Python/3.9.4/x64/include/python3.9/UNKNOWN
2021-04-27T20:56:22.5684268Z sysconfig: /opt/hostedtoolcache/Python/3.9.4/x64/include/python3.9
2021-04-27T20:56:22.5685007Z WARNING: Additional context:
2021-04-27T20:56:22.5685511Z user = False
2021-04-27T20:56:22.5685909Z home = None
2021-04-27T20:56:22.5686305Z root = None
2021-04-27T20:56:22.5686700Z prefix = None
2021-04-27T20:56:22.5797411Z Successfully installed mypy-0.812 mypy-extensions-0.4.3 typed-ast-1.4.3
2021-04-27T20:56:22.6486224Z ##[group]Run mypy src
2021-04-27T20:56:22.6486749Z [36;1mmypy src[0m
2021-04-27T20:56:22.6532426Z shell: /usr/bin/bash -e {0}
2021-04-27T20:56:22.6532878Z env:
2021-04-27T20:56:22.6533526Z   pythonLocation: /opt/hostedtoolcache/Python/3.9.4/x64
2021-04-27T20:56:22.6534404Z   LD_LIBRARY_PATH: /opt/hostedtoolcache/Python/3.9.4/x64/lib
2021-04-27T20:56:22.6535062Z ##[endgroup]
2021-04-27T20:56:26.3682189Z src/tinuous/_version.py:20: error: Function is missing a return type annotation
2021-04-27T20:56:26.3684332Z  [no-untyped-def]
2021-04-27T20:56:26.3685213Z     def get_keywords():
2021-04-27T20:56:26.3685937Z     ^
2021-04-27T20:56:26.3687064Z src/tinuous/_version.py:37: error: Function is missing a return type annotation
2021-04-27T20:56:26.3688609Z  [no-untyped-def]
2021-04-27T20:56:26.3689443Z     def get_config():
2021-04-27T20:56:26.3690132Z     ^
2021-04-27T20:56:26.3691599Z src/tinuous/_version.py:55: error: Need type annotation for 'LONG_VERSION_PY'
2021-04-27T20:56:26.3693579Z (hint: "LONG_VERSION_PY: Dict[<type>, <type>] = ...")  [var-annotated]
2021-04-27T20:56:26.3694697Z     LONG_VERSION_PY = {}
2021-04-27T20:56:26.3695414Z     ^
2021-04-27T20:56:26.3696866Z src/tinuous/_version.py:56: error: Need type annotation for 'HANDLERS' (hint:
2021-04-27T20:56:26.3698604Z "HANDLERS: Dict[<type>, <type>] = ...")  [var-annotated]
2021-04-27T20:56:26.3699600Z     HANDLERS = {}
2021-04-27T20:56:26.3700270Z     ^
2021-04-27T20:56:26.3701347Z src/tinuous/_version.py:59: error: Function is missing a type annotation 
2021-04-27T20:56:26.3703091Z [no-untyped-def]
2021-04-27T20:56:26.3704172Z     def register_vcs_handler(vcs, method):  # decorator
2021-04-27T20:56:26.3705102Z     ^
2021-04-27T20:56:26.3706181Z src/tinuous/_version.py:61: error: Function is missing a type annotation 
2021-04-27T20:56:26.3707643Z [no-untyped-def]
2021-04-27T20:56:26.3708510Z         def decorate(f):
2021-04-27T20:56:26.3709227Z         ^
2021-04-27T20:56:26.3710328Z src/tinuous/_version.py:70: error: Function is missing a type annotation 
2021-04-27T20:56:26.3711773Z [no-untyped-def]
2021-04-27T20:56:26.3713019Z     def run_command(commands, args, cwd=None, verbose=False, hide_stderr=F...
2021-04-27T20:56:26.3714094Z     ^
2021-04-27T20:56:26.3715184Z src/tinuous/_version.py:105: error: Function is missing a type annotation 
2021-04-27T20:56:26.3716628Z [no-untyped-def]
2021-04-27T20:56:26.3717855Z     def versions_from_parentdir(parentdir_prefix, root, verbose):
2021-04-27T20:56:26.3718896Z     ^
2021-04-27T20:56:26.3719993Z src/tinuous/_version.py:131: error: Function is missing a type annotation 
2021-04-27T20:56:26.3721456Z [no-untyped-def]
2021-04-27T20:56:26.3722464Z     def git_get_keywords(versionfile_abs):
2021-04-27T20:56:26.3723331Z     ^
2021-04-27T20:56:26.3724392Z src/tinuous/_version.py:160: error: Function is missing a type annotation 
2021-04-27T20:56:26.3725855Z [no-untyped-def]
2021-04-27T20:56:26.3727053Z     def git_versions_from_keywords(keywords, tag_prefix, verbose):
2021-04-27T20:56:26.3728103Z     ^
2021-04-27T20:56:26.3729184Z src/tinuous/_version.py:219: error: Function is missing a type annotation 
2021-04-27T20:56:26.3730646Z [no-untyped-def]
2021-04-27T20:56:26.3731849Z     def git_pieces_from_vcs(tag_prefix, root, verbose, run_command=run_com...
2021-04-27T20:56:26.3732905Z     ^
2021-04-27T20:56:26.3733992Z src/tinuous/_version.py:313: error: Function is missing a type annotation 
2021-04-27T20:56:26.3735187Z [no-untyped-def]
2021-04-27T20:56:26.3735706Z     def plus_or_dot(pieces):
2021-04-27T20:56:26.3736113Z     ^
2021-04-27T20:56:26.3736773Z src/tinuous/_version.py:320: error: Function is missing a type annotation 
2021-04-27T20:56:26.3737597Z [no-untyped-def]
2021-04-27T20:56:26.3738132Z     def render_pep440(pieces):
2021-04-27T20:56:26.3738560Z     ^
2021-04-27T20:56:26.3739179Z src/tinuous/_version.py:345: error: Function is missing a type annotation 
2021-04-27T20:56:26.3739993Z [no-untyped-def]
2021-04-27T20:56:26.3740807Z     def render_pep440_pre(pieces):
2021-04-27T20:56:26.3741379Z     ^
2021-04-27T20:56:26.3741993Z src/tinuous/_version.py:361: error: Function is missing a type annotation 
2021-04-27T20:56:26.3742952Z [no-untyped-def]
2021-04-27T20:56:26.3744019Z     def render_pep440_post(pieces):
2021-04-27T20:56:26.3744540Z     ^
2021-04-27T20:56:26.3745171Z src/tinuous/_version.py:388: error: Function is missing a type annotation 
2021-04-27T20:56:26.3746319Z [no-untyped-def]
2021-04-27T20:56:26.3746862Z     def render_pep440_old(pieces):
2021-04-27T20:56:26.3747328Z     ^
2021-04-27T20:56:26.3747945Z src/tinuous/_version.py:410: error: Function is missing a type annotation 
2021-04-27T20:56:26.3749055Z [no-untyped-def]
2021-04-27T20:56:26.3749622Z     def render_git_describe(pieces):
2021-04-27T20:56:26.3750087Z     ^
2021-04-27T20:56:26.3750709Z src/tinuous/_version.py:430: error: Function is missing a type annotation 
2021-04-27T20:56:26.3751539Z [no-untyped-def]
2021-04-27T20:56:26.3752148Z     def render_git_describe_long(pieces):
2021-04-27T20:56:26.3752621Z     ^
2021-04-27T20:56:26.3753250Z src/tinuous/_version.py:450: error: Function is missing a type annotation 
2021-04-27T20:56:26.3754084Z [no-untyped-def]
2021-04-27T20:56:26.3754609Z     def render(pieces, style):
2021-04-27T20:56:26.3755054Z     ^
2021-04-27T20:56:26.3755640Z src/tinuous/_version.py:482: error: Function is missing a return type
2021-04-27T20:56:26.3757185Z annotation  [no-untyped-def]
2021-04-27T20:56:26.3757727Z     def get_versions():
2021-04-27T20:56:26.3758139Z     ^
2021-04-27T20:56:26.9514300Z Found 20 errors in 1 file (checked 2 source files)
2021-04-27T20:56:27.3485342Z ##[error]Process completed with exit code 1.
2021-04-27T20:56:27.3580842Z Post job cleanup.
2021-04-27T20:56:27.4698022Z [command]/usr/bin/git version
2021-04-27T20:56:27.4749883Z git version 2.31.1
2021-04-27T20:56:27.4787633Z [command]/usr/bin/git config --local --name-only --get-regexp core\.sshCommand
2021-04-27T20:56:27.4827275Z [command]/usr/bin/git submodule foreach --recursive git config --local --name-only --get-regexp 'core\.sshCommand' && git config --local --unset-all 'core.sshCommand' || :
2021-04-27T20:56:27.5099161Z [command]/usr/bin/git config --local --name-only --get-regexp http\.https\:\/\/github\.com\/\.extraheader
2021-04-27T20:56:27.5130938Z http.https://github.com/.extraheader
2021-04-27T20:56:27.5142458Z [command]/usr/bin/git config --local --unset-all http.https://github.com/.extraheader
2021-04-27T20:56:27.5186950Z [command]/usr/bin/git submodule foreach --recursive git config --local --name-only --get-regexp 'http\.https\:\/\/github\.com\/\.extraheader' && git config --local --unset-all 'http.https://github.com/.extraheader' || :
2021-04-27T20:56:27.5506151Z Cleaning up orphan processes
