2021-04-27T20:51:44.8205229Z ##[section]Starting: Request a runner to run this job
2021-04-27T20:51:45.7554860Z Can't find any online and idle self-hosted runner in current repository that matches the required labels: 'ubuntu-latest'
2021-04-27T20:51:45.7554960Z Can't find any online and idle self-hosted runner in current repository's account/organization that matches the required labels: 'ubuntu-latest'
2021-04-27T20:51:45.7555358Z Found online and idle hosted runner in current repository's account/organization that matches the required labels: 'ubuntu-latest'
2021-04-27T20:51:45.8829307Z ##[section]Finishing: Request a runner to run this job
2021-04-27T20:51:52.8453445Z Current runner version: '2.278.0'
2021-04-27T20:51:52.8486144Z ##[group]Operating System
2021-04-27T20:51:52.8487240Z Ubuntu
2021-04-27T20:51:52.8487700Z 20.04.2
2021-04-27T20:51:52.8488233Z LTS
2021-04-27T20:51:52.8488711Z ##[endgroup]
2021-04-27T20:51:52.8489358Z ##[group]Virtual Environment
2021-04-27T20:51:52.8490032Z Environment: ubuntu-20.04
2021-04-27T20:51:52.8490655Z Version: 20210425.1
2021-04-27T20:51:52.8491725Z Included Software: https://github.com/actions/virtual-environments/blob/ubuntu20/20210425.1/images/linux/Ubuntu2004-README.md
2021-04-27T20:51:52.8493284Z Image Release: https://github.com/actions/virtual-environments/releases/tag/ubuntu20%2F20210425.1
2021-04-27T20:51:52.8494287Z ##[endgroup]
2021-04-27T20:51:52.8496394Z ##[group]GITHUB_TOKEN Permissions
2021-04-27T20:51:52.8497820Z Actions: write
2021-04-27T20:51:52.8498472Z Checks: write
2021-04-27T20:51:52.8499020Z Contents: write
2021-04-27T20:51:52.8499698Z Deployments: write
2021-04-27T20:51:52.8500473Z Issues: write
2021-04-27T20:51:52.8501115Z Metadata: read
2021-04-27T20:51:52.8501672Z Packages: write
2021-04-27T20:51:52.8502297Z PullRequests: write
2021-04-27T20:51:52.8502959Z RepositoryProjects: write
2021-04-27T20:51:52.8503677Z SecurityEvents: write
2021-04-27T20:51:52.8504316Z Statuses: write
2021-04-27T20:51:52.8505106Z ##[endgroup]
2021-04-27T20:51:52.8508562Z Prepare workflow directory
2021-04-27T20:51:52.9241197Z Prepare all required actions
2021-04-27T20:51:52.9257569Z Getting action download info
2021-04-27T20:51:53.3302733Z Download action repository 'actions/checkout@v2'
2021-04-27T20:51:54.6485791Z Download action repository 'actions/setup-python@v2'
2021-04-27T20:51:55.3078308Z ##[group]Run actions/checkout@v2
2021-04-27T20:51:55.3079265Z with:
2021-04-27T20:51:55.3079888Z   repository: con/tinuous
2021-04-27T20:51:55.3081007Z   token: ***
2021-04-27T20:51:55.3081554Z   ssh-strict: true
2021-04-27T20:51:55.3082266Z   persist-credentials: true
2021-04-27T20:51:55.3082965Z   clean: true
2021-04-27T20:51:55.3084351Z   fetch-depth: 1
2021-04-27T20:51:55.3085244Z   lfs: false
2021-04-27T20:51:55.3085793Z   submodules: false
2021-04-27T20:51:55.3086404Z ##[endgroup]
2021-04-27T20:51:56.2231106Z Syncing repository: con/tinuous
2021-04-27T20:51:56.2233145Z ##[group]Getting Git version info
2021-04-27T20:51:56.2234545Z Working directory is '/home/runner/work/tinuous/tinuous'
2021-04-27T20:51:56.2235441Z [command]/usr/bin/git version
2021-04-27T20:51:56.2236041Z git version 2.31.1
2021-04-27T20:51:56.2237252Z ##[endgroup]
2021-04-27T20:51:56.2238234Z Deleting the contents of '/home/runner/work/tinuous/tinuous'
2021-04-27T20:51:56.2278493Z ##[group]Initializing the repository
2021-04-27T20:51:56.2279696Z [command]/usr/bin/git init /home/runner/work/tinuous/tinuous
2021-04-27T20:51:56.2281332Z hint: Using 'master' as the name for the initial branch. This default branch name
2021-04-27T20:51:56.2282668Z hint: is subject to change. To configure the initial branch name to use in all
2021-04-27T20:51:56.2283861Z hint: of your new repositories, which will suppress this warning, call:
2021-04-27T20:51:56.2284773Z hint: 
2021-04-27T20:51:56.2286394Z hint: 	git config --global init.defaultBranch <name>
2021-04-27T20:51:56.2287118Z hint: 
2021-04-27T20:51:56.2288143Z hint: Names commonly chosen instead of 'master' are 'main', 'trunk' and
2021-04-27T20:51:56.2290567Z hint: 'development'. The just-created branch can be renamed via this command:
2021-04-27T20:51:56.2291367Z hint: 
2021-04-27T20:51:56.2292182Z hint: 	git branch -m <name>
2021-04-27T20:51:56.2293018Z Initialized empty Git repository in /home/runner/work/tinuous/tinuous/.git/
2021-04-27T20:51:56.2294533Z [command]/usr/bin/git remote add origin https://github.com/con/tinuous
2021-04-27T20:51:56.2295445Z ##[endgroup]
2021-04-27T20:51:56.2296406Z ##[group]Disabling automatic garbage collection
2021-04-27T20:51:56.2314891Z [command]/usr/bin/git config --local gc.auto 0
2021-04-27T20:51:56.2315902Z ##[endgroup]
2021-04-27T20:51:56.2322900Z ##[group]Setting up auth
2021-04-27T20:51:56.2325980Z [command]/usr/bin/git config --local --name-only --get-regexp core\.sshCommand
2021-04-27T20:51:56.2328887Z [command]/usr/bin/git submodule foreach --recursive git config --local --name-only --get-regexp 'core\.sshCommand' && git config --local --unset-all 'core.sshCommand' || :
2021-04-27T20:51:56.2338619Z [command]/usr/bin/git config --local --name-only --get-regexp http\.https\:\/\/github\.com\/\.extraheader
2021-04-27T20:51:56.2341670Z [command]/usr/bin/git submodule foreach --recursive git config --local --name-only --get-regexp 'http\.https\:\/\/github\.com\/\.extraheader' && git config --local --unset-all 'http.https://github.com/.extraheader' || :
2021-04-27T20:51:56.2344479Z [command]/usr/bin/git config --local http.https://github.com/.extraheader AUTHORIZATION: basic ***
2021-04-27T20:51:56.2345660Z ##[endgroup]
2021-04-27T20:51:56.2346392Z ##[group]Fetching the repository
2021-04-27T20:51:56.2350522Z [command]/usr/bin/git -c protocol.version=2 fetch --no-tags --prune --progress --no-recurse-submodules --depth=1 origin +dee34709e23883c3f2b17b10251f22c76da9fbae:refs/remotes/origin/fix-tests
2021-04-27T20:51:56.2353101Z remote: Enumerating objects: 20, done.        
2021-04-27T20:51:56.2354169Z remote: Counting objects:   5% (1/20)        
2021-04-27T20:51:56.2355698Z remote: Counting objects:  10% (2/20)        
2021-04-27T20:51:56.2357525Z remote: Counting objects:  15% (3/20)        
2021-04-27T20:51:56.2358463Z remote: Counting objects:  20% (4/20)        
2021-04-27T20:51:56.2360131Z remote: Counting objects:  25% (5/20)        
2021-04-27T20:51:56.2361123Z remote: Counting objects:  30% (6/20)        
2021-04-27T20:51:56.2363259Z remote: Counting objects:  35% (7/20)        
2021-04-27T20:51:56.2364515Z remote: Counting objects:  40% (8/20)        
2021-04-27T20:51:56.2365684Z remote: Counting objects:  45% (9/20)        
2021-04-27T20:51:56.2366551Z remote: Counting objects:  50% (10/20)        
2021-04-27T20:51:56.2367514Z remote: Counting objects:  55% (11/20)        
2021-04-27T20:51:56.2368429Z remote: Counting objects:  60% (12/20)        
2021-04-27T20:51:56.2369338Z remote: Counting objects:  65% (13/20)        
2021-04-27T20:51:56.2370237Z remote: Counting objects:  70% (14/20)        
2021-04-27T20:51:56.2371077Z remote: Counting objects:  75% (15/20)        
2021-04-27T20:51:56.2372019Z remote: Counting objects:  80% (16/20)        
2021-04-27T20:51:56.2372916Z remote: Counting objects:  85% (17/20)        
2021-04-27T20:51:56.2373799Z remote: Counting objects:  90% (18/20)        
2021-04-27T20:51:56.2374701Z remote: Counting objects:  95% (19/20)        
2021-04-27T20:51:56.2375720Z remote: Counting objects: 100% (20/20)        
2021-04-27T20:51:56.2376721Z remote: Counting objects: 100% (20/20), done.        
2021-04-27T20:51:56.2378426Z remote: Compressing objects:   6% (1/15)        
2021-04-27T20:51:56.2379407Z remote: Compressing objects:  13% (2/15)        
2021-04-27T20:51:56.2380335Z remote: Compressing objects:  20% (3/15)        
2021-04-27T20:51:56.2381262Z remote: Compressing objects:  26% (4/15)        
2021-04-27T20:51:56.2382366Z remote: Compressing objects:  33% (5/15)        
2021-04-27T20:51:56.2383342Z remote: Compressing objects:  40% (6/15)        
2021-04-27T20:51:56.2390630Z remote: Compressing objects:  46% (7/15)        
2021-04-27T20:51:56.2391419Z remote: Compressing objects:  53% (8/15)        
2021-04-27T20:51:56.2392998Z remote: Compressing objects:  60% (9/15)        
2021-04-27T20:51:56.2394313Z remote: Compressing objects:  66% (10/15)        
2021-04-27T20:51:56.2395046Z remote: Compressing objects:  73% (11/15)        
2021-04-27T20:51:56.2396114Z remote: Compressing objects:  80% (12/15)        
2021-04-27T20:51:56.2397529Z remote: Compressing objects:  86% (13/15)        
2021-04-27T20:51:56.2398660Z remote: Compressing objects:  93% (14/15)        
2021-04-27T20:51:56.2399719Z remote: Compressing objects: 100% (15/15)        
2021-04-27T20:51:56.2400680Z remote: Compressing objects: 100% (15/15), done.        
2021-04-27T20:51:56.2402134Z remote: Total 20 (delta 1), reused 15 (delta 1), pack-reused 0        
2021-04-27T20:51:56.2403638Z From https://github.com/con/tinuous
2021-04-27T20:51:56.2405328Z  * [new ref]         dee34709e23883c3f2b17b10251f22c76da9fbae -> origin/fix-tests
2021-04-27T20:51:56.2406524Z ##[endgroup]
2021-04-27T20:51:56.2407422Z ##[group]Determining the checkout info
2021-04-27T20:51:56.2408235Z ##[endgroup]
2021-04-27T20:51:56.2409084Z ##[group]Checking out the ref
2021-04-27T20:51:56.2410560Z [command]/usr/bin/git checkout --progress --force -B fix-tests refs/remotes/origin/fix-tests
2021-04-27T20:51:56.2411881Z Switched to a new branch 'fix-tests'
2021-04-27T20:51:56.2413426Z Branch 'fix-tests' set up to track remote branch 'fix-tests' from 'origin'.
2021-04-27T20:51:56.2414380Z ##[endgroup]
2021-04-27T20:51:56.2415494Z [command]/usr/bin/git log -1 --format='%H'
2021-04-27T20:51:56.2416987Z 'dee34709e23883c3f2b17b10251f22c76da9fbae'
2021-04-27T20:51:56.2791788Z ##[group]Run actions/setup-python@v2
2021-04-27T20:51:56.2792453Z with:
2021-04-27T20:51:56.2792982Z   python-version: 3.8
2021-04-27T20:51:56.2794012Z   token: ***
2021-04-27T20:51:56.2794505Z ##[endgroup]
2021-04-27T20:51:56.3669392Z Successfully setup CPython (3.8.9)
2021-04-27T20:51:56.3762942Z ##[group]Run python -m pip install --upgrade pip wheel
2021-04-27T20:51:56.3763887Z [36;1mpython -m pip install --upgrade pip wheel[0m
2021-04-27T20:51:56.3764553Z [36;1mpython -m pip install .[0m
2021-04-27T20:51:56.3815239Z shell: /usr/bin/bash -e {0}
2021-04-27T20:51:56.3815786Z env:
2021-04-27T20:51:56.3816462Z   pythonLocation: /opt/hostedtoolcache/Python/3.8.9/x64
2021-04-27T20:51:56.3817572Z   LD_LIBRARY_PATH: /opt/hostedtoolcache/Python/3.8.9/x64/lib
2021-04-27T20:51:56.3818331Z ##[endgroup]
2021-04-27T20:51:57.0482333Z WARNING: Value for scheme.headers does not match. Please report this to <https://github.com/pypa/pip/issues/9617>
2021-04-27T20:51:57.0484458Z distutils: /opt/hostedtoolcache/Python/3.8.9/x64/include/python3.8/UNKNOWN
2021-04-27T20:51:57.0486385Z sysconfig: /opt/hostedtoolcache/Python/3.8.9/x64/include/python3.8
2021-04-27T20:51:57.0515519Z WARNING: Additional context:
2021-04-27T20:51:57.0530398Z user = False
2021-04-27T20:51:57.0544592Z home = None
2021-04-27T20:51:57.0545800Z root = None
2021-04-27T20:51:57.0546664Z prefix = None
2021-04-27T20:51:57.1529652Z Requirement already satisfied: pip in /opt/hostedtoolcache/Python/3.8.9/x64/lib/python3.8/site-packages (21.1)
2021-04-27T20:51:57.3982539Z Collecting wheel
2021-04-27T20:51:57.4448301Z   Downloading wheel-0.36.2-py2.py3-none-any.whl (35 kB)
2021-04-27T20:51:57.5028924Z Installing collected packages: wheel
2021-04-27T20:51:57.5400784Z WARNING: Value for scheme.headers does not match. Please report this to <https://github.com/pypa/pip/issues/9617>
2021-04-27T20:51:57.5401995Z distutils: /opt/hostedtoolcache/Python/3.8.9/x64/include/python3.8/UNKNOWN
2021-04-27T20:51:57.5402921Z sysconfig: /opt/hostedtoolcache/Python/3.8.9/x64/include/python3.8
2021-04-27T20:51:57.5403646Z WARNING: Additional context:
2021-04-27T20:51:57.5404166Z user = False
2021-04-27T20:51:57.5404560Z home = None
2021-04-27T20:51:57.5405207Z root = None
2021-04-27T20:51:57.5405679Z prefix = None
2021-04-27T20:51:57.5415753Z Successfully installed wheel-0.36.2
2021-04-27T20:51:58.1411369Z WARNING: Value for scheme.headers does not match. Please report this to <https://github.com/pypa/pip/issues/9617>
2021-04-27T20:51:58.1413490Z distutils: /opt/hostedtoolcache/Python/3.8.9/x64/include/python3.8/UNKNOWN
2021-04-27T20:51:58.1415670Z sysconfig: /opt/hostedtoolcache/Python/3.8.9/x64/include/python3.8
2021-04-27T20:51:58.1417377Z WARNING: Additional context:
2021-04-27T20:51:58.1418160Z user = False
2021-04-27T20:51:58.1418793Z home = None
2021-04-27T20:51:58.1419431Z root = None
2021-04-27T20:51:58.1420165Z prefix = None
2021-04-27T20:51:58.2452766Z Processing /home/runner/work/tinuous/tinuous
2021-04-27T20:51:58.2458949Z   DEPRECATION: A future pip version will change local packages to be built in-place without first copying to a temporary directory. We recommend you use --use-feature=in-tree-build to test your packages with this new behavior before it becomes the default.
2021-04-27T20:51:58.2461883Z    pip 21.3 will remove support for this functionality. You can find discussion regarding this at https://github.com/pypa/pip/issues/7555.
2021-04-27T20:51:58.5908604Z   Installing build dependencies: started
2021-04-27T20:52:01.5452363Z   Installing build dependencies: finished with status 'done'
2021-04-27T20:52:01.5495820Z   Getting requirements to build wheel: started
2021-04-27T20:52:01.9505193Z   Getting requirements to build wheel: finished with status 'done'
2021-04-27T20:52:01.9536565Z     Preparing wheel metadata: started
2021-04-27T20:52:02.2551205Z     Preparing wheel metadata: finished with status 'done'
2021-04-27T20:52:02.4550150Z Collecting PyYAML~=5.0
2021-04-27T20:52:02.5008679Z   Downloading PyYAML-5.4.1-cp38-cp38-manylinux1_x86_64.whl (662 kB)
2021-04-27T20:52:02.6892664Z Collecting requests~=2.20
2021-04-27T20:52:02.7004330Z   Downloading requests-2.25.1-py2.py3-none-any.whl (61 kB)
2021-04-27T20:52:02.9302646Z Collecting pydantic~=1.7
2021-04-27T20:52:02.9416606Z   Downloading pydantic-1.8.1-cp38-cp38-manylinux2014_x86_64.whl (13.7 MB)
2021-04-27T20:52:03.4639353Z Collecting click-loglevel~=0.2
2021-04-27T20:52:03.4785918Z   Downloading click_loglevel-0.3.0-py3-none-any.whl (5.0 kB)
2021-04-27T20:52:03.5368990Z Collecting click~=7.0
2021-04-27T20:52:03.5573575Z   Downloading click-7.1.2-py2.py3-none-any.whl (82 kB)
2021-04-27T20:52:03.6228178Z Collecting PyGithub~=1.53
2021-04-27T20:52:03.6337454Z   Downloading PyGithub-1.55-py3-none-any.whl (291 kB)
2021-04-27T20:52:03.6785799Z Collecting in-place~=0.4
2021-04-27T20:52:03.6910846Z   Downloading in_place-0.5.0-py3-none-any.whl (9.1 kB)
2021-04-27T20:52:03.7799572Z Collecting datalad~=0.14
2021-04-27T20:52:03.8186565Z   Downloading datalad-0.14.2.tar.gz (1.6 MB)
2021-04-27T20:52:04.2389716Z   Installing build dependencies: started
2021-04-27T20:52:06.9568606Z   Installing build dependencies: finished with status 'done'
2021-04-27T20:52:06.9630111Z   Getting requirements to build wheel: started
2021-04-27T20:52:07.4436800Z   Getting requirements to build wheel: finished with status 'done'
2021-04-27T20:52:07.4468178Z     Preparing wheel metadata: started
2021-04-27T20:52:08.0168668Z     Preparing wheel metadata: finished with status 'done'
2021-04-27T20:52:08.0685491Z Collecting python-dateutil~=2.7
2021-04-27T20:52:08.0795368Z   Downloading python_dateutil-2.8.1-py2.py3-none-any.whl (227 kB)
2021-04-27T20:52:08.3114329Z Collecting wrapt
2021-04-27T20:52:08.3222002Z   Downloading wrapt-1.12.1.tar.gz (27 kB)
2021-04-27T20:52:08.7629626Z Collecting iso8601
2021-04-27T20:52:08.7744547Z   Downloading iso8601-0.1.14-py2.py3-none-any.whl (9.5 kB)
2021-04-27T20:52:08.8143927Z Collecting jsmin
2021-04-27T20:52:08.8275179Z   Downloading jsmin-2.2.2.tar.gz (12 kB)
2021-04-27T20:52:09.2534379Z Collecting whoosh
2021-04-27T20:52:09.2666443Z   Downloading Whoosh-2.7.4-py2.py3-none-any.whl (468 kB)
2021-04-27T20:52:09.3629748Z Collecting keyrings.alt
2021-04-27T20:52:09.3797104Z   Downloading keyrings.alt-4.0.2-py3-none-any.whl (20 kB)
2021-04-27T20:52:09.4691506Z Collecting boto
2021-04-27T20:52:09.4813313Z   Downloading boto-2.49.0-py2.py3-none-any.whl (1.4 MB)
2021-04-27T20:52:09.5709167Z Collecting distro
2021-04-27T20:52:09.5823624Z   Downloading distro-1.5.0-py2.py3-none-any.whl (18 kB)
2021-04-27T20:52:09.6135623Z Collecting patool>=1.7
2021-04-27T20:52:09.6258397Z   Downloading patool-1.12-py2.py3-none-any.whl (77 kB)
2021-04-27T20:52:09.7571125Z Collecting msgpack
2021-04-27T20:52:09.7700686Z   Downloading msgpack-1.0.2-cp38-cp38-manylinux1_x86_64.whl (302 kB)
2021-04-27T20:52:09.8216157Z Collecting fasteners>=0.14
2021-04-27T20:52:09.8328785Z   Downloading fasteners-0.16-py2.py3-none-any.whl (28 kB)
2021-04-27T20:52:10.0139108Z Collecting tqdm
2021-04-27T20:52:10.0241745Z   Downloading tqdm-4.60.0-py2.py3-none-any.whl (75 kB)
2021-04-27T20:52:10.0650003Z Collecting chardet>=3.0.4
2021-04-27T20:52:10.0763489Z   Downloading chardet-4.0.0-py2.py3-none-any.whl (178 kB)
2021-04-27T20:52:10.1095392Z Collecting appdirs
2021-04-27T20:52:10.1199367Z   Downloading appdirs-1.4.4-py2.py3-none-any.whl (9.6 kB)
2021-04-27T20:52:10.1880510Z Collecting annexremote
2021-04-27T20:52:10.1996750Z   Downloading annexremote-1.5.0-py3-none-any.whl (25 kB)
2021-04-27T20:52:10.3380555Z Collecting keyring>=8.0
2021-04-27T20:52:10.3501546Z   Downloading keyring-23.0.1-py3-none-any.whl (33 kB)
2021-04-27T20:52:10.4660582Z Collecting simplejson
2021-04-27T20:52:10.4774044Z   Downloading simplejson-3.17.2-cp38-cp38-manylinux2010_x86_64.whl (137 kB)
2021-04-27T20:52:10.5214904Z Collecting humanize
2021-04-27T20:52:10.5327017Z   Downloading humanize-3.4.1-py3-none-any.whl (73 kB)
2021-04-27T20:52:10.5797459Z Collecting six
2021-04-27T20:52:10.5943206Z   Downloading six-1.15.0-py2.py3-none-any.whl (10 kB)
2021-04-27T20:52:10.6671051Z Collecting SecretStorage>=3.2
2021-04-27T20:52:10.6773434Z   Downloading SecretStorage-3.3.1-py3-none-any.whl (15 kB)
2021-04-27T20:52:10.7083721Z Collecting jeepney>=0.4.2
2021-04-27T20:52:10.7184420Z   Downloading jeepney-0.6.0-py3-none-any.whl (45 kB)
2021-04-27T20:52:10.8283978Z Collecting importlib-metadata>=3.6
2021-04-27T20:52:10.8393472Z   Downloading importlib_metadata-4.0.1-py3-none-any.whl (16 kB)
2021-04-27T20:52:10.9207950Z Collecting zipp>=0.5
2021-04-27T20:52:10.9312399Z   Downloading zipp-3.4.1-py3-none-any.whl (5.2 kB)
2021-04-27T20:52:10.9863756Z Collecting typing-extensions>=3.7.4.3
2021-04-27T20:52:10.9967398Z   Downloading typing_extensions-3.7.4.3-py3-none-any.whl (22 kB)
2021-04-27T20:52:11.0730539Z Collecting pyjwt>=2.0
2021-04-27T20:52:11.0833234Z   Downloading PyJWT-2.0.1-py3-none-any.whl (15 kB)
2021-04-27T20:52:11.1355660Z Collecting deprecated
2021-04-27T20:52:11.1464931Z   Downloading Deprecated-1.2.12-py2.py3-none-any.whl (9.5 kB)
2021-04-27T20:52:11.2229472Z Collecting pynacl>=1.4.0
2021-04-27T20:52:11.2336998Z   Downloading PyNaCl-1.4.0-cp35-abi3-manylinux1_x86_64.whl (961 kB)
2021-04-27T20:52:11.7091050Z Collecting cffi>=1.4.1
2021-04-27T20:52:11.7212762Z   Downloading cffi-1.14.5-cp38-cp38-manylinux1_x86_64.whl (411 kB)
2021-04-27T20:52:11.7754876Z Collecting pycparser
2021-04-27T20:52:11.7870441Z   Downloading pycparser-2.20-py2.py3-none-any.whl (112 kB)
2021-04-27T20:52:11.8888214Z Collecting certifi>=2017.4.17
2021-04-27T20:52:11.9000631Z   Downloading certifi-2020.12.5-py2.py3-none-any.whl (147 kB)
2021-04-27T20:52:11.9574726Z Collecting idna<3,>=2.5
2021-04-27T20:52:11.9682403Z   Downloading idna-2.10-py2.py3-none-any.whl (58 kB)
2021-04-27T20:52:12.0634989Z Collecting urllib3<1.27,>=1.21.1
2021-04-27T20:52:12.0750553Z   Downloading urllib3-1.26.4-py2.py3-none-any.whl (153 kB)
2021-04-27T20:52:12.6657431Z Collecting cryptography>=2.0
2021-04-27T20:52:12.6771820Z   Downloading cryptography-3.4.7-cp36-abi3-manylinux2014_x86_64.whl (3.2 MB)
2021-04-27T20:52:12.9651998Z Collecting future
2021-04-27T20:52:12.9766976Z   Downloading future-0.18.2.tar.gz (829 kB)
2021-04-27T20:52:13.5301142Z Requirement already satisfied: setuptools in /opt/hostedtoolcache/Python/3.8.9/x64/lib/python3.8/site-packages (from humanize->datalad~=0.14->tinuous==0+untagged.1.gdee3470) (49.2.1)
2021-04-27T20:52:13.6757831Z Building wheels for collected packages: tinuous, datalad, wrapt, future, jsmin
2021-04-27T20:52:13.6768324Z   Building wheel for tinuous (PEP 517): started
2021-04-27T20:52:14.0554800Z   Building wheel for tinuous (PEP 517): finished with status 'done'
2021-04-27T20:52:14.0568400Z   Created wheel for tinuous: filename=tinuous-0+untagged.1.gdee3470-py3-none-any.whl size=14225 sha256=f6928b84e57c5917c1ce9f446edb4e2aa6963cc1b36fd799948ac09484b24697
2021-04-27T20:52:14.0571755Z   Stored in directory: /tmp/pip-ephem-wheel-cache-6wxhb7e_/wheels/c3/66/fd/aa40fe57fc56b6eafce6be9c19ebd0e1315c64984fda7c47af
2021-04-27T20:52:14.0605224Z   Building wheel for datalad (PEP 517): started
2021-04-27T20:52:15.0905137Z   Building wheel for datalad (PEP 517): finished with status 'done'
2021-04-27T20:52:15.0976602Z   Created wheel for datalad: filename=datalad-0.14.2-py3-none-any.whl size=1603393 sha256=fd9c4952b94a7bb8d74849ff71ad71e6b198f21f1f035e21e5e7c3a11982379a
2021-04-27T20:52:15.0979119Z   Stored in directory: /home/runner/.cache/pip/wheels/5f/d3/15/1e36a77a4d222a134678396152e3b066be4d289e731045fa5a
2021-04-27T20:52:15.1044457Z   Building wheel for wrapt (setup.py): started
2021-04-27T20:52:16.4913177Z   Building wheel for wrapt (setup.py): finished with status 'done'
2021-04-27T20:52:16.4921550Z   Created wheel for wrapt: filename=wrapt-1.12.1-cp38-cp38-linux_x86_64.whl size=81801 sha256=304216ef215de0e525ebf79b80c737cf0dddb5c3b843963be4532b6f432c142d
2021-04-27T20:52:16.4923873Z   Stored in directory: /home/runner/.cache/pip/wheels/5f/fd/9e/b6cf5890494cb8ef0b5eaff72e5d55a70fb56316007d6dfe73
2021-04-27T20:52:16.4949428Z   Building wheel for future (setup.py): started
2021-04-27T20:52:17.0443665Z   Building wheel for future (setup.py): finished with status 'done'
2021-04-27T20:52:17.0468745Z   Created wheel for future: filename=future-0.18.2-py3-none-any.whl size=491059 sha256=fcd659b75afb95d40b9e54d5ff96cd992c0b691038da9df8351aa5e8ace39c81
2021-04-27T20:52:17.0471369Z   Stored in directory: /home/runner/.cache/pip/wheels/8e/70/28/3d6ccd6e315f65f245da085482a2e1c7d14b90b30f239e2cf4
2021-04-27T20:52:17.0518171Z   Building wheel for jsmin (setup.py): started
2021-04-27T20:52:18.4928015Z   Building wheel for jsmin (setup.py): finished with status 'done'
2021-04-27T20:52:18.4935905Z   Created wheel for jsmin: filename=jsmin-2.2.2-py3-none-any.whl size=13920 sha256=91c4626036584a2050f5e7dbc4d72fb8c3a072ab307b38c6acab819b9a7922ce
2021-04-27T20:52:18.4939762Z   Stored in directory: /home/runner/.cache/pip/wheels/65/b7/04/fc4b059d177fd88f3ca362ad372a15e364b0c5433121c7b135
2021-04-27T20:52:18.4963620Z Successfully built tinuous datalad wrapt future jsmin
2021-04-27T20:52:19.0123964Z Installing collected packages: pycparser, cffi, zipp, wrapt, urllib3, six, jeepney, idna, cryptography, chardet, certifi, SecretStorage, requests, pynacl, pyjwt, importlib-metadata, future, deprecated, whoosh, typing-extensions, tqdm, simplejson, PyGithub, patool, msgpack, keyrings.alt, keyring, jsmin, iso8601, humanize, fasteners, distro, click, boto, appdirs, annexremote, PyYAML, python-dateutil, pydantic, in-place, datalad, click-loglevel, tinuous
2021-04-27T20:52:23.9582980Z WARNING: Value for scheme.headers does not match. Please report this to <https://github.com/pypa/pip/issues/9617>
2021-04-27T20:52:23.9584628Z distutils: /opt/hostedtoolcache/Python/3.8.9/x64/include/python3.8/UNKNOWN
2021-04-27T20:52:23.9585714Z sysconfig: /opt/hostedtoolcache/Python/3.8.9/x64/include/python3.8
2021-04-27T20:52:23.9586691Z WARNING: Additional context:
2021-04-27T20:52:23.9587315Z user = False
2021-04-27T20:52:23.9587868Z home = None
2021-04-27T20:52:23.9588406Z root = None
2021-04-27T20:52:23.9588919Z prefix = None
2021-04-27T20:52:23.9828789Z Successfully installed PyGithub-1.55 PyYAML-5.4.1 SecretStorage-3.3.1 annexremote-1.5.0 appdirs-1.4.4 boto-2.49.0 certifi-2020.12.5 cffi-1.14.5 chardet-4.0.0 click-7.1.2 click-loglevel-0.3.0 cryptography-3.4.7 datalad-0.14.2 deprecated-1.2.12 distro-1.5.0 fasteners-0.16 future-0.18.2 humanize-3.4.1 idna-2.10 importlib-metadata-4.0.1 in-place-0.5.0 iso8601-0.1.14 jeepney-0.6.0 jsmin-2.2.2 keyring-23.0.1 keyrings.alt-4.0.2 msgpack-1.0.2 patool-1.12 pycparser-2.20 pydantic-1.8.1 pyjwt-2.0.1 pynacl-1.4.0 python-dateutil-2.8.1 requests-2.25.1 simplejson-3.17.2 six-1.15.0 tinuous-0+untagged.1.gdee3470 tqdm-4.60.0 typing-extensions-3.7.4.3 urllib3-1.26.4 whoosh-2.7.4 wrapt-1.12.1 zipp-3.4.1
2021-04-27T20:52:24.1696008Z ##[group]Run tinuous --help
2021-04-27T20:52:24.1696651Z [36;1mtinuous --help[0m
2021-04-27T20:52:24.1746227Z shell: /usr/bin/bash -e {0}
2021-04-27T20:52:24.1746659Z env:
2021-04-27T20:52:24.1747251Z   pythonLocation: /opt/hostedtoolcache/Python/3.8.9/x64
2021-04-27T20:52:24.1748876Z   LD_LIBRARY_PATH: /opt/hostedtoolcache/Python/3.8.9/x64/lib
2021-04-27T20:52:24.1750324Z ##[endgroup]
2021-04-27T20:52:24.3208750Z It is highly recommended to configure Git before using DataLad. Set both 'user.name' and 'user.email' configuration variables.
2021-04-27T20:52:24.3211183Z It is highly recommended to configure Git before using DataLad. Set both 'user.name' and 'user.email' configuration variables.
2021-04-27T20:52:24.9456303Z Usage: tinuous [OPTIONS] COMMAND [ARGS]...
2021-04-27T20:52:24.9456711Z 
2021-04-27T20:52:24.9457217Z   Download build logs from GitHub Actions, Travis, and Appveyor
2021-04-27T20:52:24.9457640Z 
2021-04-27T20:52:24.9457961Z Options:
2021-04-27T20:52:24.9459238Z   -c, --config FILE               Read configuration from the given file
2021-04-27T20:52:24.9459868Z                                   [default: config.yml]
2021-04-27T20:52:24.9460179Z 
2021-04-27T20:52:24.9460897Z   -l, --log-level [NOTSET|DEBUG|INFO|WARNING|ERROR|CRITICAL]
2021-04-27T20:52:24.9461530Z                                   Set logging level  [default: INFO]
2021-04-27T20:52:24.9462297Z   --help                          Show this message and exit.
2021-04-27T20:52:24.9462636Z 
2021-04-27T20:52:24.9462963Z Commands:
2021-04-27T20:52:24.9463352Z   fetch     Download logs
2021-04-27T20:52:24.9463818Z   sanitize  Sanitize secrets in logs
2021-04-27T20:52:25.0093208Z ##[group]Run python -m pip install mypy
2021-04-27T20:52:25.0093831Z [36;1mpython -m pip install mypy[0m
2021-04-27T20:52:25.0152387Z shell: /usr/bin/bash -e {0}
2021-04-27T20:52:25.0152784Z env:
2021-04-27T20:52:25.0153526Z   pythonLocation: /opt/hostedtoolcache/Python/3.8.9/x64
2021-04-27T20:52:25.0154272Z   LD_LIBRARY_PATH: /opt/hostedtoolcache/Python/3.8.9/x64/lib
2021-04-27T20:52:25.0154840Z ##[endgroup]
2021-04-27T20:52:25.3874868Z WARNING: Value for scheme.headers does not match. Please report this to <https://github.com/pypa/pip/issues/9617>
2021-04-27T20:52:25.3876478Z distutils: /opt/hostedtoolcache/Python/3.8.9/x64/include/python3.8/UNKNOWN
2021-04-27T20:52:25.3877779Z sysconfig: /opt/hostedtoolcache/Python/3.8.9/x64/include/python3.8
2021-04-27T20:52:25.3878748Z WARNING: Additional context:
2021-04-27T20:52:25.3879428Z user = False
2021-04-27T20:52:25.3879999Z home = None
2021-04-27T20:52:25.3880700Z root = None
2021-04-27T20:52:25.3881397Z prefix = None
2021-04-27T20:52:25.6880529Z Collecting mypy
2021-04-27T20:52:25.7360397Z   Downloading mypy-0.812-cp38-cp38-manylinux2010_x86_64.whl (22.5 MB)
2021-04-27T20:52:27.7609616Z Collecting typed-ast<1.5.0,>=1.4.0
2021-04-27T20:52:27.7717007Z   Downloading typed_ast-1.4.3-cp38-cp38-manylinux1_x86_64.whl (774 kB)
2021-04-27T20:52:27.8207506Z Requirement already satisfied: typing-extensions>=3.7.4 in /opt/hostedtoolcache/Python/3.8.9/x64/lib/python3.8/site-packages (from mypy) (3.7.4.3)
2021-04-27T20:52:27.8462538Z Collecting mypy-extensions<0.5.0,>=0.4.3
2021-04-27T20:52:27.8567011Z   Downloading mypy_extensions-0.4.3-py2.py3-none-any.whl (4.5 kB)
2021-04-27T20:52:28.3598105Z Installing collected packages: typed-ast, mypy-extensions, mypy
2021-04-27T20:52:30.2918115Z WARNING: Value for scheme.headers does not match. Please report this to <https://github.com/pypa/pip/issues/9617>
2021-04-27T20:52:30.2919831Z distutils: /opt/hostedtoolcache/Python/3.8.9/x64/include/python3.8/UNKNOWN
2021-04-27T20:52:30.2921016Z sysconfig: /opt/hostedtoolcache/Python/3.8.9/x64/include/python3.8
2021-04-27T20:52:30.2922083Z WARNING: Additional context:
2021-04-27T20:52:30.2923428Z user = False
2021-04-27T20:52:30.2923922Z home = None
2021-04-27T20:52:30.2924328Z root = None
2021-04-27T20:52:30.2925668Z prefix = None
2021-04-27T20:52:30.3094615Z Successfully installed mypy-0.812 mypy-extensions-0.4.3 typed-ast-1.4.3
2021-04-27T20:52:30.3835601Z ##[group]Run mypy src
2021-04-27T20:52:30.3836792Z [36;1mmypy src[0m
2021-04-27T20:52:30.3881068Z shell: /usr/bin/bash -e {0}
2021-04-27T20:52:30.3881481Z env:
2021-04-27T20:52:30.3882076Z   pythonLocation: /opt/hostedtoolcache/Python/3.8.9/x64
2021-04-27T20:52:30.3882860Z   LD_LIBRARY_PATH: /opt/hostedtoolcache/Python/3.8.9/x64/lib
2021-04-27T20:52:30.3883461Z ##[endgroup]
2021-04-27T20:52:34.9556529Z src/tinuous/_version.py:20: error: Function is missing a return type annotation
2021-04-27T20:52:34.9558478Z  [no-untyped-def]
2021-04-27T20:52:34.9559312Z     def get_keywords():
2021-04-27T20:52:34.9559957Z     ^
2021-04-27T20:52:34.9560831Z src/tinuous/_version.py:37: error: Function is missing a return type annotation
2021-04-27T20:52:34.9561999Z  [no-untyped-def]
2021-04-27T20:52:34.9562757Z     def get_config():
2021-04-27T20:52:34.9563355Z     ^
2021-04-27T20:52:34.9564512Z src/tinuous/_version.py:55: error: Need type annotation for 'LONG_VERSION_PY'
2021-04-27T20:52:34.9569062Z (hint: "LONG_VERSION_PY: Dict[<type>, <type>] = ...")  [var-annotated]
2021-04-27T20:52:34.9569696Z     LONG_VERSION_PY = {}
2021-04-27T20:52:34.9570072Z     ^
2021-04-27T20:52:34.9570940Z src/tinuous/_version.py:56: error: Need type annotation for 'HANDLERS' (hint:
2021-04-27T20:52:34.9571949Z "HANDLERS: Dict[<type>, <type>] = ...")  [var-annotated]
2021-04-27T20:52:34.9572490Z     HANDLERS = {}
2021-04-27T20:52:34.9572867Z     ^
2021-04-27T20:52:34.9573472Z src/tinuous/_version.py:59: error: Function is missing a type annotation 
2021-04-27T20:52:34.9574331Z [no-untyped-def]
2021-04-27T20:52:34.9574929Z     def register_vcs_handler(vcs, method):  # decorator
2021-04-27T20:52:34.9575842Z     ^
2021-04-27T20:52:34.9576469Z src/tinuous/_version.py:61: error: Function is missing a type annotation 
2021-04-27T20:52:34.9577535Z [no-untyped-def]
2021-04-27T20:52:34.9578015Z         def decorate(f):
2021-04-27T20:52:34.9578412Z         ^
2021-04-27T20:52:34.9579039Z src/tinuous/_version.py:70: error: Function is missing a type annotation 
2021-04-27T20:52:34.9579908Z [no-untyped-def]
2021-04-27T20:52:34.9580599Z     def run_command(commands, args, cwd=None, verbose=False, hide_stderr=F...
2021-04-27T20:52:34.9581176Z     ^
2021-04-27T20:52:34.9581781Z src/tinuous/_version.py:105: error: Function is missing a type annotation 
2021-04-27T20:52:34.9582628Z [no-untyped-def]
2021-04-27T20:52:34.9583308Z     def versions_from_parentdir(parentdir_prefix, root, verbose):
2021-04-27T20:52:34.9583885Z     ^
2021-04-27T20:52:34.9584490Z src/tinuous/_version.py:131: error: Function is missing a type annotation 
2021-04-27T20:52:34.9585337Z [no-untyped-def]
2021-04-27T20:52:34.9585909Z     def git_get_keywords(versionfile_abs):
2021-04-27T20:52:34.9586387Z     ^
2021-04-27T20:52:34.9586977Z src/tinuous/_version.py:160: error: Function is missing a type annotation 
2021-04-27T20:52:34.9588584Z [no-untyped-def]
2021-04-27T20:52:34.9589302Z     def git_versions_from_keywords(keywords, tag_prefix, verbose):
2021-04-27T20:52:34.9589888Z     ^
2021-04-27T20:52:34.9590482Z src/tinuous/_version.py:219: error: Function is missing a type annotation 
2021-04-27T20:52:34.9591439Z [no-untyped-def]
2021-04-27T20:52:34.9592109Z     def git_pieces_from_vcs(tag_prefix, root, verbose, run_command=run_com...
2021-04-27T20:52:34.9592692Z     ^
2021-04-27T20:52:34.9593279Z src/tinuous/_version.py:313: error: Function is missing a type annotation 
2021-04-27T20:52:34.9594158Z [no-untyped-def]
2021-04-27T20:52:34.9594658Z     def plus_or_dot(pieces):
2021-04-27T20:52:34.9595052Z     ^
2021-04-27T20:52:34.9595658Z src/tinuous/_version.py:320: error: Function is missing a type annotation 
2021-04-27T20:52:34.9596939Z [no-untyped-def]
2021-04-27T20:52:34.9597468Z     def render_pep440(pieces):
2021-04-27T20:52:34.9597880Z     ^
2021-04-27T20:52:34.9598483Z src/tinuous/_version.py:345: error: Function is missing a type annotation 
2021-04-27T20:52:34.9599327Z [no-untyped-def]
2021-04-27T20:52:34.9599865Z     def render_pep440_pre(pieces):
2021-04-27T20:52:34.9600699Z     ^
2021-04-27T20:52:34.9601339Z src/tinuous/_version.py:361: error: Function is missing a type annotation 
2021-04-27T20:52:34.9602627Z [no-untyped-def]
2021-04-27T20:52:34.9603172Z     def render_pep440_post(pieces):
2021-04-27T20:52:34.9603618Z     ^
2021-04-27T20:52:34.9604206Z src/tinuous/_version.py:388: error: Function is missing a type annotation 
2021-04-27T20:52:34.9605828Z [no-untyped-def]
2021-04-27T20:52:34.9606595Z     def render_pep440_old(pieces):
2021-04-27T20:52:34.9607036Z     ^
2021-04-27T20:52:34.9607627Z src/tinuous/_version.py:410: error: Function is missing a type annotation 
2021-04-27T20:52:34.9610098Z [no-untyped-def]
2021-04-27T20:52:34.9610653Z     def render_git_describe(pieces):
2021-04-27T20:52:34.9611109Z     ^
2021-04-27T20:52:34.9611700Z src/tinuous/_version.py:430: error: Function is missing a type annotation 
2021-04-27T20:52:34.9612577Z [no-untyped-def]
2021-04-27T20:52:34.9613139Z     def render_git_describe_long(pieces):
2021-04-27T20:52:34.9613595Z     ^
2021-04-27T20:52:34.9614214Z src/tinuous/_version.py:450: error: Function is missing a type annotation 
2021-04-27T20:52:34.9615061Z [no-untyped-def]
2021-04-27T20:52:34.9615578Z     def render(pieces, style):
2021-04-27T20:52:34.9615993Z     ^
2021-04-27T20:52:34.9616569Z src/tinuous/_version.py:482: error: Function is missing a return type
2021-04-27T20:52:34.9617462Z annotation  [no-untyped-def]
2021-04-27T20:52:34.9617994Z     def get_versions():
2021-04-27T20:52:34.9618379Z     ^
2021-04-27T20:52:35.6814594Z Found 20 errors in 1 file (checked 3 source files)
2021-04-27T20:52:36.0465289Z ##[error]Process completed with exit code 1.
2021-04-27T20:52:36.0569215Z Post job cleanup.
2021-04-27T20:52:36.1945692Z [command]/usr/bin/git version
2021-04-27T20:52:36.2016994Z git version 2.31.1
2021-04-27T20:52:36.2065815Z [command]/usr/bin/git config --local --name-only --get-regexp core\.sshCommand
2021-04-27T20:52:36.2115447Z [command]/usr/bin/git submodule foreach --recursive git config --local --name-only --get-regexp 'core\.sshCommand' && git config --local --unset-all 'core.sshCommand' || :
2021-04-27T20:52:36.2406843Z [command]/usr/bin/git config --local --name-only --get-regexp http\.https\:\/\/github\.com\/\.extraheader
2021-04-27T20:52:36.2441795Z http.https://github.com/.extraheader
2021-04-27T20:52:36.2459140Z [command]/usr/bin/git config --local --unset-all http.https://github.com/.extraheader
2021-04-27T20:52:36.2503153Z [command]/usr/bin/git submodule foreach --recursive git config --local --name-only --get-regexp 'http\.https\:\/\/github\.com\/\.extraheader' && git config --local --unset-all 'http.https://github.com/.extraheader' || :
2021-04-27T20:52:36.2887266Z Cleaning up orphan processes
