2021-04-27T20:51:44.8209647Z ##[section]Starting: Request a runner to run this job
2021-04-27T20:51:45.7803903Z Can't find any online and idle self-hosted runner in current repository that matches the required labels: 'ubuntu-latest'
2021-04-27T20:51:45.7804002Z Can't find any online and idle self-hosted runner in current repository's account/organization that matches the required labels: 'ubuntu-latest'
2021-04-27T20:51:45.7804203Z Found online and idle hosted runner in current repository's account/organization that matches the required labels: 'ubuntu-latest'
2021-04-27T20:51:45.9080452Z ##[section]Finishing: Request a runner to run this job
2021-04-27T20:51:52.6208521Z Current runner version: '2.278.0'
2021-04-27T20:51:52.6243759Z ##[group]Operating System
2021-04-27T20:51:52.6244744Z Ubuntu
2021-04-27T20:51:52.6245317Z 20.04.2
2021-04-27T20:51:52.6245790Z LTS
2021-04-27T20:51:52.6246364Z ##[endgroup]
2021-04-27T20:51:52.6246999Z ##[group]Virtual Environment
2021-04-27T20:51:52.6247755Z Environment: ubuntu-20.04
2021-04-27T20:51:52.6248381Z Version: 20210425.1
2021-04-27T20:51:52.6249544Z Included Software: https://github.com/actions/virtual-environments/blob/ubuntu20/20210425.1/images/linux/Ubuntu2004-README.md
2021-04-27T20:51:52.6251132Z Image Release: https://github.com/actions/virtual-environments/releases/tag/ubuntu20%2F20210425.1
2021-04-27T20:51:52.6252120Z ##[endgroup]
2021-04-27T20:51:52.6254375Z ##[group]GITHUB_TOKEN Permissions
2021-04-27T20:51:52.6255637Z Actions: write
2021-04-27T20:51:52.6256160Z Checks: write
2021-04-27T20:51:52.6256751Z Contents: write
2021-04-27T20:51:52.6257301Z Deployments: write
2021-04-27T20:51:52.6257993Z Issues: write
2021-04-27T20:51:52.6258569Z Metadata: read
2021-04-27T20:51:52.6259166Z Packages: write
2021-04-27T20:51:52.6259731Z PullRequests: write
2021-04-27T20:51:52.6260435Z RepositoryProjects: write
2021-04-27T20:51:52.6261120Z SecurityEvents: write
2021-04-27T20:51:52.6261739Z Statuses: write
2021-04-27T20:51:52.6262368Z ##[endgroup]
2021-04-27T20:51:52.6265448Z Prepare workflow directory
2021-04-27T20:51:52.6951747Z Prepare all required actions
2021-04-27T20:51:52.6962607Z Getting action download info
2021-04-27T20:51:53.1369440Z Download action repository 'actions/checkout@v2'
2021-04-27T20:51:55.1510701Z Download action repository 'actions/setup-python@v2'
2021-04-27T20:51:55.6377641Z ##[group]Run actions/checkout@v2
2021-04-27T20:51:55.6378259Z with:
2021-04-27T20:51:55.6378695Z   repository: con/tinuous
2021-04-27T20:51:55.6379669Z   token: ***
2021-04-27T20:51:55.6380071Z   ssh-strict: true
2021-04-27T20:51:55.6380808Z   persist-credentials: true
2021-04-27T20:51:55.6381342Z   clean: true
2021-04-27T20:51:55.6381791Z   fetch-depth: 1
2021-04-27T20:51:55.6382240Z   lfs: false
2021-04-27T20:51:55.6382683Z   submodules: false
2021-04-27T20:51:55.6383137Z ##[endgroup]
2021-04-27T20:51:55.9078879Z Syncing repository: con/tinuous
2021-04-27T20:51:55.9134995Z ##[group]Getting Git version info
2021-04-27T20:51:55.9136218Z Working directory is '/home/runner/work/tinuous/tinuous'
2021-04-27T20:51:55.9172465Z [command]/usr/bin/git version
2021-04-27T20:51:55.9331444Z git version 2.31.1
2021-04-27T20:51:55.9372276Z ##[endgroup]
2021-04-27T20:51:55.9385461Z Deleting the contents of '/home/runner/work/tinuous/tinuous'
2021-04-27T20:51:55.9392768Z ##[group]Initializing the repository
2021-04-27T20:51:55.9400295Z [command]/usr/bin/git init /home/runner/work/tinuous/tinuous
2021-04-27T20:51:55.9502668Z hint: Using 'master' as the name for the initial branch. This default branch name
2021-04-27T20:51:55.9504246Z hint: is subject to change. To configure the initial branch name to use in all
2021-04-27T20:51:55.9505583Z hint: of your new repositories, which will suppress this warning, call:
2021-04-27T20:51:55.9506581Z hint: 
2021-04-27T20:51:55.9507706Z hint: 	git config --global init.defaultBranch <name>
2021-04-27T20:51:55.9508596Z hint: 
2021-04-27T20:51:55.9509710Z hint: Names commonly chosen instead of 'master' are 'main', 'trunk' and
2021-04-27T20:51:55.9511233Z hint: 'development'. The just-created branch can be renamed via this command:
2021-04-27T20:51:55.9512250Z hint: 
2021-04-27T20:51:55.9513504Z hint: 	git branch -m <name>
2021-04-27T20:51:55.9519050Z Initialized empty Git repository in /home/runner/work/tinuous/tinuous/.git/
2021-04-27T20:51:55.9529259Z [command]/usr/bin/git remote add origin https://github.com/con/tinuous
2021-04-27T20:51:55.9580311Z ##[endgroup]
2021-04-27T20:51:55.9581268Z ##[group]Disabling automatic garbage collection
2021-04-27T20:51:55.9589748Z [command]/usr/bin/git config --local gc.auto 0
2021-04-27T20:51:55.9633636Z ##[endgroup]
2021-04-27T20:51:56.4734219Z ##[group]Setting up auth
2021-04-27T20:51:56.4735710Z [command]/usr/bin/git config --local --name-only --get-regexp core\.sshCommand
2021-04-27T20:51:56.4737618Z [command]/usr/bin/git submodule foreach --recursive git config --local --name-only --get-regexp 'core\.sshCommand' && git config --local --unset-all 'core.sshCommand' || :
2021-04-27T20:51:56.4739620Z [command]/usr/bin/git config --local --name-only --get-regexp http\.https\:\/\/github\.com\/\.extraheader
2021-04-27T20:51:56.4741895Z [command]/usr/bin/git submodule foreach --recursive git config --local --name-only --get-regexp 'http\.https\:\/\/github\.com\/\.extraheader' && git config --local --unset-all 'http.https://github.com/.extraheader' || :
2021-04-27T20:51:56.4744138Z [command]/usr/bin/git config --local http.https://github.com/.extraheader AUTHORIZATION: basic ***
2021-04-27T20:51:56.4745231Z ##[endgroup]
2021-04-27T20:51:56.4745887Z ##[group]Fetching the repository
2021-04-27T20:51:56.4747816Z [command]/usr/bin/git -c protocol.version=2 fetch --no-tags --prune --progress --no-recurse-submodules --depth=1 origin +dee34709e23883c3f2b17b10251f22c76da9fbae:refs/remotes/origin/fix-tests
2021-04-27T20:51:56.4749500Z remote: Enumerating objects: 20, done.        
2021-04-27T20:51:56.4750191Z remote: Counting objects:   5% (1/20)        
2021-04-27T20:51:56.4750855Z remote: Counting objects:  10% (2/20)        
2021-04-27T20:51:56.4751511Z remote: Counting objects:  15% (3/20)        
2021-04-27T20:51:56.4752150Z remote: Counting objects:  20% (4/20)        
2021-04-27T20:51:56.4752805Z remote: Counting objects:  25% (5/20)        
2021-04-27T20:51:56.4753447Z remote: Counting objects:  30% (6/20)        
2021-04-27T20:51:56.4754419Z remote: Counting objects:  35% (7/20)        
2021-04-27T20:51:56.4755332Z remote: Counting objects:  40% (8/20)        
2021-04-27T20:51:56.4755980Z remote: Counting objects:  45% (9/20)        
2021-04-27T20:51:56.4756645Z remote: Counting objects:  50% (10/20)        
2021-04-27T20:51:56.4757287Z remote: Counting objects:  55% (11/20)        
2021-04-27T20:51:56.4757965Z remote: Counting objects:  60% (12/20)        
2021-04-27T20:51:56.4758673Z remote: Counting objects:  65% (13/20)        
2021-04-27T20:51:56.4759315Z remote: Counting objects:  70% (14/20)        
2021-04-27T20:51:56.4761661Z remote: Counting objects:  75% (15/20)        
2021-04-27T20:51:56.4762331Z remote: Counting objects:  80% (16/20)        
2021-04-27T20:51:56.4762970Z remote: Counting objects:  85% (17/20)        
2021-04-27T20:51:56.4763625Z remote: Counting objects:  90% (18/20)        
2021-04-27T20:51:56.4764261Z remote: Counting objects:  95% (19/20)        
2021-04-27T20:51:56.4764925Z remote: Counting objects: 100% (20/20)        
2021-04-27T20:51:56.4765606Z remote: Counting objects: 100% (20/20), done.        
2021-04-27T20:51:56.4766486Z remote: Compressing objects:   6% (1/15)        
2021-04-27T20:51:56.4767245Z remote: Compressing objects:  13% (2/15)        
2021-04-27T20:51:56.4768388Z remote: Compressing objects:  20% (3/15)        
2021-04-27T20:51:56.4769132Z remote: Compressing objects:  26% (4/15)        
2021-04-27T20:51:56.4769910Z remote: Compressing objects:  33% (5/15)        
2021-04-27T20:51:56.4770650Z remote: Compressing objects:  40% (6/15)        
2021-04-27T20:51:56.4771400Z remote: Compressing objects:  46% (7/15)        
2021-04-27T20:51:56.4772153Z remote: Compressing objects:  53% (8/15)        
2021-04-27T20:51:56.4772886Z remote: Compressing objects:  60% (9/15)        
2021-04-27T20:51:56.4773646Z remote: Compressing objects:  66% (10/15)        
2021-04-27T20:51:56.4774384Z remote: Compressing objects:  73% (11/15)        
2021-04-27T20:51:56.4775149Z remote: Compressing objects:  80% (12/15)        
2021-04-27T20:51:56.4775907Z remote: Compressing objects:  86% (13/15)        
2021-04-27T20:51:56.4776652Z remote: Compressing objects:  93% (14/15)        
2021-04-27T20:51:56.4777408Z remote: Compressing objects: 100% (15/15)        
2021-04-27T20:51:56.4778264Z remote: Compressing objects: 100% (15/15), done.        
2021-04-27T20:51:56.4779432Z remote: Total 20 (delta 1), reused 15 (delta 1), pack-reused 0        
2021-04-27T20:51:56.4780457Z From https://github.com/con/tinuous
2021-04-27T20:51:56.4781637Z  * [new ref]         dee34709e23883c3f2b17b10251f22c76da9fbae -> origin/fix-tests
2021-04-27T20:51:56.4782537Z ##[endgroup]
2021-04-27T20:51:56.4783185Z ##[group]Determining the checkout info
2021-04-27T20:51:56.4783801Z ##[endgroup]
2021-04-27T20:51:56.4784377Z ##[group]Checking out the ref
2021-04-27T20:51:56.4785481Z [command]/usr/bin/git checkout --progress --force -B fix-tests refs/remotes/origin/fix-tests
2021-04-27T20:51:56.4786576Z Switched to a new branch 'fix-tests'
2021-04-27T20:51:56.4787635Z Branch 'fix-tests' set up to track remote branch 'fix-tests' from 'origin'.
2021-04-27T20:51:56.4788388Z ##[endgroup]
2021-04-27T20:51:56.4789386Z [command]/usr/bin/git log -1 --format='%H'
2021-04-27T20:51:56.4790438Z 'dee34709e23883c3f2b17b10251f22c76da9fbae'
2021-04-27T20:51:56.4910806Z ##[group]Run actions/setup-python@v2
2021-04-27T20:51:56.4911338Z with:
2021-04-27T20:51:56.4911811Z   python-version: 3.9
2021-04-27T20:51:56.4912828Z   token: ***
2021-04-27T20:51:56.4913240Z ##[endgroup]
2021-04-27T20:51:56.5632457Z Successfully setup CPython (3.9.4)
2021-04-27T20:51:56.5691282Z ##[group]Run python -m pip install --upgrade pip wheel
2021-04-27T20:51:56.5692049Z [36;1mpython -m pip install --upgrade pip wheel[0m
2021-04-27T20:51:56.5692821Z [36;1mpython -m pip install .[0m
2021-04-27T20:51:56.5740966Z shell: /usr/bin/bash -e {0}
2021-04-27T20:51:56.5741422Z env:
2021-04-27T20:51:56.5742055Z   pythonLocation: /opt/hostedtoolcache/Python/3.9.4/x64
2021-04-27T20:51:56.5742898Z   LD_LIBRARY_PATH: /opt/hostedtoolcache/Python/3.9.4/x64/lib
2021-04-27T20:51:56.5743534Z ##[endgroup]
2021-04-27T20:51:58.7863767Z WARNING: Value for scheme.headers does not match. Please report this to <https://github.com/pypa/pip/issues/9617>
2021-04-27T20:51:58.7866307Z distutils: /opt/hostedtoolcache/Python/3.9.4/x64/include/python3.9/UNKNOWN
2021-04-27T20:51:58.7867986Z sysconfig: /opt/hostedtoolcache/Python/3.9.4/x64/include/python3.9
2021-04-27T20:51:58.7869498Z WARNING: Additional context:
2021-04-27T20:51:58.7870363Z user = False
2021-04-27T20:51:58.7871073Z home = None
2021-04-27T20:51:58.7871919Z root = None
2021-04-27T20:51:58.7872649Z prefix = None
2021-04-27T20:51:58.8779797Z Requirement already satisfied: pip in /opt/hostedtoolcache/Python/3.9.4/x64/lib/python3.9/site-packages (21.1)
2021-04-27T20:51:59.1067218Z Collecting wheel
2021-04-27T20:51:59.1458724Z   Downloading wheel-0.36.2-py2.py3-none-any.whl (35 kB)
2021-04-27T20:51:59.2085026Z Installing collected packages: wheel
2021-04-27T20:51:59.2432014Z WARNING: Value for scheme.headers does not match. Please report this to <https://github.com/pypa/pip/issues/9617>
2021-04-27T20:51:59.2440773Z distutils: /opt/hostedtoolcache/Python/3.9.4/x64/include/python3.9/UNKNOWN
2021-04-27T20:51:59.2449365Z sysconfig: /opt/hostedtoolcache/Python/3.9.4/x64/include/python3.9
2021-04-27T20:51:59.2470590Z Successfully installed wheel-0.36.2
2021-04-27T20:51:59.2471784Z WARNING: Additional context:
2021-04-27T20:51:59.2472377Z user = False
2021-04-27T20:51:59.2472895Z home = None
2021-04-27T20:51:59.2473382Z root = None
2021-04-27T20:51:59.2473904Z prefix = None
2021-04-27T20:51:59.7071951Z WARNING: Value for scheme.headers does not match. Please report this to <https://github.com/pypa/pip/issues/9617>
2021-04-27T20:51:59.7073307Z distutils: /opt/hostedtoolcache/Python/3.9.4/x64/include/python3.9/UNKNOWN
2021-04-27T20:51:59.7074306Z sysconfig: /opt/hostedtoolcache/Python/3.9.4/x64/include/python3.9
2021-04-27T20:51:59.7075055Z WARNING: Additional context:
2021-04-27T20:51:59.7075594Z user = False
2021-04-27T20:51:59.7076028Z home = None
2021-04-27T20:51:59.7076465Z root = None
2021-04-27T20:51:59.7076894Z prefix = None
2021-04-27T20:51:59.7896519Z Processing /home/runner/work/tinuous/tinuous
2021-04-27T20:51:59.7901192Z   DEPRECATION: A future pip version will change local packages to be built in-place without first copying to a temporary directory. We recommend you use --use-feature=in-tree-build to test your packages with this new behavior before it becomes the default.
2021-04-27T20:51:59.7903477Z    pip 21.3 will remove support for this functionality. You can find discussion regarding this at https://github.com/pypa/pip/issues/7555.
2021-04-27T20:52:00.7342034Z   Installing build dependencies: started
2021-04-27T20:52:04.1509260Z   Installing build dependencies: finished with status 'done'
2021-04-27T20:52:04.1516709Z   Getting requirements to build wheel: started
2021-04-27T20:52:04.1518653Z   Getting requirements to build wheel: finished with status 'done'
2021-04-27T20:52:04.1520184Z     Preparing wheel metadata: started
2021-04-27T20:52:04.3020840Z     Preparing wheel metadata: finished with status 'done'
2021-04-27T20:52:04.5602642Z Collecting pydantic~=1.7
2021-04-27T20:52:04.5928924Z   Downloading pydantic-1.8.1-cp39-cp39-manylinux2014_x86_64.whl (11.3 MB)
2021-04-27T20:52:05.0550479Z Collecting PyYAML~=5.0
2021-04-27T20:52:05.0655818Z   Downloading PyYAML-5.4.1-cp39-cp39-manylinux1_x86_64.whl (630 kB)
2021-04-27T20:52:05.1676866Z Collecting click-loglevel~=0.2
2021-04-27T20:52:05.1823019Z   Downloading click_loglevel-0.3.0-py3-none-any.whl (5.0 kB)
2021-04-27T20:52:05.2630391Z Collecting requests~=2.20
2021-04-27T20:52:05.2741276Z   Downloading requests-2.25.1-py2.py3-none-any.whl (61 kB)
2021-04-27T20:52:05.3029817Z Collecting in-place~=0.4
2021-04-27T20:52:05.3125277Z   Downloading in_place-0.5.0-py3-none-any.whl (9.1 kB)
2021-04-27T20:52:05.3549656Z Collecting python-dateutil~=2.7
2021-04-27T20:52:05.3650569Z   Downloading python_dateutil-2.8.1-py2.py3-none-any.whl (227 kB)
2021-04-27T20:52:05.4205762Z Collecting PyGithub~=1.53
2021-04-27T20:52:05.4300469Z   Downloading PyGithub-1.55-py3-none-any.whl (291 kB)
2021-04-27T20:52:05.4820482Z Collecting click~=7.0
2021-04-27T20:52:05.4903774Z   Downloading click-7.1.2-py2.py3-none-any.whl (82 kB)
2021-04-27T20:52:05.6025209Z Collecting datalad~=0.14
2021-04-27T20:52:05.6132657Z   Downloading datalad-0.14.2.tar.gz (1.6 MB)
2021-04-27T20:52:05.9512451Z   Installing build dependencies: started
2021-04-27T20:52:08.4431031Z   Installing build dependencies: finished with status 'done'
2021-04-27T20:52:08.4479643Z   Getting requirements to build wheel: started
2021-04-27T20:52:08.8569156Z   Getting requirements to build wheel: finished with status 'done'
2021-04-27T20:52:08.8627104Z     Preparing wheel metadata: started
2021-04-27T20:52:09.3385284Z     Preparing wheel metadata: finished with status 'done'
2021-04-27T20:52:09.5209679Z Collecting appdirs
2021-04-27T20:52:09.5289144Z   Downloading appdirs-1.4.4-py2.py3-none-any.whl (9.6 kB)
2021-04-27T20:52:09.6165452Z Collecting msgpack
2021-04-27T20:52:09.6261255Z   Downloading msgpack-1.0.2-cp39-cp39-manylinux1_x86_64.whl (294 kB)
2021-04-27T20:52:09.6549018Z Collecting patool>=1.7
2021-04-27T20:52:09.6644156Z   Downloading patool-1.12-py2.py3-none-any.whl (77 kB)
2021-04-27T20:52:09.6946973Z Collecting wrapt
2021-04-27T20:52:09.7117899Z   Downloading wrapt-1.12.1.tar.gz (27 kB)
2021-04-27T20:52:10.4117400Z Collecting jsmin
2021-04-27T20:52:10.4202194Z   Downloading jsmin-2.2.2.tar.gz (12 kB)
2021-04-27T20:52:10.6708565Z Collecting fasteners>=0.14
2021-04-27T20:52:10.6798260Z   Downloading fasteners-0.16-py2.py3-none-any.whl (28 kB)
2021-04-27T20:52:10.7398353Z Collecting boto
2021-04-27T20:52:10.7506910Z   Downloading boto-2.49.0-py2.py3-none-any.whl (1.4 MB)
2021-04-27T20:52:10.9400109Z Collecting tqdm
2021-04-27T20:52:10.9479610Z   Downloading tqdm-4.60.0-py2.py3-none-any.whl (75 kB)
2021-04-27T20:52:11.0527080Z Collecting simplejson
2021-04-27T20:52:11.0613806Z   Downloading simplejson-3.17.2.tar.gz (83 kB)
2021-04-27T20:52:11.3434267Z Collecting humanize
2021-04-27T20:52:11.3521020Z   Downloading humanize-3.4.1-py3-none-any.whl (73 kB)
2021-04-27T20:52:11.3841458Z Collecting distro
2021-04-27T20:52:11.3925570Z   Downloading distro-1.5.0-py2.py3-none-any.whl (18 kB)
2021-04-27T20:52:11.4216671Z Collecting iso8601
2021-04-27T20:52:11.4317764Z   Downloading iso8601-0.1.14-py2.py3-none-any.whl (9.5 kB)
2021-04-27T20:52:11.5581412Z Collecting keyring>=8.0
2021-04-27T20:52:11.5670302Z   Downloading keyring-23.0.1-py3-none-any.whl (33 kB)
2021-04-27T20:52:11.6050068Z Collecting keyrings.alt
2021-04-27T20:52:11.6139790Z   Downloading keyrings.alt-4.0.2-py3-none-any.whl (20 kB)
2021-04-27T20:52:11.6452527Z Collecting chardet>=3.0.4
2021-04-27T20:52:11.6547790Z   Downloading chardet-4.0.0-py2.py3-none-any.whl (178 kB)
2021-04-27T20:52:11.7589228Z Collecting whoosh
2021-04-27T20:52:11.7687127Z   Downloading Whoosh-2.7.4-py2.py3-none-any.whl (468 kB)
2021-04-27T20:52:11.8749570Z Collecting annexremote
2021-04-27T20:52:11.8841308Z   Downloading annexremote-1.5.0-py3-none-any.whl (25 kB)
2021-04-27T20:52:12.0779014Z Collecting six
2021-04-27T20:52:12.0897683Z   Downloading six-1.15.0-py2.py3-none-any.whl (10 kB)
2021-04-27T20:52:12.1448139Z Collecting SecretStorage>=3.2
2021-04-27T20:52:12.1525579Z   Downloading SecretStorage-3.3.1-py3-none-any.whl (15 kB)
2021-04-27T20:52:12.2399006Z Collecting importlib-metadata>=3.6
2021-04-27T20:52:12.2482943Z   Downloading importlib_metadata-4.0.1-py3-none-any.whl (16 kB)
2021-04-27T20:52:12.2943075Z Collecting jeepney>=0.4.2
2021-04-27T20:52:12.3025543Z   Downloading jeepney-0.6.0-py3-none-any.whl (45 kB)
2021-04-27T20:52:12.3709097Z Collecting zipp>=0.5
2021-04-27T20:52:12.3789498Z   Downloading zipp-3.4.1-py3-none-any.whl (5.2 kB)
2021-04-27T20:52:12.4394951Z Collecting typing-extensions>=3.7.4.3
2021-04-27T20:52:12.4461055Z   Downloading typing_extensions-3.7.4.3-py3-none-any.whl (22 kB)
2021-04-27T20:52:12.5289631Z Collecting pynacl>=1.4.0
2021-04-27T20:52:12.5396523Z   Downloading PyNaCl-1.4.0-cp35-abi3-manylinux1_x86_64.whl (961 kB)
2021-04-27T20:52:12.6105988Z Collecting deprecated
2021-04-27T20:52:12.6187510Z   Downloading Deprecated-1.2.12-py2.py3-none-any.whl (9.5 kB)
2021-04-27T20:52:12.6701815Z Collecting pyjwt>=2.0
2021-04-27T20:52:12.6784636Z   Downloading PyJWT-2.0.1-py3-none-any.whl (15 kB)
2021-04-27T20:52:13.0573450Z Collecting cffi>=1.4.1
2021-04-27T20:52:13.0685668Z   Downloading cffi-1.14.5-cp39-cp39-manylinux1_x86_64.whl (406 kB)
2021-04-27T20:52:13.1102999Z Collecting pycparser
2021-04-27T20:52:13.1237153Z   Downloading pycparser-2.20-py2.py3-none-any.whl (112 kB)
2021-04-27T20:52:13.1949031Z Collecting idna<3,>=2.5
2021-04-27T20:52:13.2034174Z   Downloading idna-2.10-py2.py3-none-any.whl (58 kB)
2021-04-27T20:52:13.2497569Z Collecting certifi>=2017.4.17
2021-04-27T20:52:13.2586641Z   Downloading certifi-2020.12.5-py2.py3-none-any.whl (147 kB)
2021-04-27T20:52:13.3344980Z Collecting urllib3<1.27,>=1.21.1
2021-04-27T20:52:13.3448314Z   Downloading urllib3-1.26.4-py2.py3-none-any.whl (153 kB)
2021-04-27T20:52:13.8456237Z Collecting cryptography>=2.0
2021-04-27T20:52:13.8552369Z   Downloading cryptography-3.4.7-cp36-abi3-manylinux2014_x86_64.whl (3.2 MB)
2021-04-27T20:52:14.0221851Z Collecting future
2021-04-27T20:52:14.0373413Z   Downloading future-0.18.2.tar.gz (829 kB)
2021-04-27T20:52:14.4882599Z Requirement already satisfied: setuptools in /opt/hostedtoolcache/Python/3.9.4/x64/lib/python3.9/site-packages (from humanize->datalad~=0.14->tinuous==0+untagged.1.gdee3470) (49.2.1)
2021-04-27T20:52:14.6018676Z Building wheels for collected packages: tinuous, datalad, wrapt, future, jsmin, simplejson
2021-04-27T20:52:14.6031236Z   Building wheel for tinuous (PEP 517): started
2021-04-27T20:52:14.9376672Z   Building wheel for tinuous (PEP 517): finished with status 'done'
2021-04-27T20:52:14.9391857Z   Created wheel for tinuous: filename=tinuous-0+untagged.1.gdee3470-py3-none-any.whl size=14225 sha256=c782610ae00673b1f4fe53ccc8abe98291792e92dd6178860fda19bbd5ec4992
2021-04-27T20:52:14.9395117Z   Stored in directory: /tmp/pip-ephem-wheel-cache-i0h4askb/wheels/90/c4/03/917c42adcde0fda113460da55703d811beff51352ae68a48ef
2021-04-27T20:52:14.9449466Z   Building wheel for datalad (PEP 517): started
2021-04-27T20:52:15.8519927Z   Building wheel for datalad (PEP 517): finished with status 'done'
2021-04-27T20:52:15.8613797Z   Created wheel for datalad: filename=datalad-0.14.2-py3-none-any.whl size=1603393 sha256=fd9c4952b94a7bb8d74849ff71ad71e6b198f21f1f035e21e5e7c3a11982379a
2021-04-27T20:52:15.8616579Z   Stored in directory: /home/runner/.cache/pip/wheels/d8/48/3f/12d27b732161b109efb697a979af55e8c1808ea87d68839bda
2021-04-27T20:52:15.8668479Z   Building wheel for wrapt (setup.py): started
2021-04-27T20:52:17.3593914Z   Building wheel for wrapt (setup.py): finished with status 'done'
2021-04-27T20:52:17.3612307Z   Created wheel for wrapt: filename=wrapt-1.12.1-cp39-cp39-linux_x86_64.whl size=78669 sha256=a2261876090713212279a09ff61041a88df984fa4b38fd5c7aaae03ee36fd99e
2021-04-27T20:52:17.3616613Z   Stored in directory: /home/runner/.cache/pip/wheels/98/23/68/efe259aaca055e93b08e74fbe512819c69a2155c11ba3c0f10
2021-04-27T20:52:17.3644979Z   Building wheel for future (setup.py): started
2021-04-27T20:52:17.8364667Z   Building wheel for future (setup.py): finished with status 'done'
2021-04-27T20:52:17.8405601Z   Created wheel for future: filename=future-0.18.2-py3-none-any.whl size=491059 sha256=fcd659b75afb95d40b9e54d5ff96cd992c0b691038da9df8351aa5e8ace39c81
2021-04-27T20:52:17.8408157Z   Stored in directory: /home/runner/.cache/pip/wheels/2f/a0/d3/4030d9f80e6b3be787f19fc911b8e7aa462986a40ab1e4bb94
2021-04-27T20:52:17.8465545Z   Building wheel for jsmin (setup.py): started
2021-04-27T20:52:19.1719974Z   Building wheel for jsmin (setup.py): finished with status 'done'
2021-04-27T20:52:19.1726748Z   Created wheel for jsmin: filename=jsmin-2.2.2-py3-none-any.whl size=13920 sha256=91c4626036584a2050f5e7dbc4d72fb8c3a072ab307b38c6acab819b9a7922ce
2021-04-27T20:52:19.1729065Z   Stored in directory: /home/runner/.cache/pip/wheels/40/dd/1e/fa3c36f3dda73beb0d0d2cd44ca9bf5119ea8881e99fc45e6d
2021-04-27T20:52:19.1753817Z   Building wheel for simplejson (setup.py): started
2021-04-27T20:52:20.7197207Z   Building wheel for simplejson (setup.py): finished with status 'done'
2021-04-27T20:52:20.7209814Z   Created wheel for simplejson: filename=simplejson-3.17.2-cp39-cp39-linux_x86_64.whl size=135292 sha256=231b29284d9d14667c594f171b36d34081b2e3d332cc3ce692f09161e7c9295e
2021-04-27T20:52:20.7212246Z   Stored in directory: /home/runner/.cache/pip/wheels/a2/c7/6a/2dabbded050716dd50faef2145e3ffa509b0d3895899c599f5
2021-04-27T20:52:20.7234164Z Successfully built tinuous datalad wrapt future jsmin simplejson
2021-04-27T20:52:21.1332357Z Installing collected packages: pycparser, cffi, zipp, wrapt, urllib3, six, jeepney, idna, cryptography, chardet, certifi, SecretStorage, requests, pynacl, pyjwt, importlib-metadata, future, deprecated, whoosh, typing-extensions, tqdm, simplejson, PyGithub, patool, msgpack, keyrings.alt, keyring, jsmin, iso8601, humanize, fasteners, distro, click, boto, appdirs, annexremote, PyYAML, python-dateutil, pydantic, in-place, datalad, click-loglevel, tinuous
2021-04-27T20:52:25.4141815Z WARNING: Value for scheme.headers does not match. Please report this to <https://github.com/pypa/pip/issues/9617>
2021-04-27T20:52:25.4144265Z distutils: /opt/hostedtoolcache/Python/3.9.4/x64/include/python3.9/UNKNOWN
2021-04-27T20:52:25.4146074Z sysconfig: /opt/hostedtoolcache/Python/3.9.4/x64/include/python3.9
2021-04-27T20:52:25.4147601Z WARNING: Additional context:
2021-04-27T20:52:25.4148731Z user = False
2021-04-27T20:52:25.4149710Z home = None
2021-04-27T20:52:25.4150554Z root = None
2021-04-27T20:52:25.4151490Z prefix = None
2021-04-27T20:52:25.4296708Z Successfully installed PyGithub-1.55 PyYAML-5.4.1 SecretStorage-3.3.1 annexremote-1.5.0 appdirs-1.4.4 boto-2.49.0 certifi-2020.12.5 cffi-1.14.5 chardet-4.0.0 click-7.1.2 click-loglevel-0.3.0 cryptography-3.4.7 datalad-0.14.2 deprecated-1.2.12 distro-1.5.0 fasteners-0.16 future-0.18.2 humanize-3.4.1 idna-2.10 importlib-metadata-4.0.1 in-place-0.5.0 iso8601-0.1.14 jeepney-0.6.0 jsmin-2.2.2 keyring-23.0.1 keyrings.alt-4.0.2 msgpack-1.0.2 patool-1.12 pycparser-2.20 pydantic-1.8.1 pyjwt-2.0.1 pynacl-1.4.0 python-dateutil-2.8.1 requests-2.25.1 simplejson-3.17.2 six-1.15.0 tinuous-0+untagged.1.gdee3470 tqdm-4.60.0 typing-extensions-3.7.4.3 urllib3-1.26.4 whoosh-2.7.4 wrapt-1.12.1 zipp-3.4.1
2021-04-27T20:52:25.5877088Z ##[group]Run tinuous --help
2021-04-27T20:52:25.5878316Z [36;1mtinuous --help[0m
2021-04-27T20:52:25.5921295Z shell: /usr/bin/bash -e {0}
2021-04-27T20:52:25.5921777Z env:
2021-04-27T20:52:25.5922368Z   pythonLocation: /opt/hostedtoolcache/Python/3.9.4/x64
2021-04-27T20:52:25.5923226Z   LD_LIBRARY_PATH: /opt/hostedtoolcache/Python/3.9.4/x64/lib
2021-04-27T20:52:25.5923870Z ##[endgroup]
2021-04-27T20:52:25.7465963Z It is highly recommended to configure Git before using DataLad. Set both 'user.name' and 'user.email' configuration variables.
2021-04-27T20:52:25.7469057Z It is highly recommended to configure Git before using DataLad. Set both 'user.name' and 'user.email' configuration variables.
2021-04-27T20:52:26.4954728Z Usage: tinuous [OPTIONS] COMMAND [ARGS]...
2021-04-27T20:52:26.4955586Z 
2021-04-27T20:52:26.4956690Z   Download build logs from GitHub Actions, Travis, and Appveyor
2021-04-27T20:52:26.4957648Z 
2021-04-27T20:52:26.4958434Z Options:
2021-04-27T20:52:26.4961002Z   -c, --config FILE               Read configuration from the given file
2021-04-27T20:52:26.4962409Z                                   [default: config.yml]
2021-04-27T20:52:26.4963102Z 
2021-04-27T20:52:26.4964575Z   -l, --log-level [NOTSET|DEBUG|INFO|WARNING|ERROR|CRITICAL]
2021-04-27T20:52:26.4965938Z                                   Set logging level  [default: INFO]
2021-04-27T20:52:26.4967516Z   --help                          Show this message and exit.
2021-04-27T20:52:26.4968294Z 
2021-04-27T20:52:26.4969023Z Commands:
2021-04-27T20:52:26.4969945Z   fetch     Download logs
2021-04-27T20:52:26.4970963Z   sanitize  Sanitize secrets in logs
2021-04-27T20:52:26.5840606Z ##[group]Run python -m pip install mypy
2021-04-27T20:52:26.5841275Z [36;1mpython -m pip install mypy[0m
2021-04-27T20:52:26.5882484Z shell: /usr/bin/bash -e {0}
2021-04-27T20:52:26.5882915Z env:
2021-04-27T20:52:26.5883528Z   pythonLocation: /opt/hostedtoolcache/Python/3.9.4/x64
2021-04-27T20:52:26.5884376Z   LD_LIBRARY_PATH: /opt/hostedtoolcache/Python/3.9.4/x64/lib
2021-04-27T20:52:26.5884996Z ##[endgroup]
2021-04-27T20:52:26.9135163Z WARNING: Value for scheme.headers does not match. Please report this to <https://github.com/pypa/pip/issues/9617>
2021-04-27T20:52:26.9137316Z distutils: /opt/hostedtoolcache/Python/3.9.4/x64/include/python3.9/UNKNOWN
2021-04-27T20:52:26.9139021Z sysconfig: /opt/hostedtoolcache/Python/3.9.4/x64/include/python3.9
2021-04-27T20:52:26.9140322Z WARNING: Additional context:
2021-04-27T20:52:26.9141201Z user = False
2021-04-27T20:52:26.9141890Z home = None
2021-04-27T20:52:26.9142575Z root = None
2021-04-27T20:52:26.9143289Z prefix = None
2021-04-27T20:52:27.1719219Z Collecting mypy
2021-04-27T20:52:27.2147121Z   Downloading mypy-0.812-cp39-cp39-manylinux2010_x86_64.whl (22.7 MB)
2021-04-27T20:52:27.8993386Z Collecting typed-ast<1.5.0,>=1.4.0
2021-04-27T20:52:27.9098114Z   Downloading typed_ast-1.4.3-cp39-cp39-manylinux1_x86_64.whl (769 kB)
2021-04-27T20:52:27.9516166Z Collecting mypy-extensions<0.5.0,>=0.4.3
2021-04-27T20:52:27.9594906Z   Downloading mypy_extensions-0.4.3-py2.py3-none-any.whl (4.5 kB)
2021-04-27T20:52:27.9644107Z Requirement already satisfied: typing-extensions>=3.7.4 in /opt/hostedtoolcache/Python/3.9.4/x64/lib/python3.9/site-packages (from mypy) (3.7.4.3)
2021-04-27T20:52:28.3366075Z Installing collected packages: typed-ast, mypy-extensions, mypy
2021-04-27T20:52:29.9482926Z WARNING: Value for scheme.headers does not match. Please report this to <https://github.com/pypa/pip/issues/9617>
2021-04-27T20:52:29.9485493Z distutils: /opt/hostedtoolcache/Python/3.9.4/x64/include/python3.9/UNKNOWN
2021-04-27T20:52:29.9486504Z sysconfig: /opt/hostedtoolcache/Python/3.9.4/x64/include/python3.9
2021-04-27T20:52:29.9487245Z WARNING: Additional context:
2021-04-27T20:52:29.9487759Z user = False
2021-04-27T20:52:29.9488156Z home = None
2021-04-27T20:52:29.9488560Z root = None
2021-04-27T20:52:29.9488963Z prefix = None
2021-04-27T20:52:29.9594077Z Successfully installed mypy-0.812 mypy-extensions-0.4.3 typed-ast-1.4.3
2021-04-27T20:52:30.0251818Z ##[group]Run mypy src
2021-04-27T20:52:30.0252279Z [36;1mmypy src[0m
2021-04-27T20:52:30.0292128Z shell: /usr/bin/bash -e {0}
2021-04-27T20:52:30.0292555Z env:
2021-04-27T20:52:30.0293150Z   pythonLocation: /opt/hostedtoolcache/Python/3.9.4/x64
2021-04-27T20:52:30.0293951Z   LD_LIBRARY_PATH: /opt/hostedtoolcache/Python/3.9.4/x64/lib
2021-04-27T20:52:30.0294557Z ##[endgroup]
2021-04-27T20:52:33.8012937Z src/tinuous/_version.py:20: error: Function is missing a return type annotation
2021-04-27T20:52:33.8015104Z  [no-untyped-def]
2021-04-27T20:52:33.8016018Z     def get_keywords():
2021-04-27T20:52:33.8016726Z     ^
2021-04-27T20:52:33.8017884Z src/tinuous/_version.py:37: error: Function is missing a return type annotation
2021-04-27T20:52:33.8019416Z  [no-untyped-def]
2021-04-27T20:52:33.8020268Z     def get_config():
2021-04-27T20:52:33.8020942Z     ^
2021-04-27T20:52:33.8022432Z src/tinuous/_version.py:55: error: Need type annotation for 'LONG_VERSION_PY'
2021-04-27T20:52:33.8024405Z (hint: "LONG_VERSION_PY: Dict[<type>, <type>] = ...")  [var-annotated]
2021-04-27T20:52:33.8026211Z     LONG_VERSION_PY = {}
2021-04-27T20:52:33.8026935Z     ^
2021-04-27T20:52:33.8028489Z src/tinuous/_version.py:56: error: Need type annotation for 'HANDLERS' (hint:
2021-04-27T20:52:33.8030257Z "HANDLERS: Dict[<type>, <type>] = ...")  [var-annotated]
2021-04-27T20:52:33.8031271Z     HANDLERS = {}
2021-04-27T20:52:33.8031935Z     ^
2021-04-27T20:52:33.8033047Z src/tinuous/_version.py:59: error: Function is missing a type annotation 
2021-04-27T20:52:33.8034516Z [no-untyped-def]
2021-04-27T20:52:33.8035629Z     def register_vcs_handler(vcs, method):  # decorator
2021-04-27T20:52:33.8036551Z     ^
2021-04-27T20:52:33.8037661Z src/tinuous/_version.py:61: error: Function is missing a type annotation 
2021-04-27T20:52:33.8039118Z [no-untyped-def]
2021-04-27T20:52:33.8040234Z         def decorate(f):
2021-04-27T20:52:33.8040953Z         ^
2021-04-27T20:52:33.8042078Z src/tinuous/_version.py:70: error: Function is missing a type annotation 
2021-04-27T20:52:33.8043571Z [no-untyped-def]
2021-04-27T20:52:33.8044808Z     def run_command(commands, args, cwd=None, verbose=False, hide_stderr=F...
2021-04-27T20:52:33.8045890Z     ^
2021-04-27T20:52:33.8046985Z src/tinuous/_version.py:105: error: Function is missing a type annotation 
2021-04-27T20:52:33.8048461Z [no-untyped-def]
2021-04-27T20:52:33.8049324Z     def versions_from_parentdir(parentdir_prefix, root, verbose):
2021-04-27T20:52:33.8049931Z     ^
2021-04-27T20:52:33.8050547Z src/tinuous/_version.py:131: error: Function is missing a type annotation 
2021-04-27T20:52:33.8051383Z [no-untyped-def]
2021-04-27T20:52:33.8051970Z     def git_get_keywords(versionfile_abs):
2021-04-27T20:52:33.8052454Z     ^
2021-04-27T20:52:33.8053081Z src/tinuous/_version.py:160: error: Function is missing a type annotation 
2021-04-27T20:52:33.8053896Z [no-untyped-def]
2021-04-27T20:52:33.8054693Z     def git_versions_from_keywords(keywords, tag_prefix, verbose):
2021-04-27T20:52:33.8055238Z     ^
2021-04-27T20:52:33.8055820Z src/tinuous/_version.py:219: error: Function is missing a type annotation 
2021-04-27T20:52:33.8056579Z [no-untyped-def]
2021-04-27T20:52:33.8057226Z     def git_pieces_from_vcs(tag_prefix, root, verbose, run_command=run_com...
2021-04-27T20:52:33.8057774Z     ^
2021-04-27T20:52:33.8058353Z src/tinuous/_version.py:313: error: Function is missing a type annotation 
2021-04-27T20:52:33.8059120Z [no-untyped-def]
2021-04-27T20:52:33.8059685Z     def plus_or_dot(pieces):
2021-04-27T20:52:33.8060031Z     ^
2021-04-27T20:52:33.8060526Z src/tinuous/_version.py:320: error: Function is missing a type annotation 
2021-04-27T20:52:33.8061200Z [no-untyped-def]
2021-04-27T20:52:33.8061626Z     def render_pep440(pieces):
2021-04-27T20:52:33.8061988Z     ^
2021-04-27T20:52:33.8062483Z src/tinuous/_version.py:345: error: Function is missing a type annotation 
2021-04-27T20:52:33.8063153Z [no-untyped-def]
2021-04-27T20:52:33.8064026Z     def render_pep440_pre(pieces):
2021-04-27T20:52:33.8064552Z     ^
2021-04-27T20:52:33.8065126Z src/tinuous/_version.py:361: error: Function is missing a type annotation 
2021-04-27T20:52:33.8065918Z [no-untyped-def]
2021-04-27T20:52:33.8066435Z     def render_pep440_post(pieces):
2021-04-27T20:52:33.8066855Z     ^
2021-04-27T20:52:33.8067437Z src/tinuous/_version.py:388: error: Function is missing a type annotation 
2021-04-27T20:52:33.8068189Z [no-untyped-def]
2021-04-27T20:52:33.8068699Z     def render_pep440_old(pieces):
2021-04-27T20:52:33.8069112Z     ^
2021-04-27T20:52:33.8069694Z src/tinuous/_version.py:410: error: Function is missing a type annotation 
2021-04-27T20:52:33.8070641Z [no-untyped-def]
2021-04-27T20:52:33.8071152Z     def render_git_describe(pieces):
2021-04-27T20:52:33.8071596Z     ^
2021-04-27T20:52:33.8072162Z src/tinuous/_version.py:430: error: Function is missing a type annotation 
2021-04-27T20:52:33.8072933Z [no-untyped-def]
2021-04-27T20:52:33.8073464Z     def render_git_describe_long(pieces):
2021-04-27T20:52:33.8073916Z     ^
2021-04-27T20:52:33.8074484Z src/tinuous/_version.py:450: error: Function is missing a type annotation 
2021-04-27T20:52:33.8075300Z [no-untyped-def]
2021-04-27T20:52:33.8075935Z     def render(pieces, style):
2021-04-27T20:52:33.8076335Z     ^
2021-04-27T20:52:33.8076891Z src/tinuous/_version.py:482: error: Function is missing a return type
2021-04-27T20:52:33.8077694Z annotation  [no-untyped-def]
2021-04-27T20:52:33.8078203Z     def get_versions():
2021-04-27T20:52:33.8078566Z     ^
2021-04-27T20:52:34.4072001Z Found 20 errors in 1 file (checked 3 source files)
2021-04-27T20:52:34.7469702Z ##[error]Process completed with exit code 1.
2021-04-27T20:52:34.7573198Z Post job cleanup.
2021-04-27T20:52:34.8614879Z [command]/usr/bin/git version
2021-04-27T20:52:34.8671307Z git version 2.31.1
2021-04-27T20:52:34.8708563Z [command]/usr/bin/git config --local --name-only --get-regexp core\.sshCommand
2021-04-27T20:52:34.8780548Z [command]/usr/bin/git submodule foreach --recursive git config --local --name-only --get-regexp 'core\.sshCommand' && git config --local --unset-all 'core.sshCommand' || :
2021-04-27T20:52:34.9052021Z [command]/usr/bin/git config --local --name-only --get-regexp http\.https\:\/\/github\.com\/\.extraheader
2021-04-27T20:52:34.9086964Z http.https://github.com/.extraheader
2021-04-27T20:52:34.9097874Z [command]/usr/bin/git config --local --unset-all http.https://github.com/.extraheader
2021-04-27T20:52:34.9137503Z [command]/usr/bin/git submodule foreach --recursive git config --local --name-only --get-regexp 'http\.https\:\/\/github\.com\/\.extraheader' && git config --local --unset-all 'http.https://github.com/.extraheader' || :
2021-04-27T20:52:34.9445439Z Cleaning up orphan processes
