2023-11-09T15:03:17.1609767Z Requested labels: ubuntu-latest
2023-11-09T15:03:17.1610164Z Job defined at: con/tinuous/.github/workflows/test.yml@refs/pull/178/merge
2023-11-09T15:03:17.1610309Z Waiting for a runner to pick up this job...
2023-11-09T15:03:17.6739901Z Job is waiting for a hosted runner to come online.
2023-11-09T15:03:21.8468121Z Job is about to start running on the hosted runner: GitHub Actions 20 (hosted)
2023-11-09T15:03:24.3054362Z Current runner version: '2.311.0'
2023-11-09T15:03:24.3077053Z ##[group]Operating System
2023-11-09T15:03:24.3077645Z Ubuntu
2023-11-09T15:03:24.3077987Z 22.04.3
2023-11-09T15:03:24.3078449Z LTS
2023-11-09T15:03:24.3078782Z ##[endgroup]
2023-11-09T15:03:24.3079654Z ##[group]Runner Image
2023-11-09T15:03:24.3080234Z Image: ubuntu-22.04
2023-11-09T15:03:24.3080603Z Version: 20231030.2.0
2023-11-09T15:03:24.3081594Z Included Software: https://github.com/actions/runner-images/blob/ubuntu22/20231030.2/images/linux/Ubuntu2204-Readme.md
2023-11-09T15:03:24.3083111Z Image Release: https://github.com/actions/runner-images/releases/tag/ubuntu22%2F20231030.2
2023-11-09T15:03:24.3083938Z ##[endgroup]
2023-11-09T15:03:24.3084354Z ##[group]Runner Image Provisioner
2023-11-09T15:03:24.3084898Z 2.0.312.1
2023-11-09T15:03:24.3085201Z ##[endgroup]
2023-11-09T15:03:24.3087459Z ##[group]GITHUB_TOKEN Permissions
2023-11-09T15:03:24.3089092Z Actions: write
2023-11-09T15:03:24.3089538Z Checks: write
2023-11-09T15:03:24.3090190Z Contents: write
2023-11-09T15:03:24.3090671Z Deployments: write
2023-11-09T15:03:24.3091162Z Discussions: write
2023-11-09T15:03:24.3091521Z Issues: write
2023-11-09T15:03:24.3091907Z Metadata: read
2023-11-09T15:03:24.3092357Z Packages: write
2023-11-09T15:03:24.3092706Z Pages: write
2023-11-09T15:03:24.3093118Z PullRequests: write
2023-11-09T15:03:24.3093605Z RepositoryProjects: write
2023-11-09T15:03:24.3094034Z SecurityEvents: write
2023-11-09T15:03:24.3094440Z Statuses: write
2023-11-09T15:03:24.3094885Z ##[endgroup]
2023-11-09T15:03:24.3097763Z Secret source: Actions
2023-11-09T15:03:24.3098436Z Prepare workflow directory
2023-11-09T15:03:24.3710775Z Prepare all required actions
2023-11-09T15:03:24.3865614Z Getting action download info
2023-11-09T15:03:24.5569180Z Download action repository 'actions/checkout@v4' (SHA:b4ffde65f46336ab88eb53be808477a3936bae11)
2023-11-09T15:03:24.6584172Z Download action repository 'actions/setup-python@v4' (SHA:65d7f2d534ac1bc67fcd62888c5f4f3d2cb2b236)
2023-11-09T15:03:24.7276921Z Download action repository 'codecov/codecov-action@v3' (SHA:eaaf4bedf32dbdc6b720b63067d99c4d77d6047d)
2023-11-09T15:03:25.1077074Z Complete job name: test (3.8, typing)
2023-11-09T15:03:25.2011120Z ##[group]Run actions/checkout@v4
2023-11-09T15:03:25.2011724Z with:
2023-11-09T15:03:25.2012171Z   fetch-depth: 0
2023-11-09T15:03:25.2012592Z   repository: con/tinuous
2023-11-09T15:03:25.2013250Z   token: ***
2023-11-09T15:03:25.2013689Z   ssh-strict: true
2023-11-09T15:03:25.2014116Z   persist-credentials: true
2023-11-09T15:03:25.2014589Z   clean: true
2023-11-09T15:03:25.2015024Z   sparse-checkout-cone-mode: true
2023-11-09T15:03:25.2015555Z   fetch-tags: false
2023-11-09T15:03:25.2015969Z   show-progress: true
2023-11-09T15:03:25.2016411Z   lfs: false
2023-11-09T15:03:25.2016775Z   submodules: false
2023-11-09T15:03:25.2017201Z   set-safe-directory: true
2023-11-09T15:03:25.2017674Z ##[endgroup]
2023-11-09T15:03:25.3619070Z Syncing repository: con/tinuous
2023-11-09T15:03:25.3622046Z ##[group]Getting Git version info
2023-11-09T15:03:25.3623413Z Working directory is '/home/runner/work/tinuous/tinuous'
2023-11-09T15:03:25.3625409Z [command]/usr/bin/git version
2023-11-09T15:03:25.3626004Z git version 2.42.0
2023-11-09T15:03:25.3628969Z ##[endgroup]
2023-11-09T15:03:25.3646673Z Temporarily overriding HOME='/home/runner/work/_temp/950e2c9d-f1d1-4593-b6e0-04545217d253' before making global git config changes
2023-11-09T15:03:25.3649134Z Adding repository directory to the temporary git global config as a safe directory
2023-11-09T15:03:25.3651349Z [command]/usr/bin/git config --global --add safe.directory /home/runner/work/tinuous/tinuous
2023-11-09T15:03:25.3683874Z Deleting the contents of '/home/runner/work/tinuous/tinuous'
2023-11-09T15:03:25.3688145Z ##[group]Initializing the repository
2023-11-09T15:03:25.3690964Z [command]/usr/bin/git init /home/runner/work/tinuous/tinuous
2023-11-09T15:03:25.3744405Z hint: Using 'master' as the name for the initial branch. This default branch name
2023-11-09T15:03:25.3746437Z hint: is subject to change. To configure the initial branch name to use in all
2023-11-09T15:03:25.3748021Z hint: of your new repositories, which will suppress this warning, call:
2023-11-09T15:03:25.3749117Z hint: 
2023-11-09T15:03:25.3749986Z hint: 	git config --global init.defaultBranch <name>
2023-11-09T15:03:25.3750918Z hint: 
2023-11-09T15:03:25.3751899Z hint: Names commonly chosen instead of 'master' are 'main', 'trunk' and
2023-11-09T15:03:25.3753581Z hint: 'development'. The just-created branch can be renamed via this command:
2023-11-09T15:03:25.3754663Z hint: 
2023-11-09T15:03:25.3755278Z hint: 	git branch -m <name>
2023-11-09T15:03:25.3756429Z Initialized empty Git repository in /home/runner/work/tinuous/tinuous/.git/
2023-11-09T15:03:25.3763864Z [command]/usr/bin/git remote add origin https://github.com/con/tinuous
2023-11-09T15:03:25.3794835Z ##[endgroup]
2023-11-09T15:03:25.3795678Z ##[group]Disabling automatic garbage collection
2023-11-09T15:03:25.3797629Z [command]/usr/bin/git config --local gc.auto 0
2023-11-09T15:03:25.3825868Z ##[endgroup]
2023-11-09T15:03:25.3826558Z ##[group]Setting up auth
2023-11-09T15:03:25.3830779Z [command]/usr/bin/git config --local --name-only --get-regexp core\.sshCommand
2023-11-09T15:03:25.3858650Z [command]/usr/bin/git submodule foreach --recursive sh -c "git config --local --name-only --get-regexp 'core\.sshCommand' && git config --local --unset-all 'core.sshCommand' || :"
2023-11-09T15:03:25.4139383Z [command]/usr/bin/git config --local --name-only --get-regexp http\.https\:\/\/github\.com\/\.extraheader
2023-11-09T15:03:25.4168653Z [command]/usr/bin/git submodule foreach --recursive sh -c "git config --local --name-only --get-regexp 'http\.https\:\/\/github\.com\/\.extraheader' && git config --local --unset-all 'http.https://github.com/.extraheader' || :"
2023-11-09T15:03:25.4395019Z [command]/usr/bin/git config --local http.https://github.com/.extraheader AUTHORIZATION: basic ***
2023-11-09T15:03:25.4428724Z ##[endgroup]
2023-11-09T15:03:25.4429731Z ##[group]Fetching the repository
2023-11-09T15:03:25.4440093Z [command]/usr/bin/git -c protocol.version=2 fetch --prune --no-recurse-submodules origin +refs/heads/*:refs/remotes/origin/* +refs/tags/*:refs/tags/* +637db6516f51ba9a355c87d9ce97ce22b1101385:refs/remotes/pull/178/merge
2023-11-09T15:03:25.8404776Z From https://github.com/con/tinuous
2023-11-09T15:03:25.8406693Z  * [new branch]      fix-typing                               -> origin/fix-typing
2023-11-09T15:03:25.8408759Z  * [new branch]      gh-55                                    -> origin/gh-55
2023-11-09T15:03:25.8410607Z  * [new branch]      master                                   -> origin/master
2023-11-09T15:03:25.8414176Z  * [new branch]      mypy-import                              -> origin/mypy-import
2023-11-09T15:03:25.8416138Z  * [new branch]      no-extra-search                          -> origin/no-extra-search
2023-11-09T15:03:25.8417877Z  * [new branch]      py312                                    -> origin/py312
2023-11-09T15:03:25.8419775Z  * [new branch]      test-appveyor                            -> origin/test-appveyor
2023-11-09T15:03:25.8421618Z  * [new branch]      unused                                   -> origin/unused
2023-11-09T15:03:25.8423206Z  * [new branch]      updates                                  -> origin/updates
2023-11-09T15:03:25.8424922Z  * [new tag]         0.1.0                                    -> 0.1.0
2023-11-09T15:03:25.8426428Z  * [new tag]         0.2.0                                    -> 0.2.0
2023-11-09T15:03:25.8427814Z  * [new tag]         0.3.0                                    -> 0.3.0
2023-11-09T15:03:25.8429403Z  * [new tag]         0.4.0                                    -> 0.4.0
2023-11-09T15:03:25.8430965Z  * [new tag]         0.5.0                                    -> 0.5.0
2023-11-09T15:03:25.8432461Z  * [new tag]         0.5.1                                    -> 0.5.1
2023-11-09T15:03:25.8434019Z  * [new tag]         0.5.2                                    -> 0.5.2
2023-11-09T15:03:25.8435910Z  * [new tag]         0.5.3                                    -> 0.5.3
2023-11-09T15:03:25.8437357Z  * [new tag]         0.5.4                                    -> 0.5.4
2023-11-09T15:03:25.8438848Z  * [new tag]         0.6.0                                    -> 0.6.0
2023-11-09T15:03:25.8440468Z  * [new tag]         0.6.1                                    -> 0.6.1
2023-11-09T15:03:25.8442042Z  * [new ref]         637db6516f51ba9a355c87d9ce97ce22b1101385 -> pull/178/merge
2023-11-09T15:03:25.8470589Z ##[endgroup]
2023-11-09T15:03:25.8472037Z ##[group]Determining the checkout info
2023-11-09T15:03:25.8474290Z ##[endgroup]
2023-11-09T15:03:25.8475504Z ##[group]Checking out the ref
2023-11-09T15:03:25.8477413Z [command]/usr/bin/git checkout --progress --force refs/remotes/pull/178/merge
2023-11-09T15:03:25.8532342Z Note: switching to 'refs/remotes/pull/178/merge'.
2023-11-09T15:03:25.8533411Z 
2023-11-09T15:03:25.8534518Z You are in 'detached HEAD' state. You can look around, make experimental
2023-11-09T15:03:25.8536136Z changes and commit them, and you can discard any commits you make in this
2023-11-09T15:03:25.8537842Z state without impacting any branches by switching back to a branch.
2023-11-09T15:03:25.8538932Z 
2023-11-09T15:03:25.8539619Z If you want to create a new branch to retain commits you create, you may
2023-11-09T15:03:25.8541168Z do so (now or later) by using -c with the switch command. Example:
2023-11-09T15:03:25.8542068Z 
2023-11-09T15:03:25.8542417Z   git switch -c <new-branch-name>
2023-11-09T15:03:25.8543128Z 
2023-11-09T15:03:25.8543432Z Or undo this operation with:
2023-11-09T15:03:25.8543909Z 
2023-11-09T15:03:25.8544184Z   git switch -
2023-11-09T15:03:25.8544508Z 
2023-11-09T15:03:25.8545184Z Turn off this advice by setting config variable advice.detachedHead to false
2023-11-09T15:03:25.8546308Z 
2023-11-09T15:03:25.8547284Z HEAD is now at 637db65 Merge 26ee1285a56346c4fc45408955c007dd6dde5046 into e0ad333d939ebc7bdd0131684b3bb9606b6c2435
2023-11-09T15:03:25.8550047Z ##[endgroup]
2023-11-09T15:03:25.8578853Z [command]/usr/bin/git log -1 --format='%H'
2023-11-09T15:03:25.8601871Z '637db6516f51ba9a355c87d9ce97ce22b1101385'
2023-11-09T15:03:25.8917803Z ##[group]Run actions/setup-python@v4
2023-11-09T15:03:25.8918351Z with:
2023-11-09T15:03:25.8918814Z   python-version: 3.8
2023-11-09T15:03:25.8919993Z   check-latest: false
2023-11-09T15:03:25.8920643Z   token: ***
2023-11-09T15:03:25.8921277Z   update-environment: true
2023-11-09T15:03:25.8921676Z   allow-prereleases: false
2023-11-09T15:03:25.8922061Z ##[endgroup]
2023-11-09T15:03:26.0726008Z ##[group]Installed versions
2023-11-09T15:03:26.0803221Z Successfully set up CPython (3.8.18)
2023-11-09T15:03:26.0804589Z ##[endgroup]
2023-11-09T15:03:26.0936708Z ##[group]Run python -m pip install --upgrade pip wheel
2023-11-09T15:03:26.0937437Z [36;1mpython -m pip install --upgrade pip wheel[0m
2023-11-09T15:03:26.0938223Z [36;1mpython -m pip install --upgrade --upgrade-strategy=eager tox[0m
2023-11-09T15:03:26.1000617Z shell: /usr/bin/bash -e {0}
2023-11-09T15:03:26.1001197Z env:
2023-11-09T15:03:26.1001640Z   pythonLocation: /opt/hostedtoolcache/Python/3.8.18/x64
2023-11-09T15:03:26.1002260Z   PKG_CONFIG_PATH: /opt/hostedtoolcache/Python/3.8.18/x64/lib/pkgconfig
2023-11-09T15:03:26.1002966Z   Python_ROOT_DIR: /opt/hostedtoolcache/Python/3.8.18/x64
2023-11-09T15:03:26.1003546Z   Python2_ROOT_DIR: /opt/hostedtoolcache/Python/3.8.18/x64
2023-11-09T15:03:26.1004169Z   Python3_ROOT_DIR: /opt/hostedtoolcache/Python/3.8.18/x64
2023-11-09T15:03:26.1004705Z   LD_LIBRARY_PATH: /opt/hostedtoolcache/Python/3.8.18/x64/lib
2023-11-09T15:03:26.1005356Z ##[endgroup]
2023-11-09T15:03:28.5634902Z Requirement already satisfied: pip in /opt/hostedtoolcache/Python/3.8.18/x64/lib/python3.8/site-packages (23.0.1)
2023-11-09T15:03:28.6953843Z Collecting pip
2023-11-09T15:03:28.7456989Z   Downloading pip-23.3.1-py3-none-any.whl.metadata (3.5 kB)
2023-11-09T15:03:28.7839048Z Collecting wheel
2023-11-09T15:03:28.7950453Z   Downloading wheel-0.41.3-py3-none-any.whl.metadata (2.2 kB)
2023-11-09T15:03:28.8052960Z Downloading pip-23.3.1-py3-none-any.whl (2.1 MB)
2023-11-09T15:03:28.8494243Z    â”â”â”â”â”â”â”â”â”â”â”â”â”â”â”â”â”â”â”â”â”â”â”â”â”â”â”â”â”â”â”â”â”â”â”â”â”â”â”â” 2.1/2.1 MB 50.5 MB/s eta 0:00:00
2023-11-09T15:03:28.8661440Z Downloading wheel-0.41.3-py3-none-any.whl (65 kB)
2023-11-09T15:03:28.8710924Z    â”â”â”â”â”â”â”â”â”â”â”â”â”â”â”â”â”â”â”â”â”â”â”â”â”â”â”â”â”â”â”â”â”â”â”â”â”â”â”â” 65.8/65.8 kB 19.9 MB/s eta 0:00:00
2023-11-09T15:03:28.9146182Z Installing collected packages: wheel, pip
2023-11-09T15:03:28.9537795Z   Attempting uninstall: pip
2023-11-09T15:03:28.9544053Z     Found existing installation: pip 23.0.1
2023-11-09T15:03:29.0083641Z     Uninstalling pip-23.0.1:
2023-11-09T15:03:29.0548788Z       Successfully uninstalled pip-23.0.1
2023-11-09T15:03:29.9720250Z Successfully installed pip-23.3.1 wheel-0.41.3
2023-11-09T15:03:30.7179568Z Collecting tox
2023-11-09T15:03:30.7640672Z   Downloading tox-4.11.3-py3-none-any.whl.metadata (5.0 kB)
2023-11-09T15:03:30.8170048Z Collecting cachetools>=5.3.1 (from tox)
2023-11-09T15:03:30.8212458Z   Downloading cachetools-5.3.2-py3-none-any.whl.metadata (5.2 kB)
2023-11-09T15:03:30.8379995Z Collecting chardet>=5.2 (from tox)
2023-11-09T15:03:30.8420020Z   Downloading chardet-5.2.0-py3-none-any.whl.metadata (3.4 kB)
2023-11-09T15:03:30.8668861Z Collecting colorama>=0.4.6 (from tox)
2023-11-09T15:03:30.8711141Z   Downloading colorama-0.4.6-py2.py3-none-any.whl (25 kB)
2023-11-09T15:03:30.9029948Z Collecting filelock>=3.12.3 (from tox)
2023-11-09T15:03:30.9072697Z   Downloading filelock-3.13.1-py3-none-any.whl.metadata (2.8 kB)
2023-11-09T15:03:30.9351838Z Collecting packaging>=23.1 (from tox)
2023-11-09T15:03:30.9401336Z   Downloading packaging-23.2-py3-none-any.whl.metadata (3.2 kB)
2023-11-09T15:03:30.9662996Z Collecting platformdirs>=3.10 (from tox)
2023-11-09T15:03:30.9702993Z   Downloading platformdirs-3.11.0-py3-none-any.whl.metadata (11 kB)
2023-11-09T15:03:30.9921644Z Collecting pluggy>=1.3 (from tox)
2023-11-09T15:03:30.9974001Z   Downloading pluggy-1.3.0-py3-none-any.whl.metadata (4.3 kB)
2023-11-09T15:03:31.0170684Z Collecting pyproject-api>=1.6.1 (from tox)
2023-11-09T15:03:31.0213327Z   Downloading pyproject_api-1.6.1-py3-none-any.whl.metadata (2.8 kB)
2023-11-09T15:03:31.0424440Z Collecting tomli>=2.0.1 (from tox)
2023-11-09T15:03:31.0465556Z   Downloading tomli-2.0.1-py3-none-any.whl (12 kB)
2023-11-09T15:03:31.1385162Z Collecting virtualenv>=20.24.3 (from tox)
2023-11-09T15:03:31.1429996Z   Downloading virtualenv-20.24.6-py3-none-any.whl.metadata (4.5 kB)
2023-11-09T15:03:31.2233033Z Collecting distlib<1,>=0.3.7 (from virtualenv>=20.24.3->tox)
2023-11-09T15:03:31.2275662Z   Downloading distlib-0.3.7-py2.py3-none-any.whl.metadata (5.1 kB)
2023-11-09T15:03:31.2465585Z Downloading tox-4.11.3-py3-none-any.whl (153 kB)
2023-11-09T15:03:31.2542770Z    â”â”â”â”â”â”â”â”â”â”â”â”â”â”â”â”â”â”â”â”â”â”â”â”â”â”â”â”â”â”â”â”â”â”â”â”â”â”â”â” 153.8/153.8 kB 28.2 MB/s eta 0:00:00
2023-11-09T15:03:31.2586807Z Downloading cachetools-5.3.2-py3-none-any.whl (9.3 kB)
2023-11-09T15:03:31.2652264Z Downloading chardet-5.2.0-py3-none-any.whl (199 kB)
2023-11-09T15:03:31.2710397Z    â”â”â”â”â”â”â”â”â”â”â”â”â”â”â”â”â”â”â”â”â”â”â”â”â”â”â”â”â”â”â”â”â”â”â”â”â”â”â”â” 199.4/199.4 kB 52.1 MB/s eta 0:00:00
2023-11-09T15:03:31.2750507Z Downloading filelock-3.13.1-py3-none-any.whl (11 kB)
2023-11-09T15:03:31.2810998Z Downloading packaging-23.2-py3-none-any.whl (53 kB)
2023-11-09T15:03:31.2855327Z    â”â”â”â”â”â”â”â”â”â”â”â”â”â”â”â”â”â”â”â”â”â”â”â”â”â”â”â”â”â”â”â”â”â”â”â”â”â”â”â” 53.0/53.0 kB 18.9 MB/s eta 0:00:00
2023-11-09T15:03:31.2893442Z Downloading platformdirs-3.11.0-py3-none-any.whl (17 kB)
2023-11-09T15:03:31.2951357Z Downloading pluggy-1.3.0-py3-none-any.whl (18 kB)
2023-11-09T15:03:31.3011634Z Downloading pyproject_api-1.6.1-py3-none-any.whl (12 kB)
2023-11-09T15:03:31.3187104Z Downloading virtualenv-20.24.6-py3-none-any.whl (3.8 MB)
2023-11-09T15:03:31.3556820Z    â”â”â”â”â”â”â”â”â”â”â”â”â”â”â”â”â”â”â”â”â”â”â”â”â”â”â”â”â”â”â”â”â”â”â”â”â”â”â”â” 3.8/3.8 MB 108.5 MB/s eta 0:00:00
2023-11-09T15:03:31.3598588Z Downloading distlib-0.3.7-py2.py3-none-any.whl (468 kB)
2023-11-09T15:03:31.3678625Z    â”â”â”â”â”â”â”â”â”â”â”â”â”â”â”â”â”â”â”â”â”â”â”â”â”â”â”â”â”â”â”â”â”â”â”â”â”â”â”â” 468.9/468.9 kB 81.5 MB/s eta 0:00:00
2023-11-09T15:03:31.4967539Z Installing collected packages: distlib, tomli, pluggy, platformdirs, packaging, filelock, colorama, chardet, cachetools, virtualenv, pyproject-api, tox
2023-11-09T15:03:32.0167092Z Successfully installed cachetools-5.3.2 chardet-5.2.0 colorama-0.4.6 distlib-0.3.7 filelock-3.13.1 packaging-23.2 platformdirs-3.11.0 pluggy-1.3.0 pyproject-api-1.6.1 tomli-2.0.1 tox-4.11.3 virtualenv-20.24.6
2023-11-09T15:03:32.1331005Z ##[group]Run tox -e typing
2023-11-09T15:03:32.1331431Z [36;1mtox -e typing[0m
2023-11-09T15:03:32.1376762Z shell: /usr/bin/bash -e {0}
2023-11-09T15:03:32.1377273Z env:
2023-11-09T15:03:32.1377667Z   pythonLocation: /opt/hostedtoolcache/Python/3.8.18/x64
2023-11-09T15:03:32.1378320Z   PKG_CONFIG_PATH: /opt/hostedtoolcache/Python/3.8.18/x64/lib/pkgconfig
2023-11-09T15:03:32.1379076Z   Python_ROOT_DIR: /opt/hostedtoolcache/Python/3.8.18/x64
2023-11-09T15:03:32.1379654Z   Python2_ROOT_DIR: /opt/hostedtoolcache/Python/3.8.18/x64
2023-11-09T15:03:32.1380190Z   Python3_ROOT_DIR: /opt/hostedtoolcache/Python/3.8.18/x64
2023-11-09T15:03:32.1380891Z   LD_LIBRARY_PATH: /opt/hostedtoolcache/Python/3.8.18/x64/lib
2023-11-09T15:03:32.1381390Z ##[endgroup]
2023-11-09T15:03:32.8474974Z typing: install_deps> python -I -m pip install mypy pytest pytest-cov pytest-mock types-python-dateutil types-PyYAML types-requests
2023-11-09T15:03:36.7156378Z .pkg: install_requires> python -I -m pip install 'setuptools>=46.4.0' versioningit
2023-11-09T15:03:38.1362165Z .pkg: _optional_hooks> python /opt/hostedtoolcache/Python/3.8.18/x64/lib/python3.8/site-packages/pyproject_api/_backend.py True setuptools.build_meta
2023-11-09T15:03:38.3731564Z .pkg: get_requires_for_build_sdist> python /opt/hostedtoolcache/Python/3.8.18/x64/lib/python3.8/site-packages/pyproject_api/_backend.py True setuptools.build_meta
2023-11-09T15:03:38.4756770Z .pkg: get_requires_for_build_wheel> python /opt/hostedtoolcache/Python/3.8.18/x64/lib/python3.8/site-packages/pyproject_api/_backend.py True setuptools.build_meta
2023-11-09T15:03:38.5367922Z .pkg: install_requires_for_build_wheel> python -I -m pip install wheel
2023-11-09T15:03:39.0393453Z .pkg: freeze> python -m pip freeze --all
2023-11-09T15:03:39.3396899Z .pkg: importlib-metadata==6.8.0,packaging==23.2,pip==23.3.1,setuptools==68.2.2,tomli==2.0.1,versioningit==2.2.1,wheel==0.41.2,zipp==3.17.0
2023-11-09T15:03:39.3400827Z .pkg: prepare_metadata_for_build_wheel> python /opt/hostedtoolcache/Python/3.8.18/x64/lib/python3.8/site-packages/pyproject_api/_backend.py True setuptools.build_meta
2023-11-09T15:03:39.4734512Z .pkg: build_sdist> python /opt/hostedtoolcache/Python/3.8.18/x64/lib/python3.8/site-packages/pyproject_api/_backend.py True setuptools.build_meta
2023-11-09T15:03:39.5559972Z typing: install_package_deps> python -I -m pip install 'PyYAML>=5.0' 'click-loglevel~=0.2' 'click>=7.0' 'in-place~=0.4' 'pydantic~=1.7' 'python-dateutil~=2.7' 'python-dotenv<2.0,>=0.11' 'requests~=2.20'
2023-11-09T15:03:41.3864962Z typing: install_package> python -I -m pip install --force-reinstall --no-deps /home/runner/work/tinuous/tinuous/.tox/.tmp/package/1/tinuous-0.6.1.post42+g637db65.tar.gz
2023-11-09T15:03:44.8774106Z typing: freeze> python -m pip freeze --all
2023-11-09T15:03:45.1993580Z typing: certifi==2023.7.22,charset-normalizer==3.3.2,click==8.1.7,click-loglevel==0.5.0,coverage==7.3.2,exceptiongroup==1.1.3,idna==3.4,in-place==0.5.0,iniconfig==2.0.0,mypy==1.6.1,mypy-extensions==1.0.0,packaging==23.2,pip==23.3.1,pluggy==1.3.0,pydantic==1.10.13,pytest==7.4.3,pytest-cov==4.1.0,pytest-mock==3.12.0,python-dateutil==2.8.2,python-dotenv==1.0.0,PyYAML==6.0.1,requests==2.31.0,setuptools==68.2.2,six==1.16.0,tinuous @ file:///home/runner/work/tinuous/tinuous/.tox/.tmp/package/1/tinuous-0.6.1.post42%2Bg637db65.tar.gz#sha256=20be7dccc0b4d9f481fdeb7dd67ff3eb4ae76ba07bde6687bd527010d4e33839,tomli==2.0.1,types-python-dateutil==2.8.19.14,types-PyYAML==6.0.12.12,types-requests==2.31.0.10,typing_extensions==4.8.0,urllib3==2.0.7,wheel==0.41.2
2023-11-09T15:03:45.1999987Z typing: commands[0]> mypy src test
2023-11-09T15:03:49.8648213Z src/tinuous/travis.py:71: error: Item "None" of "Optional[Response]" has no
2023-11-09T15:03:49.8649677Z attribute "status_code"  [union-attr]
2023-11-09T15:03:49.8651735Z                 if e.response.status_code == 404:
2023-11-09T15:03:49.8655481Z                    ^~~~~~~~~~~~~~~~~~~~~~
2023-11-09T15:03:49.8974474Z src/tinuous/github.py:330: error: Item "None" of "Optional[Response]" has no
2023-11-09T15:03:49.8977502Z attribute "status_code"  [union-attr]
2023-11-09T15:03:49.8978417Z                 if e.response.status_code in (404, 410):
2023-11-09T15:03:49.8979491Z                    ^~~~~~~~~~~~~~~~~~~~~~
2023-11-09T15:03:49.8980692Z src/tinuous/github.py:334: error: Item "None" of "Optional[Response]" has no
2023-11-09T15:03:49.8981708Z attribute "status_code"  [union-attr]
2023-11-09T15:03:49.8982435Z     ...       "Request for logs returned %d; skipping", e.response.status_cod...
2023-11-09T15:03:49.8983225Z                                                         ^~~~~~~~~~~~~~~~~~~~~~
2023-11-09T15:03:50.5077359Z Found 3 errors in 2 files (checked 15 source files)
2023-11-09T15:03:50.5217031Z typing: exit 1 (5.32 seconds) /home/runner/work/tinuous/tinuous> mypy src test pid=2053
2023-11-09T15:03:50.5227199Z .pkg: _exit> python /opt/hostedtoolcache/Python/3.8.18/x64/lib/python3.8/site-packages/pyproject_api/_backend.py True setuptools.build_meta
2023-11-09T15:03:50.5496165Z   typing: FAIL code 1 (18.04=setup[12.72]+cmd[5.32] seconds)
2023-11-09T15:03:50.5496937Z   evaluation failed :( (18.21 seconds)
2023-11-09T15:03:50.5747957Z ##[error]Process completed with exit code 1.
2023-11-09T15:03:50.5852440Z Post job cleanup.
2023-11-09T15:03:50.6614579Z [command]/usr/bin/git version
2023-11-09T15:03:50.6653820Z git version 2.42.0
2023-11-09T15:03:50.6698405Z Temporarily overriding HOME='/home/runner/work/_temp/713c283d-a7d4-4b03-a2d2-acd2134b2239' before making global git config changes
2023-11-09T15:03:50.6700197Z Adding repository directory to the temporary git global config as a safe directory
2023-11-09T15:03:50.6703843Z [command]/usr/bin/git config --global --add safe.directory /home/runner/work/tinuous/tinuous
2023-11-09T15:03:50.6738217Z [command]/usr/bin/git config --local --name-only --get-regexp core\.sshCommand
2023-11-09T15:03:50.6773887Z [command]/usr/bin/git submodule foreach --recursive sh -c "git config --local --name-only --get-regexp 'core\.sshCommand' && git config --local --unset-all 'core.sshCommand' || :"
2023-11-09T15:03:50.7018819Z [command]/usr/bin/git config --local --name-only --get-regexp http\.https\:\/\/github\.com\/\.extraheader
2023-11-09T15:03:50.7038559Z http.https://github.com/.extraheader
2023-11-09T15:03:50.7049582Z [command]/usr/bin/git config --local --unset-all http.https://github.com/.extraheader
2023-11-09T15:03:50.7077804Z [command]/usr/bin/git submodule foreach --recursive sh -c "git config --local --name-only --get-regexp 'http\.https\:\/\/github\.com\/\.extraheader' && git config --local --unset-all 'http.https://github.com/.extraheader' || :"
2023-11-09T15:03:50.7565947Z Cleaning up orphan processes
