2021-06-08T19:33:50.9119866Z ##[group]Run tox -e typing
2021-06-08T19:33:50.9120460Z [36;1mtox -e typing[0m
2021-06-08T19:33:50.9163314Z shell: /usr/bin/bash -e {0}
2021-06-08T19:33:50.9163716Z env:
2021-06-08T19:33:50.9164285Z   pythonLocation: /opt/hostedtoolcache/Python/3.8.10/x64
2021-06-08T19:33:50.9165035Z   LD_LIBRARY_PATH: /opt/hostedtoolcache/Python/3.8.10/x64/lib
2021-06-08T19:33:50.9165602Z ##[endgroup]
2021-06-08T19:33:51.1448595Z .package create: /home/runner/work/tinuous/tinuous/.tox/.package
2021-06-08T19:33:51.8939596Z .package installdeps: setuptools >= 46.4.0, wheel ~= 0.32
2021-06-08T19:33:55.8226139Z typing create: /home/runner/work/tinuous/tinuous/.tox/typing
2021-06-08T19:33:56.1258383Z typing installdeps: mypy~=0.570, pytest~=6.0, pytest-cov~=2.0
2021-06-08T19:34:02.1406081Z typing inst: /home/runner/work/tinuous/tinuous/.tox/.tmp/package/1/tinuous-0.2.0+36.geefe692.tar.gz
2021-06-08T19:34:13.5528193Z typing installed: attrs==21.2.0,certifi==2021.5.30,cffi==1.14.5,chardet==4.0.0,click==8.0.1,click-loglevel==0.4.0.post1,coverage==5.5,Deprecated==1.2.12,idna==2.10,in-place==0.5.0,iniconfig==1.1.1,mypy==0.900,mypy-extensions==0.4.3,packaging==20.9,pluggy==0.13.1,py==1.10.0,pycparser==2.20,pydantic==1.8.2,PyGithub==1.55,PyJWT==2.1.0,PyNaCl==1.4.0,pyparsing==2.4.7,pytest==6.2.4,pytest-cov==2.12.1,python-dateutil==2.8.1,python-dotenv==0.17.1,PyYAML==5.4.1,requests==2.25.1,six==1.16.0,tinuous @ file:///home/runner/work/tinuous/tinuous/.tox/.tmp/package/1/tinuous-0.2.0%2B36.geefe692.tar.gz,toml==0.10.2,typing-extensions==3.10.0.0,urllib3==1.26.5,wrapt==1.12.1
2021-06-08T19:34:13.5533023Z typing run-test-pre: PYTHONHASHSEED='1923618488'
2021-06-08T19:34:13.5534168Z typing run-test: commands[0] | mypy src test
2021-06-08T19:34:17.5309609Z src/tinuous/util.py:10: error: Library stubs not installed for "requests" (or
2021-06-08T19:34:17.5310358Z incompatible with Python 3.8)  [import]
2021-06-08T19:34:17.5310830Z     import requests
2021-06-08T19:34:17.5311177Z     ^
2021-06-08T19:34:19.1961950Z src/tinuous/base.py:11: error: Library stubs not installed for "requests" (or
2021-06-08T19:34:19.1962917Z incompatible with Python 3.8)  [import]
2021-06-08T19:34:19.1963394Z     import requests
2021-06-08T19:34:19.1963751Z     ^
2021-06-08T19:34:19.1964858Z src/tinuous/base.py:11: note: Hint: "python3 -m pip install types-requests"
2021-06-08T19:34:19.2156815Z src/tinuous/travis.py:8: error: Library stubs not installed for
2021-06-08T19:34:19.2158527Z "dateutil.parser" (or incompatible with Python 3.8)  [import]
2021-06-08T19:34:19.2159499Z     from dateutil.parser import isoparse
2021-06-08T19:34:19.2160126Z     ^
2021-06-08T19:34:19.2479772Z src/tinuous/github.py:16: error: Library stubs not installed for "requests" (or
2021-06-08T19:34:19.2480702Z incompatible with Python 3.8)  [import]
2021-06-08T19:34:19.2481200Z     import requests
2021-06-08T19:34:19.2481541Z     ^
2021-06-08T19:34:19.2618302Z src/tinuous/appveyor.py:7: error: Library stubs not installed for
2021-06-08T19:34:19.2619129Z "dateutil.parser" (or incompatible with Python 3.8)  [import]
2021-06-08T19:34:19.2619855Z     from dateutil.parser import isoparse
2021-06-08T19:34:19.2620479Z     ^
2021-06-08T19:34:19.2621909Z src/tinuous/appveyor.py:7: note: Hint: "python3 -m pip install types-python-dateutil"
2021-06-08T19:34:19.2920504Z src/tinuous/__main__.py:12: error: Library stubs not installed for "yaml" (or
2021-06-08T19:34:19.2921218Z incompatible with Python 3.8)  [import]
2021-06-08T19:34:19.2921733Z     from yaml import safe_load
2021-06-08T19:34:19.2922139Z     ^
2021-06-08T19:34:19.2923219Z src/tinuous/__main__.py:12: note: Hint: "python3 -m pip install types-PyYAML"
2021-06-08T19:34:19.2924324Z src/tinuous/__main__.py:12: note: (or run "mypy --install-types" to install all missing stub packages)
2021-06-08T19:34:19.2925902Z src/tinuous/__main__.py:12: note: See https://mypy.readthedocs.io/en/stable/running_mypy.html#missing-imports
2021-06-08T19:34:19.2946211Z Found 6 errors in 6 files (checked 9 source files)
2021-06-08T19:34:19.5741942Z ERROR: InvocationError for command /home/runner/work/tinuous/tinuous/.tox/typing/bin/mypy src test (exited with code 1)
2021-06-08T19:34:19.5756892Z ___________________________________ summary ____________________________________
2021-06-08T19:34:19.5757661Z ERROR:   typing: commands failed
2021-06-08T19:34:19.5974484Z ##[error]Process completed with exit code 1.
