2021-04-27T21:05:10.2452602Z ##[group]Run mypy src
2021-04-27T21:05:10.2453139Z [36;1mmypy src[0m
2021-04-27T21:05:10.2496899Z shell: /usr/bin/bash -e {0}
2021-04-27T21:05:10.2497342Z env:
2021-04-27T21:05:10.2497961Z   pythonLocation: /opt/hostedtoolcache/Python/3.9.4/x64
2021-04-27T21:05:10.2498760Z   LD_LIBRARY_PATH: /opt/hostedtoolcache/Python/3.9.4/x64/lib
2021-04-27T21:05:10.2499379Z ##[endgroup]
2021-04-27T21:05:15.2773875Z src/tinuous/_version.py:20: error: Function is missing a return type annotation
2021-04-27T21:05:15.2775251Z  [no-untyped-def]
2021-04-27T21:05:15.2775761Z     def get_keywords():
2021-04-27T21:05:15.2776146Z     ^
2021-04-27T21:05:15.2776779Z src/tinuous/_version.py:37: error: Function is missing a return type annotation
2021-04-27T21:05:15.2777629Z  [no-untyped-def]
2021-04-27T21:05:15.2778107Z     def get_config():
2021-04-27T21:05:15.2778489Z     ^
2021-04-27T21:05:15.2779316Z src/tinuous/_version.py:55: error: Need type annotation for 'LONG_VERSION_PY'
2021-04-27T21:05:15.2780383Z (hint: "LONG_VERSION_PY: Dict[<type>, <type>] = ...")  [var-annotated]
2021-04-27T21:05:15.2781079Z     LONG_VERSION_PY = {}
2021-04-27T21:05:15.2781459Z     ^
2021-04-27T21:05:15.2782470Z src/tinuous/_version.py:56: error: Need type annotation for 'HANDLERS' (hint:
2021-04-27T21:05:15.2783481Z "HANDLERS: Dict[<type>, <type>] = ...")  [var-annotated]
2021-04-27T21:05:15.2784041Z     HANDLERS = {}
2021-04-27T21:05:15.2784395Z     ^
2021-04-27T21:05:15.2785000Z src/tinuous/_version.py:59: error: Function is missing a type annotation 
2021-04-27T21:05:15.2785835Z [no-untyped-def]
2021-04-27T21:05:15.2786439Z     def register_vcs_handler(vcs, method):  # decorator
2021-04-27T21:05:15.2786955Z     ^
2021-04-27T21:05:15.2787542Z src/tinuous/_version.py:61: error: Function is missing a type annotation 
2021-04-27T21:05:15.2788378Z [no-untyped-def]
2021-04-27T21:05:15.2788847Z         def decorate(f):
2021-04-27T21:05:15.2789254Z         ^
2021-04-27T21:05:15.2789844Z src/tinuous/_version.py:70: error: Function is missing a type annotation 
2021-04-27T21:05:15.2790683Z [no-untyped-def]
2021-04-27T21:05:15.2791357Z     def run_command(commands, args, cwd=None, verbose=False, hide_stderr=F...
2021-04-27T21:05:15.2791947Z     ^
2021-04-27T21:05:15.2792533Z src/tinuous/_version.py:105: error: Function is missing a type annotation 
2021-04-27T21:05:15.2793367Z [no-untyped-def]
2021-04-27T21:05:15.2794050Z     def versions_from_parentdir(parentdir_prefix, root, verbose):
2021-04-27T21:05:15.2794613Z     ^
2021-04-27T21:05:15.2795215Z src/tinuous/_version.py:131: error: Function is missing a type annotation 
2021-04-27T21:05:15.2796082Z [no-untyped-def]
2021-04-27T21:05:15.2796654Z     def git_get_keywords(versionfile_abs):
2021-04-27T21:05:15.2797112Z     ^
2021-04-27T21:05:15.2797716Z src/tinuous/_version.py:160: error: Function is missing a type annotation 
2021-04-27T21:05:15.2798527Z [no-untyped-def]
2021-04-27T21:05:15.2799197Z     def git_versions_from_keywords(keywords, tag_prefix, verbose):
2021-04-27T21:05:15.2799776Z     ^
2021-04-27T21:05:15.2800368Z src/tinuous/_version.py:219: error: Function is missing a type annotation 
2021-04-27T21:05:15.2801196Z [no-untyped-def]
2021-04-27T21:05:15.2801858Z     def git_pieces_from_vcs(tag_prefix, root, verbose, run_command=run_com...
2021-04-27T21:05:15.2802434Z     ^
2021-04-27T21:05:15.2803017Z src/tinuous/_version.py:313: error: Function is missing a type annotation 
2021-04-27T21:05:15.2803847Z [no-untyped-def]
2021-04-27T21:05:15.2804332Z     def plus_or_dot(pieces):
2021-04-27T21:05:15.2804743Z     ^
2021-04-27T21:05:15.2805323Z src/tinuous/_version.py:320: error: Function is missing a type annotation 
2021-04-27T21:05:15.2806144Z [no-untyped-def]
2021-04-27T21:05:15.2806669Z     def render_pep440(pieces):
2021-04-27T21:05:15.2807084Z     ^
2021-04-27T21:05:15.2807679Z src/tinuous/_version.py:345: error: Function is missing a type annotation 
2021-04-27T21:05:15.2808484Z [no-untyped-def]
2021-04-27T21:05:15.2809363Z     def render_pep440_pre(pieces):
2021-04-27T21:05:15.2809797Z     ^
2021-04-27T21:05:15.2810586Z src/tinuous/_version.py:361: error: Function is missing a type annotation 
2021-04-27T21:05:15.2811431Z [no-untyped-def]
2021-04-27T21:05:15.2811979Z     def render_pep440_post(pieces):
2021-04-27T21:05:15.2812411Z     ^
2021-04-27T21:05:15.2813008Z src/tinuous/_version.py:388: error: Function is missing a type annotation 
2021-04-27T21:05:15.2813818Z [no-untyped-def]
2021-04-27T21:05:15.2814353Z     def render_pep440_old(pieces):
2021-04-27T21:05:15.2814795Z     ^
2021-04-27T21:05:15.2815379Z src/tinuous/_version.py:410: error: Function is missing a type annotation 
2021-04-27T21:05:15.2816409Z [no-untyped-def]
2021-04-27T21:05:15.2816947Z     def render_git_describe(pieces):
2021-04-27T21:05:15.2817405Z     ^
2021-04-27T21:05:15.2818000Z src/tinuous/_version.py:430: error: Function is missing a type annotation 
2021-04-27T21:05:15.2818921Z [no-untyped-def]
2021-04-27T21:05:15.2819557Z     def render_git_describe_long(pieces):
2021-04-27T21:05:15.2820012Z     ^
2021-04-27T21:05:15.2820610Z src/tinuous/_version.py:450: error: Function is missing a type annotation 
2021-04-27T21:05:15.2821429Z [no-untyped-def]
2021-04-27T21:05:15.2821951Z     def render(pieces, style):
2021-04-27T21:05:15.2822695Z     ^
2021-04-27T21:05:15.2823275Z src/tinuous/_version.py:482: error: Function is missing a return type
2021-04-27T21:05:15.2824161Z annotation  [no-untyped-def]
2021-04-27T21:05:15.2824701Z     def get_versions():
2021-04-27T21:05:15.2825096Z     ^
2021-04-27T21:05:16.0695948Z Found 20 errors in 1 file (checked 2 source files)
2021-04-27T21:05:16.5179083Z ##[error]Process completed with exit code 1.
