2023-04-26T18:46:14.0414758Z ##[group]Run tox -e typing
2023-04-26T18:46:14.0415039Z [36;1mtox -e typing[0m
2023-04-26T18:46:14.0467763Z shell: /usr/bin/bash -e {0}
2023-04-26T18:46:14.0467978Z env:
2023-04-26T18:46:14.0468238Z   pythonLocation: /opt/hostedtoolcache/Python/3.8.16/x64
2023-04-26T18:46:14.0468584Z   PKG_CONFIG_PATH: /opt/hostedtoolcache/Python/3.8.16/x64/lib/pkgconfig
2023-04-26T18:46:14.0469071Z   Python_ROOT_DIR: /opt/hostedtoolcache/Python/3.8.16/x64
2023-04-26T18:46:14.0469382Z   Python2_ROOT_DIR: /opt/hostedtoolcache/Python/3.8.16/x64
2023-04-26T18:46:14.0469682Z   Python3_ROOT_DIR: /opt/hostedtoolcache/Python/3.8.16/x64
2023-04-26T18:46:14.0469977Z   LD_LIBRARY_PATH: /opt/hostedtoolcache/Python/3.8.16/x64/lib
2023-04-26T18:46:14.0470227Z ##[endgroup]
2023-04-26T18:46:14.6033705Z typing: install_deps> python -I -m pip install 'mypy~=0.900' 'pytest-cov~=2.0' 'pytest-mock~=3.0' 'pytest~=6.0' types-python-dateutil types-PyYAML types-requests
2023-04-26T18:46:20.0107317Z .pkg: install_requires> python -I -m pip install 'setuptools>=46.4.0' 'wheel~=0.32'
2023-04-26T18:46:21.1519010Z .pkg: _optional_hooks> python /opt/hostedtoolcache/Python/3.8.16/x64/lib/python3.8/site-packages/pyproject_api/_backend.py True setuptools.build_meta
2023-04-26T18:46:21.4203744Z .pkg: get_requires_for_build_sdist> python /opt/hostedtoolcache/Python/3.8.16/x64/lib/python3.8/site-packages/pyproject_api/_backend.py True setuptools.build_meta
2023-04-26T18:46:21.5426033Z .pkg: freeze> python -m pip freeze --all
2023-04-26T18:46:21.8926556Z .pkg: pip==23.1,setuptools==67.6.1,wheel==0.40.0
2023-04-26T18:46:21.8933841Z .pkg: prepare_metadata_for_build_wheel> python /opt/hostedtoolcache/Python/3.8.16/x64/lib/python3.8/site-packages/pyproject_api/_backend.py True setuptools.build_meta
2023-04-26T18:46:22.0211868Z .pkg: build_sdist> python /opt/hostedtoolcache/Python/3.8.16/x64/lib/python3.8/site-packages/pyproject_api/_backend.py True setuptools.build_meta
2023-04-26T18:46:22.1253252Z typing: install_package_deps> python -I -m pip install 'PyGithub~=1.55' 'PyYAML~=5.0' 'click-loglevel~=0.2' 'click>=7.0' 'in-place~=0.4' 'pydantic~=1.7' 'python-dateutil~=2.7' 'python-dotenv~=0.11' 'requests~=2.20'
2023-04-26T18:46:26.9576539Z typing: install_package> python -I -m pip install --force-reinstall --no-deps /home/runner/work/tinuous/tinuous/.tox/.tmp/package/1/tinuous-0.6.1+3.g9b9d193.tar.gz
2023-04-26T18:46:30.2141589Z typing: freeze> python -m pip freeze --all
2023-04-26T18:46:30.6010444Z typing: attrs==23.1.0,certifi==2022.12.7,cffi==1.15.1,charset-normalizer==3.1.0,click==8.1.3,click-loglevel==0.4.0.post1,coverage==7.2.3,cryptography==40.0.2,Deprecated==1.2.13,idna==3.4,in-place==0.5.0,iniconfig==2.0.0,mypy==0.991,mypy-extensions==1.0.0,packaging==23.1,pip==23.1,pluggy==1.0.0,py==1.11.0,pycparser==2.21,pydantic==1.10.7,PyGithub==1.58.1,PyJWT==2.6.0,PyNaCl==1.5.0,pytest==6.2.5,pytest-cov==2.12.1,pytest-mock==3.10.0,python-dateutil==2.8.2,python-dotenv==0.21.1,PyYAML==5.4.1,requests==2.29.0,setuptools==67.6.1,six==1.16.0,tinuous @ file:///home/runner/work/tinuous/tinuous/.tox/.tmp/package/1/tinuous-0.6.1%2B3.g9b9d193.tar.gz#sha256=8d413551ecf62cb8d2d7bf2218c249fe309d1e1a6bf98b8d5bde9bb4250c8d86,toml==0.10.2,tomli==2.0.1,types-python-dateutil==2.8.19.12,types-PyYAML==6.0.12.9,types-requests==2.28.11.17,types-urllib3==1.26.25.10,typing_extensions==4.5.0,urllib3==1.26.15,wheel==0.40.0,wrapt==1.15.0
2023-04-26T18:46:30.6011860Z typing: commands[0]> mypy src test
2023-04-26T18:46:40.9362321Z src/tinuous/config.py:152: error: "dict" is not subscriptable, use
2023-04-26T18:46:40.9362897Z "typing.Dict" instead  [misc]
2023-04-26T18:46:40.9457709Z         def get_auth_tokens() -> dict[str, str]:
2023-04-26T18:46:40.9457995Z                                  ^
2023-04-26T18:46:40.9458273Z src/tinuous/config.py:160: error: "dict" is not subscriptable, use
2023-04-26T18:46:40.9458544Z "typing.Dict" instead  [misc]
2023-04-26T18:46:40.9458777Z             tokens: dict[str, str],
2023-04-26T18:46:40.9458984Z                     ^
2023-04-26T18:46:40.9726239Z Found 2 errors in 1 file (checked 14 source files)
2023-04-26T18:46:40.9840826Z typing: exit 1 (10.38 seconds) /home/runner/work/tinuous/tinuous> mypy src test pid=1818
2023-04-26T18:46:40.9866360Z .pkg: _exit> python /opt/hostedtoolcache/Python/3.8.16/x64/lib/python3.8/site-packages/pyproject_api/_backend.py True setuptools.build_meta
2023-04-26T18:46:41.0121178Z   typing: FAIL code 1 (26.67=setup[16.29]+cmd[10.38] seconds)
2023-04-26T18:46:41.0121494Z   evaluation failed :( (26.79 seconds)
2023-04-26T18:46:41.0423345Z ##[error]Process completed with exit code 1.
